[       0.035] Reading: matpower/case1888rte/2017-01-28
[       2.671] Read problem in 2.63 seconds
[       3.469] Computing injection shift factors...
[       4.463] Computed ISF in 0.99 seconds
[       4.463] Computing line outage factors...
[       5.504] Computed LODF in 1.04 seconds
[       5.504] Applying PTDF and LODF cutoffs (0.00500, 0.00100)
[       5.731] Building model...
[      18.242] Built model in 12.51 seconds
[      18.242] Setting names...
[      18.242] Setting variable and constraint names...
[      19.904] Set names in 1.66 seconds
[      19.904] Exporting initial model without transmission constraints to /local_workspace/kazaalek/uc/results_default/matpower/case1888rte/2017-01-28.1.init.mps.gz
[      46.667] Optimizing...
[      46.827] MIP gap tolerance set to 0.010000
[      46.827] Setting MILP time limit to 1199.84 seconds
[      46.874] Solving MILP...
Gurobi Optimizer version 9.0.0 build v9.0.0rc2 (linux64)
Optimize a model with 270740 rows, 352692 columns and 959115 nonzeros
Model fingerprint: 0x92ebc640
Variable types: 290844 continuous, 61848 integer (0 binary)
Coefficient statistics:
  Matrix range     [1e-01, 1e+03]
  Objective range  [8e+00, 1e+05]
  Bounds range     [5e-02, 4e+02]
  RHS range        [5e-02, 1e+03]
Presolve removed 123805 rows and 241961 columns
Presolve time: 3.14s
Presolved: 146935 rows, 110731 columns, 558221 nonzeros
Variable types: 63576 continuous, 47155 integer (47155 binary)

Deterministic concurrent LP optimizer: primal and dual simplex
Showing first log only...


Root simplex log...

Iteration    Objective       Primal Inf.    Dual Inf.      Time
   54123    6.6165336e+08   0.000000e+00   6.038050e+08      5s
Concurrent spin time: 0.01s

Solved with dual simplex

Root relaxation: objective 2.429996e+07, 37029 iterations, 5.01 seconds

    Nodes    |    Current Node    |     Objective Bounds      |     Work
 Expl Unexpl |  Obj  Depth IntInf | Incumbent    BestBd   Gap | It/Node Time

     0     0 2.4300e+07    0   61          - 2.4300e+07      -     -    9s
H    0     0                    2.433686e+07 2.4300e+07  0.15%     -    9s

Explored 1 nodes (38006 simplex iterations) in 9.74 seconds
Thread count was 4 (of 32 available processors)

Solution count 1: 2.43369e+07 

Optimal solution found (tolerance 1.00e-02)
Best objective 2.433686305813e+07, best bound 2.429995565319e+07, gap 0.1517%
[      64.401] Verifying transmission limits...
[      70.164] Verified transmission limits in 5.76 seconds
[      70.164]      621.000 MW overflow in l2315 time   1 (pre-contingency)
[      70.360]      722.880 MW overflow in l2425 time   1 (pre-contingency)
[      70.361]      863.240 MW overflow in l2432 time   1 (pre-contingency)
[      70.362]      900.590 MW overflow in l2284 time   1 (pre-contingency)
[      70.363]      901.820 MW overflow in l2285 time   1 (pre-contingency)
[      70.364]      505.000 MW overflow in l2314 time   2 (pre-contingency)
[      70.365]      722.880 MW overflow in l2425 time   2 (pre-contingency)
[      70.366]      863.240 MW overflow in l2432 time   2 (pre-contingency)
[      70.366]      900.590 MW overflow in l2284 time   2 (pre-contingency)
[      70.367]      901.820 MW overflow in l2285 time   2 (pre-contingency)
[      70.368]      505.000 MW overflow in l2314 time   3 (pre-contingency)
[      70.369]      722.880 MW overflow in l2425 time   3 (pre-contingency)
[      70.370]      863.240 MW overflow in l2432 time   3 (pre-contingency)
[      70.370]      900.590 MW overflow in l2284 time   3 (pre-contingency)
[      70.371]      901.820 MW overflow in l2285 time   3 (pre-contingency)
[      70.372]      505.000 MW overflow in l2314 time   4 (pre-contingency)
[      70.373]      722.880 MW overflow in l2425 time   4 (pre-contingency)
[      70.373]      863.240 MW overflow in l2432 time   4 (pre-contingency)
[      70.374]      900.590 MW overflow in l2284 time   4 (pre-contingency)
[      70.375]      901.820 MW overflow in l2285 time   4 (pre-contingency)
[      70.376]      505.000 MW overflow in l2314 time   5 (pre-contingency)
[      70.377]      722.880 MW overflow in l2425 time   5 (pre-contingency)
[      70.377]      863.240 MW overflow in l2432 time   5 (pre-contingency)
[      70.378]      900.590 MW overflow in l2284 time   5 (pre-contingency)
[      70.379]      901.820 MW overflow in l2285 time   5 (pre-contingency)
[      70.380]      569.040 MW overflow in l2315 time   6 (pre-contingency)
[      70.381]      722.880 MW overflow in l2425 time   6 (pre-contingency)
[      70.381]      863.240 MW overflow in l2432 time   6 (pre-contingency)
[      70.382]      900.590 MW overflow in l2284 time   6 (pre-contingency)
[      70.383]      901.820 MW overflow in l2285 time   6 (pre-contingency)
[      70.383]      780.000 MW overflow in l2314 time   7 (pre-contingency)
[      70.384]      863.240 MW overflow in l2432 time   7 (pre-contingency)
[      70.385]      900.590 MW overflow in l2284 time   7 (pre-contingency)
[      70.386]      901.820 MW overflow in l2285 time   7 (pre-contingency)
[      70.386]      980.010 MW overflow in l2425 time   7 (pre-contingency)
[      70.387]      863.240 MW overflow in l2432 time   8 (pre-contingency)
[      70.388]      896.000 MW overflow in l2315 time   8 (pre-contingency)
[      70.389]      900.590 MW overflow in l2284 time   8 (pre-contingency)
[      70.390]      901.820 MW overflow in l2285 time   8 (pre-contingency)
[      70.390]      980.010 MW overflow in l2425 time   8 (pre-contingency)
[      70.391]      863.240 MW overflow in l2432 time   9 (pre-contingency)
[      70.392]      896.000 MW overflow in l2315 time   9 (pre-contingency)
[      70.393]      900.590 MW overflow in l2284 time   9 (pre-contingency)
[      70.393]      901.820 MW overflow in l2285 time   9 (pre-contingency)
[      70.394]      980.010 MW overflow in l2425 time   9 (pre-contingency)
[      70.395]      863.240 MW overflow in l2432 time  10 (pre-contingency)
[      70.396]      896.000 MW overflow in l2315 time  10 (pre-contingency)
[      70.397]      900.590 MW overflow in l2284 time  10 (pre-contingency)
[      70.397]      901.820 MW overflow in l2285 time  10 (pre-contingency)
[      70.398]      980.010 MW overflow in l2425 time  10 (pre-contingency)
[      70.399]      863.240 MW overflow in l2432 time  11 (pre-contingency)
[      70.400]      896.000 MW overflow in l2315 time  11 (pre-contingency)
[      70.401]      900.590 MW overflow in l2284 time  11 (pre-contingency)
[      70.401]      901.820 MW overflow in l2285 time  11 (pre-contingency)
[      70.402]      980.010 MW overflow in l2425 time  11 (pre-contingency)
[      70.403]      863.240 MW overflow in l2432 time  12 (pre-contingency)
[      70.404]      896.000 MW overflow in l2315 time  12 (pre-contingency)
[      70.405]      900.590 MW overflow in l2284 time  12 (pre-contingency)
[      70.405]      901.820 MW overflow in l2285 time  12 (pre-contingency)
[      70.406]      980.010 MW overflow in l2425 time  12 (pre-contingency)
[      70.407]      780.000 MW overflow in l2314 time  13 (pre-contingency)
[      70.408]      863.240 MW overflow in l2432 time  13 (pre-contingency)
[      70.409]      900.590 MW overflow in l2284 time  13 (pre-contingency)
[      70.409]      901.820 MW overflow in l2285 time  13 (pre-contingency)
[      70.410]      980.010 MW overflow in l2425 time  13 (pre-contingency)
[      70.411]      780.000 MW overflow in l2314 time  14 (pre-contingency)
[      70.412]      863.240 MW overflow in l2432 time  14 (pre-contingency)
[      70.413]      900.590 MW overflow in l2284 time  14 (pre-contingency)
[      70.414]      901.820 MW overflow in l2285 time  14 (pre-contingency)
[      70.414]      980.010 MW overflow in l2425 time  14 (pre-contingency)
[      70.415]      780.000 MW overflow in l2314 time  15 (pre-contingency)
[      70.416]      863.240 MW overflow in l2432 time  15 (pre-contingency)
[      70.417]      900.590 MW overflow in l2284 time  15 (pre-contingency)
[      70.418]      901.820 MW overflow in l2285 time  15 (pre-contingency)
[      70.418]      907.208 MW overflow in l2425 time  15 (pre-contingency)
[      70.419]      780.000 MW overflow in l2314 time  16 (pre-contingency)
[      70.420]      863.240 MW overflow in l2432 time  16 (pre-contingency)
[      70.421]      900.590 MW overflow in l2284 time  16 (pre-contingency)
[      70.422]      901.820 MW overflow in l2285 time  16 (pre-contingency)
[      70.422]      980.010 MW overflow in l2425 time  16 (pre-contingency)
[      70.423]      863.240 MW overflow in l2432 time  17 (pre-contingency)
[      70.424]      896.000 MW overflow in l2315 time  17 (pre-contingency)
[      70.425]      900.590 MW overflow in l2284 time  17 (pre-contingency)
[      70.426]      901.820 MW overflow in l2285 time  17 (pre-contingency)
[      70.426]      980.010 MW overflow in l2425 time  17 (pre-contingency)
[      70.427]      863.240 MW overflow in l2432 time  18 (pre-contingency)
[      70.428]      896.000 MW overflow in l2315 time  18 (pre-contingency)
[      70.429]      900.590 MW overflow in l2284 time  18 (pre-contingency)
[      70.430]      901.820 MW overflow in l2285 time  18 (pre-contingency)
[      70.431]      980.010 MW overflow in l2425 time  18 (pre-contingency)
[      70.432]      863.240 MW overflow in l2432 time  19 (pre-contingency)
[      70.433]      896.000 MW overflow in l2315 time  19 (pre-contingency)
[      70.434]      900.590 MW overflow in l2284 time  19 (pre-contingency)
[      70.434]      901.820 MW overflow in l2285 time  19 (pre-contingency)
[      70.435]      980.010 MW overflow in l2425 time  19 (pre-contingency)
[      70.436]      863.240 MW overflow in l2432 time  20 (pre-contingency)
[      70.437]      896.000 MW overflow in l2315 time  20 (pre-contingency)
[      70.438]      900.590 MW overflow in l2284 time  20 (pre-contingency)
[      70.438]      901.820 MW overflow in l2285 time  20 (pre-contingency)
[      70.439]      980.010 MW overflow in l2425 time  20 (pre-contingency)
[      70.440]      863.240 MW overflow in l2432 time  21 (pre-contingency)
[      70.441]      896.000 MW overflow in l2315 time  21 (pre-contingency)
[      70.442]      900.590 MW overflow in l2284 time  21 (pre-contingency)
[      70.443]      901.820 MW overflow in l2285 time  21 (pre-contingency)
[      70.443]      980.010 MW overflow in l2425 time  21 (pre-contingency)
[      70.444]      863.240 MW overflow in l2432 time  22 (pre-contingency)
[      70.445]      896.000 MW overflow in l2315 time  22 (pre-contingency)
[      70.446]      900.590 MW overflow in l2284 time  22 (pre-contingency)
[      70.447]      901.820 MW overflow in l2285 time  22 (pre-contingency)
[      70.448]      980.010 MW overflow in l2425 time  22 (pre-contingency)
[      70.448]      863.240 MW overflow in l2432 time  23 (pre-contingency)
[      70.450]      896.000 MW overflow in l2315 time  23 (pre-contingency)
[      70.451]      900.590 MW overflow in l2284 time  23 (pre-contingency)
[      70.451]      901.820 MW overflow in l2285 time  23 (pre-contingency)
[      70.452]      980.010 MW overflow in l2425 time  23 (pre-contingency)
[      70.453]      780.000 MW overflow in l2314 time  24 (pre-contingency)
[      70.454]      863.240 MW overflow in l2432 time  24 (pre-contingency)
[      70.455]      900.590 MW overflow in l2284 time  24 (pre-contingency)
[      70.456]      901.820 MW overflow in l2285 time  24 (pre-contingency)
[      70.456]      980.010 MW overflow in l2425 time  24 (pre-contingency)
[      70.457]      722.880 MW overflow in l2425 time  25 (pre-contingency)
[      70.458]      780.000 MW overflow in l2314 time  25 (pre-contingency)
[      70.459]      863.240 MW overflow in l2432 time  25 (pre-contingency)
[      70.460]      900.590 MW overflow in l2284 time  25 (pre-contingency)
[      70.461]      901.820 MW overflow in l2285 time  25 (pre-contingency)
[      70.461]      621.000 MW overflow in l2315 time  26 (pre-contingency)
[      70.463]      722.880 MW overflow in l2425 time  26 (pre-contingency)
[      70.463]      863.240 MW overflow in l2432 time  26 (pre-contingency)
[      70.464]      900.590 MW overflow in l2284 time  26 (pre-contingency)
[      70.465]      901.820 MW overflow in l2285 time  26 (pre-contingency)
[      70.466]      621.000 MW overflow in l2315 time  27 (pre-contingency)
[      70.467]      722.880 MW overflow in l2425 time  27 (pre-contingency)
[      70.468]      863.240 MW overflow in l2432 time  27 (pre-contingency)
[      70.468]      900.590 MW overflow in l2284 time  27 (pre-contingency)
[      70.469]      901.820 MW overflow in l2285 time  27 (pre-contingency)
[      70.470]      621.000 MW overflow in l2315 time  28 (pre-contingency)
[      70.471]      722.880 MW overflow in l2425 time  28 (pre-contingency)
[      70.472]      863.240 MW overflow in l2432 time  28 (pre-contingency)
[      70.473]      900.590 MW overflow in l2284 time  28 (pre-contingency)
[      70.474]      901.820 MW overflow in l2285 time  28 (pre-contingency)
[      70.474]      621.000 MW overflow in l2315 time  29 (pre-contingency)
[      70.475]      722.880 MW overflow in l2425 time  29 (pre-contingency)
[      70.476]      863.240 MW overflow in l2432 time  29 (pre-contingency)
[      70.477]      900.590 MW overflow in l2284 time  29 (pre-contingency)
[      70.478]      901.820 MW overflow in l2285 time  29 (pre-contingency)
[      70.479]      689.743 MW overflow in l2314 time  30 (pre-contingency)
[      70.480]      722.880 MW overflow in l2425 time  30 (pre-contingency)
[      70.481]      863.240 MW overflow in l2432 time  30 (pre-contingency)
[      70.482]      900.590 MW overflow in l2284 time  30 (pre-contingency)
[      70.482]      901.820 MW overflow in l2285 time  30 (pre-contingency)
[      70.483]      863.240 MW overflow in l2432 time  31 (pre-contingency)
[      70.484]      896.000 MW overflow in l2315 time  31 (pre-contingency)
[      70.485]      900.590 MW overflow in l2284 time  31 (pre-contingency)
[      70.486]      901.820 MW overflow in l2285 time  31 (pre-contingency)
[      70.487]      980.010 MW overflow in l2425 time  31 (pre-contingency)
[      70.487]      863.240 MW overflow in l2432 time  32 (pre-contingency)
[      70.489]      896.000 MW overflow in l2315 time  32 (pre-contingency)
[      70.490]      900.590 MW overflow in l2284 time  32 (pre-contingency)
[      70.490]      901.820 MW overflow in l2285 time  32 (pre-contingency)
[      70.491]      980.010 MW overflow in l2425 time  32 (pre-contingency)
[      70.492]      863.240 MW overflow in l2432 time  33 (pre-contingency)
[      70.493]      896.000 MW overflow in l2315 time  33 (pre-contingency)
[      70.494]      900.590 MW overflow in l2284 time  33 (pre-contingency)
[      70.495]      901.820 MW overflow in l2285 time  33 (pre-contingency)
[      70.496]      980.010 MW overflow in l2425 time  33 (pre-contingency)
[      70.496]      863.240 MW overflow in l2432 time  34 (pre-contingency)
[      70.498]      896.000 MW overflow in l2315 time  34 (pre-contingency)
[      70.499]      900.590 MW overflow in l2284 time  34 (pre-contingency)
[      70.499]      901.820 MW overflow in l2285 time  34 (pre-contingency)
[      70.500]      980.010 MW overflow in l2425 time  34 (pre-contingency)
[      70.501]      863.240 MW overflow in l2432 time  35 (pre-contingency)
[      70.502]      896.000 MW overflow in l2315 time  35 (pre-contingency)
[      70.503]      900.590 MW overflow in l2284 time  35 (pre-contingency)
[      70.504]      901.820 MW overflow in l2285 time  35 (pre-contingency)
[      70.505]      980.010 MW overflow in l2425 time  35 (pre-contingency)
[      70.506]      863.240 MW overflow in l2432 time  36 (pre-contingency)
[      70.507]      896.000 MW overflow in l2315 time  36 (pre-contingency)
[      70.508]      900.590 MW overflow in l2284 time  36 (pre-contingency)
[      70.509]      901.820 MW overflow in l2285 time  36 (pre-contingency)
[      70.510]      980.010 MW overflow in l2425 time  36 (pre-contingency)
[      70.510] Setting MILP time limit to 1176.16 seconds
[      70.511] Solving MILP...
Gurobi Optimizer version 9.0.0 build v9.0.0rc2 (linux64)
Optimize a model with 271280 rows, 352872 columns and 960195 nonzeros
Model fingerprint: 0xf561d28e
Variable types: 291024 continuous, 61848 integer (0 binary)
Coefficient statistics:
  Matrix range     [1e-01, 1e+03]
  Objective range  [8e+00, 1e+05]
  Bounds range     [5e-02, 4e+02]
  RHS range        [5e-02, 1e+03]

MIP start from previous solve produced solution with objective 4.76297e+07 (0.49s)
Loaded MIP start from previous solve with objective 4.76297e+07

Presolve removed 124525 rows and 242321 columns
Presolve time: 3.06s
Presolved: 146755 rows, 110551 columns, 557659 nonzeros
Variable types: 63396 continuous, 47155 integer (47155 binary)

Deterministic concurrent LP optimizer: primal and dual simplex
Showing first log only...


Root simplex log...

Iteration    Objective       Primal Inf.    Dual Inf.      Time
   64477    6.2466303e+08   0.000000e+00   1.262125e+09      5s
Concurrent spin time: 0.03s

Solved with dual simplex

Root relaxation: objective 2.472454e+07, 32366 iterations, 4.47 seconds

    Nodes    |    Current Node    |     Objective Bounds      |     Work
 Expl Unexpl |  Obj  Depth IntInf | Incumbent    BestBd   Gap | It/Node Time

     0     0 2.4725e+07    0   69 4.7630e+07 2.4725e+07  48.1%     -    8s
H    0     0                    2.481462e+07 2.4725e+07  0.36%     -    9s

Explored 1 nodes (33367 simplex iterations) in 9.12 seconds
Thread count was 4 (of 32 available processors)

Solution count 2: 2.48146e+07 4.76297e+07 

Optimal solution found (tolerance 1.00e-02)
Best objective 2.481462115244e+07, best bound 2.472453963750e+07, gap 0.3630%
[      79.800] Verifying transmission limits...
[      84.677] Verified transmission limits in 4.88 seconds
[      84.677]       89.967 MW overflow in l2430 time   1 (pre-contingency)
[      84.679]      165.210 MW overflow in l2431 time   1 (pre-contingency)
[      84.680]      290.029 MW overflow in l2375 time   1 (pre-contingency)
[      84.681]      402.520 MW overflow in l2434 time   1 (pre-contingency)
[      84.682]      780.000 MW overflow in l2314 time   1 (pre-contingency)
[      84.683]       35.462 MW overflow in l2371 time   2 (pre-contingency)
[      84.684]      165.210 MW overflow in l2431 time   2 (pre-contingency)
[      84.685]      290.482 MW overflow in l2375 time   2 (pre-contingency)
[      84.685]      402.520 MW overflow in l2434 time   2 (pre-contingency)
[      84.686]       35.686 MW overflow in l2371 time   3 (pre-contingency)
[      84.688]      165.210 MW overflow in l2431 time   3 (pre-contingency)
[      84.688]      290.706 MW overflow in l2375 time   3 (pre-contingency)
[      84.689]      402.520 MW overflow in l2434 time   3 (pre-contingency)
[      84.690]       35.865 MW overflow in l2371 time   4 (pre-contingency)
[      84.691]      165.210 MW overflow in l2431 time   4 (pre-contingency)
[      84.692]      232.932 MW overflow in l2375 time   4 (pre-contingency)
[      84.693]      402.520 MW overflow in l2434 time   4 (pre-contingency)
[      84.693]       35.675 MW overflow in l2371 time   5 (pre-contingency)
[      84.695]      165.210 MW overflow in l2431 time   5 (pre-contingency)
[      84.695]      290.695 MW overflow in l2375 time   5 (pre-contingency)
[      84.696]      402.520 MW overflow in l2434 time   5 (pre-contingency)
[      84.697]       35.064 MW overflow in l2371 time   6 (pre-contingency)
[      84.698]      165.210 MW overflow in l2431 time   6 (pre-contingency)
[      84.699]      290.084 MW overflow in l2375 time   6 (pre-contingency)
[      84.700]      402.520 MW overflow in l2434 time   6 (pre-contingency)
[      84.701]      780.000 MW overflow in l2314 time   6 (pre-contingency)
[      84.701]      152.060 MW overflow in l2435 time   7 (pre-contingency)
[      84.703]      165.210 MW overflow in l2431 time   7 (pre-contingency)
[      84.704]      174.790 MW overflow in l2430 time   7 (pre-contingency)
[      84.704]      288.212 MW overflow in l2375 time   7 (pre-contingency)
[      84.705]      402.520 MW overflow in l2434 time   7 (pre-contingency)
[      84.706]      165.210 MW overflow in l2431 time   8 (pre-contingency)
[      84.707]      174.790 MW overflow in l2430 time   8 (pre-contingency)
[      84.708]      287.367 MW overflow in l2375 time   8 (pre-contingency)
[      84.709]      402.520 MW overflow in l2434 time   8 (pre-contingency)
[      84.709]      780.000 MW overflow in l2314 time   8 (pre-contingency)
[      84.710]      174.790 MW overflow in l2430 time   9 (pre-contingency)
[      84.712]      287.088 MW overflow in l2375 time   9 (pre-contingency)
[      84.712]      398.320 MW overflow in l2435 time   9 (pre-contingency)
[      84.713]      402.520 MW overflow in l2434 time   9 (pre-contingency)
[      84.714]      780.000 MW overflow in l2314 time   9 (pre-contingency)
[      84.715]      174.790 MW overflow in l2430 time  10 (pre-contingency)
[      84.716]      286.887 MW overflow in l2375 time  10 (pre-contingency)
[      84.717]      398.320 MW overflow in l2435 time  10 (pre-contingency)
[      84.717]      402.520 MW overflow in l2434 time  10 (pre-contingency)
[      84.718]      780.000 MW overflow in l2314 time  10 (pre-contingency)
[      84.719]      174.790 MW overflow in l2430 time  11 (pre-contingency)
[      84.720]      286.937 MW overflow in l2375 time  11 (pre-contingency)
[      84.721]      398.320 MW overflow in l2435 time  11 (pre-contingency)
[      84.721]      402.520 MW overflow in l2434 time  11 (pre-contingency)
[      84.722]      780.000 MW overflow in l2314 time  11 (pre-contingency)
[      84.723]      165.210 MW overflow in l2431 time  12 (pre-contingency)
[      84.724]      174.790 MW overflow in l2430 time  12 (pre-contingency)
[      84.725]      287.310 MW overflow in l2375 time  12 (pre-contingency)
[      84.726]      402.520 MW overflow in l2434 time  12 (pre-contingency)
[      84.726]      780.000 MW overflow in l2314 time  12 (pre-contingency)
[      84.727]      152.060 MW overflow in l2435 time  13 (pre-contingency)
[      84.728]      165.210 MW overflow in l2431 time  13 (pre-contingency)
[      84.729]      174.790 MW overflow in l2430 time  13 (pre-contingency)
[      84.730]      287.881 MW overflow in l2375 time  13 (pre-contingency)
[      84.731]      402.520 MW overflow in l2434 time  13 (pre-contingency)
[      84.731]      152.060 MW overflow in l2435 time  14 (pre-contingency)
[      84.732]      165.210 MW overflow in l2431 time  14 (pre-contingency)
[      84.733]      174.790 MW overflow in l2430 time  14 (pre-contingency)
[      84.734]      288.314 MW overflow in l2375 time  14 (pre-contingency)
[      84.735]      402.520 MW overflow in l2434 time  14 (pre-contingency)
[      84.736]      152.060 MW overflow in l2435 time  15 (pre-contingency)
[      84.737]      165.210 MW overflow in l2431 time  15 (pre-contingency)
[      84.737]      174.790 MW overflow in l2430 time  15 (pre-contingency)
[      84.738]      288.502 MW overflow in l2375 time  15 (pre-contingency)
[      84.739]      402.520 MW overflow in l2434 time  15 (pre-contingency)
[      84.740]      152.060 MW overflow in l2435 time  16 (pre-contingency)
[      84.741]      165.210 MW overflow in l2431 time  16 (pre-contingency)
[      84.742]      174.790 MW overflow in l2430 time  16 (pre-contingency)
[      84.743]      288.390 MW overflow in l2375 time  16 (pre-contingency)
[      84.744]      402.520 MW overflow in l2434 time  16 (pre-contingency)
[      84.744]      165.210 MW overflow in l2431 time  17 (pre-contingency)
[      84.746]      174.790 MW overflow in l2430 time  17 (pre-contingency)
[      84.747]      287.536 MW overflow in l2375 time  17 (pre-contingency)
[      84.748]      402.520 MW overflow in l2434 time  17 (pre-contingency)
[      84.749]      780.000 MW overflow in l2314 time  17 (pre-contingency)
[      84.750]      302.586 MW overflow in l2371 time  18 (pre-contingency)
[      84.752]      398.320 MW overflow in l2435 time  18 (pre-contingency)
[      84.753]      402.520 MW overflow in l2434 time  18 (pre-contingency)
[      84.753]      434.396 MW overflow in l2375 time  18 (pre-contingency)
[      84.754]      780.000 MW overflow in l2314 time  18 (pre-contingency)
[      84.755]      302.631 MW overflow in l2371 time  19 (pre-contingency)
[      84.757]      398.320 MW overflow in l2435 time  19 (pre-contingency)
[      84.758]      402.520 MW overflow in l2434 time  19 (pre-contingency)
[      84.759]      434.441 MW overflow in l2375 time  19 (pre-contingency)
[      84.760]      780.000 MW overflow in l2314 time  19 (pre-contingency)
[      84.760]      285.587 MW overflow in l2375 time  20 (pre-contingency)
[      84.762]      303.257 MW overflow in l2371 time  20 (pre-contingency)
[      84.763]      398.320 MW overflow in l2435 time  20 (pre-contingency)
[      84.764]      402.520 MW overflow in l2434 time  20 (pre-contingency)
[      84.765]      780.000 MW overflow in l2314 time  20 (pre-contingency)
[      84.766]      265.364 MW overflow in l2374 time  21 (pre-contingency)
[      84.767]      285.884 MW overflow in l2375 time  21 (pre-contingency)
[      84.768]      398.320 MW overflow in l2435 time  21 (pre-contingency)
[      84.769]      402.520 MW overflow in l2434 time  21 (pre-contingency)
[      84.770]      780.000 MW overflow in l2314 time  21 (pre-contingency)
[      84.771]      174.790 MW overflow in l2430 time  22 (pre-contingency)
[      84.773]      286.807 MW overflow in l2375 time  22 (pre-contingency)
[      84.774]      398.320 MW overflow in l2435 time  22 (pre-contingency)
[      84.775]      402.520 MW overflow in l2434 time  22 (pre-contingency)
[      84.775]      780.000 MW overflow in l2314 time  22 (pre-contingency)
[      84.776]      165.210 MW overflow in l2431 time  23 (pre-contingency)
[      84.778]      174.790 MW overflow in l2430 time  23 (pre-contingency)
[      84.779]      287.942 MW overflow in l2375 time  23 (pre-contingency)
[      84.780]      402.520 MW overflow in l2434 time  23 (pre-contingency)
[      84.780]      780.000 MW overflow in l2314 time  23 (pre-contingency)
[      84.781]      152.060 MW overflow in l2435 time  24 (pre-contingency)
[      84.783]      165.210 MW overflow in l2431 time  24 (pre-contingency)
[      84.784]      174.790 MW overflow in l2430 time  24 (pre-contingency)
[      84.784]      289.126 MW overflow in l2375 time  24 (pre-contingency)
[      84.785]      402.520 MW overflow in l2434 time  24 (pre-contingency)
[      84.786]      152.060 MW overflow in l2435 time  25 (pre-contingency)
[      84.788]      165.210 MW overflow in l2431 time  25 (pre-contingency)
[      84.789]      174.790 MW overflow in l2430 time  25 (pre-contingency)
[      84.789]      290.018 MW overflow in l2375 time  25 (pre-contingency)
[      84.790]      402.520 MW overflow in l2434 time  25 (pre-contingency)
[      84.791]      165.210 MW overflow in l2431 time  26 (pre-contingency)
[      84.792]      174.790 MW overflow in l2430 time  26 (pre-contingency)
[      84.793]      290.512 MW overflow in l2375 time  26 (pre-contingency)
[      84.794]      402.520 MW overflow in l2434 time  26 (pre-contingency)
[      84.795]      780.000 MW overflow in l2314 time  26 (pre-contingency)
[      84.796]      165.210 MW overflow in l2431 time  27 (pre-contingency)
[      84.797]      174.790 MW overflow in l2430 time  27 (pre-contingency)
[      84.798]      290.657 MW overflow in l2375 time  27 (pre-contingency)
[      84.798]      402.520 MW overflow in l2434 time  27 (pre-contingency)
[      84.799]      780.000 MW overflow in l2314 time  27 (pre-contingency)
[      84.800]      165.210 MW overflow in l2431 time  28 (pre-contingency)
[      84.801]      174.790 MW overflow in l2430 time  28 (pre-contingency)
[      84.802]      290.728 MW overflow in l2375 time  28 (pre-contingency)
[      84.803]      402.520 MW overflow in l2434 time  28 (pre-contingency)
[      84.804]      780.000 MW overflow in l2314 time  28 (pre-contingency)
[      84.805]      165.210 MW overflow in l2431 time  29 (pre-contingency)
[      84.806]      174.790 MW overflow in l2430 time  29 (pre-contingency)
[      84.807]      290.788 MW overflow in l2375 time  29 (pre-contingency)
[      84.807]      402.520 MW overflow in l2434 time  29 (pre-contingency)
[      84.808]      780.000 MW overflow in l2314 time  29 (pre-contingency)
[      84.809]      152.060 MW overflow in l2435 time  30 (pre-contingency)
[      84.810]      165.210 MW overflow in l2431 time  30 (pre-contingency)
[      84.811]      174.790 MW overflow in l2430 time  30 (pre-contingency)
[      84.812]      290.188 MW overflow in l2375 time  30 (pre-contingency)
[      84.812]      402.520 MW overflow in l2434 time  30 (pre-contingency)
[      84.813]      165.210 MW overflow in l2431 time  31 (pre-contingency)
[      84.814]      174.790 MW overflow in l2430 time  31 (pre-contingency)
[      84.815]      288.921 MW overflow in l2375 time  31 (pre-contingency)
[      84.816]      402.520 MW overflow in l2434 time  31 (pre-contingency)
[      84.816]      780.000 MW overflow in l2314 time  31 (pre-contingency)
[      84.817]      174.790 MW overflow in l2430 time  32 (pre-contingency)
[      84.818]      288.238 MW overflow in l2375 time  32 (pre-contingency)
[      84.819]      398.320 MW overflow in l2435 time  32 (pre-contingency)
[      84.820]      402.520 MW overflow in l2434 time  32 (pre-contingency)
[      84.820]      780.000 MW overflow in l2314 time  32 (pre-contingency)
[      84.821]      267.153 MW overflow in l2374 time  33 (pre-contingency)
[      84.822]      287.673 MW overflow in l2375 time  33 (pre-contingency)
[      84.823]      398.320 MW overflow in l2435 time  33 (pre-contingency)
[      84.824]      402.520 MW overflow in l2434 time  33 (pre-contingency)
[      84.825]      780.000 MW overflow in l2314 time  33 (pre-contingency)
[      84.825]      287.108 MW overflow in l2375 time  34 (pre-contingency)
[      84.826]      304.778 MW overflow in l2371 time  34 (pre-contingency)
[      84.827]      398.320 MW overflow in l2435 time  34 (pre-contingency)
[      84.828]      402.520 MW overflow in l2434 time  34 (pre-contingency)
[      84.829]      780.000 MW overflow in l2314 time  34 (pre-contingency)
[      84.829]      287.132 MW overflow in l2375 time  35 (pre-contingency)
[      84.831]      304.802 MW overflow in l2371 time  35 (pre-contingency)
[      84.831]      398.320 MW overflow in l2435 time  35 (pre-contingency)
[      84.832]      402.520 MW overflow in l2434 time  35 (pre-contingency)
[      84.833]      780.000 MW overflow in l2314 time  35 (pre-contingency)
[      84.834]      266.830 MW overflow in l2374 time  36 (pre-contingency)
[      84.835]      287.350 MW overflow in l2375 time  36 (pre-contingency)
[      84.836]      398.320 MW overflow in l2435 time  36 (pre-contingency)
[      84.836]      402.520 MW overflow in l2434 time  36 (pre-contingency)
[      84.837]      780.000 MW overflow in l2314 time  36 (pre-contingency)
[      84.838] Setting MILP time limit to 1161.83 seconds
[      84.838] Solving MILP...
Gurobi Optimizer version 9.0.0 build v9.0.0rc2 (linux64)
Optimize a model with 271808 rows, 353048 columns and 961251 nonzeros
Model fingerprint: 0xb9dd6a90
Variable types: 291200 continuous, 61848 integer (0 binary)
Coefficient statistics:
  Matrix range     [1e-01, 1e+03]
  Objective range  [8e+00, 1e+05]
  Bounds range     [5e-02, 4e+02]
  RHS range        [5e-02, 1e+03]

MIP start from previous solve produced solution with objective 2.68536e+07 (0.41s)
Loaded MIP start from previous solve with objective 2.68536e+07

Presolve removed 124517 rows and 241912 columns
Presolve time: 3.24s
Presolved: 147291 rows, 111136 columns, 559664 nonzeros
Variable types: 63981 continuous, 47155 integer (47155 binary)

Deterministic concurrent LP optimizer: primal and dual simplex
Showing first log only...


Root simplex log...

Iteration    Objective       Primal Inf.    Dual Inf.      Time
   67673    1.0865926e+09   3.908682e-03   9.643090e+07      5s
   67689    1.6397306e+09   0.000000e+00   9.887372e+08      5s
Concurrent spin time: 0.01s

Solved with dual simplex

Root relaxation: objective 2.487889e+07, 32353 iterations, 4.49 seconds

    Nodes    |    Current Node    |     Objective Bounds      |     Work
 Expl Unexpl |  Obj  Depth IntInf | Incumbent    BestBd   Gap | It/Node Time

     0     0 2.4879e+07    0  206 2.6854e+07 2.4879e+07  7.35%     -    9s
H    0     0                    2.488568e+07 2.4879e+07  0.03%     -   10s

Explored 1 nodes (33335 simplex iterations) in 10.37 seconds
Thread count was 4 (of 32 available processors)

Solution count 2: 2.48857e+07 2.68536e+07 

Optimal solution found (tolerance 1.00e-02)
Best objective 2.488567560048e+07, best bound 2.487889458692e+07, gap 0.0272%
[      95.343] Verifying transmission limits...
[      99.702] Verified transmission limits in 4.36 seconds
[      99.702]      174.790 MW overflow in l2430 time   6 (pre-contingency)
[      99.704]       51.900 MW overflow in l2429 time   7 (pre-contingency)
[      99.705]      122.772 MW overflow in l2374 time   7 (pre-contingency)
[      99.706]        4.490 MW overflow in l2306 time   8 (pre-contingency)
[      99.707]       51.900 MW overflow in l2429 time   8 (pre-contingency)
[      99.708]      186.569 MW overflow in l2374 time   8 (pre-contingency)
[      99.709]      398.320 MW overflow in l2435 time   8 (pre-contingency)
[      99.710]        4.490 MW overflow in l2306 time   9 (pre-contingency)
[      99.711]       39.120 MW overflow in l2307 time   9 (pre-contingency)
[      99.711]       51.900 MW overflow in l2429 time   9 (pre-contingency)
[      99.712]      165.210 MW overflow in l2431 time   9 (pre-contingency)
[      99.713]      266.568 MW overflow in l2374 time   9 (pre-contingency)
[      99.714]        4.490 MW overflow in l2306 time  10 (pre-contingency)
[      99.715]       39.120 MW overflow in l2307 time  10 (pre-contingency)
[      99.716]       51.900 MW overflow in l2429 time  10 (pre-contingency)
[      99.717]      165.210 MW overflow in l2431 time  10 (pre-contingency)
[      99.717]      266.367 MW overflow in l2374 time  10 (pre-contingency)
[      99.718]        4.490 MW overflow in l2306 time  11 (pre-contingency)
[      99.719]       39.120 MW overflow in l2307 time  11 (pre-contingency)
[      99.720]       51.900 MW overflow in l2429 time  11 (pre-contingency)
[      99.721]      165.210 MW overflow in l2431 time  11 (pre-contingency)
[      99.721]      266.417 MW overflow in l2374 time  11 (pre-contingency)
[      99.722]        4.490 MW overflow in l2306 time  12 (pre-contingency)
[      99.723]       51.900 MW overflow in l2429 time  12 (pre-contingency)
[      99.724]      266.790 MW overflow in l2374 time  12 (pre-contingency)
[      99.725]      398.320 MW overflow in l2435 time  12 (pre-contingency)
[      99.726]       51.900 MW overflow in l2429 time  13 (pre-contingency)
[      99.727]      122.441 MW overflow in l2374 time  13 (pre-contingency)
[      99.728]       51.900 MW overflow in l2429 time  14 (pre-contingency)
[      99.729]      122.874 MW overflow in l2374 time  14 (pre-contingency)
[      99.730]       51.900 MW overflow in l2429 time  15 (pre-contingency)
[      99.731]      123.062 MW overflow in l2374 time  15 (pre-contingency)
[      99.731]       51.900 MW overflow in l2429 time  16 (pre-contingency)
[      99.733]      122.950 MW overflow in l2374 time  16 (pre-contingency)
[      99.733]       51.900 MW overflow in l2429 time  17 (pre-contingency)
[      99.735]      122.096 MW overflow in l2374 time  17 (pre-contingency)
[      99.735]      398.320 MW overflow in l2435 time  17 (pre-contingency)
[      99.736]       39.120 MW overflow in l2307 time  18 (pre-contingency)
[      99.737]       51.900 MW overflow in l2429 time  18 (pre-contingency)
[      99.738]      165.210 MW overflow in l2431 time  18 (pre-contingency)
[      99.739]      174.790 MW overflow in l2430 time  18 (pre-contingency)
[      99.740]      409.306 MW overflow in l2374 time  18 (pre-contingency)
[      99.741]       39.120 MW overflow in l2307 time  19 (pre-contingency)
[      99.742]       51.900 MW overflow in l2429 time  19 (pre-contingency)
[      99.743]      165.210 MW overflow in l2431 time  19 (pre-contingency)
[      99.744]      174.790 MW overflow in l2430 time  19 (pre-contingency)
[      99.744]      409.351 MW overflow in l2374 time  19 (pre-contingency)
[      99.745]       39.120 MW overflow in l2307 time  20 (pre-contingency)
[      99.746]       51.900 MW overflow in l2429 time  20 (pre-contingency)
[      99.747]      165.210 MW overflow in l2431 time  20 (pre-contingency)
[      99.748]      174.790 MW overflow in l2430 time  20 (pre-contingency)
[      99.749]      265.067 MW overflow in l2374 time  20 (pre-contingency)
[      99.750]        4.490 MW overflow in l2306 time  21 (pre-contingency)
[      99.751]       39.120 MW overflow in l2307 time  21 (pre-contingency)
[      99.752]       51.900 MW overflow in l2429 time  21 (pre-contingency)
[      99.753]      165.210 MW overflow in l2431 time  21 (pre-contingency)
[      99.753]      174.790 MW overflow in l2430 time  21 (pre-contingency)
[      99.754]        4.490 MW overflow in l2306 time  22 (pre-contingency)
[      99.755]       39.120 MW overflow in l2307 time  22 (pre-contingency)
[      99.756]       51.900 MW overflow in l2429 time  22 (pre-contingency)
[      99.757]      165.210 MW overflow in l2431 time  22 (pre-contingency)
[      99.758]      266.287 MW overflow in l2374 time  22 (pre-contingency)
[      99.759]        4.490 MW overflow in l2306 time  23 (pre-contingency)
[      99.760]       28.935 MW overflow in l2307 time  23 (pre-contingency)
[      99.761]       51.900 MW overflow in l2429 time  23 (pre-contingency)
[      99.762]      267.422 MW overflow in l2374 time  23 (pre-contingency)
[      99.763]      398.320 MW overflow in l2435 time  23 (pre-contingency)
[      99.764]       51.900 MW overflow in l2429 time  24 (pre-contingency)
[      99.766]      123.686 MW overflow in l2374 time  24 (pre-contingency)
[      99.767]       51.900 MW overflow in l2429 time  25 (pre-contingency)
[      99.768]       78.911 MW overflow in l2374 time  25 (pre-contingency)
[      99.769]      152.060 MW overflow in l2435 time  26 (pre-contingency)
[      99.770]      152.060 MW overflow in l2435 time  27 (pre-contingency)
[      99.772]      152.060 MW overflow in l2435 time  28 (pre-contingency)
[      99.773]      152.060 MW overflow in l2435 time  29 (pre-contingency)
[      99.774]       51.900 MW overflow in l2429 time  30 (pre-contingency)
[      99.776]       51.900 MW overflow in l2429 time  31 (pre-contingency)
[      99.777]      123.481 MW overflow in l2374 time  31 (pre-contingency)
[      99.779]      398.320 MW overflow in l2435 time  31 (pre-contingency)
[      99.780]        4.490 MW overflow in l2306 time  32 (pre-contingency)
[      99.781]       39.120 MW overflow in l2307 time  32 (pre-contingency)
[      99.783]       51.900 MW overflow in l2429 time  32 (pre-contingency)
[      99.784]      165.210 MW overflow in l2431 time  32 (pre-contingency)
[      99.784]      267.718 MW overflow in l2374 time  32 (pre-contingency)
[      99.785]        4.490 MW overflow in l2306 time  33 (pre-contingency)
[      99.787]       39.120 MW overflow in l2307 time  33 (pre-contingency)
[      99.788]       51.900 MW overflow in l2429 time  33 (pre-contingency)
[      99.789]      165.210 MW overflow in l2431 time  33 (pre-contingency)
[      99.790]      174.790 MW overflow in l2430 time  33 (pre-contingency)
[      99.790]       39.120 MW overflow in l2307 time  34 (pre-contingency)
[      99.792]       51.900 MW overflow in l2429 time  34 (pre-contingency)
[      99.793]      165.210 MW overflow in l2431 time  34 (pre-contingency)
[      99.794]      174.790 MW overflow in l2430 time  34 (pre-contingency)
[      99.794]      411.498 MW overflow in l2374 time  34 (pre-contingency)
[      99.795]       39.120 MW overflow in l2307 time  35 (pre-contingency)
[      99.797]       51.900 MW overflow in l2429 time  35 (pre-contingency)
[      99.798]      165.210 MW overflow in l2431 time  35 (pre-contingency)
[      99.799]      174.790 MW overflow in l2430 time  35 (pre-contingency)
[      99.799]      411.522 MW overflow in l2374 time  35 (pre-contingency)
[      99.800]        4.490 MW overflow in l2306 time  36 (pre-contingency)
[      99.802]       39.120 MW overflow in l2307 time  36 (pre-contingency)
[      99.803]       51.900 MW overflow in l2429 time  36 (pre-contingency)
[      99.804]      165.210 MW overflow in l2431 time  36 (pre-contingency)
[      99.805]      174.790 MW overflow in l2430 time  36 (pre-contingency)
[      99.806] Setting MILP time limit to 1146.86 seconds
[      99.806] Solving MILP...
Gurobi Optimizer version 9.0.0 build v9.0.0rc2 (linux64)
Optimize a model with 272120 rows, 353152 columns and 961875 nonzeros
Model fingerprint: 0x9e4a0e50
Variable types: 291304 continuous, 61848 integer (0 binary)
Coefficient statistics:
  Matrix range     [1e-01, 1e+03]
  Objective range  [8e+00, 1e+05]
  Bounds range     [5e-02, 4e+02]
  RHS range        [5e-02, 1e+03]

MIP start from previous solve produced solution with objective 2.49535e+07 (0.50s)
Loaded MIP start from previous solve with objective 2.49535e+07

Presolve removed 125085 rows and 242250 columns
Presolve time: 3.27s
Presolved: 147035 rows, 110902 columns, 559112 nonzeros
Variable types: 63747 continuous, 47155 integer (47155 binary)

Deterministic concurrent LP optimizer: primal and dual simplex
Showing first log only...


Root simplex log...

Iteration    Objective       Primal Inf.    Dual Inf.      Time
   59423    1.0873722e+09   3.858556e-04   6.488894e+07      5s
   59432    1.7742064e+09   0.000000e+00   1.472785e+09      5s
  126961    3.0949616e+07   0.000000e+00   3.923488e+08     10s
Concurrent spin time: 0.01s

Solved with dual simplex

Root relaxation: objective 2.491215e+07, 38747 iterations, 6.87 seconds

    Nodes    |    Current Node    |     Objective Bounds      |     Work
 Expl Unexpl |  Obj  Depth IntInf | Incumbent    BestBd   Gap | It/Node Time

     0     0 2.4915e+07    0  167 2.4953e+07 2.4915e+07  0.15%     -   12s

Explored 0 nodes (39849 simplex iterations) in 12.55 seconds
Thread count was 4 (of 32 available processors)

Solution count 1: 2.49535e+07 

Optimal solution found (tolerance 1.00e-02)
Best objective 2.495347385979e+07, best bound 2.491533557460e+07, gap 0.1528%
[     112.717] Verifying transmission limits...
[     117.057] Verified transmission limits in 4.34 seconds
[     117.057]       39.120 MW overflow in l2307 time   8 (pre-contingency)
[     117.059]       39.120 MW overflow in l2307 time  12 (pre-contingency)
[     117.060]        4.490 MW overflow in l2306 time  17 (pre-contingency)
[     117.062]        4.490 MW overflow in l2306 time  18 (pre-contingency)
[     117.064]        4.490 MW overflow in l2306 time  19 (pre-contingency)
[     117.065]        4.490 MW overflow in l2306 time  20 (pre-contingency)
[     117.067]        4.490 MW overflow in l2306 time  31 (pre-contingency)
[     117.068]        4.490 MW overflow in l2306 time  34 (pre-contingency)
[     117.070]        4.490 MW overflow in l2306 time  35 (pre-contingency)
[     117.071] Setting MILP time limit to 1129.60 seconds
[     117.071] Solving MILP...
Gurobi Optimizer version 9.0.0 build v9.0.0rc2 (linux64)
Optimize a model with 272147 rows, 353161 columns and 961929 nonzeros
Model fingerprint: 0x0694ebe6
Variable types: 291313 continuous, 61848 integer (0 binary)
Coefficient statistics:
  Matrix range     [1e-01, 1e+03]
  Objective range  [8e+00, 1e+05]
  Bounds range     [5e-02, 4e+02]
  RHS range        [5e-02, 1e+03]

MIP start from previous solve produced solution with objective 2.4954e+07 (0.42s)
Loaded MIP start from previous solve with objective 2.4954e+07

Presolve removed 125103 rows and 242250 columns
Presolve time: 3.34s
Presolved: 147044 rows, 110911 columns, 559148 nonzeros
Variable types: 63756 continuous, 47155 integer (47155 binary)

Deterministic concurrent LP optimizer: primal and dual simplex
Showing first log only...


Root simplex log...

Iteration    Objective       Primal Inf.    Dual Inf.      Time
   57388    1.0884870e+09   2.419428e-01   7.815934e+07      5s
   67535    1.5287208e+09   0.000000e+00   1.176302e+09      6s
  119052    3.6196438e+07   0.000000e+00   1.633057e+08     10s
Concurrent spin time: 0.02s

Solved with dual simplex

Root relaxation: objective 2.491229e+07, 37277 iterations, 8.76 seconds

    Nodes    |    Current Node    |     Objective Bounds      |     Work
 Expl Unexpl |  Obj  Depth IntInf | Incumbent    BestBd   Gap | It/Node Time

     0     0 2.4915e+07    0  167 2.4954e+07 2.4915e+07  0.15%     -   14s

Explored 0 nodes (38361 simplex iterations) in 14.47 seconds
Thread count was 4 (of 32 available processors)

Solution count 1: 2.4954e+07 

Optimal solution found (tolerance 1.00e-02)
Best objective 2.495401463405e+07, best bound 2.491546708688e+07, gap 0.1545%
[     131.685] Verifying transmission limits...
[     136.422] Verified transmission limits in 4.74 seconds
[     136.422] No violations found
[     136.423] MIP gap tolerance set to 0.001000
[     136.423] Setting MILP time limit to 1110.24 seconds
[     136.423] Solving MILP...
Gurobi Optimizer version 9.0.0 build v9.0.0rc2 (linux64)
Optimize a model with 272147 rows, 353161 columns and 961929 nonzeros
Model fingerprint: 0x0694ebe6
Variable types: 291313 continuous, 61848 integer (0 binary)
Coefficient statistics:
  Matrix range     [1e-01, 1e+03]
  Objective range  [8e+00, 1e+05]
  Bounds range     [5e-02, 4e+02]
  RHS range        [5e-02, 1e+03]
Presolved: 147044 rows, 110911 columns, 559148 nonzeros

Continuing optimization...

H    0     2                    2.492147e+07 2.4915e+07  0.02%     -   25s
H    0     2                    2.492126e+07 2.4915e+07  0.02%     -   25s
H    0     2                    2.492083e+07 2.4915e+07  0.02%     -   25s
     0     2 2.4915e+07    0  167 2.4921e+07 2.4915e+07  0.02%     -   25s

Explored 1 nodes (39363 simplex iterations) in 10.82 seconds
Thread count was 4 (of 32 available processors)

Solution count 4: 2.49208e+07 2.49213e+07 2.49215e+07 2.4954e+07 

Optimal solution found (tolerance 1.00e-03)
Best objective 2.492082880010e+07, best bound 2.491683938712e+07, gap 0.0160%
[     147.252] Verifying transmission limits...
[     151.624] Verified transmission limits in 4.37 seconds
[     151.624]       88.908 MW overflow in l2350 time   1 (pre-contingency)
[     151.625]       89.360 MW overflow in l2350 time   2 (pre-contingency)
[     151.627]       89.583 MW overflow in l2350 time   3 (pre-contingency)
[     151.628]       89.761 MW overflow in l2350 time   4 (pre-contingency)
[     151.629]       89.572 MW overflow in l2350 time   5 (pre-contingency)
[     151.630]       88.963 MW overflow in l2350 time   6 (pre-contingency)
[     151.631]       87.096 MW overflow in l2350 time   7 (pre-contingency)
[     151.632]      229.133 MW overflow in l2350 time   8 (pre-contingency)
[     151.633]      228.855 MW overflow in l2350 time   9 (pre-contingency)
[     151.634]      258.119 MW overflow in l2350 time  10 (pre-contingency)
[     151.635]      228.704 MW overflow in l2350 time  11 (pre-contingency)
[     151.636]      229.076 MW overflow in l2350 time  12 (pre-contingency)
[     151.637]       86.765 MW overflow in l2350 time  13 (pre-contingency)
[     151.638]       87.198 MW overflow in l2350 time  14 (pre-contingency)
[     151.639]       87.385 MW overflow in l2350 time  15 (pre-contingency)
[     151.640]       87.274 MW overflow in l2350 time  16 (pre-contingency)
[     151.641]      109.927 MW overflow in l2350 time  17 (pre-contingency)
[     151.642]      512.429 MW overflow in l2350 time  18 (pre-contingency)
[     151.643]      512.474 MW overflow in l2350 time  19 (pre-contingency)
[     151.644]      370.228 MW overflow in l2350 time  20 (pre-contingency)
[     151.645]      370.525 MW overflow in l2350 time  21 (pre-contingency)
[     151.647]      371.445 MW overflow in l2350 time  22 (pre-contingency)
[     151.648] Setting MILP time limit to 1095.02 seconds
[     151.648] Solving MILP...
Gurobi Optimizer version 9.0.0 build v9.0.0rc2 (linux64)
Optimize a model with 272213 rows, 353183 columns and 962061 nonzeros
Model fingerprint: 0xff469402
Variable types: 291335 continuous, 61848 integer (0 binary)
Coefficient statistics:
  Matrix range     [1e-01, 1e+03]
  Objective range  [8e+00, 1e+05]
  Bounds range     [5e-02, 4e+02]
  RHS range        [5e-02, 1e+03]

MIP start from previous solve produced solution with objective 3.44865e+07 (0.53s)
Loaded MIP start from previous solve with objective 3.44865e+07

Presolve removed 124787 rows and 241868 columns
Presolve time: 3.43s
Presolved: 147426 rows, 111315 columns, 560392 nonzeros
Variable types: 64160 continuous, 47155 integer (47155 binary)

Deterministic concurrent LP optimizer: primal and dual simplex
Showing first log only...


Root simplex log...

Iteration    Objective       Primal Inf.    Dual Inf.      Time
   45495    1.1002864e+09   3.850766e+01   1.062586e+09      5s
   56532    1.8971038e+09   0.000000e+00   4.443308e+09      5s
Concurrent spin time: 0.00s

Solved with dual simplex

Root relaxation: objective 2.491275e+07, 32489 iterations, 5.12 seconds

    Nodes    |    Current Node    |     Objective Bounds      |     Work
 Expl Unexpl |  Obj  Depth IntInf | Incumbent    BestBd   Gap | It/Node Time

     0     0 2.4913e+07    0  231 3.4487e+07 2.4913e+07  27.8%     -   11s
H    0     0                    2.545152e+07 2.4913e+07  2.12%     -   11s
H    0     0                    2.492194e+07 2.4913e+07  0.04%     -   11s

Explored 1 nodes (33460 simplex iterations) in 11.68 seconds
Thread count was 4 (of 32 available processors)

Solution count 3: 2.49219e+07 2.54515e+07 3.44865e+07 

Optimal solution found (tolerance 1.00e-03)
Best objective 2.492194033942e+07, best bound 2.491275244106e+07, gap 0.0369%
[     163.536] Verifying transmission limits...
[     168.128] Verified transmission limits in 4.59 seconds
[     168.128]      621.000 MW overflow in l2315 time   2 (pre-contingency)
[     168.130]      621.000 MW overflow in l2315 time   3 (pre-contingency)
[     168.131]      621.000 MW overflow in l2315 time   4 (pre-contingency)
[     168.132]      621.000 MW overflow in l2315 time   5 (pre-contingency)
[     168.133]      896.000 MW overflow in l2315 time   7 (pre-contingency)
[     168.134]      896.000 MW overflow in l2315 time  13 (pre-contingency)
[     168.135]      896.000 MW overflow in l2315 time  14 (pre-contingency)
[     168.136]      896.000 MW overflow in l2315 time  15 (pre-contingency)
[     168.137]      896.000 MW overflow in l2315 time  16 (pre-contingency)
[     168.138] Setting MILP time limit to 1078.53 seconds
[     168.138] Solving MILP...
Gurobi Optimizer version 9.0.0 build v9.0.0rc2 (linux64)
Optimize a model with 272240 rows, 353192 columns and 962115 nonzeros
Model fingerprint: 0x4a26e92d
Variable types: 291344 continuous, 61848 integer (0 binary)
Coefficient statistics:
  Matrix range     [1e-01, 1e+03]
  Objective range  [8e+00, 1e+05]
  Bounds range     [5e-02, 4e+02]
  RHS range        [5e-02, 1e+03]

MIP start from previous solve produced solution with objective 2.49286e+07 (0.55s)
Loaded MIP start from previous solve with objective 2.49286e+07

Presolve removed 125165 rows and 242228 columns
Presolve time: 3.84s
Presolved: 147075 rows, 110964 columns, 559319 nonzeros
Variable types: 63809 continuous, 47155 integer (47155 binary)

Deterministic concurrent LP optimizer: primal and dual simplex
Showing first log only...


Root simplex log...

Iteration    Objective       Primal Inf.    Dual Inf.      Time
       0    1.1081065e+09   8.205425e+02   9.312886e+09      5s
   61769    1.8080961e+09   0.000000e+00   1.144267e+09      6s
  123794    3.4284135e+07   0.000000e+00   4.759060e+07     10s
Concurrent spin time: 0.00s

Solved with dual simplex

Root relaxation: objective 2.491305e+07, 36939 iterations, 7.91 seconds

    Nodes    |    Current Node    |     Objective Bounds      |     Work
 Expl Unexpl |  Obj  Depth IntInf | Incumbent    BestBd   Gap | It/Node Time

     0     0 2.4917e+07    0  148 2.4929e+07 2.4917e+07  0.05%     -   14s

Explored 0 nodes (38616 simplex iterations) in 14.42 seconds
Thread count was 4 (of 32 available processors)

Solution count 1: 2.49286e+07 

Optimal solution found (tolerance 1.00e-03)
Best objective 2.492861627058e+07, best bound 2.491681247321e+07, gap 0.0474%
[     182.715] Verifying transmission limits...
[     187.451] Verified transmission limits in 4.74 seconds
[     187.451] No violations found
[     187.451] Total time was 159.03 seconds
[     187.451] Writing: /local_workspace/kazaalek/uc/results_default/matpower/case1888rte/2017-01-28.1.sol.json
[     190.210] Verifying solution...
[     190.514] Exporting final model to /local_workspace/kazaalek/uc/results_default/matpower/case1888rte/2017-01-28.1.final.mps.gz
