[       0.035] Reading: matpower/case1888rte/2017-02-12
[       2.796] Read problem in 2.76 seconds
[       3.577] Computing injection shift factors...
[       4.553] Computed ISF in 0.98 seconds
[       4.553] Computing line outage factors...
[       5.605] Computed LODF in 1.05 seconds
[       5.605] Applying PTDF and LODF cutoffs (0.00500, 0.00100)
[       5.832] Building model...
[      16.878] Built model in 11.05 seconds
[      16.878] Setting names...
[      16.878] Setting variable and constraint names...
[      18.393] Set names in 1.52 seconds
[      18.393] Exporting initial model without transmission constraints to /local_workspace/kazaalek/uc/results_default/matpower/case1888rte/2017-02-12.1.init.mps.gz
[      44.147] Optimizing...
[      44.295] MIP gap tolerance set to 0.010000
[      44.295] Setting MILP time limit to 1199.85 seconds
[      44.341] Solving MILP...
Gurobi Optimizer version 9.0.0 build v9.0.0rc2 (linux64)
Optimize a model with 270740 rows, 352692 columns and 959115 nonzeros
Model fingerprint: 0xc826f0d0
Variable types: 290844 continuous, 61848 integer (0 binary)
Coefficient statistics:
  Matrix range     [1e-01, 1e+03]
  Objective range  [8e+00, 1e+05]
  Bounds range     [4e-02, 4e+02]
  RHS range        [4e-02, 1e+03]
Presolve removed 123595 rows and 241961 columns
Presolve time: 3.12s
Presolved: 147145 rows, 110731 columns, 559281 nonzeros
Variable types: 63576 continuous, 47155 integer (47155 binary)

Deterministic concurrent LP optimizer: primal and dual simplex
Showing first log only...


Root simplex log...

Iteration    Objective       Primal Inf.    Dual Inf.      Time
   60022    4.7517768e+08   0.000000e+00   1.456770e+09      5s
  112806    3.7432708e+07   0.000000e+00   2.363049e+08     10s
Concurrent spin time: 0.80s

Solved with dual simplex

Root relaxation: objective 2.450603e+07, 46592 iterations, 9.38 seconds

    Nodes    |    Current Node    |     Objective Bounds      |     Work
 Expl Unexpl |  Obj  Depth IntInf | Incumbent    BestBd   Gap | It/Node Time

     0     0 2.4506e+07    0  473          - 2.4506e+07      -     -   14s
H    0     0                    2.761502e+07 2.4506e+07  11.3%     -   15s
H    0     0                    2.479678e+07 2.4506e+07  1.17%     -   15s
H    0     0                    2.460171e+07 2.4506e+07  0.39%     -   19s

Explored 1 nodes (47608 simplex iterations) in 19.64 seconds
Thread count was 4 (of 32 available processors)

Solution count 3: 2.46017e+07 2.47968e+07 2.7615e+07 

Optimal solution found (tolerance 1.00e-02)
Best objective 2.460171149199e+07, best bound 2.450602846814e+07, gap 0.3889%
[      71.003] Verifying transmission limits...
[      77.805] Verified transmission limits in 6.80 seconds
[      77.805]      505.000 MW overflow in l2314 time   1 (pre-contingency)
[      78.056]      863.760 MW overflow in l2432 time   1 (pre-contingency)
[      78.058]      896.000 MW overflow in l2315 time   1 (pre-contingency)
[      78.059]      901.070 MW overflow in l2284 time   1 (pre-contingency)
[      78.060]      903.170 MW overflow in l2285 time   1 (pre-contingency)
[      78.061]      505.000 MW overflow in l2314 time   2 (pre-contingency)
[      78.064]      863.760 MW overflow in l2432 time   2 (pre-contingency)
[      78.065]      896.000 MW overflow in l2315 time   2 (pre-contingency)
[      78.066]      901.070 MW overflow in l2284 time   2 (pre-contingency)
[      78.067]      903.170 MW overflow in l2285 time   2 (pre-contingency)
[      78.068]      505.000 MW overflow in l2314 time   3 (pre-contingency)
[      78.070]      654.798 MW overflow in l2315 time   3 (pre-contingency)
[      78.072]      863.760 MW overflow in l2432 time   3 (pre-contingency)
[      78.072]      901.070 MW overflow in l2284 time   3 (pre-contingency)
[      78.073]      903.170 MW overflow in l2285 time   3 (pre-contingency)
[      78.074]      505.000 MW overflow in l2314 time   4 (pre-contingency)
[      78.077]      621.000 MW overflow in l2315 time   4 (pre-contingency)
[      78.078]      863.760 MW overflow in l2432 time   4 (pre-contingency)
[      78.079]      901.070 MW overflow in l2284 time   4 (pre-contingency)
[      78.080]      903.170 MW overflow in l2285 time   4 (pre-contingency)
[      78.081]      505.000 MW overflow in l2314 time   5 (pre-contingency)
[      78.084]      794.999 MW overflow in l2315 time   5 (pre-contingency)
[      78.085]      863.760 MW overflow in l2432 time   5 (pre-contingency)
[      78.086]      901.070 MW overflow in l2284 time   5 (pre-contingency)
[      78.087]      903.170 MW overflow in l2285 time   5 (pre-contingency)
[      78.087]      505.000 MW overflow in l2314 time   6 (pre-contingency)
[      78.090]      863.760 MW overflow in l2432 time   6 (pre-contingency)
[      78.091]      896.000 MW overflow in l2315 time   6 (pre-contingency)
[      78.092]      901.070 MW overflow in l2284 time   6 (pre-contingency)
[      78.093]      903.170 MW overflow in l2285 time   6 (pre-contingency)
[      78.094]      780.000 MW overflow in l2314 time   7 (pre-contingency)
[      78.096]      863.760 MW overflow in l2432 time   7 (pre-contingency)
[      78.097]      896.000 MW overflow in l2315 time   7 (pre-contingency)
[      78.098]      901.070 MW overflow in l2284 time   7 (pre-contingency)
[      78.099]      903.170 MW overflow in l2285 time   7 (pre-contingency)
[      78.100]      780.000 MW overflow in l2314 time   8 (pre-contingency)
[      78.103]      863.760 MW overflow in l2432 time   8 (pre-contingency)
[      78.104]      896.000 MW overflow in l2315 time   8 (pre-contingency)
[      78.105]      901.070 MW overflow in l2284 time   8 (pre-contingency)
[      78.105]      903.170 MW overflow in l2285 time   8 (pre-contingency)
[      78.106]      780.000 MW overflow in l2314 time   9 (pre-contingency)
[      78.109]      863.760 MW overflow in l2432 time   9 (pre-contingency)
[      78.110]      896.000 MW overflow in l2315 time   9 (pre-contingency)
[      78.111]      901.070 MW overflow in l2284 time   9 (pre-contingency)
[      78.112]      903.170 MW overflow in l2285 time   9 (pre-contingency)
[      78.113]      780.000 MW overflow in l2314 time  10 (pre-contingency)
[      78.116]      863.760 MW overflow in l2432 time  10 (pre-contingency)
[      78.117]      896.000 MW overflow in l2315 time  10 (pre-contingency)
[      78.118]      901.070 MW overflow in l2284 time  10 (pre-contingency)
[      78.119]      903.170 MW overflow in l2285 time  10 (pre-contingency)
[      78.120]      780.000 MW overflow in l2314 time  11 (pre-contingency)
[      78.123]      863.760 MW overflow in l2432 time  11 (pre-contingency)
[      78.124]      896.000 MW overflow in l2315 time  11 (pre-contingency)
[      78.125]      901.070 MW overflow in l2284 time  11 (pre-contingency)
[      78.126]      903.170 MW overflow in l2285 time  11 (pre-contingency)
[      78.127]      780.000 MW overflow in l2314 time  12 (pre-contingency)
[      78.130]      863.760 MW overflow in l2432 time  12 (pre-contingency)
[      78.132]      896.000 MW overflow in l2315 time  12 (pre-contingency)
[      78.133]      901.070 MW overflow in l2284 time  12 (pre-contingency)
[      78.133]      903.170 MW overflow in l2285 time  12 (pre-contingency)
[      78.134]      780.000 MW overflow in l2314 time  13 (pre-contingency)
[      78.138]      863.760 MW overflow in l2432 time  13 (pre-contingency)
[      78.139]      896.000 MW overflow in l2315 time  13 (pre-contingency)
[      78.140]      901.070 MW overflow in l2284 time  13 (pre-contingency)
[      78.141]      903.170 MW overflow in l2285 time  13 (pre-contingency)
[      78.141]      780.000 MW overflow in l2314 time  14 (pre-contingency)
[      78.145]      863.760 MW overflow in l2432 time  14 (pre-contingency)
[      78.146]      896.000 MW overflow in l2315 time  14 (pre-contingency)
[      78.147]      901.070 MW overflow in l2284 time  14 (pre-contingency)
[      78.148]      903.170 MW overflow in l2285 time  14 (pre-contingency)
[      78.148]      780.000 MW overflow in l2314 time  15 (pre-contingency)
[      78.152]      863.760 MW overflow in l2432 time  15 (pre-contingency)
[      78.153]      896.000 MW overflow in l2315 time  15 (pre-contingency)
[      78.154]      901.070 MW overflow in l2284 time  15 (pre-contingency)
[      78.155]      903.170 MW overflow in l2285 time  15 (pre-contingency)
[      78.156]      780.000 MW overflow in l2314 time  16 (pre-contingency)
[      78.158]      863.760 MW overflow in l2432 time  16 (pre-contingency)
[      78.160]      896.000 MW overflow in l2315 time  16 (pre-contingency)
[      78.160]      901.070 MW overflow in l2284 time  16 (pre-contingency)
[      78.161]      903.170 MW overflow in l2285 time  16 (pre-contingency)
[      78.162]      780.000 MW overflow in l2314 time  17 (pre-contingency)
[      78.167]      863.760 MW overflow in l2432 time  17 (pre-contingency)
[      78.168]      896.000 MW overflow in l2315 time  17 (pre-contingency)
[      78.169]      901.070 MW overflow in l2284 time  17 (pre-contingency)
[      78.170]      903.170 MW overflow in l2285 time  17 (pre-contingency)
[      78.171]      863.760 MW overflow in l2432 time  18 (pre-contingency)
[      78.175]      896.000 MW overflow in l2315 time  18 (pre-contingency)
[      78.176]      901.070 MW overflow in l2284 time  18 (pre-contingency)
[      78.177]      903.170 MW overflow in l2285 time  18 (pre-contingency)
[      78.178]      981.650 MW overflow in l2425 time  18 (pre-contingency)
[      78.179]      863.760 MW overflow in l2432 time  19 (pre-contingency)
[      78.183]      896.000 MW overflow in l2315 time  19 (pre-contingency)
[      78.184]      901.070 MW overflow in l2284 time  19 (pre-contingency)
[      78.185]      903.170 MW overflow in l2285 time  19 (pre-contingency)
[      78.186]      981.650 MW overflow in l2425 time  19 (pre-contingency)
[      78.187]      780.000 MW overflow in l2314 time  20 (pre-contingency)
[      78.191]      863.760 MW overflow in l2432 time  20 (pre-contingency)
[      78.192]      896.000 MW overflow in l2315 time  20 (pre-contingency)
[      78.193]      901.070 MW overflow in l2284 time  20 (pre-contingency)
[      78.194]      903.170 MW overflow in l2285 time  20 (pre-contingency)
[      78.195]      780.000 MW overflow in l2314 time  21 (pre-contingency)
[      78.199]      863.760 MW overflow in l2432 time  21 (pre-contingency)
[      78.200]      896.000 MW overflow in l2315 time  21 (pre-contingency)
[      78.201]      901.070 MW overflow in l2284 time  21 (pre-contingency)
[      78.202]      903.170 MW overflow in l2285 time  21 (pre-contingency)
[      78.203]      780.000 MW overflow in l2314 time  22 (pre-contingency)
[      78.207]      863.760 MW overflow in l2432 time  22 (pre-contingency)
[      78.208]      896.000 MW overflow in l2315 time  22 (pre-contingency)
[      78.209]      901.070 MW overflow in l2284 time  22 (pre-contingency)
[      78.210]      903.170 MW overflow in l2285 time  22 (pre-contingency)
[      78.211]      780.000 MW overflow in l2314 time  23 (pre-contingency)
[      78.214]      863.760 MW overflow in l2432 time  23 (pre-contingency)
[      78.215]      896.000 MW overflow in l2315 time  23 (pre-contingency)
[      78.216]      901.070 MW overflow in l2284 time  23 (pre-contingency)
[      78.217]      903.170 MW overflow in l2285 time  23 (pre-contingency)
[      78.218]      780.000 MW overflow in l2314 time  24 (pre-contingency)
[      78.221]      863.760 MW overflow in l2432 time  24 (pre-contingency)
[      78.222]      896.000 MW overflow in l2315 time  24 (pre-contingency)
[      78.223]      901.070 MW overflow in l2284 time  24 (pre-contingency)
[      78.224]      903.170 MW overflow in l2285 time  24 (pre-contingency)
[      78.225]      780.000 MW overflow in l2314 time  25 (pre-contingency)
[      78.228]      863.760 MW overflow in l2432 time  25 (pre-contingency)
[      78.229]      896.000 MW overflow in l2315 time  25 (pre-contingency)
[      78.230]      901.070 MW overflow in l2284 time  25 (pre-contingency)
[      78.231]      903.170 MW overflow in l2285 time  25 (pre-contingency)
[      78.232]      780.000 MW overflow in l2314 time  26 (pre-contingency)
[      78.234]      863.760 MW overflow in l2432 time  26 (pre-contingency)
[      78.235]      896.000 MW overflow in l2315 time  26 (pre-contingency)
[      78.236]      901.070 MW overflow in l2284 time  26 (pre-contingency)
[      78.236]      903.170 MW overflow in l2285 time  26 (pre-contingency)
[      78.237]      607.105 MW overflow in l2314 time  27 (pre-contingency)
[      78.239]      863.760 MW overflow in l2432 time  27 (pre-contingency)
[      78.240]      896.000 MW overflow in l2315 time  27 (pre-contingency)
[      78.241]      901.070 MW overflow in l2284 time  27 (pre-contingency)
[      78.242]      903.170 MW overflow in l2285 time  27 (pre-contingency)
[      78.242]      780.000 MW overflow in l2314 time  28 (pre-contingency)
[      78.244]      863.760 MW overflow in l2432 time  28 (pre-contingency)
[      78.245]      896.000 MW overflow in l2315 time  28 (pre-contingency)
[      78.246]      901.070 MW overflow in l2284 time  28 (pre-contingency)
[      78.246]      903.170 MW overflow in l2285 time  28 (pre-contingency)
[      78.247]      780.000 MW overflow in l2314 time  29 (pre-contingency)
[      78.249]      863.760 MW overflow in l2432 time  29 (pre-contingency)
[      78.250]      896.000 MW overflow in l2315 time  29 (pre-contingency)
[      78.251]      901.070 MW overflow in l2284 time  29 (pre-contingency)
[      78.252]      903.170 MW overflow in l2285 time  29 (pre-contingency)
[      78.253]      780.000 MW overflow in l2314 time  30 (pre-contingency)
[      78.254]      863.760 MW overflow in l2432 time  30 (pre-contingency)
[      78.255]      896.000 MW overflow in l2315 time  30 (pre-contingency)
[      78.256]      901.070 MW overflow in l2284 time  30 (pre-contingency)
[      78.257]      903.170 MW overflow in l2285 time  30 (pre-contingency)
[      78.258]      863.760 MW overflow in l2432 time  31 (pre-contingency)
[      78.260]      896.000 MW overflow in l2315 time  31 (pre-contingency)
[      78.261]      901.070 MW overflow in l2284 time  31 (pre-contingency)
[      78.262]      903.170 MW overflow in l2285 time  31 (pre-contingency)
[      78.263]      981.650 MW overflow in l2425 time  31 (pre-contingency)
[      78.264]      863.760 MW overflow in l2432 time  32 (pre-contingency)
[      78.265]      896.000 MW overflow in l2315 time  32 (pre-contingency)
[      78.267]      901.070 MW overflow in l2284 time  32 (pre-contingency)
[      78.268]      903.170 MW overflow in l2285 time  32 (pre-contingency)
[      78.269]      981.650 MW overflow in l2425 time  32 (pre-contingency)
[      78.270]      780.000 MW overflow in l2314 time  33 (pre-contingency)
[      78.271]      863.760 MW overflow in l2432 time  33 (pre-contingency)
[      78.272]      896.000 MW overflow in l2315 time  33 (pre-contingency)
[      78.273]      901.070 MW overflow in l2284 time  33 (pre-contingency)
[      78.274]      903.170 MW overflow in l2285 time  33 (pre-contingency)
[      78.275]      780.000 MW overflow in l2314 time  34 (pre-contingency)
[      78.276]      863.760 MW overflow in l2432 time  34 (pre-contingency)
[      78.278]      896.000 MW overflow in l2315 time  34 (pre-contingency)
[      78.279]      901.070 MW overflow in l2284 time  34 (pre-contingency)
[      78.280]      903.170 MW overflow in l2285 time  34 (pre-contingency)
[      78.280]      863.760 MW overflow in l2432 time  35 (pre-contingency)
[      78.282]      896.000 MW overflow in l2315 time  35 (pre-contingency)
[      78.283]      901.070 MW overflow in l2284 time  35 (pre-contingency)
[      78.284]      903.170 MW overflow in l2285 time  35 (pre-contingency)
[      78.285]      947.722 MW overflow in l2425 time  35 (pre-contingency)
[      78.286]      863.760 MW overflow in l2432 time  36 (pre-contingency)
[      78.288]      896.000 MW overflow in l2315 time  36 (pre-contingency)
[      78.289]      901.070 MW overflow in l2284 time  36 (pre-contingency)
[      78.290]      903.170 MW overflow in l2285 time  36 (pre-contingency)
[      78.291]      981.650 MW overflow in l2425 time  36 (pre-contingency)
[      78.292] Setting MILP time limit to 1165.85 seconds
[      78.292] Solving MILP...
Gurobi Optimizer version 9.0.0 build v9.0.0rc2 (linux64)
Optimize a model with 271280 rows, 352872 columns and 960195 nonzeros
Model fingerprint: 0x1a431c6d
Variable types: 291024 continuous, 61848 integer (0 binary)
Coefficient statistics:
  Matrix range     [1e-01, 1e+03]
  Objective range  [8e+00, 1e+05]
  Bounds range     [4e-02, 4e+02]
  RHS range        [4e-02, 1e+03]

MIP start from previous solve produced solution with objective 6.94924e+07 (0.63s)
Loaded MIP start from previous solve with objective 6.94924e+07

Presolve removed 124315 rows and 242321 columns
Presolve time: 3.00s
Presolved: 146965 rows, 110551 columns, 558718 nonzeros
Variable types: 63396 continuous, 47155 integer (47155 binary)

Deterministic concurrent LP optimizer: primal and dual simplex
Showing first log only...


Root simplex log...

Iteration    Objective       Primal Inf.    Dual Inf.      Time
   66030    1.2052856e+09   0.000000e+00   1.068873e+09      5s
  147144    3.1668250e+07   0.000000e+00   1.835593e+07     10s
Concurrent spin time: 0.00s

Solved with dual simplex

Root relaxation: objective 2.546701e+07, 44184 iterations, 8.60 seconds

    Nodes    |    Current Node    |     Objective Bounds      |     Work
 Expl Unexpl |  Obj  Depth IntInf | Incumbent    BestBd   Gap | It/Node Time

     0     0 2.5467e+07    0  482 6.9492e+07 2.5467e+07  63.4%     -   14s
H    0     0                    2.591924e+07 2.5467e+07  1.74%     -   14s
H    0     0                    2.570903e+07 2.5467e+07  0.94%     -   15s

Explored 1 nodes (45179 simplex iterations) in 15.33 seconds
Thread count was 4 (of 32 available processors)

Solution count 3: 2.5709e+07 2.59192e+07 6.94924e+07 

Optimal solution found (tolerance 1.00e-02)
Best objective 2.570902533130e+07, best bound 2.546701246516e+07, gap 0.9414%
[      93.900] Verifying transmission limits...
[      98.605] Verified transmission limits in 4.70 seconds
[      98.605]       52.690 MW overflow in l2429 time   1 (pre-contingency)
[      98.606]      134.200 MW overflow in l2386 time   1 (pre-contingency)
[      98.607]      166.660 MW overflow in l2431 time   1 (pre-contingency)
[      98.608]      403.340 MW overflow in l2434 time   1 (pre-contingency)
[      98.609]      466.570 MW overflow in l2425 time   1 (pre-contingency)
[      98.610]       52.690 MW overflow in l2429 time   2 (pre-contingency)
[      98.611]      134.200 MW overflow in l2386 time   2 (pre-contingency)
[      98.612]      166.660 MW overflow in l2431 time   2 (pre-contingency)
[      98.612]      209.040 MW overflow in l2425 time   2 (pre-contingency)
[      98.613]      403.340 MW overflow in l2434 time   2 (pre-contingency)
[      98.614]       52.690 MW overflow in l2429 time   3 (pre-contingency)
[      98.615]       59.398 MW overflow in l2425 time   3 (pre-contingency)
[      98.616]      134.200 MW overflow in l2386 time   3 (pre-contingency)
[      98.617]      166.660 MW overflow in l2431 time   3 (pre-contingency)
[      98.617]      403.340 MW overflow in l2434 time   3 (pre-contingency)
[      98.618]       52.690 MW overflow in l2429 time   4 (pre-contingency)
[      98.619]      134.200 MW overflow in l2386 time   4 (pre-contingency)
[      98.620]      166.660 MW overflow in l2431 time   4 (pre-contingency)
[      98.620]      403.340 MW overflow in l2434 time   4 (pre-contingency)
[      98.621]       52.690 MW overflow in l2429 time   5 (pre-contingency)
[      98.622]      134.200 MW overflow in l2386 time   5 (pre-contingency)
[      98.623]      166.660 MW overflow in l2431 time   5 (pre-contingency)
[      98.624]      209.040 MW overflow in l2425 time   5 (pre-contingency)
[      98.625]      403.340 MW overflow in l2434 time   5 (pre-contingency)
[      98.625]       52.690 MW overflow in l2429 time   6 (pre-contingency)
[      98.626]      134.200 MW overflow in l2386 time   6 (pre-contingency)
[      98.627]      166.660 MW overflow in l2431 time   6 (pre-contingency)
[      98.628]      209.040 MW overflow in l2425 time   6 (pre-contingency)
[      98.628]      403.340 MW overflow in l2434 time   6 (pre-contingency)
[      98.629]      134.200 MW overflow in l2386 time   7 (pre-contingency)
[      98.630]      153.530 MW overflow in l2435 time   7 (pre-contingency)
[      98.631]      166.660 MW overflow in l2431 time   7 (pre-contingency)
[      98.632]      403.340 MW overflow in l2434 time   7 (pre-contingency)
[      98.632]      466.570 MW overflow in l2425 time   7 (pre-contingency)
[      98.633]      134.200 MW overflow in l2386 time   8 (pre-contingency)
[      98.634]      153.530 MW overflow in l2435 time   8 (pre-contingency)
[      98.635]      166.660 MW overflow in l2431 time   8 (pre-contingency)
[      98.636]      403.340 MW overflow in l2434 time   8 (pre-contingency)
[      98.636]      724.110 MW overflow in l2425 time   8 (pre-contingency)
[      98.637]      134.200 MW overflow in l2386 time   9 (pre-contingency)
[      98.638]      166.660 MW overflow in l2431 time   9 (pre-contingency)
[      98.639]      400.290 MW overflow in l2435 time   9 (pre-contingency)
[      98.640]      403.340 MW overflow in l2434 time   9 (pre-contingency)
[      98.640]      724.110 MW overflow in l2425 time   9 (pre-contingency)
[      98.641]      166.660 MW overflow in l2431 time  10 (pre-contingency)
[      98.642]      176.650 MW overflow in l2430 time  10 (pre-contingency)
[      98.643]      400.290 MW overflow in l2435 time  10 (pre-contingency)
[      98.643]      403.340 MW overflow in l2434 time  10 (pre-contingency)
[      98.644]      981.650 MW overflow in l2425 time  10 (pre-contingency)
[      98.645]      166.660 MW overflow in l2431 time  11 (pre-contingency)
[      98.646]      176.650 MW overflow in l2430 time  11 (pre-contingency)
[      98.647]      400.290 MW overflow in l2435 time  11 (pre-contingency)
[      98.647]      403.340 MW overflow in l2434 time  11 (pre-contingency)
[      98.648]      981.650 MW overflow in l2425 time  11 (pre-contingency)
[      98.649]      166.660 MW overflow in l2431 time  12 (pre-contingency)
[      98.650]      176.650 MW overflow in l2430 time  12 (pre-contingency)
[      98.650]      400.290 MW overflow in l2435 time  12 (pre-contingency)
[      98.651]      403.340 MW overflow in l2434 time  12 (pre-contingency)
[      98.652]      981.650 MW overflow in l2425 time  12 (pre-contingency)
[      98.652]      166.660 MW overflow in l2431 time  13 (pre-contingency)
[      98.654]      176.650 MW overflow in l2430 time  13 (pre-contingency)
[      98.654]      400.290 MW overflow in l2435 time  13 (pre-contingency)
[      98.655]      403.340 MW overflow in l2434 time  13 (pre-contingency)
[      98.656]      981.650 MW overflow in l2425 time  13 (pre-contingency)
[      98.656]      138.964 MW overflow in l2430 time  14 (pre-contingency)
[      98.657]      166.660 MW overflow in l2431 time  14 (pre-contingency)
[      98.658]      400.290 MW overflow in l2435 time  14 (pre-contingency)
[      98.659]      403.340 MW overflow in l2434 time  14 (pre-contingency)
[      98.660]      981.650 MW overflow in l2425 time  14 (pre-contingency)
[      98.660]      134.200 MW overflow in l2386 time  15 (pre-contingency)
[      98.661]      166.660 MW overflow in l2431 time  15 (pre-contingency)
[      98.662]      400.290 MW overflow in l2435 time  15 (pre-contingency)
[      98.663]      403.340 MW overflow in l2434 time  15 (pre-contingency)
[      98.663]      724.110 MW overflow in l2425 time  15 (pre-contingency)
[      98.664]      134.200 MW overflow in l2386 time  16 (pre-contingency)
[      98.665]      166.660 MW overflow in l2431 time  16 (pre-contingency)
[      98.666]      400.290 MW overflow in l2435 time  16 (pre-contingency)
[      98.667]      403.340 MW overflow in l2434 time  16 (pre-contingency)
[      98.668]      942.061 MW overflow in l2425 time  16 (pre-contingency)
[      98.668]      166.660 MW overflow in l2431 time  17 (pre-contingency)
[      98.669]      176.650 MW overflow in l2430 time  17 (pre-contingency)
[      98.670]      400.290 MW overflow in l2435 time  17 (pre-contingency)
[      98.671]      403.340 MW overflow in l2434 time  17 (pre-contingency)
[      98.672]      946.860 MW overflow in l2425 time  17 (pre-contingency)
[      98.672]      166.660 MW overflow in l2431 time  18 (pre-contingency)
[      98.673]      176.650 MW overflow in l2430 time  18 (pre-contingency)
[      98.674]      400.290 MW overflow in l2435 time  18 (pre-contingency)
[      98.675]      403.340 MW overflow in l2434 time  18 (pre-contingency)
[      98.675]      780.000 MW overflow in l2314 time  18 (pre-contingency)
[      98.676]      166.660 MW overflow in l2431 time  19 (pre-contingency)
[      98.677]      176.650 MW overflow in l2430 time  19 (pre-contingency)
[      98.678]      400.290 MW overflow in l2435 time  19 (pre-contingency)
[      98.679]      403.340 MW overflow in l2434 time  19 (pre-contingency)
[      98.679]      780.000 MW overflow in l2314 time  19 (pre-contingency)
[      98.680]      166.660 MW overflow in l2431 time  20 (pre-contingency)
[      98.681]      176.650 MW overflow in l2430 time  20 (pre-contingency)
[      98.682]      400.290 MW overflow in l2435 time  20 (pre-contingency)
[      98.683]      403.340 MW overflow in l2434 time  20 (pre-contingency)
[      98.683]      946.860 MW overflow in l2425 time  20 (pre-contingency)
[      98.684]      166.660 MW overflow in l2431 time  21 (pre-contingency)
[      98.685]      176.650 MW overflow in l2430 time  21 (pre-contingency)
[      98.686]      400.290 MW overflow in l2435 time  21 (pre-contingency)
[      98.687]      403.340 MW overflow in l2434 time  21 (pre-contingency)
[      98.687]      981.650 MW overflow in l2425 time  21 (pre-contingency)
[      98.688]      134.200 MW overflow in l2386 time  22 (pre-contingency)
[      98.689]      166.660 MW overflow in l2431 time  22 (pre-contingency)
[      98.690]      400.290 MW overflow in l2435 time  22 (pre-contingency)
[      98.691]      403.340 MW overflow in l2434 time  22 (pre-contingency)
[      98.692]      741.866 MW overflow in l2425 time  22 (pre-contingency)
[      98.692]      134.200 MW overflow in l2386 time  23 (pre-contingency)
[      98.694]      153.530 MW overflow in l2435 time  23 (pre-contingency)
[      98.694]      166.660 MW overflow in l2431 time  23 (pre-contingency)
[      98.695]      403.340 MW overflow in l2434 time  23 (pre-contingency)
[      98.696]      724.110 MW overflow in l2425 time  23 (pre-contingency)
[      98.696]       52.690 MW overflow in l2429 time  24 (pre-contingency)
[      98.698]      134.200 MW overflow in l2386 time  24 (pre-contingency)
[      98.699]      166.660 MW overflow in l2431 time  24 (pre-contingency)
[      98.699]      403.340 MW overflow in l2434 time  24 (pre-contingency)
[      98.700]      466.570 MW overflow in l2425 time  24 (pre-contingency)
[      98.701]       52.690 MW overflow in l2429 time  25 (pre-contingency)
[      98.702]      134.200 MW overflow in l2386 time  25 (pre-contingency)
[      98.703]      166.660 MW overflow in l2431 time  25 (pre-contingency)
[      98.704]      403.340 MW overflow in l2434 time  25 (pre-contingency)
[      98.704]      466.570 MW overflow in l2425 time  25 (pre-contingency)
[      98.705]       52.690 MW overflow in l2429 time  26 (pre-contingency)
[      98.706]      134.200 MW overflow in l2386 time  26 (pre-contingency)
[      98.707]      166.660 MW overflow in l2431 time  26 (pre-contingency)
[      98.708]      209.040 MW overflow in l2425 time  26 (pre-contingency)
[      98.709]      403.340 MW overflow in l2434 time  26 (pre-contingency)
[      98.709]       52.690 MW overflow in l2429 time  27 (pre-contingency)
[      98.711]      134.200 MW overflow in l2386 time  27 (pre-contingency)
[      98.712]      166.660 MW overflow in l2431 time  27 (pre-contingency)
[      98.712]      209.040 MW overflow in l2425 time  27 (pre-contingency)
[      98.713]      403.340 MW overflow in l2434 time  27 (pre-contingency)
[      98.714]       52.690 MW overflow in l2429 time  28 (pre-contingency)
[      98.715]      134.200 MW overflow in l2386 time  28 (pre-contingency)
[      98.716]      166.660 MW overflow in l2431 time  28 (pre-contingency)
[      98.717]      209.040 MW overflow in l2425 time  28 (pre-contingency)
[      98.717]      403.340 MW overflow in l2434 time  28 (pre-contingency)
[      98.718]       52.690 MW overflow in l2429 time  29 (pre-contingency)
[      98.719]      134.200 MW overflow in l2386 time  29 (pre-contingency)
[      98.720]      166.660 MW overflow in l2431 time  29 (pre-contingency)
[      98.721]      344.634 MW overflow in l2425 time  29 (pre-contingency)
[      98.721]      403.340 MW overflow in l2434 time  29 (pre-contingency)
[      98.722]      134.200 MW overflow in l2386 time  30 (pre-contingency)
[      98.723]      153.530 MW overflow in l2435 time  30 (pre-contingency)
[      98.724]      166.660 MW overflow in l2431 time  30 (pre-contingency)
[      98.725]      403.340 MW overflow in l2434 time  30 (pre-contingency)
[      98.726]      724.110 MW overflow in l2425 time  30 (pre-contingency)
[      98.726]      176.650 MW overflow in l2430 time  31 (pre-contingency)
[      98.728]      400.290 MW overflow in l2435 time  31 (pre-contingency)
[      98.728]      403.340 MW overflow in l2434 time  31 (pre-contingency)
[      98.729]      442.424 MW overflow in l2375 time  31 (pre-contingency)
[      98.730]      780.000 MW overflow in l2314 time  31 (pre-contingency)
[      98.731]      176.650 MW overflow in l2430 time  32 (pre-contingency)
[      98.732]      400.290 MW overflow in l2435 time  32 (pre-contingency)
[      98.733]      403.340 MW overflow in l2434 time  32 (pre-contingency)
[      98.734]      584.296 MW overflow in l2375 time  32 (pre-contingency)
[      98.735]      780.000 MW overflow in l2314 time  32 (pre-contingency)
[      98.735]      166.660 MW overflow in l2431 time  33 (pre-contingency)
[      98.737]      176.650 MW overflow in l2430 time  33 (pre-contingency)
[      98.737]      400.290 MW overflow in l2435 time  33 (pre-contingency)
[      98.738]      403.340 MW overflow in l2434 time  33 (pre-contingency)
[      98.739]      946.860 MW overflow in l2425 time  33 (pre-contingency)
[      98.740]      166.660 MW overflow in l2431 time  34 (pre-contingency)
[      98.741]      176.650 MW overflow in l2430 time  34 (pre-contingency)
[      98.742]      400.290 MW overflow in l2435 time  34 (pre-contingency)
[      98.742]      403.340 MW overflow in l2434 time  34 (pre-contingency)
[      98.743]      946.860 MW overflow in l2425 time  34 (pre-contingency)
[      98.744]      166.660 MW overflow in l2431 time  35 (pre-contingency)
[      98.745]      176.650 MW overflow in l2430 time  35 (pre-contingency)
[      98.746]      400.290 MW overflow in l2435 time  35 (pre-contingency)
[      98.747]      403.340 MW overflow in l2434 time  35 (pre-contingency)
[      98.747]      780.000 MW overflow in l2314 time  35 (pre-contingency)
[      98.748]      166.660 MW overflow in l2431 time  36 (pre-contingency)
[      98.750]      176.650 MW overflow in l2430 time  36 (pre-contingency)
[      98.751]      400.290 MW overflow in l2435 time  36 (pre-contingency)
[      98.751]      403.340 MW overflow in l2434 time  36 (pre-contingency)
[      98.752]      780.000 MW overflow in l2314 time  36 (pre-contingency)
[      98.753] Setting MILP time limit to 1145.39 seconds
[      98.753] Solving MILP...
Gurobi Optimizer version 9.0.0 build v9.0.0rc2 (linux64)
Optimize a model with 271817 rows, 353051 columns and 961269 nonzeros
Model fingerprint: 0x3c72678a
Variable types: 291203 continuous, 61848 integer (0 binary)
Coefficient statistics:
  Matrix range     [1e-01, 1e+03]
  Objective range  [8e+00, 1e+05]
  Bounds range     [4e-02, 4e+02]
  RHS range        [4e-02, 1e+03]

MIP start from previous solve produced solution with objective 4.51498e+07 (0.52s)
Loaded MIP start from previous solve with objective 4.51498e+07

Presolve removed 124313 rows and 241959 columns
Presolve time: 3.18s
Presolved: 147504 rows, 111092 columns, 560564 nonzeros
Variable types: 63937 continuous, 47155 integer (47155 binary)

Deterministic concurrent LP optimizer: primal and dual simplex
Showing first log only...


Root simplex log...

Iteration    Objective       Primal Inf.    Dual Inf.      Time
   64324    1.0360774e+09   2.573005e-03   1.114939e+08      5s
   69456    1.3339545e+09   0.000000e+00   1.428904e+09      5s
  130782    3.6849704e+07   0.000000e+00   1.365381e+08     10s
Concurrent spin time: 0.00s

Solved with dual simplex

Root relaxation: objective 2.576766e+07, 42506 iterations, 9.00 seconds

    Nodes    |    Current Node    |     Objective Bounds      |     Work
 Expl Unexpl |  Obj  Depth IntInf | Incumbent    BestBd   Gap | It/Node Time

     0     0 2.5768e+07    0  460 4.5150e+07 2.5768e+07  42.9%     -   14s
H    0     0                    2.637876e+07 2.5768e+07  2.32%     -   15s
H    0     0                    2.626537e+07 2.5768e+07  1.89%     -   15s
     0     0 2.5774e+07    0  299 2.6265e+07 2.5774e+07  1.87%     -   17s
H    0     0                    2.583646e+07 2.5774e+07  0.24%     -   18s

Cutting planes:
  Gomory: 21
  Implied bound: 6
  MIR: 37
  Flow cover: 21
  Zero half: 24
  Relax-and-lift: 3

Explored 1 nodes (45157 simplex iterations) in 19.02 seconds
Thread count was 4 (of 32 available processors)

Solution count 4: 2.58365e+07 2.62654e+07 2.63788e+07 4.51498e+07 

Optimal solution found (tolerance 1.00e-02)
Best objective 2.583645695446e+07, best bound 2.577447583153e+07, gap 0.2399%
[     117.913] Verifying transmission limits...
[     122.371] Verified transmission limits in 4.46 seconds
[     122.371]        5.910 MW overflow in l2306 time   7 (pre-contingency)
[     122.373]       52.690 MW overflow in l2429 time   7 (pre-contingency)
[     122.374]        5.910 MW overflow in l2306 time   8 (pre-contingency)
[     122.375]       52.690 MW overflow in l2429 time   8 (pre-contingency)
[     122.376]        5.910 MW overflow in l2306 time   9 (pre-contingency)
[     122.377]       52.690 MW overflow in l2429 time   9 (pre-contingency)
[     122.378]        5.910 MW overflow in l2306 time  10 (pre-contingency)
[     122.379]       52.690 MW overflow in l2429 time  10 (pre-contingency)
[     122.379]      134.200 MW overflow in l2386 time  10 (pre-contingency)
[     122.380]        5.910 MW overflow in l2306 time  11 (pre-contingency)
[     122.381]       52.690 MW overflow in l2429 time  11 (pre-contingency)
[     122.382]      134.200 MW overflow in l2386 time  11 (pre-contingency)
[     122.383]        5.910 MW overflow in l2306 time  12 (pre-contingency)
[     122.384]       52.690 MW overflow in l2429 time  12 (pre-contingency)
[     122.385]      134.200 MW overflow in l2386 time  12 (pre-contingency)
[     122.386]        5.910 MW overflow in l2306 time  13 (pre-contingency)
[     122.387]       52.690 MW overflow in l2429 time  13 (pre-contingency)
[     122.387]      134.200 MW overflow in l2386 time  13 (pre-contingency)
[     122.388]        5.910 MW overflow in l2306 time  14 (pre-contingency)
[     122.389]       52.690 MW overflow in l2429 time  14 (pre-contingency)
[     122.390]      134.200 MW overflow in l2386 time  14 (pre-contingency)
[     122.391]        5.910 MW overflow in l2306 time  15 (pre-contingency)
[     122.392]       52.690 MW overflow in l2429 time  15 (pre-contingency)
[     122.392]        5.910 MW overflow in l2306 time  16 (pre-contingency)
[     122.393]       52.690 MW overflow in l2429 time  16 (pre-contingency)
[     122.394]        5.910 MW overflow in l2306 time  17 (pre-contingency)
[     122.395]       52.690 MW overflow in l2429 time  17 (pre-contingency)
[     122.396]      134.200 MW overflow in l2386 time  17 (pre-contingency)
[     122.397]        5.910 MW overflow in l2306 time  18 (pre-contingency)
[     122.398]       40.740 MW overflow in l2307 time  18 (pre-contingency)
[     122.399]       52.690 MW overflow in l2429 time  18 (pre-contingency)
[     122.399]      134.200 MW overflow in l2386 time  18 (pre-contingency)
[     122.400]        5.910 MW overflow in l2306 time  19 (pre-contingency)
[     122.401]       40.740 MW overflow in l2307 time  19 (pre-contingency)
[     122.402]       52.690 MW overflow in l2429 time  19 (pre-contingency)
[     122.402]      134.200 MW overflow in l2386 time  19 (pre-contingency)
[     122.403]        5.910 MW overflow in l2306 time  20 (pre-contingency)
[     122.404]       40.740 MW overflow in l2307 time  20 (pre-contingency)
[     122.405]       52.690 MW overflow in l2429 time  20 (pre-contingency)
[     122.406]      134.200 MW overflow in l2386 time  20 (pre-contingency)
[     122.406]        5.910 MW overflow in l2306 time  21 (pre-contingency)
[     122.407]       40.740 MW overflow in l2307 time  21 (pre-contingency)
[     122.408]       52.690 MW overflow in l2429 time  21 (pre-contingency)
[     122.409]      134.200 MW overflow in l2386 time  21 (pre-contingency)
[     122.410]        5.910 MW overflow in l2306 time  22 (pre-contingency)
[     122.411]       52.690 MW overflow in l2429 time  22 (pre-contingency)
[     122.412]        5.910 MW overflow in l2306 time  23 (pre-contingency)
[     122.413]       52.690 MW overflow in l2429 time  23 (pre-contingency)
[     122.413]        5.910 MW overflow in l2306 time  24 (pre-contingency)
[     122.415]        5.910 MW overflow in l2306 time  29 (pre-contingency)
[     122.416]        5.910 MW overflow in l2306 time  30 (pre-contingency)
[     122.417]       52.690 MW overflow in l2429 time  30 (pre-contingency)
[     122.418]        5.910 MW overflow in l2306 time  31 (pre-contingency)
[     122.419]       40.740 MW overflow in l2307 time  31 (pre-contingency)
[     122.420]       52.690 MW overflow in l2429 time  31 (pre-contingency)
[     122.420]      134.200 MW overflow in l2386 time  31 (pre-contingency)
[     122.421]      166.660 MW overflow in l2431 time  31 (pre-contingency)
[     122.422]        5.910 MW overflow in l2306 time  32 (pre-contingency)
[     122.423]       40.740 MW overflow in l2307 time  32 (pre-contingency)
[     122.424]       52.690 MW overflow in l2429 time  32 (pre-contingency)
[     122.425]      134.200 MW overflow in l2386 time  32 (pre-contingency)
[     122.426]      166.660 MW overflow in l2431 time  32 (pre-contingency)
[     122.426]        5.910 MW overflow in l2306 time  33 (pre-contingency)
[     122.427]       40.740 MW overflow in l2307 time  33 (pre-contingency)
[     122.428]       52.690 MW overflow in l2429 time  33 (pre-contingency)
[     122.429]      134.200 MW overflow in l2386 time  33 (pre-contingency)
[     122.430]        5.910 MW overflow in l2306 time  34 (pre-contingency)
[     122.431]       40.740 MW overflow in l2307 time  34 (pre-contingency)
[     122.432]       52.690 MW overflow in l2429 time  34 (pre-contingency)
[     122.432]      134.200 MW overflow in l2386 time  34 (pre-contingency)
[     122.433]        5.910 MW overflow in l2306 time  35 (pre-contingency)
[     122.434]       40.740 MW overflow in l2307 time  35 (pre-contingency)
[     122.435]       52.690 MW overflow in l2429 time  35 (pre-contingency)
[     122.436]      134.200 MW overflow in l2386 time  35 (pre-contingency)
[     122.437]        5.910 MW overflow in l2306 time  36 (pre-contingency)
[     122.438]       40.740 MW overflow in l2307 time  36 (pre-contingency)
[     122.439]       52.690 MW overflow in l2429 time  36 (pre-contingency)
[     122.439]      134.200 MW overflow in l2386 time  36 (pre-contingency)
[     122.440] Setting MILP time limit to 1121.71 seconds
[     122.440] Solving MILP...
Gurobi Optimizer version 9.0.0 build v9.0.0rc2 (linux64)
Optimize a model with 272051 rows, 353129 columns and 961737 nonzeros
Model fingerprint: 0xa7dc5d15
Variable types: 291281 continuous, 61848 integer (0 binary)
Coefficient statistics:
  Matrix range     [1e-01, 1e+03]
  Objective range  [8e+00, 1e+05]
  Bounds range     [4e-02, 4e+02]
  RHS range        [4e-02, 1e+03]

MIP start from previous solve produced solution with objective 2.58768e+07 (0.52s)
Loaded MIP start from previous solve with objective 2.58768e+07

Presolve removed 124469 rows and 241959 columns
Presolve time: 2.96s
Presolved: 147582 rows, 111170 columns, 560888 nonzeros
Variable types: 64015 continuous, 47155 integer (47155 binary)

Deterministic concurrent LP optimizer: primal and dual simplex
Showing first log only...


Root simplex log...

Iteration    Objective       Primal Inf.    Dual Inf.      Time
   61905    1.6640362e+09   0.000000e+00   9.588696e+08      5s
  150250    3.2630189e+07   0.000000e+00   1.831727e+07     10s
Concurrent spin time: 0.00s

Solved with dual simplex

Root relaxation: objective 2.581217e+07, 39843 iterations, 8.59 seconds

    Nodes    |    Current Node    |     Objective Bounds      |     Work
 Expl Unexpl |  Obj  Depth IntInf | Incumbent    BestBd   Gap | It/Node Time

     0     0 2.5812e+07    0  505 2.5877e+07 2.5812e+07  0.25%     -   14s

Explored 0 nodes (40786 simplex iterations) in 14.37 seconds
Thread count was 4 (of 32 available processors)

Solution count 1: 2.58768e+07 

Optimal solution found (tolerance 1.00e-02)
Best objective 2.587676041689e+07, best bound 2.581217440008e+07, gap 0.2496%
[     136.945] Verifying transmission limits...
[     141.541] Verified transmission limits in 4.60 seconds
[     141.542] No violations found
[     141.542] MIP gap tolerance set to 0.001000
[     141.542] Setting MILP time limit to 1102.61 seconds
[     141.542] Solving MILP...
Gurobi Optimizer version 9.0.0 build v9.0.0rc2 (linux64)
Optimize a model with 272051 rows, 353129 columns and 961737 nonzeros
Model fingerprint: 0xa7dc5d15
Variable types: 291281 continuous, 61848 integer (0 binary)
Coefficient statistics:
  Matrix range     [1e-01, 1e+03]
  Objective range  [8e+00, 1e+05]
  Bounds range     [4e-02, 4e+02]
  RHS range        [4e-02, 1e+03]
Presolved: 147582 rows, 111170 columns, 560888 nonzeros

Continuing optimization...

H    0     2                    2.587274e+07 2.5812e+07  0.23%     -   50s
     0     2 2.5812e+07    0  505 2.5873e+07 2.5812e+07  0.23%     -   50s
     3     8 2.5820e+07    2  434 2.5873e+07 2.5819e+07  0.21%   805   59s
     7    12 2.5821e+07    3  446 2.5873e+07 2.5820e+07  0.20%   594   61s
    11    16 2.5822e+07    4  492 2.5873e+07 2.5820e+07  0.20%   457   70s
    23    29 2.5827e+07    7  487 2.5873e+07 2.5820e+07  0.20%   323   77s
    28    33 2.5830e+07    7  497 2.5873e+07 2.5820e+07  0.20%   357   82s
    34    37 2.5827e+07    8  513 2.5873e+07 2.5820e+07  0.20%   322   93s
    39    41 2.5827e+07    9  496 2.5873e+07 2.5820e+07  0.20%   355   97s
    44    44 2.5828e+07   10  540 2.5873e+07 2.5820e+07  0.20%   341  101s
    51    49 2.5828e+07   11  532 2.5873e+07 2.5820e+07  0.20%   303  107s
H   60    55                    2.586966e+07 2.5820e+07  0.19%   291  109s
    64    67 2.5830e+07   16  500 2.5870e+07 2.5820e+07  0.19%   291  111s
H   94    96                    2.586354e+07 2.5820e+07  0.17%   224  114s
H  105    96                    2.586328e+07 2.5820e+07  0.17%   208  114s
   110   107 2.5834e+07   25  452 2.5863e+07 2.5820e+07  0.17%   200  116s
   123   110 2.5836e+07   28  419 2.5863e+07 2.5820e+07  0.17%   194  122s
H  133   118                    2.586318e+07 2.5820e+07  0.17%   190  123s
H  135   118                    2.586302e+07 2.5820e+07  0.17%   187  123s
   142   123 2.5836e+07   30  422 2.5863e+07 2.5820e+07  0.17%   186  131s
H  167   146                    2.585851e+07 2.5820e+07  0.15%   176  134s
   190   152 2.5840e+07   41  403 2.5859e+07 2.5820e+07  0.15%   163  137s
H  225   164                    2.585750e+07 2.5820e+07  0.14%   156  139s
   226   172 2.5841e+07   46  453 2.5857e+07 2.5820e+07  0.14%   156  143s
   243   185 2.5843e+07   49  426 2.5857e+07 2.5820e+07  0.14%   156  145s
H  260   200                    2.585566e+07 2.5820e+07  0.14%   153  147s
   276   206 2.5844e+07   52  485 2.5856e+07 2.5820e+07  0.14%   156  150s
H  302   230                    2.585565e+07 2.5820e+07  0.14%   154  154s
H  322   230                    2.585556e+07 2.5820e+07  0.14%   155  154s
   323   236 2.5845e+07   61  427 2.5856e+07 2.5820e+07  0.14%   154  156s
   348   245 2.5847e+07   66  412 2.5856e+07 2.5820e+07  0.14%   152  160s
H  351   245                    2.585554e+07 2.5820e+07  0.14%   152  160s
   410   268     cutoff   74      2.5856e+07 2.5820e+07  0.14%   145  165s
H  411   268                    2.585554e+07 2.5820e+07  0.14%   144  165s
H  414   266                    2.585540e+07 2.5820e+07  0.14%   144  165s
H  416   266                    2.585535e+07 2.5820e+07  0.14%   144  165s
H  451   299                    2.585535e+07 2.5820e+07  0.14%   144  170s
H  463   299                    2.585528e+07 2.5820e+07  0.14%   141  170s
H  482   299                    2.585528e+07 2.5820e+07  0.14%   138  170s
H  537   348                    2.585502e+07 2.5820e+07  0.14%   134  175s
   634   392     cutoff    8      2.5855e+07 2.5824e+07  0.12%   131  183s
   667   407 2.5829e+07    9  548 2.5855e+07 2.5825e+07  0.12%   134  188s
   683   439 2.5829e+07   10  514 2.5855e+07 2.5825e+07  0.11%   133  191s
   780   508 2.5849e+07   19  363 2.5855e+07 2.5826e+07  0.11%   134  198s
   836   543 2.5844e+07   13  492 2.5855e+07 2.5826e+07  0.11%   135  202s
   902   584 2.5843e+07   10  528 2.5855e+07 2.5827e+07  0.11%   138  205s
  1046   608 2.5854e+07   90  505 2.5855e+07 2.5828e+07  0.10%   142  224s
  1048   609 2.5843e+07   12  467 2.5855e+07 2.5828e+07  0.10%   142  245s
  1050   611 2.5849e+07   39  467 2.5855e+07 2.5828e+07  0.10%   142  250s
  1051   614 2.5828e+07   11  394 2.5855e+07 2.5828e+07  0.10%   179  284s
  1053   617 2.5828e+07   12  398 2.5855e+07 2.5828e+07  0.10%   180  287s
  1057   616 2.5828e+07   13  463 2.5855e+07 2.5828e+07  0.10%   181  294s
  1061   617 2.5828e+07   13  442 2.5855e+07 2.5828e+07  0.10%   181  298s
  1069   620 2.5828e+07   15  459 2.5855e+07 2.5828e+07  0.10%   182  306s
  1073   622     cutoff   15      2.5855e+07 2.5828e+07  0.10%   183  310s
  1079   621 2.5828e+07   17  449 2.5855e+07 2.5828e+07  0.10%   183  315s
  1089   622 2.5828e+07   18  459 2.5855e+07 2.5828e+07  0.10%   185  320s
  1104   624 2.5828e+07   20  449 2.5855e+07 2.5828e+07  0.10%   185  327s
  1114   625 2.5828e+07   21  443 2.5855e+07 2.5828e+07  0.10%   185  330s
  1147   624 2.5828e+07   24  504 2.5855e+07 2.5828e+07  0.10%   185  336s
  1169   622     cutoff   26      2.5855e+07 2.5828e+07  0.10%   185  340s
  1190   616 2.5828e+07   28  495 2.5855e+07 2.5828e+07  0.10%   183  348s
  1207   619 2.5828e+07   29  458 2.5855e+07 2.5828e+07  0.10%   183  350s
  1284   632     cutoff   35      2.5855e+07 2.5828e+07  0.10%   182  357s
  1357   657 2.5834e+07   41  477 2.5855e+07 2.5828e+07  0.10%   179  360s
  1471   710 2.5836e+07   47  509 2.5855e+07 2.5828e+07  0.10%   176  366s
  1580   716 2.5839e+07   58  524 2.5855e+07 2.5828e+07  0.10%   172  370s
  1705   704     cutoff   67      2.5855e+07 2.5828e+07  0.10%   167  381s
  1761   733 2.5842e+07   75  435 2.5855e+07 2.5828e+07  0.10%   165  385s
  1838   758 2.5845e+07   81  470 2.5855e+07 2.5828e+07  0.10%   164  391s
  1937   770     cutoff   94      2.5855e+07 2.5828e+07  0.10%   161  397s
  1982   787     cutoff   97      2.5855e+07 2.5828e+07  0.10%   160  405s
  2079   815 2.5849e+07  106  385 2.5855e+07 2.5828e+07  0.10%   159  413s
  2138   826 2.5851e+07  110  355 2.5855e+07 2.5828e+07  0.10%   158  415s
  2299   809 2.5855e+07  134   18 2.5855e+07 2.5828e+07  0.10%   154  420s
  2443   836 2.5841e+07   42  510 2.5855e+07 2.5828e+07  0.10%   153  425s
  2576   850 2.5851e+07   75  460 2.5855e+07 2.5828e+07  0.10%   153  432s
  2663   844 2.5855e+07   90  330 2.5855e+07 2.5829e+07  0.10%   151  436s

Explored 2738 nodes (452031 simplex iterations) in 421.97 seconds
Thread count was 4 (of 32 available processors)

Solution count 10: 2.5855e+07 2.5855e+07 2.58553e+07 ... 2.58556e+07

Optimal solution found (tolerance 1.00e-03)
Best objective 2.585501504979e+07, best bound 2.583162914772e+07, gap 0.0905%
[     563.515] Verifying transmission limits...
[     567.886] Verified transmission limits in 4.37 seconds
[     567.886] No violations found
[     567.886] Total time was 540.62 seconds
[     567.886] Writing: /local_workspace/kazaalek/uc/results_default/matpower/case1888rte/2017-02-12.1.sol.json
[     570.507] Verifying solution...
[     570.801] Exporting final model to /local_workspace/kazaalek/uc/results_default/matpower/case1888rte/2017-02-12.1.final.mps.gz
