[       0.029] Reading: matpower/case1888rte/2017-01-15
[       2.607] Read problem in 2.57 seconds
[       3.344] Computing injection shift factors...
[       4.506] Computed ISF in 1.16 seconds
[       4.506] Computing line outage factors...
[       5.560] Computed LODF in 1.05 seconds
[       5.561] Applying PTDF and LODF cutoffs (0.00500, 0.00100)
[       5.783] Building model...
[      17.426] Built model in 11.64 seconds
[      17.426] Setting names...
[      17.426] Setting variable and constraint names...
[      19.109] Set names in 1.68 seconds
[      19.109] Exporting initial model without transmission constraints to /local_workspace/kazaalek/uc/results_default/matpower/case1888rte/2017-01-15.1.init.mps.gz
[      45.330] Optimizing...
[      45.486] MIP gap tolerance set to 0.010000
[      45.486] Setting MILP time limit to 1199.84 seconds
[      45.533] Solving MILP...
Gurobi Optimizer version 9.0.0 build v9.0.0rc2 (linux64)
Optimize a model with 270740 rows, 352692 columns and 959115 nonzeros
Model fingerprint: 0x2a645532
Variable types: 290844 continuous, 61848 integer (0 binary)
Coefficient statistics:
  Matrix range     [1e-01, 1e+03]
  Objective range  [2e+00, 1e+05]
  Bounds range     [5e-02, 4e+02]
  RHS range        [5e-02, 1e+03]
Presolve removed 123421 rows and 241785 columns
Presolve time: 3.25s
Presolved: 147319 rows, 110907 columns, 559689 nonzeros
Variable types: 63612 continuous, 47295 integer (47295 binary)

Deterministic concurrent LP optimizer: primal and dual simplex
Showing first log only...


Root simplex log...

Iteration    Objective       Primal Inf.    Dual Inf.      Time
   49129    1.0155845e+09   0.000000e+00   1.767010e+09      5s
Concurrent spin time: 0.00s

Solved with dual simplex

Root relaxation: objective 2.447173e+07, 36226 iterations, 5.20 seconds

    Nodes    |    Current Node    |     Objective Bounds      |     Work
 Expl Unexpl |  Obj  Depth IntInf | Incumbent    BestBd   Gap | It/Node Time

     0     0 2.4472e+07    0   38          - 2.4472e+07      -     -    9s
H    0     0                    2.453398e+07 2.4472e+07  0.25%     -    9s

Explored 1 nodes (37211 simplex iterations) in 9.97 seconds
Thread count was 4 (of 32 available processors)

Solution count 1: 2.4534e+07 

Optimal solution found (tolerance 1.00e-02)
Best objective 2.453397892747e+07, best bound 2.447173153308e+07, gap 0.2537%
[      63.099] Verifying transmission limits...
[      68.883] Verified transmission limits in 5.78 seconds
[      68.883]      505.000 MW overflow in l2314 time   1 (pre-contingency)
[      69.065]      727.170 MW overflow in l2425 time   1 (pre-contingency)
[      69.067]      865.080 MW overflow in l2432 time   1 (pre-contingency)
[      69.068]      902.280 MW overflow in l2284 time   1 (pre-contingency)
[      69.068]      906.540 MW overflow in l2285 time   1 (pre-contingency)
[      69.069]      505.000 MW overflow in l2314 time   2 (pre-contingency)
[      69.070]      633.510 MW overflow in l2432 time   2 (pre-contingency)
[      69.071]      727.170 MW overflow in l2425 time   2 (pre-contingency)
[      69.072]      902.280 MW overflow in l2284 time   2 (pre-contingency)
[      69.072]      906.540 MW overflow in l2285 time   2 (pre-contingency)
[      69.073]      230.000 MW overflow in l2314 time   3 (pre-contingency)
[      69.074]      633.510 MW overflow in l2432 time   3 (pre-contingency)
[      69.075]      727.170 MW overflow in l2425 time   3 (pre-contingency)
[      69.076]      902.280 MW overflow in l2284 time   3 (pre-contingency)
[      69.077]      906.540 MW overflow in l2285 time   3 (pre-contingency)
[      69.077]      230.000 MW overflow in l2314 time   4 (pre-contingency)
[      69.078]      633.510 MW overflow in l2432 time   4 (pre-contingency)
[      69.079]      727.170 MW overflow in l2425 time   4 (pre-contingency)
[      69.080]      902.280 MW overflow in l2284 time   4 (pre-contingency)
[      69.080]      906.540 MW overflow in l2285 time   4 (pre-contingency)
[      69.081]      234.124 MW overflow in l2314 time   5 (pre-contingency)
[      69.082]      633.510 MW overflow in l2432 time   5 (pre-contingency)
[      69.083]      727.170 MW overflow in l2425 time   5 (pre-contingency)
[      69.084]      902.280 MW overflow in l2284 time   5 (pre-contingency)
[      69.084]      906.540 MW overflow in l2285 time   5 (pre-contingency)
[      69.085]      505.000 MW overflow in l2314 time   6 (pre-contingency)
[      69.086]      633.510 MW overflow in l2432 time   6 (pre-contingency)
[      69.087]      727.170 MW overflow in l2425 time   6 (pre-contingency)
[      69.088]      902.280 MW overflow in l2284 time   6 (pre-contingency)
[      69.088]      906.540 MW overflow in l2285 time   6 (pre-contingency)
[      69.089]      621.000 MW overflow in l2315 time   7 (pre-contingency)
[      69.090]      727.170 MW overflow in l2425 time   7 (pre-contingency)
[      69.091]      865.080 MW overflow in l2432 time   7 (pre-contingency)
[      69.091]      902.280 MW overflow in l2284 time   7 (pre-contingency)
[      69.092]      906.540 MW overflow in l2285 time   7 (pre-contingency)
[      69.093]      621.000 MW overflow in l2315 time   8 (pre-contingency)
[      69.094]      865.080 MW overflow in l2432 time   8 (pre-contingency)
[      69.094]      902.280 MW overflow in l2284 time   8 (pre-contingency)
[      69.095]      906.540 MW overflow in l2285 time   8 (pre-contingency)
[      69.096]      912.982 MW overflow in l2425 time   8 (pre-contingency)
[      69.096]      780.000 MW overflow in l2314 time   9 (pre-contingency)
[      69.097]      865.080 MW overflow in l2432 time   9 (pre-contingency)
[      69.098]      902.280 MW overflow in l2284 time   9 (pre-contingency)
[      69.099]      906.540 MW overflow in l2285 time   9 (pre-contingency)
[      69.099]      985.730 MW overflow in l2425 time   9 (pre-contingency)
[      69.100]      865.080 MW overflow in l2432 time  10 (pre-contingency)
[      69.101]      896.000 MW overflow in l2315 time  10 (pre-contingency)
[      69.102]      902.280 MW overflow in l2284 time  10 (pre-contingency)
[      69.103]      906.540 MW overflow in l2285 time  10 (pre-contingency)
[      69.103]      985.730 MW overflow in l2425 time  10 (pre-contingency)
[      69.104]      865.080 MW overflow in l2432 time  11 (pre-contingency)
[      69.105]      896.000 MW overflow in l2315 time  11 (pre-contingency)
[      69.106]      902.280 MW overflow in l2284 time  11 (pre-contingency)
[      69.107]      906.540 MW overflow in l2285 time  11 (pre-contingency)
[      69.107]      985.730 MW overflow in l2425 time  11 (pre-contingency)
[      69.108]      865.080 MW overflow in l2432 time  12 (pre-contingency)
[      69.109]      896.000 MW overflow in l2315 time  12 (pre-contingency)
[      69.110]      902.280 MW overflow in l2284 time  12 (pre-contingency)
[      69.111]      906.540 MW overflow in l2285 time  12 (pre-contingency)
[      69.111]      985.730 MW overflow in l2425 time  12 (pre-contingency)
[      69.112]      780.000 MW overflow in l2314 time  13 (pre-contingency)
[      69.113]      865.080 MW overflow in l2432 time  13 (pre-contingency)
[      69.114]      902.280 MW overflow in l2284 time  13 (pre-contingency)
[      69.115]      906.540 MW overflow in l2285 time  13 (pre-contingency)
[      69.115]      985.730 MW overflow in l2425 time  13 (pre-contingency)
[      69.116]      780.000 MW overflow in l2314 time  14 (pre-contingency)
[      69.117]      865.080 MW overflow in l2432 time  14 (pre-contingency)
[      69.118]      902.280 MW overflow in l2284 time  14 (pre-contingency)
[      69.119]      906.540 MW overflow in l2285 time  14 (pre-contingency)
[      69.119]      985.730 MW overflow in l2425 time  14 (pre-contingency)
[      69.120]      621.000 MW overflow in l2315 time  15 (pre-contingency)
[      69.121]      865.080 MW overflow in l2432 time  15 (pre-contingency)
[      69.122]      902.280 MW overflow in l2284 time  15 (pre-contingency)
[      69.123]      906.540 MW overflow in l2285 time  15 (pre-contingency)
[      69.124]      970.085 MW overflow in l2425 time  15 (pre-contingency)
[      69.124]      621.000 MW overflow in l2315 time  16 (pre-contingency)
[      69.125]      865.080 MW overflow in l2432 time  16 (pre-contingency)
[      69.126]      902.280 MW overflow in l2284 time  16 (pre-contingency)
[      69.127]      906.540 MW overflow in l2285 time  16 (pre-contingency)
[      69.128]      985.730 MW overflow in l2425 time  16 (pre-contingency)
[      69.128]      865.080 MW overflow in l2432 time  17 (pre-contingency)
[      69.129]      896.000 MW overflow in l2315 time  17 (pre-contingency)
[      69.130]      902.280 MW overflow in l2284 time  17 (pre-contingency)
[      69.131]      906.540 MW overflow in l2285 time  17 (pre-contingency)
[      69.132]      985.730 MW overflow in l2425 time  17 (pre-contingency)
[      69.132]      865.080 MW overflow in l2432 time  18 (pre-contingency)
[      69.133]      896.000 MW overflow in l2315 time  18 (pre-contingency)
[      69.134]      902.280 MW overflow in l2284 time  18 (pre-contingency)
[      69.135]      906.540 MW overflow in l2285 time  18 (pre-contingency)
[      69.136]      985.730 MW overflow in l2425 time  18 (pre-contingency)
[      69.137]      865.080 MW overflow in l2432 time  19 (pre-contingency)
[      69.138]      896.000 MW overflow in l2315 time  19 (pre-contingency)
[      69.139]      902.280 MW overflow in l2284 time  19 (pre-contingency)
[      69.139]      906.540 MW overflow in l2285 time  19 (pre-contingency)
[      69.140]      985.730 MW overflow in l2425 time  19 (pre-contingency)
[      69.141]      865.080 MW overflow in l2432 time  20 (pre-contingency)
[      69.142]      896.000 MW overflow in l2315 time  20 (pre-contingency)
[      69.143]      902.280 MW overflow in l2284 time  20 (pre-contingency)
[      69.144]      906.540 MW overflow in l2285 time  20 (pre-contingency)
[      69.144]      985.730 MW overflow in l2425 time  20 (pre-contingency)
[      69.145]      865.080 MW overflow in l2432 time  21 (pre-contingency)
[      69.146]      896.000 MW overflow in l2315 time  21 (pre-contingency)
[      69.147]      902.280 MW overflow in l2284 time  21 (pre-contingency)
[      69.148]      906.540 MW overflow in l2285 time  21 (pre-contingency)
[      69.148]      985.730 MW overflow in l2425 time  21 (pre-contingency)
[      69.149]      865.080 MW overflow in l2432 time  22 (pre-contingency)
[      69.150]      896.000 MW overflow in l2315 time  22 (pre-contingency)
[      69.151]      902.280 MW overflow in l2284 time  22 (pre-contingency)
[      69.152]      906.540 MW overflow in l2285 time  22 (pre-contingency)
[      69.153]      985.730 MW overflow in l2425 time  22 (pre-contingency)
[      69.153]      865.080 MW overflow in l2432 time  23 (pre-contingency)
[      69.155]      896.000 MW overflow in l2315 time  23 (pre-contingency)
[      69.155]      902.280 MW overflow in l2284 time  23 (pre-contingency)
[      69.156]      906.540 MW overflow in l2285 time  23 (pre-contingency)
[      69.157]      985.730 MW overflow in l2425 time  23 (pre-contingency)
[      69.158]      628.628 MW overflow in l2314 time  24 (pre-contingency)
[      69.159]      865.080 MW overflow in l2432 time  24 (pre-contingency)
[      69.160]      902.280 MW overflow in l2284 time  24 (pre-contingency)
[      69.160]      906.540 MW overflow in l2285 time  24 (pre-contingency)
[      69.161]      985.730 MW overflow in l2425 time  24 (pre-contingency)
[      69.162]      621.000 MW overflow in l2315 time  25 (pre-contingency)
[      69.163]      727.170 MW overflow in l2425 time  25 (pre-contingency)
[      69.164]      865.080 MW overflow in l2432 time  25 (pre-contingency)
[      69.165]      902.280 MW overflow in l2284 time  25 (pre-contingency)
[      69.165]      906.540 MW overflow in l2285 time  25 (pre-contingency)
[      69.166]      621.000 MW overflow in l2315 time  26 (pre-contingency)
[      69.167]      727.170 MW overflow in l2425 time  26 (pre-contingency)
[      69.168]      865.080 MW overflow in l2432 time  26 (pre-contingency)
[      69.169]      902.280 MW overflow in l2284 time  26 (pre-contingency)
[      69.170]      906.540 MW overflow in l2285 time  26 (pre-contingency)
[      69.170]      621.000 MW overflow in l2315 time  27 (pre-contingency)
[      69.172]      727.170 MW overflow in l2425 time  27 (pre-contingency)
[      69.172]      865.080 MW overflow in l2432 time  27 (pre-contingency)
[      69.173]      902.280 MW overflow in l2284 time  27 (pre-contingency)
[      69.174]      906.540 MW overflow in l2285 time  27 (pre-contingency)
[      69.175]      621.000 MW overflow in l2315 time  28 (pre-contingency)
[      69.176]      727.170 MW overflow in l2425 time  28 (pre-contingency)
[      69.177]      865.080 MW overflow in l2432 time  28 (pre-contingency)
[      69.177]      902.280 MW overflow in l2284 time  28 (pre-contingency)
[      69.178]      906.540 MW overflow in l2285 time  28 (pre-contingency)
[      69.179]      621.000 MW overflow in l2315 time  29 (pre-contingency)
[      69.180]      856.154 MW overflow in l2425 time  29 (pre-contingency)
[      69.181]      865.080 MW overflow in l2432 time  29 (pre-contingency)
[      69.182]      902.280 MW overflow in l2284 time  29 (pre-contingency)
[      69.182]      906.540 MW overflow in l2285 time  29 (pre-contingency)
[      69.183]      780.000 MW overflow in l2314 time  30 (pre-contingency)
[      69.184]      865.080 MW overflow in l2432 time  30 (pre-contingency)
[      69.185]      902.280 MW overflow in l2284 time  30 (pre-contingency)
[      69.186]      906.540 MW overflow in l2285 time  30 (pre-contingency)
[      69.187]      985.730 MW overflow in l2425 time  30 (pre-contingency)
[      69.188]      865.080 MW overflow in l2432 time  31 (pre-contingency)
[      69.189]      896.000 MW overflow in l2315 time  31 (pre-contingency)
[      69.190]      902.280 MW overflow in l2284 time  31 (pre-contingency)
[      69.190]      906.540 MW overflow in l2285 time  31 (pre-contingency)
[      69.191]      985.730 MW overflow in l2425 time  31 (pre-contingency)
[      69.192]      865.080 MW overflow in l2432 time  32 (pre-contingency)
[      69.193]      896.000 MW overflow in l2315 time  32 (pre-contingency)
[      69.194]      902.280 MW overflow in l2284 time  32 (pre-contingency)
[      69.195]      906.540 MW overflow in l2285 time  32 (pre-contingency)
[      69.196]      985.730 MW overflow in l2425 time  32 (pre-contingency)
[      69.196]      865.080 MW overflow in l2432 time  33 (pre-contingency)
[      69.198]      896.000 MW overflow in l2315 time  33 (pre-contingency)
[      69.198]      902.280 MW overflow in l2284 time  33 (pre-contingency)
[      69.199]      906.540 MW overflow in l2285 time  33 (pre-contingency)
[      69.200]      985.730 MW overflow in l2425 time  33 (pre-contingency)
[      69.201]      865.080 MW overflow in l2432 time  34 (pre-contingency)
[      69.202]      896.000 MW overflow in l2315 time  34 (pre-contingency)
[      69.203]      902.280 MW overflow in l2284 time  34 (pre-contingency)
[      69.204]      906.540 MW overflow in l2285 time  34 (pre-contingency)
[      69.204]      985.730 MW overflow in l2425 time  34 (pre-contingency)
[      69.205]      865.080 MW overflow in l2432 time  35 (pre-contingency)
[      69.206]      896.000 MW overflow in l2315 time  35 (pre-contingency)
[      69.207]      902.280 MW overflow in l2284 time  35 (pre-contingency)
[      69.208]      906.540 MW overflow in l2285 time  35 (pre-contingency)
[      69.209]      985.730 MW overflow in l2425 time  35 (pre-contingency)
[      69.210]      865.080 MW overflow in l2432 time  36 (pre-contingency)
[      69.211]      896.000 MW overflow in l2315 time  36 (pre-contingency)
[      69.212]      902.280 MW overflow in l2284 time  36 (pre-contingency)
[      69.213]      906.540 MW overflow in l2285 time  36 (pre-contingency)
[      69.213]      985.730 MW overflow in l2425 time  36 (pre-contingency)
[      69.214] Setting MILP time limit to 1176.12 seconds
[      69.214] Solving MILP...
Gurobi Optimizer version 9.0.0 build v9.0.0rc2 (linux64)
Optimize a model with 271280 rows, 352872 columns and 960195 nonzeros
Model fingerprint: 0xd8e0680e
Variable types: 291024 continuous, 61848 integer (0 binary)
Coefficient statistics:
  Matrix range     [1e-01, 1e+03]
  Objective range  [2e+00, 1e+05]
  Bounds range     [5e-02, 4e+02]
  RHS range        [5e-02, 1e+03]

MIP start from previous solve produced solution with objective 4.48685e+07 (0.46s)
Loaded MIP start from previous solve with objective 4.48685e+07

Presolve removed 123781 rows and 241785 columns
Presolve time: 2.95s
Presolved: 147499 rows, 111087 columns, 560249 nonzeros
Variable types: 63792 continuous, 47295 integer (47295 binary)

Deterministic concurrent LP optimizer: primal and dual simplex
Showing first log only...


Root simplex log...

Iteration    Objective       Primal Inf.    Dual Inf.      Time
   73177    5.4493668e+08   0.000000e+00   3.189052e+09      5s
Concurrent spin time: 0.03s

Solved with dual simplex

Root relaxation: objective 2.483282e+07, 33268 iterations, 5.30 seconds

    Nodes    |    Current Node    |     Objective Bounds      |     Work
 Expl Unexpl |  Obj  Depth IntInf | Incumbent    BestBd   Gap | It/Node Time

     0     0 2.4833e+07    0   38 4.4869e+07 2.4833e+07  44.7%     -    9s
H    0     0                    2.485730e+07 2.4833e+07  0.10%     -    9s

Explored 1 nodes (34299 simplex iterations) in 9.65 seconds
Thread count was 4 (of 32 available processors)

Solution count 2: 2.48573e+07 4.48685e+07 

Optimal solution found (tolerance 1.00e-02)
Best objective 2.485729558764e+07, best bound 2.483282102871e+07, gap 0.0985%
[      79.162] Verifying transmission limits...
[      83.239] Verified transmission limits in 4.08 seconds
[      83.239]       97.751 MW overflow in l2375 time   1 (pre-contingency)
[      83.240]      170.280 MW overflow in l2431 time   1 (pre-contingency)
[      83.241]      181.290 MW overflow in l2430 time   1 (pre-contingency)
[      83.242]      285.751 MW overflow in l2372 time   1 (pre-contingency)
[      83.243]      405.380 MW overflow in l2434 time   1 (pre-contingency)
[      83.243]       98.431 MW overflow in l2375 time   2 (pre-contingency)
[      83.244]      170.280 MW overflow in l2431 time   2 (pre-contingency)
[      83.245]      181.290 MW overflow in l2430 time   2 (pre-contingency)
[      83.245]      286.431 MW overflow in l2372 time   2 (pre-contingency)
[      83.246]      405.380 MW overflow in l2434 time   2 (pre-contingency)
[      83.246]        7.793 MW overflow in l2371 time   3 (pre-contingency)
[      83.247]       98.763 MW overflow in l2375 time   3 (pre-contingency)
[      83.248]      170.280 MW overflow in l2431 time   3 (pre-contingency)
[      83.249]      229.248 MW overflow in l2434 time   3 (pre-contingency)
[      83.249]      286.763 MW overflow in l2372 time   3 (pre-contingency)
[      83.250]        7.843 MW overflow in l2371 time   4 (pre-contingency)
[      83.251]       98.813 MW overflow in l2375 time   4 (pre-contingency)
[      83.251]      150.240 MW overflow in l2434 time   4 (pre-contingency)
[      83.252]      170.280 MW overflow in l2431 time   4 (pre-contingency)
[      83.252]      286.813 MW overflow in l2372 time   4 (pre-contingency)
[      83.253]        7.712 MW overflow in l2371 time   5 (pre-contingency)
[      83.254]       98.682 MW overflow in l2375 time   5 (pre-contingency)
[      83.254]      170.280 MW overflow in l2431 time   5 (pre-contingency)
[      83.255]      286.682 MW overflow in l2372 time   5 (pre-contingency)
[      83.256]      359.614 MW overflow in l2434 time   5 (pre-contingency)
[      83.256]       97.969 MW overflow in l2375 time   6 (pre-contingency)
[      83.257]      170.280 MW overflow in l2431 time   6 (pre-contingency)
[      83.258]      181.290 MW overflow in l2430 time   6 (pre-contingency)
[      83.258]      285.969 MW overflow in l2372 time   6 (pre-contingency)
[      83.259]      405.380 MW overflow in l2434 time   6 (pre-contingency)
[      83.259]      170.280 MW overflow in l2431 time   7 (pre-contingency)
[      83.260]      181.290 MW overflow in l2430 time   7 (pre-contingency)
[      83.261]      405.380 MW overflow in l2434 time   7 (pre-contingency)
[      83.261]      420.758 MW overflow in l2372 time   7 (pre-contingency)
[      83.262]      780.000 MW overflow in l2314 time   7 (pre-contingency)
[      83.263]      170.280 MW overflow in l2431 time   8 (pre-contingency)
[      83.264]      181.290 MW overflow in l2430 time   8 (pre-contingency)
[      83.264]      405.380 MW overflow in l2434 time   8 (pre-contingency)
[      83.265]      420.479 MW overflow in l2372 time   8 (pre-contingency)
[      83.265]      780.000 MW overflow in l2314 time   8 (pre-contingency)
[      83.266]      181.290 MW overflow in l2430 time   9 (pre-contingency)
[      83.267]      239.238 MW overflow in l2375 time   9 (pre-contingency)
[      83.268]      405.200 MW overflow in l2435 time   9 (pre-contingency)
[      83.268]      405.380 MW overflow in l2434 time   9 (pre-contingency)
[      83.269]      419.458 MW overflow in l2372 time   9 (pre-contingency)
[      83.269]      238.925 MW overflow in l2375 time  10 (pre-contingency)
[      83.270]      405.200 MW overflow in l2435 time  10 (pre-contingency)
[      83.271]      405.380 MW overflow in l2434 time  10 (pre-contingency)
[      83.272]      419.145 MW overflow in l2372 time  10 (pre-contingency)
[      83.272]      780.000 MW overflow in l2314 time  10 (pre-contingency)
[      83.273]      238.829 MW overflow in l2375 time  11 (pre-contingency)
[      83.274]      405.200 MW overflow in l2435 time  11 (pre-contingency)
[      83.275]      405.380 MW overflow in l2434 time  11 (pre-contingency)
[      83.275]      419.049 MW overflow in l2372 time  11 (pre-contingency)
[      83.276]      780.000 MW overflow in l2314 time  11 (pre-contingency)
[      83.276]      238.977 MW overflow in l2375 time  12 (pre-contingency)
[      83.277]      405.200 MW overflow in l2435 time  12 (pre-contingency)
[      83.278]      405.380 MW overflow in l2434 time  12 (pre-contingency)
[      83.279]      419.197 MW overflow in l2372 time  12 (pre-contingency)
[      83.279]      780.000 MW overflow in l2314 time  12 (pre-contingency)
[      83.280]      181.290 MW overflow in l2430 time  13 (pre-contingency)
[      83.281]      239.444 MW overflow in l2375 time  13 (pre-contingency)
[      83.282]      405.200 MW overflow in l2435 time  13 (pre-contingency)
[      83.282]      405.380 MW overflow in l2434 time  13 (pre-contingency)
[      83.283]      419.664 MW overflow in l2372 time  13 (pre-contingency)
[      83.284]      181.290 MW overflow in l2430 time  14 (pre-contingency)
[      83.285]      210.600 MW overflow in l2435 time  14 (pre-contingency)
[      83.285]      239.859 MW overflow in l2375 time  14 (pre-contingency)
[      83.286]      405.380 MW overflow in l2434 time  14 (pre-contingency)
[      83.287]      420.079 MW overflow in l2372 time  14 (pre-contingency)
[      83.287]      170.280 MW overflow in l2431 time  15 (pre-contingency)
[      83.288]      181.290 MW overflow in l2430 time  15 (pre-contingency)
[      83.289]      405.380 MW overflow in l2434 time  15 (pre-contingency)
[      83.290]      420.443 MW overflow in l2372 time  15 (pre-contingency)
[      83.290]      780.000 MW overflow in l2314 time  15 (pre-contingency)
[      83.291]      170.280 MW overflow in l2431 time  16 (pre-contingency)
[      83.292]      181.290 MW overflow in l2430 time  16 (pre-contingency)
[      83.293]      405.380 MW overflow in l2434 time  16 (pre-contingency)
[      83.293]      420.338 MW overflow in l2372 time  16 (pre-contingency)
[      83.294]      780.000 MW overflow in l2314 time  16 (pre-contingency)
[      83.295]      238.620 MW overflow in l2375 time  17 (pre-contingency)
[      83.296]      405.200 MW overflow in l2435 time  17 (pre-contingency)
[      83.297]      405.380 MW overflow in l2434 time  17 (pre-contingency)
[      83.297]      418.840 MW overflow in l2372 time  17 (pre-contingency)
[      83.298]      780.000 MW overflow in l2314 time  17 (pre-contingency)
[      83.299]      380.719 MW overflow in l2375 time  18 (pre-contingency)
[      83.300]      405.200 MW overflow in l2435 time  18 (pre-contingency)
[      83.300]      405.380 MW overflow in l2434 time  18 (pre-contingency)
[      83.301]      553.159 MW overflow in l2372 time  18 (pre-contingency)
[      83.302]      780.000 MW overflow in l2314 time  18 (pre-contingency)
[      83.303]      405.200 MW overflow in l2435 time  19 (pre-contingency)
[      83.304]      405.380 MW overflow in l2434 time  19 (pre-contingency)
[      83.304]      408.058 MW overflow in l2374 time  19 (pre-contingency)
[      83.305]      553.038 MW overflow in l2372 time  19 (pre-contingency)
[      83.306]      780.000 MW overflow in l2314 time  19 (pre-contingency)
[      83.306]      310.869 MW overflow in l2375 time  20 (pre-contingency)
[      83.307]      405.200 MW overflow in l2435 time  20 (pre-contingency)
[      83.308]      405.380 MW overflow in l2434 time  20 (pre-contingency)
[      83.309]      553.271 MW overflow in l2372 time  20 (pre-contingency)
[      83.310]      780.000 MW overflow in l2314 time  20 (pre-contingency)
[      83.310]      262.899 MW overflow in l2374 time  21 (pre-contingency)
[      83.311]      405.200 MW overflow in l2435 time  21 (pre-contingency)
[      83.312]      405.380 MW overflow in l2434 time  21 (pre-contingency)
[      83.313]      553.599 MW overflow in l2372 time  21 (pre-contingency)
[      83.313]      780.000 MW overflow in l2314 time  21 (pre-contingency)
[      83.314]      263.771 MW overflow in l2374 time  22 (pre-contingency)
[      83.315]      405.200 MW overflow in l2435 time  22 (pre-contingency)
[      83.316]      405.380 MW overflow in l2434 time  22 (pre-contingency)
[      83.316]      418.471 MW overflow in l2372 time  22 (pre-contingency)
[      83.317]      780.000 MW overflow in l2314 time  22 (pre-contingency)
[      83.318]      233.266 MW overflow in l2435 time  23 (pre-contingency)
[      83.319]      239.361 MW overflow in l2375 time  23 (pre-contingency)
[      83.320]      405.380 MW overflow in l2434 time  23 (pre-contingency)
[      83.320]      419.581 MW overflow in l2372 time  23 (pre-contingency)
[      83.321]      780.000 MW overflow in l2314 time  23 (pre-contingency)
[      83.322]      157.220 MW overflow in l2435 time  24 (pre-contingency)
[      83.323]      170.280 MW overflow in l2431 time  24 (pre-contingency)
[      83.323]      181.290 MW overflow in l2430 time  24 (pre-contingency)
[      83.324]      405.380 MW overflow in l2434 time  24 (pre-contingency)
[      83.325]      420.707 MW overflow in l2372 time  24 (pre-contingency)
[      83.325]      170.280 MW overflow in l2431 time  25 (pre-contingency)
[      83.326]      181.290 MW overflow in l2430 time  25 (pre-contingency)
[      83.327]      285.126 MW overflow in l2372 time  25 (pre-contingency)
[      83.328]      405.380 MW overflow in l2434 time  25 (pre-contingency)
[      83.329]      780.000 MW overflow in l2314 time  25 (pre-contingency)
[      83.329]      170.280 MW overflow in l2431 time  26 (pre-contingency)
[      83.330]      181.290 MW overflow in l2430 time  26 (pre-contingency)
[      83.331]      285.472 MW overflow in l2372 time  26 (pre-contingency)
[      83.332]      405.380 MW overflow in l2434 time  26 (pre-contingency)
[      83.332]      780.000 MW overflow in l2314 time  26 (pre-contingency)
[      83.333]      170.280 MW overflow in l2431 time  27 (pre-contingency)
[      83.334]      181.290 MW overflow in l2430 time  27 (pre-contingency)
[      83.335]      285.513 MW overflow in l2372 time  27 (pre-contingency)
[      83.335]      405.380 MW overflow in l2434 time  27 (pre-contingency)
[      83.336]      780.000 MW overflow in l2314 time  27 (pre-contingency)
[      83.337]      170.280 MW overflow in l2431 time  28 (pre-contingency)
[      83.338]      181.290 MW overflow in l2430 time  28 (pre-contingency)
[      83.339]      285.484 MW overflow in l2372 time  28 (pre-contingency)
[      83.339]      405.380 MW overflow in l2434 time  28 (pre-contingency)
[      83.340]      780.000 MW overflow in l2314 time  28 (pre-contingency)
[      83.341]      170.280 MW overflow in l2431 time  29 (pre-contingency)
[      83.342]      181.290 MW overflow in l2430 time  29 (pre-contingency)
[      83.342]      285.012 MW overflow in l2372 time  29 (pre-contingency)
[      83.343]      405.380 MW overflow in l2434 time  29 (pre-contingency)
[      83.344]      780.000 MW overflow in l2314 time  29 (pre-contingency)
[      83.345]      181.290 MW overflow in l2430 time  30 (pre-contingency)
[      83.346]      239.694 MW overflow in l2375 time  30 (pre-contingency)
[      83.346]      405.200 MW overflow in l2435 time  30 (pre-contingency)
[      83.347]      405.380 MW overflow in l2434 time  30 (pre-contingency)
[      83.348]      419.914 MW overflow in l2372 time  30 (pre-contingency)
[      83.349]      263.359 MW overflow in l2374 time  31 (pre-contingency)
[      83.350]      405.200 MW overflow in l2435 time  31 (pre-contingency)
[      83.350]      405.380 MW overflow in l2434 time  31 (pre-contingency)
[      83.351]      554.059 MW overflow in l2372 time  31 (pre-contingency)
[      83.352]      780.000 MW overflow in l2314 time  31 (pre-contingency)
[      83.352]      263.271 MW overflow in l2374 time  32 (pre-contingency)
[      83.354]      405.200 MW overflow in l2435 time  32 (pre-contingency)
[      83.354]      405.380 MW overflow in l2434 time  32 (pre-contingency)
[      83.355]      553.971 MW overflow in l2372 time  32 (pre-contingency)
[      83.356]      780.000 MW overflow in l2314 time  32 (pre-contingency)
[      83.356]      263.562 MW overflow in l2374 time  33 (pre-contingency)
[      83.358]      405.200 MW overflow in l2435 time  33 (pre-contingency)
[      83.358]      405.380 MW overflow in l2434 time  33 (pre-contingency)
[      83.359]      554.262 MW overflow in l2372 time  33 (pre-contingency)
[      83.360]      780.000 MW overflow in l2314 time  33 (pre-contingency)
[      83.360]      263.956 MW overflow in l2374 time  34 (pre-contingency)
[      83.361]      405.200 MW overflow in l2435 time  34 (pre-contingency)
[      83.362]      405.380 MW overflow in l2434 time  34 (pre-contingency)
[      83.363]      418.656 MW overflow in l2372 time  34 (pre-contingency)
[      83.364]      780.000 MW overflow in l2314 time  34 (pre-contingency)
[      83.364]      263.652 MW overflow in l2374 time  35 (pre-contingency)
[      83.366]      405.200 MW overflow in l2435 time  35 (pre-contingency)
[      83.366]      405.380 MW overflow in l2434 time  35 (pre-contingency)
[      83.367]      554.352 MW overflow in l2372 time  35 (pre-contingency)
[      83.368]      780.000 MW overflow in l2314 time  35 (pre-contingency)
[      83.369]      238.762 MW overflow in l2375 time  36 (pre-contingency)
[      83.370]      405.200 MW overflow in l2435 time  36 (pre-contingency)
[      83.371]      405.380 MW overflow in l2434 time  36 (pre-contingency)
[      83.371]      418.982 MW overflow in l2372 time  36 (pre-contingency)
[      83.372]      780.000 MW overflow in l2314 time  36 (pre-contingency)
[      83.373] Setting MILP time limit to 1161.96 seconds
[      83.373] Solving MILP...
Gurobi Optimizer version 9.0.0 build v9.0.0rc2 (linux64)
Optimize a model with 271820 rows, 353052 columns and 961275 nonzeros
Model fingerprint: 0x1b1b513a
Variable types: 291204 continuous, 61848 integer (0 binary)
Coefficient statistics:
  Matrix range     [1e-01, 1e+03]
  Objective range  [2e+00, 1e+05]
  Bounds range     [5e-02, 4e+02]
  RHS range        [5e-02, 1e+03]

MIP start from previous solve produced solution with objective 2.83016e+07 (0.43s)
Loaded MIP start from previous solve with objective 2.83016e+07

Presolve removed 124393 rows and 241972 columns
Presolve time: 3.01s
Presolved: 147427 rows, 111080 columns, 560414 nonzeros
Variable types: 63785 continuous, 47295 integer (47295 binary)

Deterministic concurrent LP optimizer: primal and dual simplex
Showing first log only...


Root simplex log...

Iteration    Objective       Primal Inf.    Dual Inf.      Time
   68413    6.2786197e+08   0.000000e+00   1.174135e+09      5s
Concurrent spin time: 0.03s

Solved with dual simplex

Root relaxation: objective 2.495325e+07, 34556 iterations, 5.44 seconds

    Nodes    |    Current Node    |     Objective Bounds      |     Work
 Expl Unexpl |  Obj  Depth IntInf | Incumbent    BestBd   Gap | It/Node Time

     0     0 2.4953e+07    0  149 2.8302e+07 2.4953e+07  11.8%     -   10s
H    0     0                    2.506691e+07 2.4953e+07  0.45%     -   10s

Explored 1 nodes (35558 simplex iterations) in 10.82 seconds
Thread count was 4 (of 32 available processors)

Solution count 2: 2.50669e+07 2.83016e+07 

Optimal solution found (tolerance 1.00e-02)
Best objective 2.506691300075e+07, best bound 2.495325429662e+07, gap 0.4534%
[      94.333] Verifying transmission limits...
[      98.722] Verified transmission limits in 4.39 seconds
[      98.722]        6.781 MW overflow in l2371 time   1 (pre-contingency)
[      98.724]        7.461 MW overflow in l2371 time   2 (pre-contingency)
[      98.725]      123.374 MW overflow in l2430 time   5 (pre-contingency)
[      98.726]        6.999 MW overflow in l2371 time   6 (pre-contingency)
[      98.727]        5.788 MW overflow in l2371 time   7 (pre-contingency)
[      98.728]      120.338 MW overflow in l2374 time   7 (pre-contingency)
[      98.729]        5.509 MW overflow in l2371 time   8 (pre-contingency)
[      98.730]       54.670 MW overflow in l2429 time   8 (pre-contingency)
[      98.730]      120.059 MW overflow in l2374 time   8 (pre-contingency)
[      98.731]       17.361 MW overflow in l2307 time   9 (pre-contingency)
[      98.732]       54.670 MW overflow in l2429 time   9 (pre-contingency)
[      98.733]      119.038 MW overflow in l2374 time   9 (pre-contingency)
[      98.734]      137.578 MW overflow in l2371 time   9 (pre-contingency)
[      98.734]      170.280 MW overflow in l2431 time   9 (pre-contingency)
[      98.735]       54.670 MW overflow in l2429 time  10 (pre-contingency)
[      98.736]      118.725 MW overflow in l2374 time  10 (pre-contingency)
[      98.737]      137.265 MW overflow in l2371 time  10 (pre-contingency)
[      98.738]      170.280 MW overflow in l2431 time  10 (pre-contingency)
[      98.738]      181.290 MW overflow in l2430 time  10 (pre-contingency)
[      98.739]       54.670 MW overflow in l2429 time  11 (pre-contingency)
[      98.740]      137.169 MW overflow in l2371 time  11 (pre-contingency)
[      98.741]      154.791 MW overflow in l2374 time  11 (pre-contingency)
[      98.742]      170.280 MW overflow in l2431 time  11 (pre-contingency)
[      98.742]      181.290 MW overflow in l2430 time  11 (pre-contingency)
[      98.743]       54.670 MW overflow in l2429 time  12 (pre-contingency)
[      98.744]      118.777 MW overflow in l2374 time  12 (pre-contingency)
[      98.745]      137.317 MW overflow in l2371 time  12 (pre-contingency)
[      98.746]      170.280 MW overflow in l2431 time  12 (pre-contingency)
[      98.746]      181.290 MW overflow in l2430 time  12 (pre-contingency)
[      98.747]       54.670 MW overflow in l2429 time  13 (pre-contingency)
[      98.748]      119.244 MW overflow in l2374 time  13 (pre-contingency)
[      98.749]      137.784 MW overflow in l2371 time  13 (pre-contingency)
[      98.750]      170.280 MW overflow in l2431 time  13 (pre-contingency)
[      98.750]        5.109 MW overflow in l2371 time  14 (pre-contingency)
[      98.751]       54.670 MW overflow in l2429 time  14 (pre-contingency)
[      98.752]      119.659 MW overflow in l2374 time  14 (pre-contingency)
[      98.753]      170.280 MW overflow in l2431 time  14 (pre-contingency)
[      98.754]        5.473 MW overflow in l2371 time  15 (pre-contingency)
[      98.755]       54.670 MW overflow in l2429 time  15 (pre-contingency)
[      98.756]      120.023 MW overflow in l2374 time  15 (pre-contingency)
[      98.756]        5.368 MW overflow in l2371 time  16 (pre-contingency)
[      98.757]       54.670 MW overflow in l2429 time  16 (pre-contingency)
[      98.758]      119.918 MW overflow in l2374 time  16 (pre-contingency)
[      98.759]       54.670 MW overflow in l2429 time  17 (pre-contingency)
[      98.760]      136.960 MW overflow in l2371 time  17 (pre-contingency)
[      98.761]      170.280 MW overflow in l2431 time  17 (pre-contingency)
[      98.762]      181.290 MW overflow in l2430 time  17 (pre-contingency)
[      98.762]      264.140 MW overflow in l2374 time  17 (pre-contingency)
[      98.763]       54.670 MW overflow in l2429 time  18 (pre-contingency)
[      98.764]      170.280 MW overflow in l2431 time  18 (pre-contingency)
[      98.765]      181.290 MW overflow in l2430 time  18 (pre-contingency)
[      98.766]      268.369 MW overflow in l2371 time  18 (pre-contingency)
[      98.766]      408.179 MW overflow in l2374 time  18 (pre-contingency)
[      98.767]       44.770 MW overflow in l2307 time  19 (pre-contingency)
[      98.768]       54.670 MW overflow in l2429 time  19 (pre-contingency)
[      98.769]      170.280 MW overflow in l2431 time  19 (pre-contingency)
[      98.770]      181.290 MW overflow in l2430 time  19 (pre-contingency)
[      98.771]      401.338 MW overflow in l2371 time  19 (pre-contingency)
[      98.771]       54.670 MW overflow in l2429 time  20 (pre-contingency)
[      98.773]      170.280 MW overflow in l2431 time  20 (pre-contingency)
[      98.773]      181.290 MW overflow in l2430 time  20 (pre-contingency)
[      98.774]      268.481 MW overflow in l2371 time  20 (pre-contingency)
[      98.775]      408.291 MW overflow in l2374 time  20 (pre-contingency)
[      98.775]       44.770 MW overflow in l2307 time  21 (pre-contingency)
[      98.777]       54.670 MW overflow in l2429 time  21 (pre-contingency)
[      98.778]      170.280 MW overflow in l2431 time  21 (pre-contingency)
[      98.778]      181.290 MW overflow in l2430 time  21 (pre-contingency)
[      98.779]      268.809 MW overflow in l2371 time  21 (pre-contingency)
[      98.780]       44.770 MW overflow in l2307 time  22 (pre-contingency)
[      98.781]       54.670 MW overflow in l2429 time  22 (pre-contingency)
[      98.782]      136.591 MW overflow in l2371 time  22 (pre-contingency)
[      98.782]      170.280 MW overflow in l2431 time  22 (pre-contingency)
[      98.783]      181.290 MW overflow in l2430 time  22 (pre-contingency)
[      98.784]       54.670 MW overflow in l2429 time  23 (pre-contingency)
[      98.785]      119.161 MW overflow in l2374 time  23 (pre-contingency)
[      98.786]      137.701 MW overflow in l2371 time  23 (pre-contingency)
[      98.786]      170.280 MW overflow in l2431 time  23 (pre-contingency)
[      98.787]      181.290 MW overflow in l2430 time  23 (pre-contingency)
[      98.788]        5.737 MW overflow in l2371 time  24 (pre-contingency)
[      98.789]       54.670 MW overflow in l2429 time  24 (pre-contingency)
[      98.790]      120.287 MW overflow in l2374 time  24 (pre-contingency)
[      98.791]        6.156 MW overflow in l2371 time  25 (pre-contingency)
[      98.792]      120.706 MW overflow in l2374 time  25 (pre-contingency)
[      98.793]        4.323 MW overflow in l2374 time  26 (pre-contingency)
[      98.794]        6.502 MW overflow in l2371 time  26 (pre-contingency)
[      98.795]        6.543 MW overflow in l2371 time  27 (pre-contingency)
[      98.796]        6.514 MW overflow in l2371 time  28 (pre-contingency)
[      98.797]        6.042 MW overflow in l2371 time  29 (pre-contingency)
[      98.798]       24.654 MW overflow in l2429 time  29 (pre-contingency)
[      98.799]      120.592 MW overflow in l2374 time  29 (pre-contingency)
[      98.800]       54.670 MW overflow in l2429 time  30 (pre-contingency)
[      98.801]      119.494 MW overflow in l2374 time  30 (pre-contingency)
[      98.802]      138.034 MW overflow in l2371 time  30 (pre-contingency)
[      98.803]      170.280 MW overflow in l2431 time  30 (pre-contingency)
[      98.803]       44.770 MW overflow in l2307 time  31 (pre-contingency)
[      98.805]       54.670 MW overflow in l2429 time  31 (pre-contingency)
[      98.806]      170.280 MW overflow in l2431 time  31 (pre-contingency)
[      98.807]      181.290 MW overflow in l2430 time  31 (pre-contingency)
[      98.807]      269.269 MW overflow in l2371 time  31 (pre-contingency)
[      98.808]       44.770 MW overflow in l2307 time  32 (pre-contingency)
[      98.809]       54.670 MW overflow in l2429 time  32 (pre-contingency)
[      98.810]      170.280 MW overflow in l2431 time  32 (pre-contingency)
[      98.811]      181.290 MW overflow in l2430 time  32 (pre-contingency)
[      98.812]      269.181 MW overflow in l2371 time  32 (pre-contingency)
[      98.812]       44.770 MW overflow in l2307 time  33 (pre-contingency)
[      98.814]       54.670 MW overflow in l2429 time  33 (pre-contingency)
[      98.814]      136.382 MW overflow in l2371 time  33 (pre-contingency)
[      98.815]      170.280 MW overflow in l2431 time  33 (pre-contingency)
[      98.816]      181.290 MW overflow in l2430 time  33 (pre-contingency)
[      98.817]       44.770 MW overflow in l2307 time  34 (pre-contingency)
[      98.818]       54.670 MW overflow in l2429 time  34 (pre-contingency)
[      98.819]      136.776 MW overflow in l2371 time  34 (pre-contingency)
[      98.820]      170.280 MW overflow in l2431 time  34 (pre-contingency)
[      98.820]      181.290 MW overflow in l2430 time  34 (pre-contingency)
[      98.821]       44.770 MW overflow in l2307 time  35 (pre-contingency)
[      98.822]       54.670 MW overflow in l2429 time  35 (pre-contingency)
[      98.823]      136.472 MW overflow in l2371 time  35 (pre-contingency)
[      98.824]      170.280 MW overflow in l2431 time  35 (pre-contingency)
[      98.825]      181.290 MW overflow in l2430 time  35 (pre-contingency)
[      98.826]       54.670 MW overflow in l2429 time  36 (pre-contingency)
[      98.827]      137.102 MW overflow in l2371 time  36 (pre-contingency)
[      98.828]      170.280 MW overflow in l2431 time  36 (pre-contingency)
[      98.829]      181.290 MW overflow in l2430 time  36 (pre-contingency)
[      98.829]      264.282 MW overflow in l2374 time  36 (pre-contingency)
[      98.830] Setting MILP time limit to 1146.50 seconds
[      98.830] Solving MILP...
Gurobi Optimizer version 9.0.0 build v9.0.0rc2 (linux64)
Optimize a model with 272192 rows, 353176 columns and 962019 nonzeros
Model fingerprint: 0xc8e784bb
Variable types: 291328 continuous, 61848 integer (0 binary)
Coefficient statistics:
  Matrix range     [1e-01, 1e+03]
  Objective range  [2e+00, 1e+05]
  Bounds range     [5e-02, 4e+02]
  RHS range        [5e-02, 1e+03]

MIP start from previous solve produced solution with objective 2.59198e+07 (0.52s)
Loaded MIP start from previous solve with objective 2.59198e+07

Presolve removed 124641 rows and 241919 columns
Presolve time: 3.31s
Presolved: 147551 rows, 111257 columns, 561176 nonzeros
Variable types: 63962 continuous, 47295 integer (47295 binary)

Deterministic concurrent LP optimizer: primal and dual simplex
Showing first log only...


Root simplex log...

Iteration    Objective       Primal Inf.    Dual Inf.      Time
   51733    1.1267204e+09   1.267381e-03   7.855594e+07      5s
   70145    1.6166156e+09   0.000000e+00   9.127370e+08      6s
  125150    3.5361573e+07   0.000000e+00   3.259525e+07     10s
Concurrent spin time: 0.03s

Solved with dual simplex

Root relaxation: objective 2.498501e+07, 36085 iterations, 7.37 seconds

    Nodes    |    Current Node    |     Objective Bounds      |     Work
 Expl Unexpl |  Obj  Depth IntInf | Incumbent    BestBd   Gap | It/Node Time

     0     0 2.4985e+07    0  198 2.5920e+07 2.4985e+07  3.61%     -   13s
H    0     0                    2.588033e+07 2.4985e+07  3.46%     -   13s
     0     0 2.4994e+07    0   75 2.5880e+07 2.4994e+07  3.43%     -   14s
H    0     0                    2.499449e+07 2.4994e+07  0.00%     -   15s

Cutting planes:
  Gomory: 1
  Implied bound: 42
  MIR: 9
  Flow cover: 141
  Relax-and-lift: 12

Explored 1 nodes (37468 simplex iterations) in 15.58 seconds
Thread count was 4 (of 32 available processors)

Solution count 3: 2.49945e+07 2.58803e+07 2.59198e+07 

Optimal solution found (tolerance 1.00e-02)
Best objective 2.499449459670e+07, best bound 2.499380444713e+07, gap 0.0028%
[     114.541] Verifying transmission limits...
[     118.646] Verified transmission limits in 4.10 seconds
[     118.646]       96.758 MW overflow in l2375 time   7 (pre-contingency)
[     118.647]       96.479 MW overflow in l2375 time   8 (pre-contingency)
[     118.648]       44.770 MW overflow in l2307 time  10 (pre-contingency)
[     118.650]       44.770 MW overflow in l2307 time  11 (pre-contingency)
[     118.651]       44.770 MW overflow in l2307 time  12 (pre-contingency)
[     118.652]       96.443 MW overflow in l2375 time  15 (pre-contingency)
[     118.653]       96.338 MW overflow in l2375 time  16 (pre-contingency)
[     118.654]       44.770 MW overflow in l2307 time  17 (pre-contingency)
[     118.655]       44.770 MW overflow in l2307 time  18 (pre-contingency)
[     118.656]       64.590 MW overflow in l810  time  18 (outage: line l298)
[     119.033]       62.331 MW overflow in l810  time  19 (outage: line l298)
[     119.036]      380.598 MW overflow in l2375 time  19 (pre-contingency)
[     119.037]       44.770 MW overflow in l2307 time  20 (pre-contingency)
[     119.039]       64.126 MW overflow in l810  time  20 (outage: line l298)
[     119.041]       55.067 MW overflow in l810  time  21 (outage: line l298)
[     119.043]      237.379 MW overflow in l2375 time  21 (pre-contingency)
[     119.045]        3.558 MW overflow in l810  time  22 (outage: line l298)
[     119.047]      238.251 MW overflow in l2375 time  22 (pre-contingency)
[     119.048]       44.770 MW overflow in l2307 time  23 (pre-contingency)
[     119.050]       96.707 MW overflow in l2375 time  24 (pre-contingency)
[     119.051]       97.126 MW overflow in l2375 time  25 (pre-contingency)
[     119.052]       97.472 MW overflow in l2375 time  26 (pre-contingency)
[     119.053]       97.513 MW overflow in l2375 time  27 (pre-contingency)
[     119.055]       97.484 MW overflow in l2375 time  28 (pre-contingency)
[     119.056]       97.012 MW overflow in l2375 time  29 (pre-contingency)
[     119.057]      237.839 MW overflow in l2375 time  31 (pre-contingency)
[     119.058]      237.751 MW overflow in l2375 time  32 (pre-contingency)
[     119.059]      238.042 MW overflow in l2375 time  33 (pre-contingency)
[     119.060]      238.436 MW overflow in l2375 time  34 (pre-contingency)
[     119.062]      238.132 MW overflow in l2375 time  35 (pre-contingency)
[     119.063]       44.770 MW overflow in l2307 time  36 (pre-contingency)
[     119.064] Setting MILP time limit to 1126.27 seconds
[     119.064] Solving MILP...
Gurobi Optimizer version 9.0.0 build v9.0.0rc2 (linux64)
Optimize a model with 272285 rows, 353207 columns and 965930 nonzeros
Model fingerprint: 0x345479ae
Variable types: 291359 continuous, 61848 integer (0 binary)
Coefficient statistics:
  Matrix range     [1e-03, 1e+03]
  Objective range  [2e+00, 1e+05]
  Bounds range     [5e-02, 4e+02]
  RHS range        [5e-02, 1e+03]

MIP start from previous solve produced solution with objective 2.50661e+07 (0.50s)
Loaded MIP start from previous solve with objective 2.50661e+07

Presolve removed 124416 rows and 240589 columns
Presolve time: 3.29s
Presolved: 147869 rows, 112618 columns, 565557 nonzeros
Variable types: 65323 continuous, 47295 integer (47295 binary)

Deterministic concurrent LP optimizer: primal and dual simplex
Showing first log only...


Root simplex log...

Iteration    Objective       Primal Inf.    Dual Inf.      Time
   58298    1.1207958e+09   7.529940e-04   4.995381e+07      5s
   58311    2.1634353e+09   0.000000e+00   9.098958e+08      5s
  143192    7.5769570e+07   0.000000e+00   6.386711e+08     10s
Concurrent spin time: 0.03s

Solved with dual simplex

Root relaxation: objective 2.498659e+07, 37470 iterations, 6.84 seconds

    Nodes    |    Current Node    |     Objective Bounds      |     Work
 Expl Unexpl |  Obj  Depth IntInf | Incumbent    BestBd   Gap | It/Node Time

     0     0 2.4987e+07    0  236 2.5066e+07 2.4987e+07  0.32%     -   12s

Explored 0 nodes (38581 simplex iterations) in 12.77 seconds
Thread count was 4 (of 32 available processors)

Solution count 1: 2.50661e+07 

Optimal solution found (tolerance 1.00e-02)
Best objective 2.506614139100e+07, best bound 2.498687476614e+07, gap 0.3162%
[     131.978] Verifying transmission limits...
[     136.149] Verified transmission limits in 4.17 seconds
[     136.150] No violations found
[     136.150] MIP gap tolerance set to 0.001000
[     136.150] Setting MILP time limit to 1109.18 seconds
[     136.150] Solving MILP...
Gurobi Optimizer version 9.0.0 build v9.0.0rc2 (linux64)
Optimize a model with 272285 rows, 353207 columns and 965930 nonzeros
Model fingerprint: 0x345479ae
Variable types: 291359 continuous, 61848 integer (0 binary)
Coefficient statistics:
  Matrix range     [1e-03, 1e+03]
  Objective range  [2e+00, 1e+05]
  Bounds range     [5e-02, 4e+02]
  RHS range        [5e-02, 1e+03]
Presolved: 147869 rows, 112618 columns, 565557 nonzeros

Continuing optimization...

     0     1 2.4987e+07    0  236 2.5066e+07 2.4987e+07  0.32%     -   26s
H    4     4                    2.500149e+07 2.4995e+07  0.03%   290   27s

Explored 6 nodes (39884 simplex iterations) in 14.75 seconds
Thread count was 4 (of 32 available processors)

Solution count 2: 2.50015e+07 2.50661e+07 

Optimal solution found (tolerance 1.00e-03)
Best objective 2.500148831640e+07, best bound 2.499527718462e+07, gap 0.0248%
[     150.909] Verifying transmission limits...
[     155.088] Verified transmission limits in 4.18 seconds
[     155.088]       67.828 MW overflow in l2430 time   3 (pre-contingency)
[     155.089]        9.470 MW overflow in l2306 time   9 (pre-contingency)
[     155.091]        9.470 MW overflow in l2306 time  10 (pre-contingency)
[     155.092]        9.470 MW overflow in l2306 time  11 (pre-contingency)
[     155.093]        9.470 MW overflow in l2306 time  12 (pre-contingency)
[     155.094]        9.470 MW overflow in l2306 time  17 (pre-contingency)
[     155.095]        9.470 MW overflow in l2306 time  18 (pre-contingency)
[     155.096]       19.120 MW overflow in l2253 time  18 (pre-contingency)
[     155.097]        9.470 MW overflow in l2306 time  19 (pre-contingency)
[     155.098]       19.120 MW overflow in l2253 time  19 (pre-contingency)
[     155.099]        9.470 MW overflow in l2306 time  20 (pre-contingency)
[     155.101]       19.120 MW overflow in l2253 time  20 (pre-contingency)
[     155.101]        9.470 MW overflow in l2306 time  21 (pre-contingency)
[     155.103]        9.470 MW overflow in l2306 time  22 (pre-contingency)
[     155.104]        9.470 MW overflow in l2306 time  31 (pre-contingency)
[     155.105]        9.470 MW overflow in l2306 time  32 (pre-contingency)
[     155.106]        9.470 MW overflow in l2306 time  33 (pre-contingency)
[     155.107]        9.470 MW overflow in l2306 time  34 (pre-contingency)
[     155.109]        9.470 MW overflow in l2306 time  35 (pre-contingency)
[     155.110]        9.470 MW overflow in l2306 time  36 (pre-contingency)
[     155.111] Setting MILP time limit to 1090.22 seconds
[     155.111] Solving MILP...
Gurobi Optimizer version 9.0.0 build v9.0.0rc2 (linux64)
Optimize a model with 272345 rows, 353227 columns and 966050 nonzeros
Model fingerprint: 0x5f71efa7
Variable types: 291379 continuous, 61848 integer (0 binary)
Coefficient statistics:
  Matrix range     [1e-03, 1e+03]
  Objective range  [2e+00, 1e+05]
  Bounds range     [5e-02, 4e+02]
  RHS range        [5e-02, 1e+03]

MIP start from previous solve produced solution with objective 2.50025e+07 (0.49s)
Loaded MIP start from previous solve with objective 2.50025e+07

Presolve removed 124456 rows and 240589 columns
Presolve time: 3.19s
Presolved: 147889 rows, 112638 columns, 565638 nonzeros
Variable types: 65343 continuous, 47295 integer (47295 binary)

Deterministic concurrent LP optimizer: primal and dual simplex
Showing first log only...


Root simplex log...

Iteration    Objective       Primal Inf.    Dual Inf.      Time
   60867    8.7523849e+08   0.000000e+00   1.062313e+09      5s
Concurrent spin time: 0.03s

Solved with dual simplex

Root relaxation: objective 2.498685e+07, 37585 iterations, 5.23 seconds

    Nodes    |    Current Node    |     Objective Bounds      |     Work
 Expl Unexpl |  Obj  Depth IntInf | Incumbent    BestBd   Gap | It/Node Time

     0     0 2.4995e+07    0  126 2.5003e+07 2.4995e+07  0.03%     -   10s

Explored 0 nodes (39352 simplex iterations) in 10.57 seconds
Thread count was 4 (of 32 available processors)

Solution count 1: 2.50025e+07 

Optimal solution found (tolerance 1.00e-03)
Best objective 2.500254285037e+07, best bound 2.499503440109e+07, gap 0.0300%
[     165.933] Verifying transmission limits...
[     170.148] Verified transmission limits in 4.21 seconds
[     170.148] No violations found
[     170.148] Total time was 142.24 seconds
[     170.148] Writing: /local_workspace/kazaalek/uc/results_default/matpower/case1888rte/2017-01-15.1.sol.json
[     172.642] Verifying solution...
[     172.931] Exporting final model to /local_workspace/kazaalek/uc/results_default/matpower/case1888rte/2017-01-15.1.final.mps.gz
