[       0.036] Reading: matpower/case1888rte/2017-01-31
[       2.996] Read problem in 2.95 seconds
[       3.826] Computing injection shift factors...
[       4.843] Computed ISF in 1.02 seconds
[       4.843] Computing line outage factors...
[       5.919] Computed LODF in 1.08 seconds
[       5.919] Applying PTDF and LODF cutoffs (0.00500, 0.00100)
[       6.157] Building model...
[      18.668] Built model in 12.51 seconds
[      18.668] Setting names...
[      18.668] Setting variable and constraint names...
[      20.646] Set names in 1.98 seconds
[      20.646] Exporting initial model without transmission constraints to /local_workspace/kazaalek/uc/results_default/matpower/case1888rte/2017-01-31.1.init.mps.gz
[      48.141] Optimizing...
[      48.296] MIP gap tolerance set to 0.010000
[      48.296] Setting MILP time limit to 1199.84 seconds
[      48.343] Solving MILP...
Gurobi Optimizer version 9.0.0 build v9.0.0rc2 (linux64)
Optimize a model with 270740 rows, 352692 columns and 959115 nonzeros
Model fingerprint: 0x17aaaeb7
Variable types: 290844 continuous, 61848 integer (0 binary)
Coefficient statistics:
  Matrix range     [1e-01, 1e+03]
  Objective range  [8e+00, 1e+05]
  Bounds range     [5e-02, 5e+02]
  RHS range        [5e-02, 1e+03]
Presolve removed 123456 rows and 241785 columns
Presolve time: 3.09s
Presolved: 147284 rows, 110907 columns, 559578 nonzeros
Variable types: 63612 continuous, 47295 integer (47295 binary)

Deterministic concurrent LP optimizer: primal and dual simplex
Showing first log only...


Root simplex log...

Iteration    Objective       Primal Inf.    Dual Inf.      Time
   67192    5.0417523e+08   0.000000e+00   1.127964e+10      5s
Concurrent spin time: 0.03s

Solved with dual simplex

Root relaxation: objective 2.532570e+07, 33343 iterations, 4.27 seconds

    Nodes    |    Current Node    |     Objective Bounds      |     Work
 Expl Unexpl |  Obj  Depth IntInf | Incumbent    BestBd   Gap | It/Node Time

     0     0 2.5326e+07    0   62          - 2.5326e+07      -     -    8s
H    0     0                    2.533877e+07 2.5326e+07  0.05%     -    8s

Explored 1 nodes (34399 simplex iterations) in 8.91 seconds
Thread count was 4 (of 32 available processors)

Solution count 1: 2.53388e+07 

Optimal solution found (tolerance 1.00e-02)
Best objective 2.533876859765e+07, best bound 2.532570402204e+07, gap 0.0516%
[      64.738] Verifying transmission limits...
[      70.668] Verified transmission limits in 5.93 seconds
[      70.668]      505.000 MW overflow in l2314 time   1 (pre-contingency)
[      70.867]      721.050 MW overflow in l2425 time   1 (pre-contingency)
[      70.869]      862.450 MW overflow in l2432 time   1 (pre-contingency)
[      70.870]      899.790 MW overflow in l2285 time   1 (pre-contingency)
[      70.870]      899.860 MW overflow in l2284 time   1 (pre-contingency)
[      70.871]      505.000 MW overflow in l2314 time   2 (pre-contingency)
[      70.872]      631.530 MW overflow in l2432 time   2 (pre-contingency)
[      70.873]      721.050 MW overflow in l2425 time   2 (pre-contingency)
[      70.874]      899.790 MW overflow in l2285 time   2 (pre-contingency)
[      70.875]      899.860 MW overflow in l2284 time   2 (pre-contingency)
[      70.875]      505.000 MW overflow in l2314 time   3 (pre-contingency)
[      70.876]      631.530 MW overflow in l2432 time   3 (pre-contingency)
[      70.877]      721.050 MW overflow in l2425 time   3 (pre-contingency)
[      70.878]      899.790 MW overflow in l2285 time   3 (pre-contingency)
[      70.879]      899.860 MW overflow in l2284 time   3 (pre-contingency)
[      70.880]      505.000 MW overflow in l2314 time   4 (pre-contingency)
[      70.881]      631.530 MW overflow in l2432 time   4 (pre-contingency)
[      70.882]      721.050 MW overflow in l2425 time   4 (pre-contingency)
[      70.882]      899.790 MW overflow in l2285 time   4 (pre-contingency)
[      70.883]      899.860 MW overflow in l2284 time   4 (pre-contingency)
[      70.884]      505.000 MW overflow in l2314 time   5 (pre-contingency)
[      70.885]      721.050 MW overflow in l2425 time   5 (pre-contingency)
[      70.886]      862.450 MW overflow in l2432 time   5 (pre-contingency)
[      70.886]      899.790 MW overflow in l2285 time   5 (pre-contingency)
[      70.887]      899.860 MW overflow in l2284 time   5 (pre-contingency)
[      70.888]      780.000 MW overflow in l2314 time   6 (pre-contingency)
[      70.889]      862.450 MW overflow in l2432 time   6 (pre-contingency)
[      70.889]      899.790 MW overflow in l2285 time   6 (pre-contingency)
[      70.890]      899.860 MW overflow in l2284 time   6 (pre-contingency)
[      70.891]      977.560 MW overflow in l2425 time   6 (pre-contingency)
[      70.891]      862.450 MW overflow in l2432 time   7 (pre-contingency)
[      70.892]      896.000 MW overflow in l2315 time   7 (pre-contingency)
[      70.893]      899.790 MW overflow in l2285 time   7 (pre-contingency)
[      70.894]      899.860 MW overflow in l2284 time   7 (pre-contingency)
[      70.895]      977.560 MW overflow in l2425 time   7 (pre-contingency)
[      70.895]      862.450 MW overflow in l2432 time   8 (pre-contingency)
[      70.896]      896.000 MW overflow in l2315 time   8 (pre-contingency)
[      70.897]      899.790 MW overflow in l2285 time   8 (pre-contingency)
[      70.898]      899.860 MW overflow in l2284 time   8 (pre-contingency)
[      70.899]      977.560 MW overflow in l2425 time   8 (pre-contingency)
[      70.899]      862.450 MW overflow in l2432 time   9 (pre-contingency)
[      70.901]      896.000 MW overflow in l2315 time   9 (pre-contingency)
[      70.901]      899.790 MW overflow in l2285 time   9 (pre-contingency)
[      70.902]      899.860 MW overflow in l2284 time   9 (pre-contingency)
[      70.903]      977.560 MW overflow in l2425 time   9 (pre-contingency)
[      70.903]      862.450 MW overflow in l2432 time  10 (pre-contingency)
[      70.905]      896.000 MW overflow in l2315 time  10 (pre-contingency)
[      70.905]      899.790 MW overflow in l2285 time  10 (pre-contingency)
[      70.906]      899.860 MW overflow in l2284 time  10 (pre-contingency)
[      70.907]      977.560 MW overflow in l2425 time  10 (pre-contingency)
[      70.908]      862.450 MW overflow in l2432 time  11 (pre-contingency)
[      70.909]      896.000 MW overflow in l2315 time  11 (pre-contingency)
[      70.910]      899.790 MW overflow in l2285 time  11 (pre-contingency)
[      70.910]      899.860 MW overflow in l2284 time  11 (pre-contingency)
[      70.911]      977.560 MW overflow in l2425 time  11 (pre-contingency)
[      70.912]      862.450 MW overflow in l2432 time  12 (pre-contingency)
[      70.913]      896.000 MW overflow in l2315 time  12 (pre-contingency)
[      70.914]      899.790 MW overflow in l2285 time  12 (pre-contingency)
[      70.915]      899.860 MW overflow in l2284 time  12 (pre-contingency)
[      70.915]      977.560 MW overflow in l2425 time  12 (pre-contingency)
[      70.916]      780.000 MW overflow in l2314 time  13 (pre-contingency)
[      70.917]      862.450 MW overflow in l2432 time  13 (pre-contingency)
[      70.918]      899.790 MW overflow in l2285 time  13 (pre-contingency)
[      70.919]      899.860 MW overflow in l2284 time  13 (pre-contingency)
[      70.919]      977.560 MW overflow in l2425 time  13 (pre-contingency)
[      70.920]      621.000 MW overflow in l2315 time  14 (pre-contingency)
[      70.921]      862.450 MW overflow in l2432 time  14 (pre-contingency)
[      70.922]      899.790 MW overflow in l2285 time  14 (pre-contingency)
[      70.923]      899.860 MW overflow in l2284 time  14 (pre-contingency)
[      70.923]      977.560 MW overflow in l2425 time  14 (pre-contingency)
[      70.924]      621.000 MW overflow in l2315 time  15 (pre-contingency)
[      70.925]      767.160 MW overflow in l2425 time  15 (pre-contingency)
[      70.926]      862.450 MW overflow in l2432 time  15 (pre-contingency)
[      70.927]      899.790 MW overflow in l2285 time  15 (pre-contingency)
[      70.928]      899.860 MW overflow in l2284 time  15 (pre-contingency)
[      70.928]      621.000 MW overflow in l2315 time  16 (pre-contingency)
[      70.930]      721.050 MW overflow in l2425 time  16 (pre-contingency)
[      70.930]      862.450 MW overflow in l2432 time  16 (pre-contingency)
[      70.931]      899.790 MW overflow in l2285 time  16 (pre-contingency)
[      70.932]      899.860 MW overflow in l2284 time  16 (pre-contingency)
[      70.933]      780.000 MW overflow in l2314 time  17 (pre-contingency)
[      70.934]      862.450 MW overflow in l2432 time  17 (pre-contingency)
[      70.935]      899.790 MW overflow in l2285 time  17 (pre-contingency)
[      70.935]      899.860 MW overflow in l2284 time  17 (pre-contingency)
[      70.936]      977.560 MW overflow in l2425 time  17 (pre-contingency)
[      70.937]      862.450 MW overflow in l2432 time  18 (pre-contingency)
[      70.938]      896.000 MW overflow in l2315 time  18 (pre-contingency)
[      70.939]      899.790 MW overflow in l2285 time  18 (pre-contingency)
[      70.940]      899.860 MW overflow in l2284 time  18 (pre-contingency)
[      70.940]      977.560 MW overflow in l2425 time  18 (pre-contingency)
[      70.941]      862.450 MW overflow in l2432 time  19 (pre-contingency)
[      70.942]      896.000 MW overflow in l2315 time  19 (pre-contingency)
[      70.943]      899.790 MW overflow in l2285 time  19 (pre-contingency)
[      70.944]      899.860 MW overflow in l2284 time  19 (pre-contingency)
[      70.944]      977.560 MW overflow in l2425 time  19 (pre-contingency)
[      70.945]      862.450 MW overflow in l2432 time  20 (pre-contingency)
[      70.946]      896.000 MW overflow in l2315 time  20 (pre-contingency)
[      70.947]      899.790 MW overflow in l2285 time  20 (pre-contingency)
[      70.948]      899.860 MW overflow in l2284 time  20 (pre-contingency)
[      70.949]      977.560 MW overflow in l2425 time  20 (pre-contingency)
[      70.950]      862.450 MW overflow in l2432 time  21 (pre-contingency)
[      70.951]      896.000 MW overflow in l2315 time  21 (pre-contingency)
[      70.952]      899.790 MW overflow in l2285 time  21 (pre-contingency)
[      70.952]      899.860 MW overflow in l2284 time  21 (pre-contingency)
[      70.953]      977.560 MW overflow in l2425 time  21 (pre-contingency)
[      70.954]      621.000 MW overflow in l2315 time  22 (pre-contingency)
[      70.955]      862.450 MW overflow in l2432 time  22 (pre-contingency)
[      70.956]      899.790 MW overflow in l2285 time  22 (pre-contingency)
[      70.957]      899.860 MW overflow in l2284 time  22 (pre-contingency)
[      70.958]      903.444 MW overflow in l2425 time  22 (pre-contingency)
[      70.958]      505.000 MW overflow in l2314 time  23 (pre-contingency)
[      70.959]      631.530 MW overflow in l2432 time  23 (pre-contingency)
[      70.960]      721.050 MW overflow in l2425 time  23 (pre-contingency)
[      70.961]      899.790 MW overflow in l2285 time  23 (pre-contingency)
[      70.962]      899.860 MW overflow in l2284 time  23 (pre-contingency)
[      70.963]      505.000 MW overflow in l2314 time  24 (pre-contingency)
[      70.964]      676.489 MW overflow in l2432 time  24 (pre-contingency)
[      70.965]      721.050 MW overflow in l2425 time  24 (pre-contingency)
[      70.966]      899.790 MW overflow in l2285 time  24 (pre-contingency)
[      70.966]      899.860 MW overflow in l2284 time  24 (pre-contingency)
[      70.967]      290.436 MW overflow in l2375 time  25 (pre-contingency)
[      70.968]      631.530 MW overflow in l2432 time  25 (pre-contingency)
[      70.969]      721.050 MW overflow in l2425 time  25 (pre-contingency)
[      70.970]      899.790 MW overflow in l2285 time  25 (pre-contingency)
[      70.971]      899.860 MW overflow in l2284 time  25 (pre-contingency)
[      70.972]      290.874 MW overflow in l2375 time  26 (pre-contingency)
[      70.973]      605.798 MW overflow in l2432 time  26 (pre-contingency)
[      70.974]      721.050 MW overflow in l2425 time  26 (pre-contingency)
[      70.974]      899.790 MW overflow in l2285 time  26 (pre-contingency)
[      70.975]      899.860 MW overflow in l2284 time  26 (pre-contingency)
[      70.976]      291.136 MW overflow in l2375 time  27 (pre-contingency)
[      70.977]      400.620 MW overflow in l2432 time  27 (pre-contingency)
[      70.978]      721.050 MW overflow in l2425 time  27 (pre-contingency)
[      70.979]      899.790 MW overflow in l2285 time  27 (pre-contingency)
[      70.980]      899.860 MW overflow in l2284 time  27 (pre-contingency)
[      70.980]      291.042 MW overflow in l2375 time  28 (pre-contingency)
[      70.982]      400.620 MW overflow in l2432 time  28 (pre-contingency)
[      70.983]      721.050 MW overflow in l2425 time  28 (pre-contingency)
[      70.984]      899.790 MW overflow in l2285 time  28 (pre-contingency)
[      70.984]      899.860 MW overflow in l2284 time  28 (pre-contingency)
[      70.985]      290.358 MW overflow in l2375 time  29 (pre-contingency)
[      70.986]      631.530 MW overflow in l2432 time  29 (pre-contingency)
[      70.987]      721.050 MW overflow in l2425 time  29 (pre-contingency)
[      70.988]      899.790 MW overflow in l2285 time  29 (pre-contingency)
[      70.989]      899.860 MW overflow in l2284 time  29 (pre-contingency)
[      70.990]      505.000 MW overflow in l2314 time  30 (pre-contingency)
[      70.991]      721.050 MW overflow in l2425 time  30 (pre-contingency)
[      70.992]      862.450 MW overflow in l2432 time  30 (pre-contingency)
[      70.993]      899.790 MW overflow in l2285 time  30 (pre-contingency)
[      70.994]      899.860 MW overflow in l2284 time  30 (pre-contingency)
[      70.995]      862.450 MW overflow in l2432 time  31 (pre-contingency)
[      70.996]      896.000 MW overflow in l2315 time  31 (pre-contingency)
[      70.997]      899.790 MW overflow in l2285 time  31 (pre-contingency)
[      70.998]      899.860 MW overflow in l2284 time  31 (pre-contingency)
[      70.999]      977.560 MW overflow in l2425 time  31 (pre-contingency)
[      70.999]      862.450 MW overflow in l2432 time  32 (pre-contingency)
[      71.001]      896.000 MW overflow in l2315 time  32 (pre-contingency)
[      71.002]      899.790 MW overflow in l2285 time  32 (pre-contingency)
[      71.003]      899.860 MW overflow in l2284 time  32 (pre-contingency)
[      71.003]      977.560 MW overflow in l2425 time  32 (pre-contingency)
[      71.004]      862.450 MW overflow in l2432 time  33 (pre-contingency)
[      71.005]      896.000 MW overflow in l2315 time  33 (pre-contingency)
[      71.006]      899.790 MW overflow in l2285 time  33 (pre-contingency)
[      71.007]      899.860 MW overflow in l2284 time  33 (pre-contingency)
[      71.008]      977.560 MW overflow in l2425 time  33 (pre-contingency)
[      71.009]      862.450 MW overflow in l2432 time  34 (pre-contingency)
[      71.010]      896.000 MW overflow in l2315 time  34 (pre-contingency)
[      71.011]      899.790 MW overflow in l2285 time  34 (pre-contingency)
[      71.012]      899.860 MW overflow in l2284 time  34 (pre-contingency)
[      71.013]      977.560 MW overflow in l2425 time  34 (pre-contingency)
[      71.014]      862.450 MW overflow in l2432 time  35 (pre-contingency)
[      71.015]      896.000 MW overflow in l2315 time  35 (pre-contingency)
[      71.016]      899.790 MW overflow in l2285 time  35 (pre-contingency)
[      71.017]      899.860 MW overflow in l2284 time  35 (pre-contingency)
[      71.017]      977.560 MW overflow in l2425 time  35 (pre-contingency)
[      71.018]      862.450 MW overflow in l2432 time  36 (pre-contingency)
[      71.019]      896.000 MW overflow in l2315 time  36 (pre-contingency)
[      71.021]      899.790 MW overflow in l2285 time  36 (pre-contingency)
[      71.021]      899.860 MW overflow in l2284 time  36 (pre-contingency)
[      71.022]      977.560 MW overflow in l2425 time  36 (pre-contingency)
[      71.023] Setting MILP time limit to 1177.12 seconds
[      71.023] Solving MILP...
Gurobi Optimizer version 9.0.0 build v9.0.0rc2 (linux64)
Optimize a model with 271280 rows, 352872 columns and 960195 nonzeros
Model fingerprint: 0x11bc9572
Variable types: 291024 continuous, 61848 integer (0 binary)
Coefficient statistics:
  Matrix range     [1e-01, 1e+03]
  Objective range  [8e+00, 1e+05]
  Bounds range     [5e-02, 5e+02]
  RHS range        [5e-02, 1e+03]

MIP start from previous solve produced solution with objective 4.01e+07 (0.54s)
Loaded MIP start from previous solve with objective 4.01e+07

Presolve removed 123816 rows and 241780 columns
Presolve time: 3.35s
Presolved: 147464 rows, 111092 columns, 560152 nonzeros
Variable types: 63797 continuous, 47295 integer (47295 binary)

Deterministic concurrent LP optimizer: primal and dual simplex
Showing first log only...


Root simplex log...

Iteration    Objective       Primal Inf.    Dual Inf.      Time
   44816    1.1710093e+09   2.485354e+00   1.421297e+09      5s
   55820    1.5608248e+09   0.000000e+00   1.229997e+09      5s
  130392    3.2247934e+07   0.000000e+00   1.319852e+08     10s
Concurrent spin time: 0.00s

Solved with dual simplex

Root relaxation: objective 2.565425e+07, 36842 iterations, 6.24 seconds

    Nodes    |    Current Node    |     Objective Bounds      |     Work
 Expl Unexpl |  Obj  Depth IntInf | Incumbent    BestBd   Gap | It/Node Time

     0     0 2.5654e+07    0   45 4.0100e+07 2.5654e+07  36.0%     -   11s
H    0     0                    2.567720e+07 2.5654e+07  0.09%     -   11s

Explored 1 nodes (38382 simplex iterations) in 11.53 seconds
Thread count was 4 (of 32 available processors)

Solution count 2: 2.56772e+07 4.01e+07 

Optimal solution found (tolerance 1.00e-02)
Best objective 2.567720281602e+07, best bound 2.565424553996e+07, gap 0.0894%
[      82.731] Verifying transmission limits...
[      86.994] Verified transmission limits in 4.26 seconds
[      86.994]      169.156 MW overflow in l2371 time   1 (pre-contingency)
[      86.995]      172.010 MW overflow in l2430 time   1 (pre-contingency)
[      86.996]      288.206 MW overflow in l2375 time   1 (pre-contingency)
[      86.997]      295.886 MW overflow in l2372 time   1 (pre-contingency)
[      86.998]      401.290 MW overflow in l2434 time   1 (pre-contingency)
[      86.999]      122.773 MW overflow in l2374 time   2 (pre-contingency)
[      87.000]      147.160 MW overflow in l2434 time   2 (pre-contingency)
[      87.001]      163.040 MW overflow in l2431 time   2 (pre-contingency)
[      87.001]      288.663 MW overflow in l2375 time   2 (pre-contingency)
[      87.002]      296.343 MW overflow in l2372 time   2 (pre-contingency)
[      87.003]      122.808 MW overflow in l2374 time   3 (pre-contingency)
[      87.004]      147.160 MW overflow in l2434 time   3 (pre-contingency)
[      87.005]      163.040 MW overflow in l2431 time   3 (pre-contingency)
[      87.006]      288.698 MW overflow in l2375 time   3 (pre-contingency)
[      87.007]      296.378 MW overflow in l2372 time   3 (pre-contingency)
[      87.007]      147.160 MW overflow in l2434 time   4 (pre-contingency)
[      87.009]      157.838 MW overflow in l2371 time   4 (pre-contingency)
[      87.010]      163.040 MW overflow in l2431 time   4 (pre-contingency)
[      87.010]      288.630 MW overflow in l2375 time   4 (pre-contingency)
[      87.011]      296.310 MW overflow in l2372 time   4 (pre-contingency)
[      87.012]      169.101 MW overflow in l2371 time   5 (pre-contingency)
[      87.013]      172.010 MW overflow in l2430 time   5 (pre-contingency)
[      87.014]      288.151 MW overflow in l2375 time   5 (pre-contingency)
[      87.015]      295.831 MW overflow in l2372 time   5 (pre-contingency)
[      87.016]      401.290 MW overflow in l2434 time   5 (pre-contingency)
[      87.016]      172.010 MW overflow in l2430 time   6 (pre-contingency)
[      87.017]      251.408 MW overflow in l2374 time   6 (pre-contingency)
[      87.018]      286.316 MW overflow in l2375 time   6 (pre-contingency)
[      87.019]      401.290 MW overflow in l2434 time   6 (pre-contingency)
[      87.020]      429.826 MW overflow in l2372 time   6 (pre-contingency)
[      87.021]      395.380 MW overflow in l2435 time   7 (pre-contingency)
[      87.022]      401.290 MW overflow in l2434 time   7 (pre-contingency)
[      87.023]      432.677 MW overflow in l2375 time   7 (pre-contingency)
[      87.024]      562.617 MW overflow in l2372 time   7 (pre-contingency)
[      87.024]      780.000 MW overflow in l2314 time   7 (pre-contingency)
[      87.025]      300.849 MW overflow in l2371 time   8 (pre-contingency)
[      87.026]      395.380 MW overflow in l2435 time   8 (pre-contingency)
[      87.027]      401.290 MW overflow in l2434 time   8 (pre-contingency)
[      87.028]      563.409 MW overflow in l2372 time   8 (pre-contingency)
[      87.029]      780.000 MW overflow in l2314 time   8 (pre-contingency)
[      87.029]      285.035 MW overflow in l2375 time   9 (pre-contingency)
[      87.031]      301.805 MW overflow in l2371 time   9 (pre-contingency)
[      87.031]      401.290 MW overflow in l2434 time   9 (pre-contingency)
[      87.032]      428.545 MW overflow in l2372 time   9 (pre-contingency)
[      87.033]      780.000 MW overflow in l2314 time   9 (pre-contingency)
[      87.034]      284.854 MW overflow in l2375 time  10 (pre-contingency)
[      87.035]      301.624 MW overflow in l2371 time  10 (pre-contingency)
[      87.036]      401.290 MW overflow in l2434 time  10 (pre-contingency)
[      87.037]      428.364 MW overflow in l2372 time  10 (pre-contingency)
[      87.037]      780.000 MW overflow in l2314 time  10 (pre-contingency)
[      87.038]      263.821 MW overflow in l2374 time  11 (pre-contingency)
[      87.039]      285.401 MW overflow in l2375 time  11 (pre-contingency)
[      87.040]      401.290 MW overflow in l2434 time  11 (pre-contingency)
[      87.041]      428.911 MW overflow in l2372 time  11 (pre-contingency)
[      87.042]      780.000 MW overflow in l2314 time  11 (pre-contingency)
[      87.043]      264.238 MW overflow in l2374 time  12 (pre-contingency)
[      87.044]      285.818 MW overflow in l2375 time  12 (pre-contingency)
[      87.045]      401.290 MW overflow in l2434 time  12 (pre-contingency)
[      87.046]      429.328 MW overflow in l2372 time  12 (pre-contingency)
[      87.047]      780.000 MW overflow in l2314 time  12 (pre-contingency)
[      87.047]      172.010 MW overflow in l2430 time  13 (pre-contingency)
[      87.049]      264.949 MW overflow in l2374 time  13 (pre-contingency)
[      87.050]      286.529 MW overflow in l2375 time  13 (pre-contingency)
[      87.050]      401.290 MW overflow in l2434 time  13 (pre-contingency)
[      87.051]      430.039 MW overflow in l2372 time  13 (pre-contingency)
[      87.052]      172.010 MW overflow in l2430 time  14 (pre-contingency)
[      87.053]      286.937 MW overflow in l2375 time  14 (pre-contingency)
[      87.054]      401.290 MW overflow in l2434 time  14 (pre-contingency)
[      87.055]      430.447 MW overflow in l2372 time  14 (pre-contingency)
[      87.056]      780.000 MW overflow in l2314 time  14 (pre-contingency)
[      87.056]      172.010 MW overflow in l2430 time  15 (pre-contingency)
[      87.058]      287.273 MW overflow in l2375 time  15 (pre-contingency)
[      87.058]      401.290 MW overflow in l2434 time  15 (pre-contingency)
[      87.059]      430.783 MW overflow in l2372 time  15 (pre-contingency)
[      87.060]      780.000 MW overflow in l2314 time  15 (pre-contingency)
[      87.061]      172.010 MW overflow in l2430 time  16 (pre-contingency)
[      87.062]      287.318 MW overflow in l2375 time  16 (pre-contingency)
[      87.063]      396.792 MW overflow in l2372 time  16 (pre-contingency)
[      87.064]      401.290 MW overflow in l2434 time  16 (pre-contingency)
[      87.065]      780.000 MW overflow in l2314 time  16 (pre-contingency)
[      87.065]      172.010 MW overflow in l2430 time  17 (pre-contingency)
[      87.067]      265.047 MW overflow in l2374 time  17 (pre-contingency)
[      87.068]      286.627 MW overflow in l2375 time  17 (pre-contingency)
[      87.068]      401.290 MW overflow in l2434 time  17 (pre-contingency)
[      87.069]      430.137 MW overflow in l2372 time  17 (pre-contingency)
[      87.070]      301.274 MW overflow in l2371 time  18 (pre-contingency)
[      87.071]      395.380 MW overflow in l2435 time  18 (pre-contingency)
[      87.072]      401.290 MW overflow in l2434 time  18 (pre-contingency)
[      87.073]      563.834 MW overflow in l2372 time  18 (pre-contingency)
[      87.074]      780.000 MW overflow in l2314 time  18 (pre-contingency)
[      87.075]      301.318 MW overflow in l2371 time  19 (pre-contingency)
[      87.076]      395.380 MW overflow in l2435 time  19 (pre-contingency)
[      87.077]      401.290 MW overflow in l2434 time  19 (pre-contingency)
[      87.077]      563.878 MW overflow in l2372 time  19 (pre-contingency)
[      87.078]      780.000 MW overflow in l2314 time  19 (pre-contingency)
[      87.079]      301.911 MW overflow in l2371 time  20 (pre-contingency)
[      87.080]      395.380 MW overflow in l2435 time  20 (pre-contingency)
[      87.081]      401.290 MW overflow in l2434 time  20 (pre-contingency)
[      87.082]      428.651 MW overflow in l2372 time  20 (pre-contingency)
[      87.083]      780.000 MW overflow in l2314 time  20 (pre-contingency)
[      87.084]      264.243 MW overflow in l2374 time  21 (pre-contingency)
[      87.085]      285.823 MW overflow in l2375 time  21 (pre-contingency)
[      87.086]      401.290 MW overflow in l2434 time  21 (pre-contingency)
[      87.087]      429.333 MW overflow in l2372 time  21 (pre-contingency)
[      87.088]      780.000 MW overflow in l2314 time  21 (pre-contingency)
[      87.088]      172.010 MW overflow in l2430 time  22 (pre-contingency)
[      87.090]      287.596 MW overflow in l2375 time  22 (pre-contingency)
[      87.091]      401.290 MW overflow in l2434 time  22 (pre-contingency)
[      87.092]      431.106 MW overflow in l2372 time  22 (pre-contingency)
[      87.093]      780.000 MW overflow in l2314 time  22 (pre-contingency)
[      87.094]      170.088 MW overflow in l2371 time  23 (pre-contingency)
[      87.095]      172.010 MW overflow in l2430 time  23 (pre-contingency)
[      87.096]      289.138 MW overflow in l2375 time  23 (pre-contingency)
[      87.097]      296.818 MW overflow in l2372 time  23 (pre-contingency)
[      87.098]      401.290 MW overflow in l2434 time  23 (pre-contingency)
[      87.098]      169.987 MW overflow in l2371 time  24 (pre-contingency)
[      87.100]      172.010 MW overflow in l2430 time  24 (pre-contingency)
[      87.101]      289.037 MW overflow in l2375 time  24 (pre-contingency)
[      87.102]      296.717 MW overflow in l2372 time  24 (pre-contingency)
[      87.102]      401.290 MW overflow in l2434 time  24 (pre-contingency)
[      87.103]       35.566 MW overflow in l2371 time  25 (pre-contingency)
[      87.105]      147.160 MW overflow in l2434 time  25 (pre-contingency)
[      87.106]      298.116 MW overflow in l2372 time  25 (pre-contingency)
[      87.107]      505.000 MW overflow in l2314 time  25 (pre-contingency)
[      87.108]       36.004 MW overflow in l2371 time  26 (pre-contingency)
[      87.109]      147.160 MW overflow in l2434 time  26 (pre-contingency)
[      87.110]      298.554 MW overflow in l2372 time  26 (pre-contingency)
[      87.111]      505.000 MW overflow in l2314 time  26 (pre-contingency)
[      87.112]       36.266 MW overflow in l2371 time  27 (pre-contingency)
[      87.113]      147.160 MW overflow in l2434 time  27 (pre-contingency)
[      87.114]      247.351 MW overflow in l2314 time  27 (pre-contingency)
[      87.115]      298.816 MW overflow in l2372 time  27 (pre-contingency)
[      87.116]       36.172 MW overflow in l2371 time  28 (pre-contingency)
[      87.117]      147.160 MW overflow in l2434 time  28 (pre-contingency)
[      87.118]      298.722 MW overflow in l2372 time  28 (pre-contingency)
[      87.119]      399.171 MW overflow in l2314 time  28 (pre-contingency)
[      87.120]       35.488 MW overflow in l2371 time  29 (pre-contingency)
[      87.121]      147.160 MW overflow in l2434 time  29 (pre-contingency)
[      87.123]      298.038 MW overflow in l2372 time  29 (pre-contingency)
[      87.124]      505.000 MW overflow in l2314 time  29 (pre-contingency)
[      87.124]      169.682 MW overflow in l2371 time  30 (pre-contingency)
[      87.126]      172.010 MW overflow in l2430 time  30 (pre-contingency)
[      87.127]      288.732 MW overflow in l2375 time  30 (pre-contingency)
[      87.128]      296.412 MW overflow in l2372 time  30 (pre-contingency)
[      87.129]      401.290 MW overflow in l2434 time  30 (pre-contingency)
[      87.130]      301.417 MW overflow in l2371 time  31 (pre-contingency)
[      87.131]      401.290 MW overflow in l2434 time  31 (pre-contingency)
[      87.132]      434.037 MW overflow in l2375 time  31 (pre-contingency)
[      87.133]      563.977 MW overflow in l2372 time  31 (pre-contingency)
[      87.134]      780.000 MW overflow in l2314 time  31 (pre-contingency)
[      87.135]      301.702 MW overflow in l2371 time  32 (pre-contingency)
[      87.136]      401.290 MW overflow in l2434 time  32 (pre-contingency)
[      87.137]      434.322 MW overflow in l2375 time  32 (pre-contingency)
[      87.138]      564.262 MW overflow in l2372 time  32 (pre-contingency)
[      87.139]      780.000 MW overflow in l2314 time  32 (pre-contingency)
[      87.140]      285.756 MW overflow in l2375 time  33 (pre-contingency)
[      87.141]      302.526 MW overflow in l2371 time  33 (pre-contingency)
[      87.142]      401.290 MW overflow in l2434 time  33 (pre-contingency)
[      87.143]      429.266 MW overflow in l2372 time  33 (pre-contingency)
[      87.144]      780.000 MW overflow in l2314 time  33 (pre-contingency)
[      87.145]      285.815 MW overflow in l2375 time  34 (pre-contingency)
[      87.146]      302.585 MW overflow in l2371 time  34 (pre-contingency)
[      87.147]      401.290 MW overflow in l2434 time  34 (pre-contingency)
[      87.149]      429.325 MW overflow in l2372 time  34 (pre-contingency)
[      87.150]      780.000 MW overflow in l2314 time  34 (pre-contingency)
[      87.151]      286.072 MW overflow in l2375 time  35 (pre-contingency)
[      87.152]      302.842 MW overflow in l2371 time  35 (pre-contingency)
[      87.153]      401.290 MW overflow in l2434 time  35 (pre-contingency)
[      87.154]      429.582 MW overflow in l2372 time  35 (pre-contingency)
[      87.155]      780.000 MW overflow in l2314 time  35 (pre-contingency)
[      87.156]      264.887 MW overflow in l2374 time  36 (pre-contingency)
[      87.157]      286.467 MW overflow in l2375 time  36 (pre-contingency)
[      87.158]      401.290 MW overflow in l2434 time  36 (pre-contingency)
[      87.159]      429.977 MW overflow in l2372 time  36 (pre-contingency)
[      87.160]      780.000 MW overflow in l2314 time  36 (pre-contingency)
[      87.161] Setting MILP time limit to 1160.98 seconds
[      87.161] Solving MILP...
Gurobi Optimizer version 9.0.0 build v9.0.0rc2 (linux64)
Optimize a model with 271805 rows, 353047 columns and 961245 nonzeros
Model fingerprint: 0xb948f82a
Variable types: 291199 continuous, 61848 integer (0 binary)
Coefficient statistics:
  Matrix range     [1e-01, 1e+03]
  Objective range  [8e+00, 1e+05]
  Bounds range     [5e-02, 5e+02]
  RHS range        [5e-02, 1e+03]

MIP start from previous solve produced solution with objective 3.36236e+07 (0.53s)
Loaded MIP start from previous solve with objective 3.36236e+07

Presolve removed 124166 rows and 241686 columns
Presolve time: 3.43s
Presolved: 147639 rows, 111361 columns, 561196 nonzeros
Variable types: 64066 continuous, 47295 integer (47295 binary)

Deterministic concurrent LP optimizer: primal and dual simplex
Showing first log only...


Root simplex log...

Iteration    Objective       Primal Inf.    Dual Inf.      Time
   43481    1.1702334e+09   1.631094e+02   5.279405e+09      5s
   57078    1.9848813e+09   0.000000e+00   1.046121e+09      6s
Concurrent spin time: 0.00s

Solved with dual simplex

Root relaxation: objective 2.578317e+07, 32440 iterations, 4.96 seconds

    Nodes    |    Current Node    |     Objective Bounds      |     Work
 Expl Unexpl |  Obj  Depth IntInf | Incumbent    BestBd   Gap | It/Node Time

     0     0 2.5783e+07    0  206 3.3624e+07 2.5783e+07  23.3%     -   10s
H    0     0                    2.579331e+07 2.5783e+07  0.04%     -   11s

Explored 1 nodes (33434 simplex iterations) in 11.12 seconds
Thread count was 4 (of 32 available processors)

Solution count 2: 2.57933e+07 3.36236e+07 

Optimal solution found (tolerance 1.00e-02)
Best objective 2.579330647857e+07, best bound 2.578316863537e+07, gap 0.0393%
[      98.455] Verifying transmission limits...
[     102.803] Verified transmission limits in 4.35 seconds
[     102.803]       87.240 MW overflow in l2350 time   1 (pre-contingency)
[     102.806]      122.316 MW overflow in l2374 time   1 (pre-contingency)
[     102.807]      163.040 MW overflow in l2431 time   1 (pre-contingency)
[     102.808]       87.695 MW overflow in l2350 time   2 (pre-contingency)
[     102.809]      172.010 MW overflow in l2430 time   2 (pre-contingency)
[     102.810]       87.730 MW overflow in l2350 time   3 (pre-contingency)
[     102.811]      172.010 MW overflow in l2430 time   3 (pre-contingency)
[     102.811]       87.662 MW overflow in l2350 time   4 (pre-contingency)
[     102.812]      122.740 MW overflow in l2374 time   4 (pre-contingency)
[     102.813]      172.010 MW overflow in l2430 time   4 (pre-contingency)
[     102.814]       87.185 MW overflow in l2350 time   5 (pre-contingency)
[     102.815]      122.261 MW overflow in l2374 time   5 (pre-contingency)
[     102.816]      163.040 MW overflow in l2431 time   5 (pre-contingency)
[     102.817]       50.720 MW overflow in l2429 time   6 (pre-contingency)
[     102.818]       90.322 MW overflow in l2350 time   6 (pre-contingency)
[     102.818]      149.850 MW overflow in l2435 time   6 (pre-contingency)
[     102.819]      163.040 MW overflow in l2431 time   6 (pre-contingency)
[     102.820]       50.720 MW overflow in l2429 time   7 (pre-contingency)
[     102.821]      163.040 MW overflow in l2431 time   7 (pre-contingency)
[     102.821]      172.010 MW overflow in l2430 time   7 (pre-contingency)
[     102.822]      406.007 MW overflow in l2374 time   7 (pre-contingency)
[     102.823]      510.924 MW overflow in l2350 time   7 (pre-contingency)
[     102.824]       50.720 MW overflow in l2429 time   8 (pre-contingency)
[     102.825]      163.040 MW overflow in l2431 time   8 (pre-contingency)
[     102.825]      172.010 MW overflow in l2430 time   8 (pre-contingency)
[     102.826]      262.499 MW overflow in l2374 time   8 (pre-contingency)
[     102.827]      368.854 MW overflow in l2350 time   8 (pre-contingency)
[     102.828]      163.040 MW overflow in l2431 time   9 (pre-contingency)
[     102.829]      172.010 MW overflow in l2430 time   9 (pre-contingency)
[     102.829]      263.455 MW overflow in l2374 time   9 (pre-contingency)
[     102.830]      369.807 MW overflow in l2350 time   9 (pre-contingency)
[     102.831]      395.380 MW overflow in l2435 time   9 (pre-contingency)
[     102.832]      163.040 MW overflow in l2431 time  10 (pre-contingency)
[     102.833]      172.010 MW overflow in l2430 time  10 (pre-contingency)
[     102.833]      263.274 MW overflow in l2374 time  10 (pre-contingency)
[     102.834]      369.627 MW overflow in l2350 time  10 (pre-contingency)
[     102.835]      395.380 MW overflow in l2435 time  10 (pre-contingency)
[     102.836]       50.720 MW overflow in l2429 time  11 (pre-contingency)
[     102.837]      163.040 MW overflow in l2431 time  11 (pre-contingency)
[     102.837]      172.010 MW overflow in l2430 time  11 (pre-contingency)
[     102.838]      370.172 MW overflow in l2350 time  11 (pre-contingency)
[     102.839]      395.380 MW overflow in l2435 time  11 (pre-contingency)
[     102.840]       50.720 MW overflow in l2429 time  12 (pre-contingency)
[     102.841]      163.040 MW overflow in l2431 time  12 (pre-contingency)
[     102.841]      172.010 MW overflow in l2430 time  12 (pre-contingency)
[     102.842]      370.588 MW overflow in l2350 time  12 (pre-contingency)
[     102.843]      395.380 MW overflow in l2435 time  12 (pre-contingency)
[     102.844]       50.720 MW overflow in l2429 time  13 (pre-contingency)
[     102.845]      163.040 MW overflow in l2431 time  13 (pre-contingency)
[     102.845]      228.437 MW overflow in l2350 time  13 (pre-contingency)
[     102.846]      395.380 MW overflow in l2435 time  13 (pre-contingency)
[     102.847]       50.720 MW overflow in l2429 time  14 (pre-contingency)
[     102.848]      149.850 MW overflow in l2435 time  14 (pre-contingency)
[     102.849]      163.040 MW overflow in l2431 time  14 (pre-contingency)
[     102.850]      228.844 MW overflow in l2350 time  14 (pre-contingency)
[     102.850]      265.357 MW overflow in l2374 time  14 (pre-contingency)
[     102.851]       86.309 MW overflow in l2350 time  15 (pre-contingency)
[     102.852]      149.850 MW overflow in l2435 time  15 (pre-contingency)
[     102.853]      163.040 MW overflow in l2431 time  15 (pre-contingency)
[     102.854]      265.693 MW overflow in l2374 time  15 (pre-contingency)
[     102.855]       86.354 MW overflow in l2350 time  16 (pre-contingency)
[     102.856]      149.850 MW overflow in l2435 time  16 (pre-contingency)
[     102.857]      163.040 MW overflow in l2431 time  16 (pre-contingency)
[     102.858]      265.738 MW overflow in l2374 time  16 (pre-contingency)
[     102.858]       50.720 MW overflow in l2429 time  17 (pre-contingency)
[     102.861]      163.040 MW overflow in l2431 time  17 (pre-contingency)
[     102.861]      228.534 MW overflow in l2350 time  17 (pre-contingency)
[     102.862]      395.380 MW overflow in l2435 time  17 (pre-contingency)
[     102.863]       50.720 MW overflow in l2429 time  18 (pre-contingency)
[     102.865]      163.040 MW overflow in l2431 time  18 (pre-contingency)
[     102.866]      172.010 MW overflow in l2430 time  18 (pre-contingency)
[     102.867]      407.224 MW overflow in l2374 time  18 (pre-contingency)
[     102.867]      512.138 MW overflow in l2350 time  18 (pre-contingency)
[     102.868]       50.720 MW overflow in l2429 time  19 (pre-contingency)
[     102.870]      163.040 MW overflow in l2431 time  19 (pre-contingency)
[     102.871]      172.010 MW overflow in l2430 time  19 (pre-contingency)
[     102.872]      407.268 MW overflow in l2374 time  19 (pre-contingency)
[     102.873]      512.181 MW overflow in l2350 time  19 (pre-contingency)
[     102.873]       50.720 MW overflow in l2429 time  20 (pre-contingency)
[     102.875]      163.040 MW overflow in l2431 time  20 (pre-contingency)
[     102.876]      172.010 MW overflow in l2430 time  20 (pre-contingency)
[     102.877]      263.561 MW overflow in l2374 time  20 (pre-contingency)
[     102.878]      369.913 MW overflow in l2350 time  20 (pre-contingency)
[     102.878]       50.720 MW overflow in l2429 time  21 (pre-contingency)
[     102.880]      163.040 MW overflow in l2431 time  21 (pre-contingency)
[     102.881]      172.010 MW overflow in l2430 time  21 (pre-contingency)
[     102.882]      370.593 MW overflow in l2350 time  21 (pre-contingency)
[     102.883]      395.380 MW overflow in l2435 time  21 (pre-contingency)
[     102.884]       48.174 MW overflow in l2429 time  22 (pre-contingency)
[     102.885]       86.631 MW overflow in l2350 time  22 (pre-contingency)
[     102.886]      149.850 MW overflow in l2435 time  22 (pre-contingency)
[     102.887]      163.040 MW overflow in l2431 time  22 (pre-contingency)
[     102.888]      266.016 MW overflow in l2374 time  22 (pre-contingency)
[     102.889]       88.169 MW overflow in l2350 time  23 (pre-contingency)
[     102.891]      123.248 MW overflow in l2374 time  23 (pre-contingency)
[     102.892]      163.040 MW overflow in l2431 time  23 (pre-contingency)
[     102.892]       88.069 MW overflow in l2350 time  24 (pre-contingency)
[     102.894]      123.147 MW overflow in l2374 time  24 (pre-contingency)
[     102.896]      163.040 MW overflow in l2431 time  24 (pre-contingency)
[     102.896]       89.463 MW overflow in l2350 time  25 (pre-contingency)
[     102.898]       89.900 MW overflow in l2350 time  26 (pre-contingency)
[     102.900]       90.162 MW overflow in l2350 time  27 (pre-contingency)
[     102.901]       90.068 MW overflow in l2350 time  28 (pre-contingency)
[     102.902]       89.385 MW overflow in l2350 time  29 (pre-contingency)
[     102.903]       87.765 MW overflow in l2350 time  30 (pre-contingency)
[     102.904]      122.842 MW overflow in l2374 time  30 (pre-contingency)
[     102.905]      149.850 MW overflow in l2435 time  30 (pre-contingency)
[     102.906]      163.040 MW overflow in l2431 time  30 (pre-contingency)
[     102.907]      163.040 MW overflow in l2431 time  31 (pre-contingency)
[     102.908]      172.010 MW overflow in l2430 time  31 (pre-contingency)
[     102.909]      395.380 MW overflow in l2435 time  31 (pre-contingency)
[     102.910]      407.367 MW overflow in l2374 time  31 (pre-contingency)
[     102.911]      512.280 MW overflow in l2350 time  31 (pre-contingency)
[     102.912]      163.040 MW overflow in l2431 time  32 (pre-contingency)
[     102.913]      172.010 MW overflow in l2430 time  32 (pre-contingency)
[     102.914]      395.380 MW overflow in l2435 time  32 (pre-contingency)
[     102.914]      407.652 MW overflow in l2374 time  32 (pre-contingency)
[     102.915]      444.585 MW overflow in l2350 time  32 (pre-contingency)
[     102.916]      163.040 MW overflow in l2431 time  33 (pre-contingency)
[     102.917]      172.010 MW overflow in l2430 time  33 (pre-contingency)
[     102.918]      264.176 MW overflow in l2374 time  33 (pre-contingency)
[     102.919]      370.526 MW overflow in l2350 time  33 (pre-contingency)
[     102.920]      395.380 MW overflow in l2435 time  33 (pre-contingency)
[     102.921]      163.040 MW overflow in l2431 time  34 (pre-contingency)
[     102.922]      172.010 MW overflow in l2430 time  34 (pre-contingency)
[     102.923]      264.235 MW overflow in l2374 time  34 (pre-contingency)
[     102.924]      370.585 MW overflow in l2350 time  34 (pre-contingency)
[     102.925]      395.380 MW overflow in l2435 time  34 (pre-contingency)
[     102.926]      163.040 MW overflow in l2431 time  35 (pre-contingency)
[     102.927]      172.010 MW overflow in l2430 time  35 (pre-contingency)
[     102.928]      264.492 MW overflow in l2374 time  35 (pre-contingency)
[     102.929]      370.841 MW overflow in l2350 time  35 (pre-contingency)
[     102.930]      395.380 MW overflow in l2435 time  35 (pre-contingency)
[     102.930]       50.720 MW overflow in l2429 time  36 (pre-contingency)
[     102.932]      163.040 MW overflow in l2431 time  36 (pre-contingency)
[     102.933]      172.010 MW overflow in l2430 time  36 (pre-contingency)
[     102.933]      371.236 MW overflow in l2350 time  36 (pre-contingency)
[     102.934]      395.380 MW overflow in l2435 time  36 (pre-contingency)
[     102.935] Setting MILP time limit to 1145.21 seconds
[     102.935] Solving MILP...
Gurobi Optimizer version 9.0.0 build v9.0.0rc2 (linux64)
Optimize a model with 272219 rows, 353185 columns and 962073 nonzeros
Model fingerprint: 0x85b8fb1d
Variable types: 291337 continuous, 61848 integer (0 binary)
Coefficient statistics:
  Matrix range     [1e-01, 1e+03]
  Objective range  [8e+00, 1e+05]
  Bounds range     [5e-02, 5e+02]
  RHS range        [5e-02, 1e+03]

MIP start from previous solve produced solution with objective 4.18873e+07 (0.51s)
Loaded MIP start from previous solve with objective 4.18873e+07

Presolve removed 124694 rows and 241880 columns
Presolve time: 3.47s
Presolved: 147525 rows, 111305 columns, 561365 nonzeros
Variable types: 64010 continuous, 47295 integer (47295 binary)

Deterministic concurrent LP optimizer: primal and dual simplex
Showing first log only...


Root simplex log...

Iteration    Objective       Primal Inf.    Dual Inf.      Time
   41759    1.1705634e+09   1.491445e+01   7.341950e+08      5s
   49093    2.3590631e+09   0.000000e+00   9.990097e+08      5s
Concurrent spin time: 0.00s

Solved with dual simplex

Root relaxation: objective 2.583042e+07, 31228 iterations, 4.22 seconds

    Nodes    |    Current Node    |     Objective Bounds      |     Work
 Expl Unexpl |  Obj  Depth IntInf | Incumbent    BestBd   Gap | It/Node Time

     0     0 2.5830e+07    0  222 4.1887e+07 2.5830e+07  38.3%     -   10s
H    0     0                    2.583983e+07 2.5830e+07  0.04%     -   10s

Explored 1 nodes (32230 simplex iterations) in 10.47 seconds
Thread count was 4 (of 32 available processors)

Solution count 2: 2.58398e+07 4.18873e+07 

Optimal solution found (tolerance 1.00e-02)
Best objective 2.583982559733e+07, best bound 2.583042084149e+07, gap 0.0364%
[     114.097] Verifying transmission limits...
[     118.611] Verified transmission limits in 4.51 seconds
[     118.611]        2.350 MW overflow in l2306 time   7 (pre-contingency)
[     118.612]       33.642 MW overflow in l810  time   7 (outage: line l298)
[     119.045]       36.700 MW overflow in l2307 time   7 (pre-contingency)
[     119.046]        2.350 MW overflow in l2306 time   8 (pre-contingency)
[     119.047]       26.848 MW overflow in l810  time   8 (outage: line l298)
[     119.050]       36.700 MW overflow in l2307 time   8 (pre-contingency)
[     119.051]        2.350 MW overflow in l2306 time   9 (pre-contingency)
[     119.052]       36.700 MW overflow in l2307 time   9 (pre-contingency)
[     119.053]       50.720 MW overflow in l2429 time   9 (pre-contingency)
[     119.054]        2.350 MW overflow in l2306 time  10 (pre-contingency)
[     119.055]       36.700 MW overflow in l2307 time  10 (pre-contingency)
[     119.056]       50.720 MW overflow in l2429 time  10 (pre-contingency)
[     119.057]        2.350 MW overflow in l2306 time  11 (pre-contingency)
[     119.058]       36.700 MW overflow in l2307 time  11 (pre-contingency)
[     119.059]        2.350 MW overflow in l2306 time  12 (pre-contingency)
[     119.060]       36.700 MW overflow in l2307 time  12 (pre-contingency)
[     119.061]        2.350 MW overflow in l2306 time  18 (pre-contingency)
[     119.062]       36.700 MW overflow in l2307 time  18 (pre-contingency)
[     119.063]       42.973 MW overflow in l810  time  18 (outage: line l298)
[     119.065]        2.350 MW overflow in l2306 time  19 (pre-contingency)
[     119.067]       36.700 MW overflow in l2307 time  19 (pre-contingency)
[     119.068]       43.309 MW overflow in l810  time  19 (outage: line l298)
[     119.070]        2.350 MW overflow in l2306 time  20 (pre-contingency)
[     119.071]        7.939 MW overflow in l810  time  20 (outage: line l298)
[     119.074]       36.700 MW overflow in l2307 time  20 (pre-contingency)
[     119.075]        2.350 MW overflow in l2306 time  21 (pre-contingency)
[     119.076]       36.700 MW overflow in l2307 time  21 (pre-contingency)
[     119.077]        2.350 MW overflow in l2306 time  31 (pre-contingency)
[     119.078]       36.700 MW overflow in l2307 time  31 (pre-contingency)
[     119.079]       44.690 MW overflow in l810  time  31 (outage: line l298)
[     119.082]       50.720 MW overflow in l2429 time  31 (pre-contingency)
[     119.083]        2.350 MW overflow in l2306 time  32 (pre-contingency)
[     119.085]       36.700 MW overflow in l2307 time  32 (pre-contingency)
[     119.086]       46.279 MW overflow in l810  time  32 (outage: line l298)
[     119.088]       50.720 MW overflow in l2429 time  32 (pre-contingency)
[     119.089]        2.350 MW overflow in l2306 time  33 (pre-contingency)
[     119.091]       11.708 MW overflow in l810  time  33 (outage: line l298)
[     119.093]       36.700 MW overflow in l2307 time  33 (pre-contingency)
[     119.094]       50.720 MW overflow in l2429 time  33 (pre-contingency)
[     119.095]        2.350 MW overflow in l2306 time  34 (pre-contingency)
[     119.097]       11.104 MW overflow in l810  time  34 (outage: line l298)
[     119.099]       36.700 MW overflow in l2307 time  34 (pre-contingency)
[     119.100]       50.720 MW overflow in l2429 time  34 (pre-contingency)
[     119.101]        0.294 MW overflow in l810  time  35 (outage: line l298)
[     119.104]        2.350 MW overflow in l2306 time  35 (pre-contingency)
[     119.105]       36.700 MW overflow in l2307 time  35 (pre-contingency)
[     119.106]       50.720 MW overflow in l2429 time  35 (pre-contingency)
[     119.107]        2.350 MW overflow in l2306 time  36 (pre-contingency)
[     119.108] Setting MILP time limit to 1129.03 seconds
[     119.108] Solving MILP...
Gurobi Optimizer version 9.0.0 build v9.0.0rc2 (linux64)
Optimize a model with 272363 rows, 353233 columns and 969811 nonzeros
Model fingerprint: 0x3d44b979
Variable types: 291385 continuous, 61848 integer (0 binary)
Coefficient statistics:
  Matrix range     [1e-03, 1e+03]
  Objective range  [8e+00, 1e+05]
  Bounds range     [5e-02, 5e+02]
  RHS range        [5e-02, 1e+03]

MIP start from previous solve produced solution with objective 2.58825e+07 (0.50s)
Loaded MIP start from previous solve with objective 2.58825e+07

Presolve removed 124468 rows and 239508 columns
Presolve time: 3.50s
Presolved: 147895 rows, 113725 columns, 568296 nonzeros
Variable types: 66430 continuous, 47295 integer (47295 binary)

Deterministic concurrent LP optimizer: primal and dual simplex
Showing first log only...


Root simplex log...

Iteration    Objective       Primal Inf.    Dual Inf.      Time
   43478    1.1694967e+09   1.924537e+01   1.322347e+09      5s
   49271    2.5155424e+09   0.000000e+00   7.667154e+08      5s
  108794    1.4707633e+08   0.000000e+00   1.593964e+08     10s
Concurrent spin time: 0.04s

Solved with dual simplex

Root relaxation: objective 2.583559e+07, 40097 iterations, 8.26 seconds

    Nodes    |    Current Node    |     Objective Bounds      |     Work
 Expl Unexpl |  Obj  Depth IntInf | Incumbent    BestBd   Gap | It/Node Time

     0     0 2.5843e+07    0  121 2.5882e+07 2.5843e+07  0.15%     -   14s

Explored 0 nodes (41240 simplex iterations) in 14.64 seconds
Thread count was 4 (of 32 available processors)

Solution count 1: 2.58825e+07 

Optimal solution found (tolerance 1.00e-02)
Best objective 2.588248852522e+07, best bound 2.584296051252e+07, gap 0.1527%
[     133.912] Verifying transmission limits...
[     138.639] Verified transmission limits in 4.73 seconds
[     138.639] No violations found
[     138.639] MIP gap tolerance set to 0.001000
[     138.639] Setting MILP time limit to 1109.50 seconds
[     138.639] Solving MILP...
Gurobi Optimizer version 9.0.0 build v9.0.0rc2 (linux64)
Optimize a model with 272363 rows, 353233 columns and 969811 nonzeros
Model fingerprint: 0x3d44b979
Variable types: 291385 continuous, 61848 integer (0 binary)
Coefficient statistics:
  Matrix range     [1e-03, 1e+03]
  Objective range  [8e+00, 1e+05]
  Bounds range     [5e-02, 5e+02]
  RHS range        [5e-02, 1e+03]
Presolved: 147895 rows, 113725 columns, 568296 nonzeros

Continuing optimization...

H    0     2                    2.584824e+07 2.5843e+07  0.02%     -   24s
     0     2 2.5843e+07    0  121 2.5848e+07 2.5843e+07  0.02%     -   24s

Explored 1 nodes (42192 simplex iterations) in 10.19 seconds
Thread count was 4 (of 32 available processors)

Solution count 2: 2.58482e+07 2.58825e+07 

Optimal solution found (tolerance 1.00e-03)
Best objective 2.584823502257e+07, best bound 2.584353636235e+07, gap 0.0182%
[     148.831] Verifying transmission limits...
[     153.536] Verified transmission limits in 4.70 seconds
[     153.536] No violations found
[     153.536] Total time was 124.06 seconds
[     153.536] Writing: /local_workspace/kazaalek/uc/results_default/matpower/case1888rte/2017-01-31.1.sol.json
[     156.225] Verifying solution...
[     156.581] Exporting final model to /local_workspace/kazaalek/uc/results_default/matpower/case1888rte/2017-01-31.1.final.mps.gz
