[       0.037] Reading: matpower/case1888rte/2017-02-17
[       3.003] Read problem in 2.96 seconds
[       3.831] Computing injection shift factors...
[       4.893] Computed ISF in 1.06 seconds
[       4.893] Computing line outage factors...
[       6.082] Computed LODF in 1.19 seconds
[       6.082] Applying PTDF and LODF cutoffs (0.00500, 0.00100)
[       6.334] Building model...
[      19.348] Built model in 13.01 seconds
[      19.348] Setting names...
[      19.348] Setting variable and constraint names...
[      21.197] Set names in 1.85 seconds
[      21.197] Exporting initial model without transmission constraints to /local_workspace/kazaalek/uc/results_default/matpower/case1888rte/2017-02-17.1.init.mps.gz
[      50.401] Optimizing...
[      50.570] MIP gap tolerance set to 0.010000
[      50.570] Setting MILP time limit to 1199.83 seconds
[      50.620] Solving MILP...
Gurobi Optimizer version 9.0.0 build v9.0.0rc2 (linux64)
Optimize a model with 270740 rows, 352692 columns and 959115 nonzeros
Model fingerprint: 0x619cc546
Variable types: 290844 continuous, 61848 integer (0 binary)
Coefficient statistics:
  Matrix range     [1e-01, 1e+03]
  Objective range  [8e+00, 1e+05]
  Bounds range     [4e-02, 5e+02]
  RHS range        [4e-02, 1e+03]
Presolve removed 122693 rows and 242003 columns
Presolve time: 3.35s
Presolved: 148047 rows, 110689 columns, 560766 nonzeros
Variable types: 63360 continuous, 47329 integer (47329 binary)

Deterministic concurrent LP optimizer: primal and dual simplex
Showing first log only...


Root simplex log...

Iteration    Objective       Primal Inf.    Dual Inf.      Time
   53271    1.1261315e+09   5.588076e+00   1.360018e+09      5s
   64391    4.9836939e+08   0.000000e+00   1.532186e+09      6s
  119475    3.2487757e+07   0.000000e+00   1.777094e+08     10s
Concurrent spin time: 0.03s

Solved with dual simplex

Root relaxation: objective 2.337857e+07, 40945 iterations, 6.81 seconds

    Nodes    |    Current Node    |     Objective Bounds      |     Work
 Expl Unexpl |  Obj  Depth IntInf | Incumbent    BestBd   Gap | It/Node Time

     0     0 2.3379e+07    0   58          - 2.3379e+07      -     -   11s
H    0     0                    2.341434e+07 2.3379e+07  0.15%     -   11s

Explored 1 nodes (41935 simplex iterations) in 11.89 seconds
Thread count was 4 (of 32 available processors)

Solution count 1: 2.34143e+07 

Optimal solution found (tolerance 1.00e-02)
Best objective 2.341434205623e+07, best bound 2.337856770629e+07, gap 0.1528%
[      71.166] Verifying transmission limits...
[      77.430] Verified transmission limits in 6.26 seconds
[      77.430]      433.624 MW overflow in l2314 time   1 (pre-contingency)
[      77.642]      632.520 MW overflow in l2432 time   1 (pre-contingency)
[      77.644]      724.110 MW overflow in l2425 time   1 (pre-contingency)
[      77.645]      901.070 MW overflow in l2284 time   1 (pre-contingency)
[      77.646]      903.170 MW overflow in l2285 time   1 (pre-contingency)
[      77.646]      230.000 MW overflow in l2314 time   2 (pre-contingency)
[      77.648]      632.520 MW overflow in l2432 time   2 (pre-contingency)
[      77.648]      724.110 MW overflow in l2425 time   2 (pre-contingency)
[      77.649]      901.070 MW overflow in l2284 time   2 (pre-contingency)
[      77.650]      903.170 MW overflow in l2285 time   2 (pre-contingency)
[      77.651]      230.000 MW overflow in l2314 time   3 (pre-contingency)
[      77.652]      632.520 MW overflow in l2432 time   3 (pre-contingency)
[      77.653]      724.110 MW overflow in l2425 time   3 (pre-contingency)
[      77.654]      901.070 MW overflow in l2284 time   3 (pre-contingency)
[      77.654]      903.170 MW overflow in l2285 time   3 (pre-contingency)
[      77.655]      230.000 MW overflow in l2314 time   4 (pre-contingency)
[      77.656]      632.520 MW overflow in l2432 time   4 (pre-contingency)
[      77.657]      724.110 MW overflow in l2425 time   4 (pre-contingency)
[      77.658]      901.070 MW overflow in l2284 time   4 (pre-contingency)
[      77.659]      903.170 MW overflow in l2285 time   4 (pre-contingency)
[      77.659]      457.327 MW overflow in l2314 time   5 (pre-contingency)
[      77.661]      632.520 MW overflow in l2432 time   5 (pre-contingency)
[      77.661]      724.110 MW overflow in l2425 time   5 (pre-contingency)
[      77.662]      901.070 MW overflow in l2284 time   5 (pre-contingency)
[      77.663]      903.170 MW overflow in l2285 time   5 (pre-contingency)
[      77.664]      505.000 MW overflow in l2314 time   6 (pre-contingency)
[      77.665]      863.760 MW overflow in l2432 time   6 (pre-contingency)
[      77.666]      901.070 MW overflow in l2284 time   6 (pre-contingency)
[      77.667]      903.170 MW overflow in l2285 time   6 (pre-contingency)
[      77.667]      981.650 MW overflow in l2425 time   6 (pre-contingency)
[      77.668]      863.760 MW overflow in l2432 time   7 (pre-contingency)
[      77.669]      896.000 MW overflow in l2315 time   7 (pre-contingency)
[      77.670]      901.070 MW overflow in l2284 time   7 (pre-contingency)
[      77.671]      903.170 MW overflow in l2285 time   7 (pre-contingency)
[      77.672]      981.650 MW overflow in l2425 time   7 (pre-contingency)
[      77.672]      863.760 MW overflow in l2432 time   8 (pre-contingency)
[      77.674]      896.000 MW overflow in l2315 time   8 (pre-contingency)
[      77.674]      901.070 MW overflow in l2284 time   8 (pre-contingency)
[      77.675]      903.170 MW overflow in l2285 time   8 (pre-contingency)
[      77.676]      981.650 MW overflow in l2425 time   8 (pre-contingency)
[      77.677]      863.760 MW overflow in l2432 time   9 (pre-contingency)
[      77.678]      896.000 MW overflow in l2315 time   9 (pre-contingency)
[      77.679]      901.070 MW overflow in l2284 time   9 (pre-contingency)
[      77.679]      903.170 MW overflow in l2285 time   9 (pre-contingency)
[      77.680]      981.650 MW overflow in l2425 time   9 (pre-contingency)
[      77.681]      780.000 MW overflow in l2314 time  10 (pre-contingency)
[      77.682]      863.760 MW overflow in l2432 time  10 (pre-contingency)
[      77.683]      901.070 MW overflow in l2284 time  10 (pre-contingency)
[      77.684]      903.170 MW overflow in l2285 time  10 (pre-contingency)
[      77.684]      981.650 MW overflow in l2425 time  10 (pre-contingency)
[      77.685]      780.000 MW overflow in l2314 time  11 (pre-contingency)
[      77.686]      863.760 MW overflow in l2432 time  11 (pre-contingency)
[      77.687]      901.070 MW overflow in l2284 time  11 (pre-contingency)
[      77.688]      903.170 MW overflow in l2285 time  11 (pre-contingency)
[      77.689]      981.650 MW overflow in l2425 time  11 (pre-contingency)
[      77.690]      780.000 MW overflow in l2314 time  12 (pre-contingency)
[      77.691]      863.760 MW overflow in l2432 time  12 (pre-contingency)
[      77.692]      901.070 MW overflow in l2284 time  12 (pre-contingency)
[      77.693]      903.170 MW overflow in l2285 time  12 (pre-contingency)
[      77.693]      981.650 MW overflow in l2425 time  12 (pre-contingency)
[      77.694]      780.000 MW overflow in l2314 time  13 (pre-contingency)
[      77.695]      863.760 MW overflow in l2432 time  13 (pre-contingency)
[      77.696]      901.070 MW overflow in l2284 time  13 (pre-contingency)
[      77.697]      903.170 MW overflow in l2285 time  13 (pre-contingency)
[      77.698]      981.650 MW overflow in l2425 time  13 (pre-contingency)
[      77.699]      505.000 MW overflow in l2314 time  14 (pre-contingency)
[      77.700]      863.760 MW overflow in l2432 time  14 (pre-contingency)
[      77.701]      901.070 MW overflow in l2284 time  14 (pre-contingency)
[      77.702]      903.170 MW overflow in l2285 time  14 (pre-contingency)
[      77.702]      981.650 MW overflow in l2425 time  14 (pre-contingency)
[      77.703]      505.000 MW overflow in l2314 time  15 (pre-contingency)
[      77.704]      863.760 MW overflow in l2432 time  15 (pre-contingency)
[      77.705]      901.070 MW overflow in l2284 time  15 (pre-contingency)
[      77.706]      903.170 MW overflow in l2285 time  15 (pre-contingency)
[      77.707]      981.650 MW overflow in l2425 time  15 (pre-contingency)
[      77.708]      505.000 MW overflow in l2314 time  16 (pre-contingency)
[      77.709]      801.921 MW overflow in l2432 time  16 (pre-contingency)
[      77.710]      901.070 MW overflow in l2284 time  16 (pre-contingency)
[      77.711]      903.170 MW overflow in l2285 time  16 (pre-contingency)
[      77.712]      981.650 MW overflow in l2425 time  16 (pre-contingency)
[      77.712]      505.000 MW overflow in l2314 time  17 (pre-contingency)
[      77.714]      863.760 MW overflow in l2432 time  17 (pre-contingency)
[      77.715]      901.070 MW overflow in l2284 time  17 (pre-contingency)
[      77.716]      903.170 MW overflow in l2285 time  17 (pre-contingency)
[      77.716]      981.650 MW overflow in l2425 time  17 (pre-contingency)
[      77.717]      780.000 MW overflow in l2314 time  18 (pre-contingency)
[      77.718]      863.760 MW overflow in l2432 time  18 (pre-contingency)
[      77.719]      901.070 MW overflow in l2284 time  18 (pre-contingency)
[      77.720]      903.170 MW overflow in l2285 time  18 (pre-contingency)
[      77.721]      981.650 MW overflow in l2425 time  18 (pre-contingency)
[      77.722]      780.000 MW overflow in l2314 time  19 (pre-contingency)
[      77.723]      863.760 MW overflow in l2432 time  19 (pre-contingency)
[      77.724]      901.070 MW overflow in l2284 time  19 (pre-contingency)
[      77.725]      903.170 MW overflow in l2285 time  19 (pre-contingency)
[      77.726]      981.650 MW overflow in l2425 time  19 (pre-contingency)
[      77.727]      780.000 MW overflow in l2314 time  20 (pre-contingency)
[      77.728]      863.760 MW overflow in l2432 time  20 (pre-contingency)
[      77.730]      901.070 MW overflow in l2284 time  20 (pre-contingency)
[      77.730]      903.170 MW overflow in l2285 time  20 (pre-contingency)
[      77.731]      981.650 MW overflow in l2425 time  20 (pre-contingency)
[      77.732]      780.000 MW overflow in l2314 time  21 (pre-contingency)
[      77.733]      863.760 MW overflow in l2432 time  21 (pre-contingency)
[      77.734]      901.070 MW overflow in l2284 time  21 (pre-contingency)
[      77.735]      903.170 MW overflow in l2285 time  21 (pre-contingency)
[      77.736]      981.650 MW overflow in l2425 time  21 (pre-contingency)
[      77.737]      780.000 MW overflow in l2314 time  22 (pre-contingency)
[      77.738]      863.760 MW overflow in l2432 time  22 (pre-contingency)
[      77.740]      901.070 MW overflow in l2284 time  22 (pre-contingency)
[      77.741]      903.170 MW overflow in l2285 time  22 (pre-contingency)
[      77.741]      981.650 MW overflow in l2425 time  22 (pre-contingency)
[      77.742]      505.000 MW overflow in l2314 time  23 (pre-contingency)
[      77.744]      863.760 MW overflow in l2432 time  23 (pre-contingency)
[      77.745]      901.070 MW overflow in l2284 time  23 (pre-contingency)
[      77.746]      903.170 MW overflow in l2285 time  23 (pre-contingency)
[      77.747]      981.650 MW overflow in l2425 time  23 (pre-contingency)
[      77.747]      505.000 MW overflow in l2314 time  24 (pre-contingency)
[      77.749]      632.520 MW overflow in l2432 time  24 (pre-contingency)
[      77.750]      901.070 MW overflow in l2284 time  24 (pre-contingency)
[      77.751]      903.170 MW overflow in l2285 time  24 (pre-contingency)
[      77.751]      981.650 MW overflow in l2425 time  24 (pre-contingency)
[      77.752]      505.000 MW overflow in l2314 time  25 (pre-contingency)
[      77.753]      632.520 MW overflow in l2432 time  25 (pre-contingency)
[      77.755]      724.110 MW overflow in l2425 time  25 (pre-contingency)
[      77.756]      901.070 MW overflow in l2284 time  25 (pre-contingency)
[      77.756]      903.170 MW overflow in l2285 time  25 (pre-contingency)
[      77.757]      230.000 MW overflow in l2314 time  26 (pre-contingency)
[      77.759]      632.520 MW overflow in l2432 time  26 (pre-contingency)
[      77.760]      724.110 MW overflow in l2425 time  26 (pre-contingency)
[      77.761]      901.070 MW overflow in l2284 time  26 (pre-contingency)
[      77.761]      903.170 MW overflow in l2285 time  26 (pre-contingency)
[      77.762]      230.000 MW overflow in l2314 time  27 (pre-contingency)
[      77.764]      401.280 MW overflow in l2432 time  27 (pre-contingency)
[      77.765]      724.110 MW overflow in l2425 time  27 (pre-contingency)
[      77.766]      901.070 MW overflow in l2284 time  27 (pre-contingency)
[      77.767]      903.170 MW overflow in l2285 time  27 (pre-contingency)
[      77.767]      230.000 MW overflow in l2314 time  28 (pre-contingency)
[      77.769]      401.280 MW overflow in l2432 time  28 (pre-contingency)
[      77.770]      724.110 MW overflow in l2425 time  28 (pre-contingency)
[      77.771]      901.070 MW overflow in l2284 time  28 (pre-contingency)
[      77.772]      903.170 MW overflow in l2285 time  28 (pre-contingency)
[      77.772]      230.000 MW overflow in l2314 time  29 (pre-contingency)
[      77.774]      440.835 MW overflow in l2432 time  29 (pre-contingency)
[      77.775]      724.110 MW overflow in l2425 time  29 (pre-contingency)
[      77.776]      901.070 MW overflow in l2284 time  29 (pre-contingency)
[      77.777]      903.170 MW overflow in l2285 time  29 (pre-contingency)
[      77.777]      503.524 MW overflow in l2314 time  30 (pre-contingency)
[      77.779]      632.520 MW overflow in l2432 time  30 (pre-contingency)
[      77.780]      724.110 MW overflow in l2425 time  30 (pre-contingency)
[      77.781]      901.070 MW overflow in l2284 time  30 (pre-contingency)
[      77.782]      903.170 MW overflow in l2285 time  30 (pre-contingency)
[      77.782]      505.000 MW overflow in l2314 time  31 (pre-contingency)
[      77.784]      863.760 MW overflow in l2432 time  31 (pre-contingency)
[      77.785]      901.070 MW overflow in l2284 time  31 (pre-contingency)
[      77.786]      903.170 MW overflow in l2285 time  31 (pre-contingency)
[      77.786]      981.650 MW overflow in l2425 time  31 (pre-contingency)
[      77.787]      780.000 MW overflow in l2314 time  32 (pre-contingency)
[      77.789]      863.760 MW overflow in l2432 time  32 (pre-contingency)
[      77.790]      901.070 MW overflow in l2284 time  32 (pre-contingency)
[      77.791]      903.170 MW overflow in l2285 time  32 (pre-contingency)
[      77.792]      981.650 MW overflow in l2425 time  32 (pre-contingency)
[      77.792]      780.000 MW overflow in l2314 time  33 (pre-contingency)
[      77.794]      863.760 MW overflow in l2432 time  33 (pre-contingency)
[      77.795]      901.070 MW overflow in l2284 time  33 (pre-contingency)
[      77.796]      903.170 MW overflow in l2285 time  33 (pre-contingency)
[      77.797]      981.650 MW overflow in l2425 time  33 (pre-contingency)
[      77.798]      780.000 MW overflow in l2314 time  34 (pre-contingency)
[      77.799]      863.760 MW overflow in l2432 time  34 (pre-contingency)
[      77.800]      901.070 MW overflow in l2284 time  34 (pre-contingency)
[      77.801]      903.170 MW overflow in l2285 time  34 (pre-contingency)
[      77.802]      981.650 MW overflow in l2425 time  34 (pre-contingency)
[      77.803]      780.000 MW overflow in l2314 time  35 (pre-contingency)
[      77.804]      863.760 MW overflow in l2432 time  35 (pre-contingency)
[      77.806]      901.070 MW overflow in l2284 time  35 (pre-contingency)
[      77.807]      903.170 MW overflow in l2285 time  35 (pre-contingency)
[      77.807]      981.650 MW overflow in l2425 time  35 (pre-contingency)
[      77.808]      708.058 MW overflow in l2314 time  36 (pre-contingency)
[      77.810]      863.760 MW overflow in l2432 time  36 (pre-contingency)
[      77.811]      901.070 MW overflow in l2284 time  36 (pre-contingency)
[      77.812]      903.170 MW overflow in l2285 time  36 (pre-contingency)
[      77.813]      981.650 MW overflow in l2425 time  36 (pre-contingency)
[      77.814] Setting MILP time limit to 1172.59 seconds
[      77.814] Solving MILP...
Gurobi Optimizer version 9.0.0 build v9.0.0rc2 (linux64)
Optimize a model with 271280 rows, 352872 columns and 960195 nonzeros
Model fingerprint: 0x4b7d8d68
Variable types: 291024 continuous, 61848 integer (0 binary)
Coefficient statistics:
  Matrix range     [1e-01, 1e+03]
  Objective range  [8e+00, 1e+05]
  Bounds range     [4e-02, 5e+02]
  RHS range        [4e-02, 1e+03]

MIP start from previous solve produced solution with objective 3.94923e+07 (0.53s)
Loaded MIP start from previous solve with objective 3.94923e+07

Presolve removed 122801 rows and 241751 columns
Presolve time: 3.34s
Presolved: 148479 rows, 111121 columns, 562109 nonzeros
Variable types: 63792 continuous, 47329 integer (47329 binary)

Deterministic concurrent LP optimizer: primal and dual simplex
Showing first log only...


Root simplex log...

Iteration    Objective       Primal Inf.    Dual Inf.      Time
   49746    1.1308647e+09   2.517121e+01   3.553230e+09      5s
   57211    1.6040991e+09   0.000000e+00   6.592532e+08      6s
Concurrent spin time: 0.00s

Solved with dual simplex

Root relaxation: objective 2.368121e+07, 34995 iterations, 5.62 seconds

    Nodes    |    Current Node    |     Objective Bounds      |     Work
 Expl Unexpl |  Obj  Depth IntInf | Incumbent    BestBd   Gap | It/Node Time

     0     0 2.3681e+07    0   85 3.9492e+07 2.3681e+07  40.0%     -   10s
H    0     0                    2.376409e+07 2.3681e+07  0.35%     -   10s

Explored 1 nodes (36026 simplex iterations) in 10.85 seconds
Thread count was 4 (of 32 available processors)

Solution count 2: 2.37641e+07 3.94923e+07 

Optimal solution found (tolerance 1.00e-02)
Best objective 2.376408511839e+07, best bound 2.368120774901e+07, gap 0.3488%
[      88.960] Verifying transmission limits...
[      93.567] Verified transmission limits in 4.61 seconds
[      93.567]      148.700 MW overflow in l2434 time   1 (pre-contingency)
[      93.570]      176.650 MW overflow in l2430 time   1 (pre-contingency)
[      93.572]      288.552 MW overflow in l2375 time   1 (pre-contingency)
[      93.572]      294.352 MW overflow in l2372 time   1 (pre-contingency)
[      93.573]      346.000 MW overflow in l2315 time   1 (pre-contingency)
[      93.574]      148.700 MW overflow in l2434 time   2 (pre-contingency)
[      93.576]      176.650 MW overflow in l2430 time   2 (pre-contingency)
[      93.577]      288.998 MW overflow in l2375 time   2 (pre-contingency)
[      93.577]      294.798 MW overflow in l2372 time   2 (pre-contingency)
[      93.578]      346.000 MW overflow in l2315 time   2 (pre-contingency)
[      93.579]      148.700 MW overflow in l2434 time   3 (pre-contingency)
[      93.581]      176.650 MW overflow in l2430 time   3 (pre-contingency)
[      93.581]      289.030 MW overflow in l2375 time   3 (pre-contingency)
[      93.582]      294.830 MW overflow in l2372 time   3 (pre-contingency)
[      93.583]      346.000 MW overflow in l2315 time   3 (pre-contingency)
[      93.584]      148.700 MW overflow in l2434 time   4 (pre-contingency)
[      93.586]      176.650 MW overflow in l2430 time   4 (pre-contingency)
[      93.586]      288.892 MW overflow in l2375 time   4 (pre-contingency)
[      93.587]      294.692 MW overflow in l2372 time   4 (pre-contingency)
[      93.588]      346.000 MW overflow in l2315 time   4 (pre-contingency)
[      93.589]      148.700 MW overflow in l2434 time   5 (pre-contingency)
[      93.590]      176.650 MW overflow in l2430 time   5 (pre-contingency)
[      93.591]      288.537 MW overflow in l2375 time   5 (pre-contingency)
[      93.592]      294.337 MW overflow in l2372 time   5 (pre-contingency)
[      93.593]      346.000 MW overflow in l2315 time   5 (pre-contingency)
[      93.594]      176.650 MW overflow in l2430 time   6 (pre-contingency)
[      93.595]      286.388 MW overflow in l2375 time   6 (pre-contingency)
[      93.596]      292.188 MW overflow in l2372 time   6 (pre-contingency)
[      93.597]      403.340 MW overflow in l2434 time   6 (pre-contingency)
[      93.598]      621.000 MW overflow in l2315 time   6 (pre-contingency)
[      93.599]      400.290 MW overflow in l2435 time   7 (pre-contingency)
[      93.600]      403.340 MW overflow in l2434 time   7 (pre-contingency)
[      93.601]      432.318 MW overflow in l2375 time   7 (pre-contingency)
[      93.602]      566.158 MW overflow in l2372 time   7 (pre-contingency)
[      93.602]      780.000 MW overflow in l2314 time   7 (pre-contingency)
[      93.603]      400.290 MW overflow in l2435 time   8 (pre-contingency)
[      93.605]      403.340 MW overflow in l2434 time   8 (pre-contingency)
[      93.606]      432.288 MW overflow in l2375 time   8 (pre-contingency)
[      93.606]      566.128 MW overflow in l2372 time   8 (pre-contingency)
[      93.607]      780.000 MW overflow in l2314 time   8 (pre-contingency)
[      93.608]      284.111 MW overflow in l2375 time   9 (pre-contingency)
[      93.610]      400.290 MW overflow in l2435 time   9 (pre-contingency)
[      93.611]      403.340 MW overflow in l2434 time   9 (pre-contingency)
[      93.611]      428.701 MW overflow in l2372 time   9 (pre-contingency)
[      93.612]      780.000 MW overflow in l2314 time   9 (pre-contingency)
[      93.613]      284.760 MW overflow in l2375 time  10 (pre-contingency)
[      93.615]      400.290 MW overflow in l2435 time  10 (pre-contingency)
[      93.616]      403.340 MW overflow in l2434 time  10 (pre-contingency)
[      93.617]      429.350 MW overflow in l2372 time  10 (pre-contingency)
[      93.617]      896.000 MW overflow in l2315 time  10 (pre-contingency)
[      93.618]      176.650 MW overflow in l2430 time  11 (pre-contingency)
[      93.620]      285.624 MW overflow in l2375 time  11 (pre-contingency)
[      93.621]      403.340 MW overflow in l2434 time  11 (pre-contingency)
[      93.622]      430.214 MW overflow in l2372 time  11 (pre-contingency)
[      93.623]      896.000 MW overflow in l2315 time  11 (pre-contingency)
[      93.623]      176.650 MW overflow in l2430 time  12 (pre-contingency)
[      93.625]      286.137 MW overflow in l2375 time  12 (pre-contingency)
[      93.626]      403.340 MW overflow in l2434 time  12 (pre-contingency)
[      93.627]      430.727 MW overflow in l2372 time  12 (pre-contingency)
[      93.628]      896.000 MW overflow in l2315 time  12 (pre-contingency)
[      93.629]      176.650 MW overflow in l2430 time  13 (pre-contingency)
[      93.631]      286.858 MW overflow in l2375 time  13 (pre-contingency)
[      93.631]      403.340 MW overflow in l2434 time  13 (pre-contingency)
[      93.632]      431.448 MW overflow in l2372 time  13 (pre-contingency)
[      93.633]      628.351 MW overflow in l2315 time  13 (pre-contingency)
[      93.634]      176.650 MW overflow in l2430 time  14 (pre-contingency)
[      93.636]      287.238 MW overflow in l2375 time  14 (pre-contingency)
[      93.637]      293.038 MW overflow in l2372 time  14 (pre-contingency)
[      93.638]      403.340 MW overflow in l2434 time  14 (pre-contingency)
[      93.639]      621.000 MW overflow in l2315 time  14 (pre-contingency)
[      93.639]      176.650 MW overflow in l2430 time  15 (pre-contingency)
[      93.641]      287.784 MW overflow in l2375 time  15 (pre-contingency)
[      93.642]      293.584 MW overflow in l2372 time  15 (pre-contingency)
[      93.643]      403.340 MW overflow in l2434 time  15 (pre-contingency)
[      93.644]      621.000 MW overflow in l2315 time  15 (pre-contingency)
[      93.645]      176.650 MW overflow in l2430 time  16 (pre-contingency)
[      93.646]      287.856 MW overflow in l2375 time  16 (pre-contingency)
[      93.647]      293.656 MW overflow in l2372 time  16 (pre-contingency)
[      93.648]      403.340 MW overflow in l2434 time  16 (pre-contingency)
[      93.649]      621.000 MW overflow in l2315 time  16 (pre-contingency)
[      93.650]      176.650 MW overflow in l2430 time  17 (pre-contingency)
[      93.652]      287.173 MW overflow in l2375 time  17 (pre-contingency)
[      93.653]      292.973 MW overflow in l2372 time  17 (pre-contingency)
[      93.654]      403.340 MW overflow in l2434 time  17 (pre-contingency)
[      93.654]      621.000 MW overflow in l2315 time  17 (pre-contingency)
[      93.655]      285.465 MW overflow in l2375 time  18 (pre-contingency)
[      93.657]      400.290 MW overflow in l2435 time  18 (pre-contingency)
[      93.658]      403.340 MW overflow in l2434 time  18 (pre-contingency)
[      93.659]      430.055 MW overflow in l2372 time  18 (pre-contingency)
[      93.660]      896.000 MW overflow in l2315 time  18 (pre-contingency)
[      93.661]      400.290 MW overflow in l2435 time  19 (pre-contingency)
[      93.663]      403.340 MW overflow in l2434 time  19 (pre-contingency)
[      93.664]      433.690 MW overflow in l2375 time  19 (pre-contingency)
[      93.665]      567.530 MW overflow in l2372 time  19 (pre-contingency)
[      93.665]      896.000 MW overflow in l2315 time  19 (pre-contingency)
[      93.666]      298.226 MW overflow in l2371 time  20 (pre-contingency)
[      93.668]      400.290 MW overflow in l2435 time  20 (pre-contingency)
[      93.669]      403.340 MW overflow in l2434 time  20 (pre-contingency)
[      93.670]      429.881 MW overflow in l2372 time  20 (pre-contingency)
[      93.671]      896.000 MW overflow in l2315 time  20 (pre-contingency)
[      93.671]      303.498 MW overflow in l2371 time  21 (pre-contingency)
[      93.674]      400.290 MW overflow in l2435 time  21 (pre-contingency)
[      93.675]      403.340 MW overflow in l2434 time  21 (pre-contingency)
[      93.675]      429.838 MW overflow in l2372 time  21 (pre-contingency)
[      93.676]      896.000 MW overflow in l2315 time  21 (pre-contingency)
[      93.677]      176.650 MW overflow in l2430 time  22 (pre-contingency)
[      93.679]      286.341 MW overflow in l2375 time  22 (pre-contingency)
[      93.680]      403.340 MW overflow in l2434 time  22 (pre-contingency)
[      93.681]      430.931 MW overflow in l2372 time  22 (pre-contingency)
[      93.681]      896.000 MW overflow in l2315 time  22 (pre-contingency)
[      93.682]      176.650 MW overflow in l2430 time  23 (pre-contingency)
[      93.684]      288.444 MW overflow in l2375 time  23 (pre-contingency)
[      93.685]      294.244 MW overflow in l2372 time  23 (pre-contingency)
[      93.686]      403.340 MW overflow in l2434 time  23 (pre-contingency)
[      93.687]      621.000 MW overflow in l2315 time  23 (pre-contingency)
[      93.688]      176.650 MW overflow in l2430 time  24 (pre-contingency)
[      93.690]      289.828 MW overflow in l2375 time  24 (pre-contingency)
[      93.691]      293.408 MW overflow in l2372 time  24 (pre-contingency)
[      93.691]      403.340 MW overflow in l2434 time  24 (pre-contingency)
[      93.692]      445.100 MW overflow in l2315 time  24 (pre-contingency)
[      93.693]      166.660 MW overflow in l2431 time  25 (pre-contingency)
[      93.695]      176.650 MW overflow in l2430 time  25 (pre-contingency)
[      93.696]      290.583 MW overflow in l2375 time  25 (pre-contingency)
[      93.697]      403.340 MW overflow in l2434 time  25 (pre-contingency)
[      93.697]      166.660 MW overflow in l2431 time  26 (pre-contingency)
[      93.699]      176.650 MW overflow in l2430 time  26 (pre-contingency)
[      93.700]      291.153 MW overflow in l2375 time  26 (pre-contingency)
[      93.700]      403.340 MW overflow in l2434 time  26 (pre-contingency)
[      93.701]      166.660 MW overflow in l2431 time  27 (pre-contingency)
[      93.702]      176.650 MW overflow in l2430 time  27 (pre-contingency)
[      93.703]      291.745 MW overflow in l2375 time  27 (pre-contingency)
[      93.704]      403.340 MW overflow in l2434 time  27 (pre-contingency)
[      93.705]      166.660 MW overflow in l2431 time  28 (pre-contingency)
[      93.706]      176.650 MW overflow in l2430 time  28 (pre-contingency)
[      93.707]      180.003 MW overflow in l2434 time  28 (pre-contingency)
[      93.708]      291.900 MW overflow in l2375 time  28 (pre-contingency)
[      93.709]      166.660 MW overflow in l2431 time  29 (pre-contingency)
[      93.710]      176.650 MW overflow in l2430 time  29 (pre-contingency)
[      93.711]      291.535 MW overflow in l2375 time  29 (pre-contingency)
[      93.712]      403.340 MW overflow in l2434 time  29 (pre-contingency)
[      93.713]      166.660 MW overflow in l2431 time  30 (pre-contingency)
[      93.714]      176.650 MW overflow in l2430 time  30 (pre-contingency)
[      93.715]      290.656 MW overflow in l2375 time  30 (pre-contingency)
[      93.716]      403.340 MW overflow in l2434 time  30 (pre-contingency)
[      93.716]       40.740 MW overflow in l2307 time  31 (pre-contingency)
[      93.718]      166.660 MW overflow in l2431 time  31 (pre-contingency)
[      93.719]      176.650 MW overflow in l2430 time  31 (pre-contingency)
[      93.719]      289.772 MW overflow in l2375 time  31 (pre-contingency)
[      93.720]      403.340 MW overflow in l2434 time  31 (pre-contingency)
[      93.721]       55.162 MW overflow in l810  time  32 (outage: line l298)
[      94.161]      166.660 MW overflow in l2431 time  32 (pre-contingency)
[      94.163]      176.650 MW overflow in l2430 time  32 (pre-contingency)
[      94.164]      403.340 MW overflow in l2434 time  32 (pre-contingency)
[      94.165]      438.587 MW overflow in l2375 time  32 (pre-contingency)
[      94.166]       40.740 MW overflow in l2307 time  33 (pre-contingency)
[      94.167]      166.660 MW overflow in l2431 time  33 (pre-contingency)
[      94.168]      176.650 MW overflow in l2430 time  33 (pre-contingency)
[      94.169]      403.340 MW overflow in l2434 time  33 (pre-contingency)
[      94.170]      414.650 MW overflow in l2375 time  33 (pre-contingency)
[      94.171]       40.740 MW overflow in l2307 time  34 (pre-contingency)
[      94.172]      166.660 MW overflow in l2431 time  34 (pre-contingency)
[      94.173]      176.650 MW overflow in l2430 time  34 (pre-contingency)
[      94.174]      353.276 MW overflow in l2375 time  34 (pre-contingency)
[      94.175]      403.340 MW overflow in l2434 time  34 (pre-contingency)
[      94.175]       40.740 MW overflow in l2307 time  35 (pre-contingency)
[      94.177]      166.660 MW overflow in l2431 time  35 (pre-contingency)
[      94.178]      176.650 MW overflow in l2430 time  35 (pre-contingency)
[      94.178]      289.697 MW overflow in l2375 time  35 (pre-contingency)
[      94.179]      403.340 MW overflow in l2434 time  35 (pre-contingency)
[      94.180]       16.885 MW overflow in l810  time  36 (outage: line l298)
[      94.183]      166.660 MW overflow in l2431 time  36 (pre-contingency)
[      94.184]      176.650 MW overflow in l2430 time  36 (pre-contingency)
[      94.185]      289.918 MW overflow in l2375 time  36 (pre-contingency)
[      94.186]      403.340 MW overflow in l2434 time  36 (pre-contingency)
[      94.187] Setting MILP time limit to 1156.21 seconds
[      94.187] Solving MILP...
Gurobi Optimizer version 9.0.0 build v9.0.0rc2 (linux64)
Optimize a model with 271802 rows, 353046 columns and 962729 nonzeros
Model fingerprint: 0x6d29d9f5
Variable types: 291198 continuous, 61848 integer (0 binary)
Coefficient statistics:
  Matrix range     [1e-03, 1e+03]
  Objective range  [8e+00, 1e+05]
  Bounds range     [4e-02, 5e+02]
  RHS range        [4e-02, 1e+03]

MIP start from previous solve produced solution with objective 2.67027e+07 (0.55s)
Loaded MIP start from previous solve with objective 2.67027e+07

Presolve removed 123133 rows and 241265 columns
Presolve time: 3.30s
Presolved: 148669 rows, 111781 columns, 566220 nonzeros
Variable types: 64452 continuous, 47329 integer (47329 binary)

Deterministic concurrent LP optimizer: primal and dual simplex
Showing first log only...


Root simplex log...

Iteration    Objective       Primal Inf.    Dual Inf.      Time
   52759    1.1201470e+09   6.536641e+00   7.188906e+08      5s
   56505    1.8988625e+09   0.000000e+00   8.912019e+08      5s
  118641    4.7220229e+07   0.000000e+00   1.659078e+08     10s
Concurrent spin time: 0.00s

Solved with dual simplex

Root relaxation: objective 2.377378e+07, 41317 iterations, 8.47 seconds

    Nodes    |    Current Node    |     Objective Bounds      |     Work
 Expl Unexpl |  Obj  Depth IntInf | Incumbent    BestBd   Gap | It/Node Time

     0     0 2.3774e+07    0  142 2.6703e+07 2.3774e+07  11.0%     -   13s
H    0     0                    2.378040e+07 2.3774e+07  0.03%     -   14s

Explored 1 nodes (42301 simplex iterations) in 14.76 seconds
Thread count was 4 (of 32 available processors)

Solution count 2: 2.37804e+07 2.67027e+07 

Optimal solution found (tolerance 1.00e-02)
Best objective 2.378039973173e+07, best bound 2.377377982894e+07, gap 0.0278%
[     109.285] Verifying transmission limits...
[     113.962] Verified transmission limits in 4.68 seconds
[     113.963]       33.422 MW overflow in l2371 time   1 (pre-contingency)
[     113.966]      166.660 MW overflow in l2431 time   1 (pre-contingency)
[     113.967]       33.868 MW overflow in l2371 time   2 (pre-contingency)
[     113.969]       33.900 MW overflow in l2371 time   3 (pre-contingency)
[     113.971]       33.762 MW overflow in l2371 time   4 (pre-contingency)
[     113.972]       33.407 MW overflow in l2371 time   5 (pre-contingency)
[     113.974]      166.660 MW overflow in l2431 time   5 (pre-contingency)
[     113.975]       31.258 MW overflow in l2371 time   6 (pre-contingency)
[     113.976]      121.248 MW overflow in l2374 time   6 (pre-contingency)
[     113.977]      153.530 MW overflow in l2435 time   6 (pre-contingency)
[     113.978]      166.660 MW overflow in l2431 time   6 (pre-contingency)
[     113.979]       52.690 MW overflow in l2429 time   7 (pre-contingency)
[     113.981]      166.660 MW overflow in l2431 time   7 (pre-contingency)
[     113.982]      176.650 MW overflow in l2430 time   7 (pre-contingency)
[     113.983]      301.038 MW overflow in l2371 time   7 (pre-contingency)
[     113.983]      408.288 MW overflow in l2374 time   7 (pre-contingency)
[     113.984]       52.690 MW overflow in l2429 time   8 (pre-contingency)
[     113.986]      166.660 MW overflow in l2431 time   8 (pre-contingency)
[     113.987]      176.650 MW overflow in l2430 time   8 (pre-contingency)
[     113.988]      301.008 MW overflow in l2371 time   8 (pre-contingency)
[     113.988]      408.258 MW overflow in l2374 time   8 (pre-contingency)
[     113.989]       52.690 MW overflow in l2429 time   9 (pre-contingency)
[     113.991]      166.660 MW overflow in l2431 time   9 (pre-contingency)
[     113.992]      176.650 MW overflow in l2430 time   9 (pre-contingency)
[     113.993]      264.291 MW overflow in l2374 time   9 (pre-contingency)
[     113.994]      302.361 MW overflow in l2371 time   9 (pre-contingency)
[     113.994]       52.690 MW overflow in l2429 time  10 (pre-contingency)
[     113.996]      166.660 MW overflow in l2431 time  10 (pre-contingency)
[     113.997]      176.650 MW overflow in l2430 time  10 (pre-contingency)
[     113.998]      264.940 MW overflow in l2374 time  10 (pre-contingency)
[     113.999]      303.010 MW overflow in l2371 time  10 (pre-contingency)
[     114.000]       52.690 MW overflow in l2429 time  11 (pre-contingency)
[     114.002]      166.660 MW overflow in l2431 time  11 (pre-contingency)
[     114.003]      167.184 MW overflow in l2371 time  11 (pre-contingency)
[     114.003]      265.804 MW overflow in l2374 time  11 (pre-contingency)
[     114.004]      400.290 MW overflow in l2435 time  11 (pre-contingency)
[     114.005]       52.690 MW overflow in l2429 time  12 (pre-contingency)
[     114.007]      120.997 MW overflow in l2374 time  12 (pre-contingency)
[     114.008]      166.660 MW overflow in l2431 time  12 (pre-contingency)
[     114.009]      167.697 MW overflow in l2371 time  12 (pre-contingency)
[     114.010]      390.756 MW overflow in l2435 time  12 (pre-contingency)
[     114.011]       31.728 MW overflow in l2371 time  13 (pre-contingency)
[     114.012]      121.718 MW overflow in l2374 time  13 (pre-contingency)
[     114.013]      153.530 MW overflow in l2435 time  13 (pre-contingency)
[     114.014]      166.660 MW overflow in l2431 time  13 (pre-contingency)
[     114.015]       32.108 MW overflow in l2371 time  14 (pre-contingency)
[     114.017]      122.098 MW overflow in l2374 time  14 (pre-contingency)
[     114.018]      153.530 MW overflow in l2435 time  14 (pre-contingency)
[     114.019]      166.660 MW overflow in l2431 time  14 (pre-contingency)
[     114.019]       32.654 MW overflow in l2371 time  15 (pre-contingency)
[     114.021]      153.530 MW overflow in l2435 time  15 (pre-contingency)
[     114.026]      166.660 MW overflow in l2431 time  15 (pre-contingency)
[     114.027]       32.726 MW overflow in l2371 time  16 (pre-contingency)
[     114.029]      153.530 MW overflow in l2435 time  16 (pre-contingency)
[     114.030]      166.660 MW overflow in l2431 time  16 (pre-contingency)
[     114.031]       32.043 MW overflow in l2371 time  17 (pre-contingency)
[     114.033]      122.033 MW overflow in l2374 time  17 (pre-contingency)
[     114.034]      153.530 MW overflow in l2435 time  17 (pre-contingency)
[     114.035]      166.660 MW overflow in l2431 time  17 (pre-contingency)
[     114.035]       52.690 MW overflow in l2429 time  18 (pre-contingency)
[     114.037]      166.660 MW overflow in l2431 time  18 (pre-contingency)
[     114.038]      167.025 MW overflow in l2371 time  18 (pre-contingency)
[     114.038]      176.650 MW overflow in l2430 time  18 (pre-contingency)
[     114.039]      265.645 MW overflow in l2374 time  18 (pre-contingency)
[     114.040]       52.690 MW overflow in l2429 time  19 (pre-contingency)
[     114.041]      166.660 MW overflow in l2431 time  19 (pre-contingency)
[     114.042]      176.650 MW overflow in l2430 time  19 (pre-contingency)
[     114.042]      295.030 MW overflow in l2371 time  19 (pre-contingency)
[     114.043]      409.660 MW overflow in l2374 time  19 (pre-contingency)
[     114.044]       52.690 MW overflow in l2429 time  20 (pre-contingency)
[     114.045]      166.660 MW overflow in l2431 time  20 (pre-contingency)
[     114.046]      176.650 MW overflow in l2430 time  20 (pre-contingency)
[     114.047]      265.471 MW overflow in l2374 time  20 (pre-contingency)
[     114.047]      381.176 MW overflow in l2375 time  20 (pre-contingency)
[     114.048]       52.690 MW overflow in l2429 time  21 (pre-contingency)
[     114.049]      166.660 MW overflow in l2431 time  21 (pre-contingency)
[     114.050]      176.650 MW overflow in l2430 time  21 (pre-contingency)
[     114.051]      265.428 MW overflow in l2374 time  21 (pre-contingency)
[     114.051]      434.778 MW overflow in l2375 time  21 (pre-contingency)
[     114.052]       40.740 MW overflow in l2307 time  22 (pre-contingency)
[     114.053]       52.690 MW overflow in l2429 time  22 (pre-contingency)
[     114.054]      166.660 MW overflow in l2431 time  22 (pre-contingency)
[     114.055]      266.521 MW overflow in l2374 time  22 (pre-contingency)
[     114.055]      400.290 MW overflow in l2435 time  22 (pre-contingency)
[     114.056]       23.166 MW overflow in l810  time  23 (outage: line l298)
[     114.059]       40.740 MW overflow in l2307 time  23 (pre-contingency)
[     114.060]      166.660 MW overflow in l2431 time  23 (pre-contingency)
[     114.060]      400.290 MW overflow in l2435 time  23 (pre-contingency)
[     114.061]       16.191 MW overflow in l810  time  24 (outage: line l298)
[     114.063]      166.660 MW overflow in l2431 time  24 (pre-contingency)
[     114.065]      400.290 MW overflow in l2435 time  24 (pre-contingency)
[     114.065]        0.583 MW overflow in l810  time  25 (outage: line l298)
[     114.068]      153.530 MW overflow in l2435 time  25 (pre-contingency)
[     114.069]      153.530 MW overflow in l2435 time  26 (pre-contingency)
[     114.070]      153.530 MW overflow in l2435 time  29 (pre-contingency)
[     114.071]      153.530 MW overflow in l2435 time  30 (pre-contingency)
[     114.072]      400.290 MW overflow in l2435 time  31 (pre-contingency)
[     114.073]       40.740 MW overflow in l2307 time  32 (pre-contingency)
[     114.075]      400.290 MW overflow in l2435 time  32 (pre-contingency)
[     114.075]       24.601 MW overflow in l810  time  33 (outage: line l298)
[     114.078]      400.290 MW overflow in l2435 time  33 (pre-contingency)
[     114.079]       20.103 MW overflow in l810  time  34 (outage: line l298)
[     114.081]      400.290 MW overflow in l2435 time  34 (pre-contingency)
[     114.082]      400.290 MW overflow in l2435 time  35 (pre-contingency)
[     114.084]      400.290 MW overflow in l2435 time  36 (pre-contingency)
[     114.085] Setting MILP time limit to 1136.32 seconds
[     114.085] Solving MILP...
Gurobi Optimizer version 9.0.0 build v9.0.0rc2 (linux64)
Optimize a model with 272117 rows, 353151 columns and 967084 nonzeros
Model fingerprint: 0x1450078a
Variable types: 291303 continuous, 61848 integer (0 binary)
Coefficient statistics:
  Matrix range     [1e-03, 1e+03]
  Objective range  [8e+00, 1e+05]
  Bounds range     [4e-02, 5e+02]
  RHS range        [4e-02, 1e+03]

MIP start from previous solve produced solution with objective 2.68138e+07 (0.56s)
Loaded MIP start from previous solve with objective 2.68138e+07

Presolve removed 123303 rows and 240164 columns
Presolve time: 3.08s
Presolved: 148814 rows, 112987 columns, 570152 nonzeros
Variable types: 65658 continuous, 47329 integer (47329 binary)

Deterministic concurrent LP optimizer: primal and dual simplex
Showing first log only...


Root simplex log...

Iteration    Objective       Primal Inf.    Dual Inf.      Time
   56067    2.2553530e+09   0.000000e+00   2.365746e+09      5s
Concurrent spin time: 0.00s

Solved with dual simplex

Root relaxation: objective 2.380866e+07, 41118 iterations, 5.85 seconds

    Nodes    |    Current Node    |     Objective Bounds      |     Work
 Expl Unexpl |  Obj  Depth IntInf | Incumbent    BestBd   Gap | It/Node Time

     0     0 2.3809e+07    0  220 2.6814e+07 2.3809e+07  11.2%     -   11s
H    0     0                    2.382770e+07 2.3809e+07  0.08%     -   11s

Explored 1 nodes (42087 simplex iterations) in 11.89 seconds
Thread count was 4 (of 32 available processors)

Solution count 2: 2.38277e+07 2.68138e+07 

Optimal solution found (tolerance 1.00e-02)
Best objective 2.382770498232e+07, best bound 2.380865937185e+07, gap 0.0799%
[     126.168] Verifying transmission limits...
[     130.637] Verified transmission limits in 4.47 seconds
[     130.637]       84.393 MW overflow in l2431 time   2 (pre-contingency)
[     130.639]       32.710 MW overflow in l2431 time   3 (pre-contingency)
[     130.640]      166.660 MW overflow in l2431 time   4 (pre-contingency)
[     130.641]        1.608 MW overflow in l810  time   7 (outage: line l298)
[     130.643]        5.910 MW overflow in l2306 time   7 (pre-contingency)
[     130.644]       19.320 MW overflow in l2253 time   7 (pre-contingency)
[     130.645]       40.740 MW overflow in l2307 time   7 (pre-contingency)
[     130.645]        1.640 MW overflow in l810  time   8 (outage: line l298)
[     130.647]        5.910 MW overflow in l2306 time   8 (pre-contingency)
[     130.648]       19.320 MW overflow in l2253 time   8 (pre-contingency)
[     130.649]       40.740 MW overflow in l2307 time   8 (pre-contingency)
[     130.650]        5.910 MW overflow in l2306 time   9 (pre-contingency)
[     130.651]       40.740 MW overflow in l2307 time   9 (pre-contingency)
[     130.651]       47.152 MW overflow in l810  time   9 (outage: line l298)
[     130.653]        5.910 MW overflow in l2306 time  10 (pre-contingency)
[     130.654]       40.740 MW overflow in l2307 time  10 (pre-contingency)
[     130.655]       51.768 MW overflow in l810  time  10 (outage: line l298)
[     130.657]        5.910 MW overflow in l2306 time  11 (pre-contingency)
[     130.658]       27.837 MW overflow in l810  time  11 (outage: line l298)
[     130.660]       40.740 MW overflow in l2307 time  11 (pre-contingency)
[     130.660]        3.020 MW overflow in l810  time  12 (outage: line l298)
[     130.662]        5.910 MW overflow in l2306 time  12 (pre-contingency)
[     130.663]       40.740 MW overflow in l2307 time  12 (pre-contingency)
[     130.664]        0.226 MW overflow in l810  time  13 (outage: line l298)
[     130.666]       52.690 MW overflow in l2429 time  13 (pre-contingency)
[     130.667]       52.690 MW overflow in l2429 time  14 (pre-contingency)
[     130.668]       52.690 MW overflow in l2429 time  17 (pre-contingency)
[     130.669]        5.910 MW overflow in l2306 time  18 (pre-contingency)
[     130.670]       32.195 MW overflow in l810  time  18 (outage: line l298)
[     130.672]       40.740 MW overflow in l2307 time  18 (pre-contingency)
[     130.673]        5.910 MW overflow in l2306 time  19 (pre-contingency)
[     130.674]        8.951 MW overflow in l298  time  19 (outage: line l810)
[     130.676]       19.320 MW overflow in l2253 time  19 (pre-contingency)
[     130.677]       40.740 MW overflow in l2307 time  19 (pre-contingency)
[     130.677]       79.348 MW overflow in l810  time  19 (outage: line l298)
[     130.679]        5.910 MW overflow in l2306 time  20 (pre-contingency)
[     130.680]       35.290 MW overflow in l810  time  20 (outage: line l298)
[     130.682]       40.740 MW overflow in l2307 time  20 (pre-contingency)
[     130.683]        5.910 MW overflow in l2306 time  21 (pre-contingency)
[     130.684]       36.270 MW overflow in l810  time  21 (outage: line l298)
[     130.686]       40.740 MW overflow in l2307 time  21 (pre-contingency)
[     130.686]       33.357 MW overflow in l810  time  22 (outage: line l298)
[     130.688]       40.740 MW overflow in l2307 time  24 (pre-contingency)
[     130.690]       21.707 MW overflow in l810  time  30 (outage: line l298)
[     130.692]        2.814 MW overflow in l1112 time  31 (outage: line l1114)
[     130.694]       16.611 MW overflow in l810  time  31 (outage: line l298)
[     130.697]       12.071 MW overflow in l1112 time  32 (outage: line l1114)
[     130.699]       11.666 MW overflow in l1112 time  33 (outage: line l1114)
[     130.702]        5.404 MW overflow in l1112 time  34 (outage: line l1114)
[     130.705]        6.645 MW overflow in l1112 time  35 (outage: line l1114)
[     130.707]       59.454 MW overflow in l810  time  35 (outage: line l298)
[     130.710]       40.740 MW overflow in l2307 time  36 (pre-contingency)
[     130.711] Setting MILP time limit to 1119.69 seconds
[     130.711] Solving MILP...
Gurobi Optimizer version 9.0.0 build v9.0.0rc2 (linux64)
Optimize a model with 272273 rows, 353203 columns and 985646 nonzeros
Model fingerprint: 0x1e32c62a
Variable types: 291355 continuous, 61848 integer (0 binary)
Coefficient statistics:
  Matrix range     [2e-04, 1e+03]
  Objective range  [8e+00, 1e+05]
  Bounds range     [4e-02, 5e+02]
  RHS range        [4e-02, 1e+03]

MIP start from previous solve produced solution with objective 2.39083e+07 (0.58s)
Loaded MIP start from previous solve with objective 2.39083e+07

Presolve removed 123119 rows and 235920 columns
Presolve time: 3.20s
Presolved: 149154 rows, 117283 columns, 582266 nonzeros
Variable types: 69954 continuous, 47329 integer (47329 binary)

Deterministic concurrent LP optimizer: primal and dual simplex
Showing first log only...


Root simplex log...

Iteration    Objective       Primal Inf.    Dual Inf.      Time
   52870    2.3498401e+09   0.000000e+00   1.361163e+09      5s
  118414    2.7448247e+08   0.000000e+00   2.231110e+08     10s
Concurrent spin time: 0.00s

Solved with dual simplex

Root relaxation: objective 2.381067e+07, 46374 iterations, 7.31 seconds

    Nodes    |    Current Node    |     Objective Bounds      |     Work
 Expl Unexpl |  Obj  Depth IntInf | Incumbent    BestBd   Gap | It/Node Time

     0     0 2.3813e+07    0  198 2.3908e+07 2.3813e+07  0.40%     -   12s

Explored 0 nodes (47499 simplex iterations) in 12.98 seconds
Thread count was 4 (of 32 available processors)

Solution count 1: 2.39083e+07 

Optimal solution found (tolerance 1.00e-02)
Best objective 2.390828256574e+07, best bound 2.381323114068e+07, gap 0.3976%
[     143.855] Verifying transmission limits...
[     148.311] Verified transmission limits in 4.46 seconds
[     148.311] No violations found
[     148.311] MIP gap tolerance set to 0.001000
[     148.311] Setting MILP time limit to 1102.09 seconds
[     148.311] Solving MILP...
Gurobi Optimizer version 9.0.0 build v9.0.0rc2 (linux64)
Optimize a model with 272273 rows, 353203 columns and 985646 nonzeros
Model fingerprint: 0x1e32c62a
Variable types: 291355 continuous, 61848 integer (0 binary)
Coefficient statistics:
  Matrix range     [2e-04, 1e+03]
  Objective range  [8e+00, 1e+05]
  Bounds range     [4e-02, 5e+02]
  RHS range        [4e-02, 1e+03]
Presolved: 149154 rows, 117283 columns, 582266 nonzeros

Continuing optimization...

H    0     1                    2.383878e+07 2.3813e+07  0.11%     -   23s
     0     1 2.3813e+07    0  198 2.3839e+07 2.3813e+07  0.11%     -   23s
H    4     8                    2.382197e+07 2.3814e+07  0.03%   270   26s

Cutting planes:
  Implied bound: 56

Explored 8 nodes (49203 simplex iterations) in 13.69 seconds
Thread count was 4 (of 32 available processors)

Solution count 3: 2.3822e+07 2.38388e+07 2.39083e+07 

Optimal solution found (tolerance 1.00e-03)
Best objective 2.382197100722e+07, best bound 2.381442236642e+07, gap 0.0317%
[     162.008] Verifying transmission limits...
[     166.392] Verified transmission limits in 4.38 seconds
[     166.392] No violations found
[     166.392] Total time was 135.34 seconds
[     166.392] Writing: /local_workspace/kazaalek/uc/results_default/matpower/case1888rte/2017-02-17.1.sol.json
[     168.889] Verifying solution...
[     169.200] Exporting final model to /local_workspace/kazaalek/uc/results_default/matpower/case1888rte/2017-02-17.1.final.mps.gz
