[       0.032] Reading: matpower/case1888rte/2017-02-06
[       2.635] Read problem in 2.60 seconds
[       3.361] Computing injection shift factors...
[       4.314] Computed ISF in 0.95 seconds
[       4.314] Computing line outage factors...
[       5.365] Computed LODF in 1.05 seconds
[       5.365] Applying PTDF and LODF cutoffs (0.00500, 0.00100)
[       5.583] Building model...
[      17.382] Built model in 11.80 seconds
[      17.382] Setting names...
[      17.382] Setting variable and constraint names...
[      19.259] Set names in 1.88 seconds
[      19.259] Exporting initial model without transmission constraints to /local_workspace/kazaalek/uc/results_default/matpower/case1888rte/2017-02-06.1.init.mps.gz
[      47.389] Optimizing...
[      47.557] MIP gap tolerance set to 0.010000
[      47.557] Setting MILP time limit to 1199.83 seconds
[      47.609] Solving MILP...
Gurobi Optimizer version 9.0.0 build v9.0.0rc2 (linux64)
Optimize a model with 270740 rows, 352692 columns and 959115 nonzeros
Model fingerprint: 0x0e1bb5a3
Variable types: 290844 continuous, 61848 integer (0 binary)
Coefficient statistics:
  Matrix range     [1e-01, 1e+03]
  Objective range  [8e+00, 1e+05]
  Bounds range     [4e-02, 5e+02]
  RHS range        [4e-02, 1e+03]
Presolve removed 123316 rows and 241785 columns
Presolve time: 3.42s
Presolved: 147424 rows, 110907 columns, 560203 nonzeros
Variable types: 63612 continuous, 47295 integer (47295 binary)

Deterministic concurrent LP optimizer: primal and dual simplex
Showing first log only...


Root simplex log...

Iteration    Objective       Primal Inf.    Dual Inf.      Time
   49806    1.1240115e+09   7.853077e+00   2.291387e+09      5s
   57238    7.6312629e+08   0.000000e+00   8.185269e+08      5s
  105916    3.7379455e+07   0.000000e+00   1.686090e+08     10s
Concurrent spin time: 0.00s

Solved with dual simplex

Root relaxation: objective 2.380251e+07, 36235 iterations, 7.33 seconds

    Nodes    |    Current Node    |     Objective Bounds      |     Work
 Expl Unexpl |  Obj  Depth IntInf | Incumbent    BestBd   Gap | It/Node Time

     0     0 2.3803e+07    0   44          - 2.3803e+07      -     -   11s
H    0     0                    2.380337e+07 2.3803e+07  0.00%     -   12s

Explored 1 nodes (37229 simplex iterations) in 12.47 seconds
Thread count was 4 (of 32 available processors)

Solution count 1: 2.38034e+07 

Optimal solution found (tolerance 1.00e-02)
Best objective 2.380336622771e+07, best bound 2.380250707486e+07, gap 0.0036%
[      67.883] Verifying transmission limits...
[      74.405] Verified transmission limits in 6.52 seconds
[      74.405]      300.681 MW overflow in l2372 time   1 (pre-contingency)
[      74.594]      401.280 MW overflow in l2432 time   1 (pre-contingency)
[      74.595]      724.110 MW overflow in l2425 time   1 (pre-contingency)
[      74.596]      901.070 MW overflow in l2284 time   1 (pre-contingency)
[      74.597]      903.170 MW overflow in l2285 time   1 (pre-contingency)
[      74.597]      300.950 MW overflow in l2372 time   2 (pre-contingency)
[      74.598]      401.280 MW overflow in l2432 time   2 (pre-contingency)
[      74.599]      665.300 MW overflow in l2285 time   2 (pre-contingency)
[      74.600]      724.110 MW overflow in l2425 time   2 (pre-contingency)
[      74.601]      901.070 MW overflow in l2284 time   2 (pre-contingency)
[      74.601]      301.185 MW overflow in l2372 time   3 (pre-contingency)
[      74.603]      401.280 MW overflow in l2432 time   3 (pre-contingency)
[      74.604]      665.300 MW overflow in l2285 time   3 (pre-contingency)
[      74.604]      724.110 MW overflow in l2425 time   3 (pre-contingency)
[      74.605]      901.070 MW overflow in l2284 time   3 (pre-contingency)
[      74.606]      300.948 MW overflow in l2372 time   4 (pre-contingency)
[      74.607]      401.280 MW overflow in l2432 time   4 (pre-contingency)
[      74.608]      665.300 MW overflow in l2285 time   4 (pre-contingency)
[      74.608]      724.110 MW overflow in l2425 time   4 (pre-contingency)
[      74.609]      901.070 MW overflow in l2284 time   4 (pre-contingency)
[      74.610]      299.932 MW overflow in l2372 time   5 (pre-contingency)
[      74.611]      401.280 MW overflow in l2432 time   5 (pre-contingency)
[      74.612]      724.110 MW overflow in l2425 time   5 (pre-contingency)
[      74.613]      901.070 MW overflow in l2284 time   5 (pre-contingency)
[      74.613]      903.170 MW overflow in l2285 time   5 (pre-contingency)
[      74.614]      505.000 MW overflow in l2314 time   6 (pre-contingency)
[      74.615]      863.760 MW overflow in l2432 time   6 (pre-contingency)
[      74.616]      901.070 MW overflow in l2284 time   6 (pre-contingency)
[      74.616]      903.170 MW overflow in l2285 time   6 (pre-contingency)
[      74.617]      981.650 MW overflow in l2425 time   6 (pre-contingency)
[      74.618]      780.000 MW overflow in l2314 time   7 (pre-contingency)
[      74.619]      863.760 MW overflow in l2432 time   7 (pre-contingency)
[      74.620]      901.070 MW overflow in l2284 time   7 (pre-contingency)
[      74.620]      903.170 MW overflow in l2285 time   7 (pre-contingency)
[      74.621]      981.650 MW overflow in l2425 time   7 (pre-contingency)
[      74.622]      780.000 MW overflow in l2314 time   8 (pre-contingency)
[      74.623]      863.760 MW overflow in l2432 time   8 (pre-contingency)
[      74.624]      901.070 MW overflow in l2284 time   8 (pre-contingency)
[      74.625]      903.170 MW overflow in l2285 time   8 (pre-contingency)
[      74.625]      981.650 MW overflow in l2425 time   8 (pre-contingency)
[      74.626]      780.000 MW overflow in l2314 time   9 (pre-contingency)
[      74.627]      863.760 MW overflow in l2432 time   9 (pre-contingency)
[      74.628]      901.070 MW overflow in l2284 time   9 (pre-contingency)
[      74.629]      903.170 MW overflow in l2285 time   9 (pre-contingency)
[      74.629]      981.650 MW overflow in l2425 time   9 (pre-contingency)
[      74.630]      780.000 MW overflow in l2314 time  10 (pre-contingency)
[      74.631]      863.760 MW overflow in l2432 time  10 (pre-contingency)
[      74.632]      901.070 MW overflow in l2284 time  10 (pre-contingency)
[      74.633]      903.170 MW overflow in l2285 time  10 (pre-contingency)
[      74.633]      981.650 MW overflow in l2425 time  10 (pre-contingency)
[      74.634]      780.000 MW overflow in l2314 time  11 (pre-contingency)
[      74.635]      863.760 MW overflow in l2432 time  11 (pre-contingency)
[      74.636]      901.070 MW overflow in l2284 time  11 (pre-contingency)
[      74.637]      903.170 MW overflow in l2285 time  11 (pre-contingency)
[      74.638]      981.650 MW overflow in l2425 time  11 (pre-contingency)
[      74.638]      706.588 MW overflow in l2314 time  12 (pre-contingency)
[      74.639]      863.760 MW overflow in l2432 time  12 (pre-contingency)
[      74.640]      901.070 MW overflow in l2284 time  12 (pre-contingency)
[      74.641]      903.170 MW overflow in l2285 time  12 (pre-contingency)
[      74.642]      981.650 MW overflow in l2425 time  12 (pre-contingency)
[      74.642]      505.000 MW overflow in l2314 time  13 (pre-contingency)
[      74.644]      863.760 MW overflow in l2432 time  13 (pre-contingency)
[      74.645]      901.070 MW overflow in l2284 time  13 (pre-contingency)
[      74.645]      903.170 MW overflow in l2285 time  13 (pre-contingency)
[      74.646]      981.650 MW overflow in l2425 time  13 (pre-contingency)
[      74.647]      505.000 MW overflow in l2314 time  14 (pre-contingency)
[      74.648]      863.760 MW overflow in l2432 time  14 (pre-contingency)
[      74.649]      901.070 MW overflow in l2284 time  14 (pre-contingency)
[      74.650]      903.170 MW overflow in l2285 time  14 (pre-contingency)
[      74.650]      981.650 MW overflow in l2425 time  14 (pre-contingency)
[      74.651]      505.000 MW overflow in l2314 time  15 (pre-contingency)
[      74.652]      863.760 MW overflow in l2432 time  15 (pre-contingency)
[      74.653]      901.070 MW overflow in l2284 time  15 (pre-contingency)
[      74.654]      903.170 MW overflow in l2285 time  15 (pre-contingency)
[      74.654]      981.650 MW overflow in l2425 time  15 (pre-contingency)
[      74.655]      505.000 MW overflow in l2314 time  16 (pre-contingency)
[      74.656]      863.760 MW overflow in l2432 time  16 (pre-contingency)
[      74.657]      901.070 MW overflow in l2284 time  16 (pre-contingency)
[      74.658]      903.170 MW overflow in l2285 time  16 (pre-contingency)
[      74.659]      981.650 MW overflow in l2425 time  16 (pre-contingency)
[      74.659]      505.000 MW overflow in l2314 time  17 (pre-contingency)
[      74.660]      863.760 MW overflow in l2432 time  17 (pre-contingency)
[      74.661]      901.070 MW overflow in l2284 time  17 (pre-contingency)
[      74.662]      903.170 MW overflow in l2285 time  17 (pre-contingency)
[      74.663]      981.650 MW overflow in l2425 time  17 (pre-contingency)
[      74.664]      780.000 MW overflow in l2314 time  18 (pre-contingency)
[      74.665]      863.760 MW overflow in l2432 time  18 (pre-contingency)
[      74.666]      901.070 MW overflow in l2284 time  18 (pre-contingency)
[      74.666]      903.170 MW overflow in l2285 time  18 (pre-contingency)
[      74.667]      981.650 MW overflow in l2425 time  18 (pre-contingency)
[      74.668]      780.000 MW overflow in l2314 time  19 (pre-contingency)
[      74.669]      863.760 MW overflow in l2432 time  19 (pre-contingency)
[      74.670]      901.070 MW overflow in l2284 time  19 (pre-contingency)
[      74.671]      903.170 MW overflow in l2285 time  19 (pre-contingency)
[      74.671]      981.650 MW overflow in l2425 time  19 (pre-contingency)
[      74.672]      780.000 MW overflow in l2314 time  20 (pre-contingency)
[      74.673]      863.760 MW overflow in l2432 time  20 (pre-contingency)
[      74.674]      901.070 MW overflow in l2284 time  20 (pre-contingency)
[      74.675]      903.170 MW overflow in l2285 time  20 (pre-contingency)
[      74.676]      981.650 MW overflow in l2425 time  20 (pre-contingency)
[      74.677]      780.000 MW overflow in l2314 time  21 (pre-contingency)
[      74.678]      863.760 MW overflow in l2432 time  21 (pre-contingency)
[      74.679]      901.070 MW overflow in l2284 time  21 (pre-contingency)
[      74.680]      903.170 MW overflow in l2285 time  21 (pre-contingency)
[      74.680]      981.650 MW overflow in l2425 time  21 (pre-contingency)
[      74.681]      478.030 MW overflow in l2432 time  22 (pre-contingency)
[      74.682]      780.000 MW overflow in l2314 time  22 (pre-contingency)
[      74.683]      901.070 MW overflow in l2284 time  22 (pre-contingency)
[      74.684]      903.170 MW overflow in l2285 time  22 (pre-contingency)
[      74.685]      981.650 MW overflow in l2425 time  22 (pre-contingency)
[      74.686]      403.340 MW overflow in l2434 time  23 (pre-contingency)
[      74.687]      505.000 MW overflow in l2314 time  23 (pre-contingency)
[      74.688]      901.070 MW overflow in l2284 time  23 (pre-contingency)
[      74.689]      903.170 MW overflow in l2285 time  23 (pre-contingency)
[      74.689]      981.650 MW overflow in l2425 time  23 (pre-contingency)
[      74.690]      290.028 MW overflow in l2375 time  24 (pre-contingency)
[      74.691]      505.000 MW overflow in l2314 time  24 (pre-contingency)
[      74.692]      724.110 MW overflow in l2425 time  24 (pre-contingency)
[      74.693]      901.070 MW overflow in l2284 time  24 (pre-contingency)
[      74.694]      903.170 MW overflow in l2285 time  24 (pre-contingency)
[      74.695]      230.000 MW overflow in l2314 time  25 (pre-contingency)
[      74.696]      291.314 MW overflow in l2375 time  25 (pre-contingency)
[      74.697]      724.110 MW overflow in l2425 time  25 (pre-contingency)
[      74.698]      901.070 MW overflow in l2284 time  25 (pre-contingency)
[      74.698]      903.170 MW overflow in l2285 time  25 (pre-contingency)
[      74.699]      106.920 MW overflow in l2314 time  26 (pre-contingency)
[      74.700]      142.352 MW overflow in l2375 time  26 (pre-contingency)
[      74.701]      724.110 MW overflow in l2425 time  26 (pre-contingency)
[      74.702]      901.070 MW overflow in l2284 time  26 (pre-contingency)
[      74.703]      903.170 MW overflow in l2285 time  26 (pre-contingency)
[      74.704]       37.048 MW overflow in l2371 time  27 (pre-contingency)
[      74.705]      142.648 MW overflow in l2375 time  27 (pre-contingency)
[      74.706]      724.110 MW overflow in l2425 time  27 (pre-contingency)
[      74.707]      901.070 MW overflow in l2284 time  27 (pre-contingency)
[      74.707]      903.170 MW overflow in l2285 time  27 (pre-contingency)
[      74.708]       36.994 MW overflow in l2371 time  28 (pre-contingency)
[      74.709]      142.594 MW overflow in l2375 time  28 (pre-contingency)
[      74.710]      724.110 MW overflow in l2425 time  28 (pre-contingency)
[      74.711]      901.070 MW overflow in l2284 time  28 (pre-contingency)
[      74.712]      903.170 MW overflow in l2285 time  28 (pre-contingency)
[      74.712]      142.318 MW overflow in l2375 time  29 (pre-contingency)
[      74.714]      161.868 MW overflow in l2314 time  29 (pre-contingency)
[      74.715]      724.110 MW overflow in l2425 time  29 (pre-contingency)
[      74.716]      901.070 MW overflow in l2284 time  29 (pre-contingency)
[      74.716]      903.170 MW overflow in l2285 time  29 (pre-contingency)
[      74.717]      290.020 MW overflow in l2375 time  30 (pre-contingency)
[      74.718]      505.000 MW overflow in l2314 time  30 (pre-contingency)
[      74.719]      724.110 MW overflow in l2425 time  30 (pre-contingency)
[      74.720]      901.070 MW overflow in l2284 time  30 (pre-contingency)
[      74.721]      903.170 MW overflow in l2285 time  30 (pre-contingency)
[      74.722]      436.386 MW overflow in l2375 time  31 (pre-contingency)
[      74.723]      780.000 MW overflow in l2314 time  31 (pre-contingency)
[      74.724]      901.070 MW overflow in l2284 time  31 (pre-contingency)
[      74.725]      903.170 MW overflow in l2285 time  31 (pre-contingency)
[      74.726]      981.650 MW overflow in l2425 time  31 (pre-contingency)
[      74.726]      403.340 MW overflow in l2434 time  32 (pre-contingency)
[      74.728]      780.000 MW overflow in l2314 time  32 (pre-contingency)
[      74.729]      901.070 MW overflow in l2284 time  32 (pre-contingency)
[      74.730]      903.170 MW overflow in l2285 time  32 (pre-contingency)
[      74.730]      981.650 MW overflow in l2425 time  32 (pre-contingency)
[      74.731]      403.340 MW overflow in l2434 time  33 (pre-contingency)
[      74.732]      780.000 MW overflow in l2314 time  33 (pre-contingency)
[      74.733]      901.070 MW overflow in l2284 time  33 (pre-contingency)
[      74.734]      903.170 MW overflow in l2285 time  33 (pre-contingency)
[      74.735]      981.650 MW overflow in l2425 time  33 (pre-contingency)
[      74.736]      436.337 MW overflow in l2375 time  34 (pre-contingency)
[      74.737]      780.000 MW overflow in l2314 time  34 (pre-contingency)
[      74.738]      901.070 MW overflow in l2284 time  34 (pre-contingency)
[      74.739]      903.170 MW overflow in l2285 time  34 (pre-contingency)
[      74.740]      981.650 MW overflow in l2425 time  34 (pre-contingency)
[      74.741]      436.433 MW overflow in l2375 time  35 (pre-contingency)
[      74.742]      780.000 MW overflow in l2314 time  35 (pre-contingency)
[      74.743]      901.070 MW overflow in l2284 time  35 (pre-contingency)
[      74.744]      903.170 MW overflow in l2285 time  35 (pre-contingency)
[      74.745]      981.650 MW overflow in l2425 time  35 (pre-contingency)
[      74.745]      436.468 MW overflow in l2375 time  36 (pre-contingency)
[      74.747]      780.000 MW overflow in l2314 time  36 (pre-contingency)
[      74.748]      901.070 MW overflow in l2284 time  36 (pre-contingency)
[      74.749]      903.170 MW overflow in l2285 time  36 (pre-contingency)
[      74.750]      981.650 MW overflow in l2425 time  36 (pre-contingency)
[      74.750] Setting MILP time limit to 1172.64 seconds
[      74.750] Solving MILP...
Gurobi Optimizer version 9.0.0 build v9.0.0rc2 (linux64)
Optimize a model with 271280 rows, 352872 columns and 960195 nonzeros
Model fingerprint: 0x0d103bc0
Variable types: 291024 continuous, 61848 integer (0 binary)
Coefficient statistics:
  Matrix range     [1e-01, 1e+03]
  Objective range  [8e+00, 1e+05]
  Bounds range     [4e-02, 5e+02]
  RHS range        [4e-02, 1e+03]

MIP start from previous solve produced solution with objective 5.8162e+07 (0.52s)
Loaded MIP start from previous solve with objective 5.8162e+07

Presolve removed 124000 rows and 242091 columns
Presolve time: 3.68s
Presolved: 147280 rows, 110781 columns, 559772 nonzeros
Variable types: 63486 continuous, 47295 integer (47295 binary)

Deterministic concurrent LP optimizer: primal and dual simplex
Showing first log only...


Root simplex log...

Iteration    Objective       Primal Inf.    Dual Inf.      Time
   14164    1.1309300e+09   1.389706e+02   4.388322e+09      5s
   58924    1.4414385e+09   0.000000e+00   1.128401e+09      6s
Concurrent spin time: 0.01s

Solved with dual simplex

Root relaxation: objective 2.409096e+07, 32188 iterations, 4.96 seconds

    Nodes    |    Current Node    |     Objective Bounds      |     Work
 Expl Unexpl |  Obj  Depth IntInf | Incumbent    BestBd   Gap | It/Node Time

     0     0 2.4091e+07    0   93 5.8162e+07 2.4091e+07  58.6%     -   10s
H    0     0                    2.478388e+07 2.4091e+07  2.80%     -   10s
H    0     0                    2.409961e+07 2.4091e+07  0.04%     -   10s

Explored 1 nodes (33185 simplex iterations) in 10.99 seconds
Thread count was 4 (of 32 available processors)

Solution count 3: 2.40996e+07 2.47839e+07 5.8162e+07 

Optimal solution found (tolerance 1.00e-02)
Best objective 2.409960925974e+07, best bound 2.409095963238e+07, gap 0.0359%
[      85.897] Verifying transmission limits...
[      90.863] Verified transmission limits in 4.97 seconds
[      90.863]       35.831 MW overflow in l2371 time   1 (pre-contingency)
[      90.867]       71.000 MW overflow in l2315 time   1 (pre-contingency)
[      90.869]      148.700 MW overflow in l2434 time   1 (pre-contingency)
[      90.870]      290.961 MW overflow in l2375 time   1 (pre-contingency)
[      90.871]       36.100 MW overflow in l2371 time   2 (pre-contingency)
[      90.873]       71.000 MW overflow in l2315 time   2 (pre-contingency)
[      90.874]      148.700 MW overflow in l2434 time   2 (pre-contingency)
[      90.875]      291.230 MW overflow in l2375 time   2 (pre-contingency)
[      90.876]       36.335 MW overflow in l2371 time   3 (pre-contingency)
[      90.878]       71.000 MW overflow in l2315 time   3 (pre-contingency)
[      90.879]       74.942 MW overflow in l2434 time   3 (pre-contingency)
[      90.880]      291.465 MW overflow in l2375 time   3 (pre-contingency)
[      90.881]       36.098 MW overflow in l2371 time   4 (pre-contingency)
[      90.883]       71.000 MW overflow in l2315 time   4 (pre-contingency)
[      90.884]      148.700 MW overflow in l2434 time   4 (pre-contingency)
[      90.885]      291.228 MW overflow in l2375 time   4 (pre-contingency)
[      90.886]       35.082 MW overflow in l2371 time   5 (pre-contingency)
[      90.888]      148.700 MW overflow in l2434 time   5 (pre-contingency)
[      90.889]      176.650 MW overflow in l2430 time   5 (pre-contingency)
[      90.890]      290.212 MW overflow in l2375 time   5 (pre-contingency)
[      90.891]      346.000 MW overflow in l2315 time   5 (pre-contingency)
[      90.892]      176.650 MW overflow in l2430 time   6 (pre-contingency)
[      90.894]      287.793 MW overflow in l2375 time   6 (pre-contingency)
[      90.895]      291.583 MW overflow in l2372 time   6 (pre-contingency)
[      90.896]      403.340 MW overflow in l2434 time   6 (pre-contingency)
[      90.897]      621.000 MW overflow in l2315 time   6 (pre-contingency)
[      90.897]      403.340 MW overflow in l2434 time   7 (pre-contingency)
[      90.899]      410.041 MW overflow in l2374 time   7 (pre-contingency)
[      90.900]      434.071 MW overflow in l2375 time   7 (pre-contingency)
[      90.901]      568.211 MW overflow in l2372 time   7 (pre-contingency)
[      90.902]      896.000 MW overflow in l2315 time   7 (pre-contingency)
[      90.903]      311.215 MW overflow in l2374 time   8 (pre-contingency)
[      90.905]      403.340 MW overflow in l2434 time   8 (pre-contingency)
[      90.906]      434.216 MW overflow in l2375 time   8 (pre-contingency)
[      90.907]      568.356 MW overflow in l2372 time   8 (pre-contingency)
[      90.908]      896.000 MW overflow in l2315 time   8 (pre-contingency)
[      90.909]      303.737 MW overflow in l2371 time   9 (pre-contingency)
[      90.911]      403.340 MW overflow in l2434 time   9 (pre-contingency)
[      90.912]      435.017 MW overflow in l2375 time   9 (pre-contingency)
[      90.913]      569.157 MW overflow in l2372 time   9 (pre-contingency)
[      90.914]      896.000 MW overflow in l2315 time   9 (pre-contingency)
[      90.914]      285.846 MW overflow in l2375 time  10 (pre-contingency)
[      90.916]      304.096 MW overflow in l2371 time  10 (pre-contingency)
[      90.918]      403.340 MW overflow in l2434 time  10 (pre-contingency)
[      90.918]      569.516 MW overflow in l2372 time  10 (pre-contingency)
[      90.919]      896.000 MW overflow in l2315 time  10 (pre-contingency)
[      90.920]      266.600 MW overflow in l2374 time  11 (pre-contingency)
[      90.922]      286.420 MW overflow in l2375 time  11 (pre-contingency)
[      90.923]      403.340 MW overflow in l2434 time  11 (pre-contingency)
[      90.924]      570.090 MW overflow in l2372 time  11 (pre-contingency)
[      90.925]      896.000 MW overflow in l2315 time  11 (pre-contingency)
[      90.926]      176.650 MW overflow in l2430 time  12 (pre-contingency)
[      90.928]      286.822 MW overflow in l2375 time  12 (pre-contingency)
[      90.930]      403.340 MW overflow in l2434 time  12 (pre-contingency)
[      90.931]      433.522 MW overflow in l2372 time  12 (pre-contingency)
[      90.932]      896.000 MW overflow in l2315 time  12 (pre-contingency)
[      90.932]      176.650 MW overflow in l2430 time  13 (pre-contingency)
[      90.935]      287.245 MW overflow in l2375 time  13 (pre-contingency)
[      90.936]      403.340 MW overflow in l2434 time  13 (pre-contingency)
[      90.937]      433.945 MW overflow in l2372 time  13 (pre-contingency)
[      90.938]      621.000 MW overflow in l2315 time  13 (pre-contingency)
[      90.939]      176.650 MW overflow in l2430 time  14 (pre-contingency)
[      90.941]      287.421 MW overflow in l2375 time  14 (pre-contingency)
[      90.942]      403.340 MW overflow in l2434 time  14 (pre-contingency)
[      90.943]      434.121 MW overflow in l2372 time  14 (pre-contingency)
[      90.944]      621.000 MW overflow in l2315 time  14 (pre-contingency)
[      90.945]      176.650 MW overflow in l2430 time  15 (pre-contingency)
[      90.947]      287.825 MW overflow in l2375 time  15 (pre-contingency)
[      90.948]      403.340 MW overflow in l2434 time  15 (pre-contingency)
[      90.949]      434.525 MW overflow in l2372 time  15 (pre-contingency)
[      90.950]      621.000 MW overflow in l2315 time  15 (pre-contingency)
[      90.951]      176.650 MW overflow in l2430 time  16 (pre-contingency)
[      90.953]      287.965 MW overflow in l2375 time  16 (pre-contingency)
[      90.954]      403.340 MW overflow in l2434 time  16 (pre-contingency)
[      90.955]      434.665 MW overflow in l2372 time  16 (pre-contingency)
[      90.956]      621.000 MW overflow in l2315 time  16 (pre-contingency)
[      90.957]      176.650 MW overflow in l2430 time  17 (pre-contingency)
[      90.959]      286.976 MW overflow in l2375 time  17 (pre-contingency)
[      90.961]      403.340 MW overflow in l2434 time  17 (pre-contingency)
[      90.962]      433.676 MW overflow in l2372 time  17 (pre-contingency)
[      90.962]      896.000 MW overflow in l2315 time  17 (pre-contingency)
[      90.963]      303.057 MW overflow in l2371 time  18 (pre-contingency)
[      90.966]      403.340 MW overflow in l2434 time  18 (pre-contingency)
[      90.967]      434.337 MW overflow in l2375 time  18 (pre-contingency)
[      90.968]      568.477 MW overflow in l2372 time  18 (pre-contingency)
[      90.969]      896.000 MW overflow in l2315 time  18 (pre-contingency)
[      90.970]      403.340 MW overflow in l2434 time  19 (pre-contingency)
[      90.972]      409.970 MW overflow in l2374 time  19 (pre-contingency)
[      90.973]      434.000 MW overflow in l2375 time  19 (pre-contingency)
[      90.974]      568.140 MW overflow in l2372 time  19 (pre-contingency)
[      90.975]      896.000 MW overflow in l2315 time  19 (pre-contingency)
[      90.976]      303.477 MW overflow in l2371 time  20 (pre-contingency)
[      90.978]      403.340 MW overflow in l2434 time  20 (pre-contingency)
[      90.980]      434.757 MW overflow in l2375 time  20 (pre-contingency)
[      90.981]      568.897 MW overflow in l2372 time  20 (pre-contingency)
[      90.982]      896.000 MW overflow in l2315 time  20 (pre-contingency)
[      90.982]      285.701 MW overflow in l2375 time  21 (pre-contingency)
[      90.985]      303.951 MW overflow in l2371 time  21 (pre-contingency)
[      90.986]      403.340 MW overflow in l2434 time  21 (pre-contingency)
[      90.987]      569.371 MW overflow in l2372 time  21 (pre-contingency)
[      90.988]      896.000 MW overflow in l2315 time  21 (pre-contingency)
[      90.989]      266.991 MW overflow in l2374 time  22 (pre-contingency)
[      90.991]      286.811 MW overflow in l2375 time  22 (pre-contingency)
[      90.993]      403.340 MW overflow in l2434 time  22 (pre-contingency)
[      90.994]      570.481 MW overflow in l2372 time  22 (pre-contingency)
[      90.995]      896.000 MW overflow in l2315 time  22 (pre-contingency)
[      90.996]      166.660 MW overflow in l2431 time  23 (pre-contingency)
[      90.998]      176.650 MW overflow in l2430 time  23 (pre-contingency)
[      90.999]      288.811 MW overflow in l2375 time  23 (pre-contingency)
[      91.000]      435.511 MW overflow in l2372 time  23 (pre-contingency)
[      91.001]      621.000 MW overflow in l2315 time  23 (pre-contingency)
[      91.002]      166.660 MW overflow in l2431 time  24 (pre-contingency)
[      91.005]      176.650 MW overflow in l2430 time  24 (pre-contingency)
[      91.006]      346.000 MW overflow in l2315 time  24 (pre-contingency)
[      91.007]      403.340 MW overflow in l2434 time  24 (pre-contingency)
[      91.009]      436.728 MW overflow in l2372 time  24 (pre-contingency)
[      91.010]      148.700 MW overflow in l2434 time  25 (pre-contingency)
[      91.012]      346.000 MW overflow in l2315 time  25 (pre-contingency)
[      91.013]      438.014 MW overflow in l2372 time  25 (pre-contingency)
[      91.014]       71.000 MW overflow in l2315 time  26 (pre-contingency)
[      91.016]      148.700 MW overflow in l2434 time  26 (pre-contingency)
[      91.018]      301.602 MW overflow in l2372 time  26 (pre-contingency)
[      91.019]       71.000 MW overflow in l2315 time  27 (pre-contingency)
[      91.020]      148.700 MW overflow in l2434 time  27 (pre-contingency)
[      91.022]      301.898 MW overflow in l2372 time  27 (pre-contingency)
[      91.023]       71.000 MW overflow in l2315 time  28 (pre-contingency)
[      91.024]      148.700 MW overflow in l2434 time  28 (pre-contingency)
[      91.026]      301.844 MW overflow in l2372 time  28 (pre-contingency)
[      91.027]       71.000 MW overflow in l2315 time  29 (pre-contingency)
[      91.028]      148.700 MW overflow in l2434 time  29 (pre-contingency)
[      91.030]      301.568 MW overflow in l2372 time  29 (pre-contingency)
[      91.031]      166.660 MW overflow in l2431 time  30 (pre-contingency)
[      91.033]      176.650 MW overflow in l2430 time  30 (pre-contingency)
[      91.034]      346.000 MW overflow in l2315 time  30 (pre-contingency)
[      91.035]      403.340 MW overflow in l2434 time  30 (pre-contingency)
[      91.036]      436.720 MW overflow in l2372 time  30 (pre-contingency)
[      91.037]      176.650 MW overflow in l2430 time  31 (pre-contingency)
[      91.039]      267.036 MW overflow in l2374 time  31 (pre-contingency)
[      91.041]      403.340 MW overflow in l2434 time  31 (pre-contingency)
[      91.042]      570.526 MW overflow in l2372 time  31 (pre-contingency)
[      91.043]      896.000 MW overflow in l2315 time  31 (pre-contingency)
[      91.044]      176.650 MW overflow in l2430 time  32 (pre-contingency)
[      91.046]      267.333 MW overflow in l2374 time  32 (pre-contingency)
[      91.047]      436.683 MW overflow in l2375 time  32 (pre-contingency)
[      91.048]      570.823 MW overflow in l2372 time  32 (pre-contingency)
[      91.049]      896.000 MW overflow in l2315 time  32 (pre-contingency)
[      91.050]      176.650 MW overflow in l2430 time  33 (pre-contingency)
[      91.052]      267.345 MW overflow in l2374 time  33 (pre-contingency)
[      91.053]      436.695 MW overflow in l2375 time  33 (pre-contingency)
[      91.054]      570.835 MW overflow in l2372 time  33 (pre-contingency)
[      91.055]      896.000 MW overflow in l2315 time  33 (pre-contingency)
[      91.056]      176.650 MW overflow in l2430 time  34 (pre-contingency)
[      91.058]      266.987 MW overflow in l2374 time  34 (pre-contingency)
[      91.059]      403.340 MW overflow in l2434 time  34 (pre-contingency)
[      91.060]      570.477 MW overflow in l2372 time  34 (pre-contingency)
[      91.061]      896.000 MW overflow in l2315 time  34 (pre-contingency)
[      91.062]      176.650 MW overflow in l2430 time  35 (pre-contingency)
[      91.064]      267.083 MW overflow in l2374 time  35 (pre-contingency)
[      91.066]      403.340 MW overflow in l2434 time  35 (pre-contingency)
[      91.067]      570.573 MW overflow in l2372 time  35 (pre-contingency)
[      91.068]      896.000 MW overflow in l2315 time  35 (pre-contingency)
[      91.069]      176.650 MW overflow in l2430 time  36 (pre-contingency)
[      91.071]      267.118 MW overflow in l2374 time  36 (pre-contingency)
[      91.072]      403.340 MW overflow in l2434 time  36 (pre-contingency)
[      91.073]      570.608 MW overflow in l2372 time  36 (pre-contingency)
[      91.074]      896.000 MW overflow in l2315 time  36 (pre-contingency)
[      91.075] Setting MILP time limit to 1156.31 seconds
[      91.075] Solving MILP...
Gurobi Optimizer version 9.0.0 build v9.0.0rc2 (linux64)
Optimize a model with 271778 rows, 353038 columns and 961191 nonzeros
Model fingerprint: 0x3b670e12
Variable types: 291190 continuous, 61848 integer (0 binary)
Coefficient statistics:
  Matrix range     [1e-01, 1e+03]
  Objective range  [8e+00, 1e+05]
  Bounds range     [4e-02, 5e+02]
  RHS range        [4e-02, 1e+03]

MIP start from previous solve produced solution with objective 3.88105e+07 (0.69s)
Loaded MIP start from previous solve with objective 3.88105e+07

Presolve removed 124332 rows and 242014 columns
Presolve time: 3.45s
Presolved: 147446 rows, 111024 columns, 560761 nonzeros
Variable types: 63729 continuous, 47295 integer (47295 binary)

Deterministic concurrent LP optimizer: primal and dual simplex
Showing first log only...


Root simplex log...

Iteration    Objective       Primal Inf.    Dual Inf.      Time
   40467    1.1288464e+09   2.642865e+02   7.637197e+09      5s
   70599    1.4938313e+09   0.000000e+00   4.875731e+09      6s
Concurrent spin time: 0.00s

Solved with dual simplex

Root relaxation: objective 2.418256e+07, 34526 iterations, 5.47 seconds
Total elapsed time = 10.16s

    Nodes    |    Current Node    |     Objective Bounds      |     Work
 Expl Unexpl |  Obj  Depth IntInf | Incumbent    BestBd   Gap | It/Node Time

     0     0 2.4183e+07    0  199 3.8810e+07 2.4183e+07  37.7%     -   11s
H    0     0                    2.887673e+07 2.4183e+07  16.3%     -   11s
H    0     0                    2.420795e+07 2.4183e+07  0.10%     -   11s

Explored 1 nodes (35512 simplex iterations) in 11.98 seconds
Thread count was 4 (of 32 available processors)

Solution count 3: 2.42079e+07 2.88767e+07 3.88105e+07 

Optimal solution found (tolerance 1.00e-02)
Best objective 2.420794935336e+07, best bound 2.418255845003e+07, gap 0.1049%
[     103.252] Verifying transmission limits...
[     107.807] Verified transmission limits in 4.56 seconds
[     107.807]       92.671 MW overflow in l2435 time   6 (pre-contingency)
[     107.809]      166.660 MW overflow in l2431 time   6 (pre-contingency)
[     107.811]       44.083 MW overflow in l810  time   7 (outage: line l298)
[     108.205]       52.690 MW overflow in l2429 time   7 (pre-contingency)
[     108.206]      166.660 MW overflow in l2431 time   7 (pre-contingency)
[     108.207]      176.650 MW overflow in l2430 time   7 (pre-contingency)
[     108.208]      400.290 MW overflow in l2435 time   7 (pre-contingency)
[     108.208]       40.740 MW overflow in l2307 time   8 (pre-contingency)
[     108.209]       52.690 MW overflow in l2429 time   8 (pre-contingency)
[     108.210]      166.660 MW overflow in l2431 time   8 (pre-contingency)
[     108.211]      176.650 MW overflow in l2430 time   8 (pre-contingency)
[     108.211]      400.290 MW overflow in l2435 time   8 (pre-contingency)
[     108.212]       40.740 MW overflow in l2307 time   9 (pre-contingency)
[     108.213]       52.690 MW overflow in l2429 time   9 (pre-contingency)
[     108.214]      166.660 MW overflow in l2431 time   9 (pre-contingency)
[     108.215]      176.650 MW overflow in l2430 time   9 (pre-contingency)
[     108.215]      400.290 MW overflow in l2435 time   9 (pre-contingency)
[     108.216]       40.740 MW overflow in l2307 time  10 (pre-contingency)
[     108.217]       52.690 MW overflow in l2429 time  10 (pre-contingency)
[     108.218]      166.660 MW overflow in l2431 time  10 (pre-contingency)
[     108.218]      176.650 MW overflow in l2430 time  10 (pre-contingency)
[     108.219]      400.290 MW overflow in l2435 time  10 (pre-contingency)
[     108.220]       52.690 MW overflow in l2429 time  11 (pre-contingency)
[     108.221]      166.660 MW overflow in l2431 time  11 (pre-contingency)
[     108.221]      176.650 MW overflow in l2430 time  11 (pre-contingency)
[     108.222]      400.290 MW overflow in l2435 time  11 (pre-contingency)
[     108.223]       34.260 MW overflow in l2429 time  12 (pre-contingency)
[     108.224]      153.530 MW overflow in l2435 time  12 (pre-contingency)
[     108.225]      166.660 MW overflow in l2431 time  12 (pre-contingency)
[     108.225]      153.530 MW overflow in l2435 time  13 (pre-contingency)
[     108.226]      166.660 MW overflow in l2431 time  13 (pre-contingency)
[     108.227]      153.530 MW overflow in l2435 time  14 (pre-contingency)
[     108.228]      166.660 MW overflow in l2431 time  14 (pre-contingency)
[     108.229]       39.910 MW overflow in l2435 time  15 (pre-contingency)
[     108.230]      166.660 MW overflow in l2431 time  15 (pre-contingency)
[     108.231]      166.660 MW overflow in l2431 time  16 (pre-contingency)
[     108.232]      153.530 MW overflow in l2435 time  17 (pre-contingency)
[     108.233]      166.660 MW overflow in l2431 time  17 (pre-contingency)
[     108.234]       40.740 MW overflow in l2307 time  18 (pre-contingency)
[     108.235]       52.690 MW overflow in l2429 time  18 (pre-contingency)
[     108.236]      166.660 MW overflow in l2431 time  18 (pre-contingency)
[     108.236]      176.650 MW overflow in l2430 time  18 (pre-contingency)
[     108.237]      400.290 MW overflow in l2435 time  18 (pre-contingency)
[     108.238]       49.169 MW overflow in l810  time  19 (outage: line l298)
[     108.240]       52.690 MW overflow in l2429 time  19 (pre-contingency)
[     108.241]      166.660 MW overflow in l2431 time  19 (pre-contingency)
[     108.242]      176.650 MW overflow in l2430 time  19 (pre-contingency)
[     108.243]      400.290 MW overflow in l2435 time  19 (pre-contingency)
[     108.243]       40.740 MW overflow in l2307 time  20 (pre-contingency)
[     108.244]       52.690 MW overflow in l2429 time  20 (pre-contingency)
[     108.245]      166.660 MW overflow in l2431 time  20 (pre-contingency)
[     108.246]      176.650 MW overflow in l2430 time  20 (pre-contingency)
[     108.247]      400.290 MW overflow in l2435 time  20 (pre-contingency)
[     108.247]       40.740 MW overflow in l2307 time  21 (pre-contingency)
[     108.248]       52.690 MW overflow in l2429 time  21 (pre-contingency)
[     108.249]      166.660 MW overflow in l2431 time  21 (pre-contingency)
[     108.250]      176.650 MW overflow in l2430 time  21 (pre-contingency)
[     108.250]      400.290 MW overflow in l2435 time  21 (pre-contingency)
[     108.251]        1.388 MW overflow in l810  time  22 (outage: line l298)
[     108.253]      166.660 MW overflow in l2431 time  22 (pre-contingency)
[     108.255]      176.650 MW overflow in l2430 time  22 (pre-contingency)
[     108.255]        4.814 MW overflow in l810  time  23 (outage: line l298)
[     108.258]      176.650 MW overflow in l2430 time  25 (pre-contingency)
[     108.259]        3.379 MW overflow in l1112 time  31 (outage: line l1114)
[     108.262]       40.740 MW overflow in l2307 time  31 (pre-contingency)
[     108.263]       61.582 MW overflow in l810  time  31 (outage: line l298)
[     108.265]      166.660 MW overflow in l2431 time  31 (pre-contingency)
[     108.266]        4.164 MW overflow in l1112 time  32 (outage: line l1114)
[     108.269]       40.740 MW overflow in l2307 time  32 (pre-contingency)
[     108.270]       57.151 MW overflow in l810  time  32 (outage: line l298)
[     108.273]      166.660 MW overflow in l2431 time  32 (pre-contingency)
[     108.274]        3.589 MW overflow in l1112 time  33 (outage: line l1114)
[     108.276]       40.740 MW overflow in l2307 time  33 (pre-contingency)
[     108.278]       55.796 MW overflow in l810  time  33 (outage: line l298)
[     108.280]      166.660 MW overflow in l2431 time  33 (pre-contingency)
[     108.281]        2.717 MW overflow in l1112 time  34 (outage: line l1114)
[     108.284]       40.740 MW overflow in l2307 time  34 (pre-contingency)
[     108.285]       61.205 MW overflow in l810  time  34 (outage: line l298)
[     108.287]      166.660 MW overflow in l2431 time  34 (pre-contingency)
[     108.288]        4.022 MW overflow in l1112 time  35 (outage: line l1114)
[     108.291]       40.740 MW overflow in l2307 time  35 (pre-contingency)
[     108.292]       61.950 MW overflow in l810  time  35 (outage: line l298)
[     108.295]      166.660 MW overflow in l2431 time  35 (pre-contingency)
[     108.296]        4.643 MW overflow in l1112 time  36 (outage: line l1114)
[     108.299]       40.740 MW overflow in l2307 time  36 (pre-contingency)
[     108.300]       62.219 MW overflow in l810  time  36 (outage: line l298)
[     108.302]      166.660 MW overflow in l2431 time  36 (pre-contingency)
[     108.303] Setting MILP time limit to 1139.09 seconds
[     108.303] Solving MILP...
Gurobi Optimizer version 9.0.0 build v9.0.0rc2 (linux64)
Optimize a model with 272039 rows, 353125 columns and 976759 nonzeros
Model fingerprint: 0xa11e29d6
Variable types: 291277 continuous, 61848 integer (0 binary)
Coefficient statistics:
  Matrix range     [8e-04, 1e+03]
  Objective range  [8e+00, 1e+05]
  Bounds range     [4e-02, 5e+02]
  RHS range        [4e-02, 1e+03]

MIP start from previous solve produced solution with objective 2.43063e+07 (0.51s)
Loaded MIP start from previous solve with objective 2.43063e+07

Presolve removed 123944 rows and 238364 columns
Presolve time: 3.54s
Presolved: 148095 rows, 114761 columns, 571984 nonzeros
Variable types: 67466 continuous, 47295 integer (47295 binary)

Deterministic concurrent LP optimizer: primal and dual simplex
Showing first log only...


Root simplex log...

Iteration    Objective       Primal Inf.    Dual Inf.      Time
   42481    1.1270002e+09   2.187173e+01   3.438779e+09      5s
   53538    2.1646852e+09   0.000000e+00   7.743874e+08      5s
  115566    1.8773371e+08   0.000000e+00   9.158111e+08     10s
Concurrent spin time: 0.03s

Solved with dual simplex

Root relaxation: objective 2.421394e+07, 37825 iterations, 7.32 seconds

    Nodes    |    Current Node    |     Objective Bounds      |     Work
 Expl Unexpl |  Obj  Depth IntInf | Incumbent    BestBd   Gap | It/Node Time

     0     0 2.4221e+07    0   94 2.4306e+07 2.4221e+07  0.35%     -   13s

Explored 0 nodes (38987 simplex iterations) in 13.16 seconds
Thread count was 4 (of 32 available processors)

Solution count 1: 2.43063e+07 

Optimal solution found (tolerance 1.00e-02)
Best objective 2.430632935027e+07, best bound 2.422142440752e+07, gap 0.3493%
[     121.597] Verifying transmission limits...
[     125.948] Verified transmission limits in 4.35 seconds
[     125.948]       40.740 MW overflow in l2307 time   7 (pre-contingency)
[     125.951]       50.840 MW overflow in l810  time   8 (outage: line l298)
[     125.954]       35.711 MW overflow in l810  time   9 (outage: line l298)
[     125.957]       17.768 MW overflow in l810  time  10 (outage: line l298)
[     125.959]       52.690 MW overflow in l2429 time  17 (pre-contingency)
[     125.962]       51.777 MW overflow in l810  time  18 (outage: line l298)
[     125.965]       40.740 MW overflow in l2307 time  19 (pre-contingency)
[     125.967]       40.718 MW overflow in l810  time  20 (outage: line l298)
[     125.970]       27.760 MW overflow in l810  time  21 (outage: line l298)
[     125.976]       40.740 MW overflow in l2307 time  22 (pre-contingency)
[     125.978] Setting MILP time limit to 1121.41 seconds
[     125.978] Solving MILP...
Gurobi Optimizer version 9.0.0 build v9.0.0rc2 (linux64)
Optimize a model with 272069 rows, 353135 columns and 981289 nonzeros
Model fingerprint: 0x4b276f52
Variable types: 291287 continuous, 61848 integer (0 binary)
Coefficient statistics:
  Matrix range     [8e-04, 1e+03]
  Objective range  [8e+00, 1e+05]
  Bounds range     [4e-02, 5e+02]
  RHS range        [4e-02, 1e+03]

MIP start from previous solve produced solution with objective 2.43219e+07 (0.52s)
Loaded MIP start from previous solve with objective 2.43219e+07

Presolve removed 123922 rows and 237092 columns
Presolve time: 3.33s
Presolved: 148147 rows, 116043 columns, 575450 nonzeros
Variable types: 68748 continuous, 47295 integer (47295 binary)

Deterministic concurrent LP optimizer: primal and dual simplex
Showing first log only...


Root simplex log...

Iteration    Objective       Primal Inf.    Dual Inf.      Time
   45991    2.3544288e+09   0.000000e+00   8.392066e+08      5s
  109899    2.4240427e+08   0.000000e+00   5.556703e+08     10s
Concurrent spin time: 0.03s

Solved with dual simplex

Root relaxation: objective 2.421516e+07, 38594 iterations, 6.18 seconds

    Nodes    |    Current Node    |     Objective Bounds      |     Work
 Expl Unexpl |  Obj  Depth IntInf | Incumbent    BestBd   Gap | It/Node Time

     0     0 2.4223e+07    0  115 2.4322e+07 2.4223e+07  0.41%     -   11s

Explored 0 nodes (39757 simplex iterations) in 11.86 seconds
Thread count was 4 (of 32 available processors)

Solution count 1: 2.43219e+07 

Optimal solution found (tolerance 1.00e-02)
Best objective 2.432192888249e+07, best bound 2.422263038816e+07, gap 0.4083%
[     137.975] Verifying transmission limits...
[     142.239] Verified transmission limits in 4.26 seconds
[     142.239] No violations found
[     142.240] MIP gap tolerance set to 0.001000
[     142.240] Setting MILP time limit to 1105.15 seconds
[     142.240] Solving MILP...
Gurobi Optimizer version 9.0.0 build v9.0.0rc2 (linux64)
Optimize a model with 272069 rows, 353135 columns and 981289 nonzeros
Model fingerprint: 0x4b276f52
Variable types: 291287 continuous, 61848 integer (0 binary)
Coefficient statistics:
  Matrix range     [8e-04, 1e+03]
  Objective range  [8e+00, 1e+05]
  Bounds range     [4e-02, 5e+02]
  RHS range        [4e-02, 1e+03]
Presolved: 148147 rows, 116043 columns, 575450 nonzeros

Continuing optimization...

H    0     2                    2.423059e+07 2.4223e+07  0.03%     -   19s
     0     2 2.4223e+07    0  115 2.4231e+07 2.4223e+07  0.03%     -   19s

Explored 1 nodes (40717 simplex iterations) in 7.73 seconds
Thread count was 4 (of 32 available processors)

Solution count 2: 2.42306e+07 2.43219e+07 

Optimal solution found (tolerance 1.00e-03)
Best objective 2.423059336391e+07, best bound 2.422274747393e+07, gap 0.0324%
[     149.974] Verifying transmission limits...
[     154.293] Verified transmission limits in 4.32 seconds
[     154.293]      122.653 MW overflow in l2374 time   6 (pre-contingency)
[     154.295]        5.910 MW overflow in l2306 time   7 (pre-contingency)
[     154.296]        5.910 MW overflow in l2306 time   8 (pre-contingency)
[     154.297]        5.910 MW overflow in l2306 time   9 (pre-contingency)
[     154.298]      265.667 MW overflow in l2374 time   9 (pre-contingency)
[     154.299]        5.910 MW overflow in l2306 time  10 (pre-contingency)
[     154.299]      266.026 MW overflow in l2374 time  10 (pre-contingency)
[     154.300]       40.740 MW overflow in l2307 time  11 (pre-contingency)
[     154.301]      267.002 MW overflow in l2374 time  12 (pre-contingency)
[     154.302]      122.105 MW overflow in l2374 time  13 (pre-contingency)
[     154.303]      122.281 MW overflow in l2374 time  14 (pre-contingency)
[     154.304]      122.685 MW overflow in l2374 time  15 (pre-contingency)
[     154.305]      122.825 MW overflow in l2374 time  16 (pre-contingency)
[     154.306]      267.156 MW overflow in l2374 time  17 (pre-contingency)
[     154.307]        5.910 MW overflow in l2306 time  18 (pre-contingency)
[     154.309]      410.307 MW overflow in l2374 time  18 (pre-contingency)
[     154.309]        5.910 MW overflow in l2306 time  19 (pre-contingency)
[     154.310]        5.910 MW overflow in l2306 time  20 (pre-contingency)
[     154.311]      265.407 MW overflow in l2374 time  20 (pre-contingency)
[     154.312]        5.910 MW overflow in l2306 time  21 (pre-contingency)
[     154.313]      265.881 MW overflow in l2374 time  21 (pre-contingency)
[     154.314]       52.690 MW overflow in l2429 time  22 (pre-contingency)
[     154.315]       52.690 MW overflow in l2429 time  23 (pre-contingency)
[     154.316]       52.690 MW overflow in l2429 time  31 (pre-contingency)
[     154.317]       52.690 MW overflow in l2429 time  32 (pre-contingency)
[     154.318]       52.690 MW overflow in l2429 time  33 (pre-contingency)
[     154.319]       52.690 MW overflow in l2429 time  34 (pre-contingency)
[     154.320]       52.690 MW overflow in l2429 time  35 (pre-contingency)
[     154.322]       52.690 MW overflow in l2429 time  36 (pre-contingency)
[     154.323] Setting MILP time limit to 1093.07 seconds
[     154.323] Solving MILP...
Gurobi Optimizer version 9.0.0 build v9.0.0rc2 (linux64)
Optimize a model with 272156 rows, 353164 columns and 981463 nonzeros
Model fingerprint: 0x0dfcfc4a
Variable types: 291316 continuous, 61848 integer (0 binary)
Coefficient statistics:
  Matrix range     [8e-04, 1e+03]
  Objective range  [8e+00, 1e+05]
  Bounds range     [4e-02, 5e+02]
  RHS range        [4e-02, 1e+03]

MIP start from previous solve produced solution with objective 2.42387e+07 (0.53s)
Loaded MIP start from previous solve with objective 2.42387e+07

Presolve removed 123980 rows and 237080 columns
Presolve time: 3.10s
Presolved: 148176 rows, 116084 columns, 575586 nonzeros
Variable types: 68789 continuous, 47295 integer (47295 binary)

Deterministic concurrent LP optimizer: primal and dual simplex
Showing first log only...


Root simplex log...

Iteration    Objective       Primal Inf.    Dual Inf.      Time
   59997    1.1148590e+09   1.456052e-03   1.022408e+08      5s
   67412    1.8900571e+09   0.000000e+00   9.654812e+08      5s
  129205    2.3088124e+08   0.000000e+00   6.006486e+08     10s
Concurrent spin time: 0.00s

Solved with dual simplex

Root relaxation: objective 2.421727e+07, 43048 iterations, 6.79 seconds

    Nodes    |    Current Node    |     Objective Bounds      |     Work
 Expl Unexpl |  Obj  Depth IntInf | Incumbent    BestBd   Gap | It/Node Time

     0     0 2.4225e+07    0  148 2.4239e+07 2.4225e+07  0.06%     -   11s

Explored 0 nodes (44239 simplex iterations) in 12.02 seconds
Thread count was 4 (of 32 available processors)

Solution count 1: 2.42387e+07 

Optimal solution found (tolerance 1.00e-03)
Best objective 2.423869864011e+07, best bound 2.422495643426e+07, gap 0.0567%
[     166.485] Verifying transmission limits...
[     170.600] Verified transmission limits in 4.11 seconds
[     170.600] No violations found
[     170.600] Total time was 140.59 seconds
[     170.600] Writing: /local_workspace/kazaalek/uc/results_default/matpower/case1888rte/2017-02-06.1.sol.json
[     172.812] Verifying solution...
[     173.069] Exporting final model to /local_workspace/kazaalek/uc/results_default/matpower/case1888rte/2017-02-06.1.final.mps.gz
