[       0.038] Reading: matpower/case1888rte/2017-01-07
[       3.165] Read problem in 3.12 seconds
[       4.074] Computing injection shift factors...
[       5.154] Computed ISF in 1.08 seconds
[       5.154] Computing line outage factors...
[       6.431] Computed LODF in 1.28 seconds
[       6.431] Applying PTDF and LODF cutoffs (0.00500, 0.00100)
[       6.707] Building model...
[      20.178] Built model in 13.47 seconds
[      20.178] Setting names...
[      20.178] Setting variable and constraint names...
[      22.143] Set names in 1.96 seconds
[      22.143] Exporting initial model without transmission constraints to /local_workspace/kazaalek/uc/results_default/matpower/case1888rte/2017-01-07.1.init.mps.gz
[      49.305] Optimizing...
[      49.449] MIP gap tolerance set to 0.010000
[      49.449] Setting MILP time limit to 1199.86 seconds
[      49.494] Solving MILP...
Gurobi Optimizer version 9.0.0 build v9.0.0rc2 (linux64)
Optimize a model with 270740 rows, 352692 columns and 959115 nonzeros
Model fingerprint: 0x1f86bbfd
Variable types: 290844 continuous, 61848 integer (0 binary)
Coefficient statistics:
  Matrix range     [1e-01, 1e+03]
  Objective range  [8e+00, 1e+05]
  Bounds range     [5e-02, 5e+02]
  RHS range        [5e-02, 1e+03]
Presolve removed 123770 rows and 241961 columns
Presolve time: 3.26s
Presolved: 146970 rows, 110731 columns, 557991 nonzeros
Variable types: 63576 continuous, 47155 integer (47155 binary)

Deterministic concurrent LP optimizer: primal and dual simplex
Showing first log only...


Root simplex log...

Iteration    Objective       Primal Inf.    Dual Inf.      Time
   50731    1.1091755e+09   0.000000e+00   1.034592e+09      5s
Concurrent spin time: 0.00s

Solved with dual simplex

Root relaxation: objective 2.939255e+07, 32653 iterations, 5.85 seconds

    Nodes    |    Current Node    |     Objective Bounds      |     Work
 Expl Unexpl |  Obj  Depth IntInf | Incumbent    BestBd   Gap | It/Node Time

     0     0 2.9393e+07    0  108          - 2.9393e+07      -     -   10s
H    0     0                    2.945574e+07 2.9393e+07  0.21%     -   10s

Explored 1 nodes (33659 simplex iterations) in 10.95 seconds
Thread count was 4 (of 32 available processors)

Solution count 1: 2.94557e+07 

Optimal solution found (tolerance 1.00e-02)
Best objective 2.945573806030e+07, best bound 2.939255281851e+07, gap 0.2145%
[      67.878] Verifying transmission limits...
[      73.371] Verified transmission limits in 5.49 seconds
[      73.371]      726.560 MW overflow in l2425 time   1 (pre-contingency)
[      73.552]      780.000 MW overflow in l2314 time   1 (pre-contingency)
[      73.553]      864.820 MW overflow in l2432 time   1 (pre-contingency)
[      73.554]      902.040 MW overflow in l2284 time   1 (pre-contingency)
[      73.555]      905.870 MW overflow in l2285 time   1 (pre-contingency)
[      73.556]      726.560 MW overflow in l2425 time   2 (pre-contingency)
[      73.557]      780.000 MW overflow in l2314 time   2 (pre-contingency)
[      73.557]      864.820 MW overflow in l2432 time   2 (pre-contingency)
[      73.558]      902.040 MW overflow in l2284 time   2 (pre-contingency)
[      73.559]      905.870 MW overflow in l2285 time   2 (pre-contingency)
[      73.559]      726.560 MW overflow in l2425 time   3 (pre-contingency)
[      73.560]      780.000 MW overflow in l2314 time   3 (pre-contingency)
[      73.561]      864.820 MW overflow in l2432 time   3 (pre-contingency)
[      73.562]      902.040 MW overflow in l2284 time   3 (pre-contingency)
[      73.563]      905.870 MW overflow in l2285 time   3 (pre-contingency)
[      73.563]      726.560 MW overflow in l2425 time   4 (pre-contingency)
[      73.564]      780.000 MW overflow in l2314 time   4 (pre-contingency)
[      73.565]      864.820 MW overflow in l2432 time   4 (pre-contingency)
[      73.566]      902.040 MW overflow in l2284 time   4 (pre-contingency)
[      73.566]      905.870 MW overflow in l2285 time   4 (pre-contingency)
[      73.567]      726.560 MW overflow in l2425 time   5 (pre-contingency)
[      73.568]      780.000 MW overflow in l2314 time   5 (pre-contingency)
[      73.569]      864.820 MW overflow in l2432 time   5 (pre-contingency)
[      73.570]      902.040 MW overflow in l2284 time   5 (pre-contingency)
[      73.570]      905.870 MW overflow in l2285 time   5 (pre-contingency)
[      73.571]      726.560 MW overflow in l2425 time   6 (pre-contingency)
[      73.572]      780.000 MW overflow in l2314 time   6 (pre-contingency)
[      73.572]      864.820 MW overflow in l2432 time   6 (pre-contingency)
[      73.573]      902.040 MW overflow in l2284 time   6 (pre-contingency)
[      73.574]      905.870 MW overflow in l2285 time   6 (pre-contingency)
[      73.574]      864.820 MW overflow in l2432 time   7 (pre-contingency)
[      73.575]      896.000 MW overflow in l2315 time   7 (pre-contingency)
[      73.576]      902.040 MW overflow in l2284 time   7 (pre-contingency)
[      73.577]      905.870 MW overflow in l2285 time   7 (pre-contingency)
[      73.577]      984.910 MW overflow in l2425 time   7 (pre-contingency)
[      73.578]      864.820 MW overflow in l2432 time   8 (pre-contingency)
[      73.579]      896.000 MW overflow in l2315 time   8 (pre-contingency)
[      73.580]      902.040 MW overflow in l2284 time   8 (pre-contingency)
[      73.580]      905.870 MW overflow in l2285 time   8 (pre-contingency)
[      73.581]      984.910 MW overflow in l2425 time   8 (pre-contingency)
[      73.581]      864.820 MW overflow in l2432 time   9 (pre-contingency)
[      73.582]      896.000 MW overflow in l2315 time   9 (pre-contingency)
[      73.583]      902.040 MW overflow in l2284 time   9 (pre-contingency)
[      73.584]      905.870 MW overflow in l2285 time   9 (pre-contingency)
[      73.584]      984.910 MW overflow in l2425 time   9 (pre-contingency)
[      73.585]      864.820 MW overflow in l2432 time  10 (pre-contingency)
[      73.586]      896.000 MW overflow in l2315 time  10 (pre-contingency)
[      73.587]      902.040 MW overflow in l2284 time  10 (pre-contingency)
[      73.587]      905.870 MW overflow in l2285 time  10 (pre-contingency)
[      73.588]      984.910 MW overflow in l2425 time  10 (pre-contingency)
[      73.588]      864.820 MW overflow in l2432 time  11 (pre-contingency)
[      73.589]      896.000 MW overflow in l2315 time  11 (pre-contingency)
[      73.590]      902.040 MW overflow in l2284 time  11 (pre-contingency)
[      73.591]      905.870 MW overflow in l2285 time  11 (pre-contingency)
[      73.591]      984.910 MW overflow in l2425 time  11 (pre-contingency)
[      73.592]      864.820 MW overflow in l2432 time  12 (pre-contingency)
[      73.593]      896.000 MW overflow in l2315 time  12 (pre-contingency)
[      73.594]      902.040 MW overflow in l2284 time  12 (pre-contingency)
[      73.594]      905.870 MW overflow in l2285 time  12 (pre-contingency)
[      73.595]      984.910 MW overflow in l2425 time  12 (pre-contingency)
[      73.596]      864.820 MW overflow in l2432 time  13 (pre-contingency)
[      73.597]      896.000 MW overflow in l2315 time  13 (pre-contingency)
[      73.598]      902.040 MW overflow in l2284 time  13 (pre-contingency)
[      73.598]      905.870 MW overflow in l2285 time  13 (pre-contingency)
[      73.599]      984.910 MW overflow in l2425 time  13 (pre-contingency)
[      73.599]      864.820 MW overflow in l2432 time  14 (pre-contingency)
[      73.600]      896.000 MW overflow in l2315 time  14 (pre-contingency)
[      73.601]      902.040 MW overflow in l2284 time  14 (pre-contingency)
[      73.602]      905.870 MW overflow in l2285 time  14 (pre-contingency)
[      73.602]      984.910 MW overflow in l2425 time  14 (pre-contingency)
[      73.603]      864.820 MW overflow in l2432 time  15 (pre-contingency)
[      73.604]      896.000 MW overflow in l2315 time  15 (pre-contingency)
[      73.605]      902.040 MW overflow in l2284 time  15 (pre-contingency)
[      73.606]      905.870 MW overflow in l2285 time  15 (pre-contingency)
[      73.606]      984.910 MW overflow in l2425 time  15 (pre-contingency)
[      73.607]      864.820 MW overflow in l2432 time  16 (pre-contingency)
[      73.608]      896.000 MW overflow in l2315 time  16 (pre-contingency)
[      73.609]      902.040 MW overflow in l2284 time  16 (pre-contingency)
[      73.609]      905.870 MW overflow in l2285 time  16 (pre-contingency)
[      73.610]      984.910 MW overflow in l2425 time  16 (pre-contingency)
[      73.610]      864.820 MW overflow in l2432 time  17 (pre-contingency)
[      73.611]      896.000 MW overflow in l2315 time  17 (pre-contingency)
[      73.612]      902.040 MW overflow in l2284 time  17 (pre-contingency)
[      73.613]      905.870 MW overflow in l2285 time  17 (pre-contingency)
[      73.613]      984.910 MW overflow in l2425 time  17 (pre-contingency)
[      73.614]      864.820 MW overflow in l2432 time  18 (pre-contingency)
[      73.615]      896.000 MW overflow in l2315 time  18 (pre-contingency)
[      73.616]      902.040 MW overflow in l2284 time  18 (pre-contingency)
[      73.617]      905.870 MW overflow in l2285 time  18 (pre-contingency)
[      73.617]      984.910 MW overflow in l2425 time  18 (pre-contingency)
[      73.618]      864.820 MW overflow in l2432 time  19 (pre-contingency)
[      73.619]      896.000 MW overflow in l2315 time  19 (pre-contingency)
[      73.620]      902.040 MW overflow in l2284 time  19 (pre-contingency)
[      73.620]      905.870 MW overflow in l2285 time  19 (pre-contingency)
[      73.621]      984.910 MW overflow in l2425 time  19 (pre-contingency)
[      73.622]      864.820 MW overflow in l2432 time  20 (pre-contingency)
[      73.623]      896.000 MW overflow in l2315 time  20 (pre-contingency)
[      73.623]      902.040 MW overflow in l2284 time  20 (pre-contingency)
[      73.624]      905.870 MW overflow in l2285 time  20 (pre-contingency)
[      73.625]      984.910 MW overflow in l2425 time  20 (pre-contingency)
[      73.625]      864.820 MW overflow in l2432 time  21 (pre-contingency)
[      73.626]      896.000 MW overflow in l2315 time  21 (pre-contingency)
[      73.627]      902.040 MW overflow in l2284 time  21 (pre-contingency)
[      73.628]      905.870 MW overflow in l2285 time  21 (pre-contingency)
[      73.628]      984.910 MW overflow in l2425 time  21 (pre-contingency)
[      73.629]      864.820 MW overflow in l2432 time  22 (pre-contingency)
[      73.630]      896.000 MW overflow in l2315 time  22 (pre-contingency)
[      73.631]      902.040 MW overflow in l2284 time  22 (pre-contingency)
[      73.632]      905.870 MW overflow in l2285 time  22 (pre-contingency)
[      73.632]      984.910 MW overflow in l2425 time  22 (pre-contingency)
[      73.633]      864.820 MW overflow in l2432 time  23 (pre-contingency)
[      73.634]      896.000 MW overflow in l2315 time  23 (pre-contingency)
[      73.635]      902.040 MW overflow in l2284 time  23 (pre-contingency)
[      73.635]      905.870 MW overflow in l2285 time  23 (pre-contingency)
[      73.636]      984.910 MW overflow in l2425 time  23 (pre-contingency)
[      73.637]      864.820 MW overflow in l2432 time  24 (pre-contingency)
[      73.638]      896.000 MW overflow in l2315 time  24 (pre-contingency)
[      73.638]      902.040 MW overflow in l2284 time  24 (pre-contingency)
[      73.639]      905.870 MW overflow in l2285 time  24 (pre-contingency)
[      73.640]      984.910 MW overflow in l2425 time  24 (pre-contingency)
[      73.640]      864.820 MW overflow in l2432 time  25 (pre-contingency)
[      73.641]      896.000 MW overflow in l2315 time  25 (pre-contingency)
[      73.642]      902.040 MW overflow in l2284 time  25 (pre-contingency)
[      73.643]      905.870 MW overflow in l2285 time  25 (pre-contingency)
[      73.644]      984.910 MW overflow in l2425 time  25 (pre-contingency)
[      73.644]      864.820 MW overflow in l2432 time  26 (pre-contingency)
[      73.645]      896.000 MW overflow in l2315 time  26 (pre-contingency)
[      73.646]      902.040 MW overflow in l2284 time  26 (pre-contingency)
[      73.647]      905.870 MW overflow in l2285 time  26 (pre-contingency)
[      73.647]      984.910 MW overflow in l2425 time  26 (pre-contingency)
[      73.648]      864.820 MW overflow in l2432 time  27 (pre-contingency)
[      73.649]      896.000 MW overflow in l2315 time  27 (pre-contingency)
[      73.650]      902.040 MW overflow in l2284 time  27 (pre-contingency)
[      73.650]      905.870 MW overflow in l2285 time  27 (pre-contingency)
[      73.651]      984.910 MW overflow in l2425 time  27 (pre-contingency)
[      73.652]      864.820 MW overflow in l2432 time  28 (pre-contingency)
[      73.653]      896.000 MW overflow in l2315 time  28 (pre-contingency)
[      73.654]      902.040 MW overflow in l2284 time  28 (pre-contingency)
[      73.654]      905.870 MW overflow in l2285 time  28 (pre-contingency)
[      73.655]      984.910 MW overflow in l2425 time  28 (pre-contingency)
[      73.656]      864.820 MW overflow in l2432 time  29 (pre-contingency)
[      73.657]      896.000 MW overflow in l2315 time  29 (pre-contingency)
[      73.657]      902.040 MW overflow in l2284 time  29 (pre-contingency)
[      73.658]      905.870 MW overflow in l2285 time  29 (pre-contingency)
[      73.659]      984.910 MW overflow in l2425 time  29 (pre-contingency)
[      73.660]      864.820 MW overflow in l2432 time  30 (pre-contingency)
[      73.661]      896.000 MW overflow in l2315 time  30 (pre-contingency)
[      73.661]      902.040 MW overflow in l2284 time  30 (pre-contingency)
[      73.662]      905.870 MW overflow in l2285 time  30 (pre-contingency)
[      73.663]      984.910 MW overflow in l2425 time  30 (pre-contingency)
[      73.663]      864.820 MW overflow in l2432 time  31 (pre-contingency)
[      73.665]      896.000 MW overflow in l2315 time  31 (pre-contingency)
[      73.665]      902.040 MW overflow in l2284 time  31 (pre-contingency)
[      73.666]      905.870 MW overflow in l2285 time  31 (pre-contingency)
[      73.667]      984.910 MW overflow in l2425 time  31 (pre-contingency)
[      73.667]      864.820 MW overflow in l2432 time  32 (pre-contingency)
[      73.668]      896.000 MW overflow in l2315 time  32 (pre-contingency)
[      73.669]      902.040 MW overflow in l2284 time  32 (pre-contingency)
[      73.670]      905.870 MW overflow in l2285 time  32 (pre-contingency)
[      73.671]      984.910 MW overflow in l2425 time  32 (pre-contingency)
[      73.671]      864.820 MW overflow in l2432 time  33 (pre-contingency)
[      73.672]      896.000 MW overflow in l2315 time  33 (pre-contingency)
[      73.673]      902.040 MW overflow in l2284 time  33 (pre-contingency)
[      73.674]      905.870 MW overflow in l2285 time  33 (pre-contingency)
[      73.675]      984.910 MW overflow in l2425 time  33 (pre-contingency)
[      73.675]      864.820 MW overflow in l2432 time  34 (pre-contingency)
[      73.676]      896.000 MW overflow in l2315 time  34 (pre-contingency)
[      73.677]      902.040 MW overflow in l2284 time  34 (pre-contingency)
[      73.678]      905.870 MW overflow in l2285 time  34 (pre-contingency)
[      73.679]      984.910 MW overflow in l2425 time  34 (pre-contingency)
[      73.679]      864.820 MW overflow in l2432 time  35 (pre-contingency)
[      73.680]      896.000 MW overflow in l2315 time  35 (pre-contingency)
[      73.681]      902.040 MW overflow in l2284 time  35 (pre-contingency)
[      73.682]      905.870 MW overflow in l2285 time  35 (pre-contingency)
[      73.683]      984.910 MW overflow in l2425 time  35 (pre-contingency)
[      73.683]      864.820 MW overflow in l2432 time  36 (pre-contingency)
[      73.684]      896.000 MW overflow in l2315 time  36 (pre-contingency)
[      73.685]      902.040 MW overflow in l2284 time  36 (pre-contingency)
[      73.686]      905.870 MW overflow in l2285 time  36 (pre-contingency)
[      73.687]      984.910 MW overflow in l2425 time  36 (pre-contingency)
[      73.687] Setting MILP time limit to 1175.62 seconds
[      73.687] Solving MILP...
Gurobi Optimizer version 9.0.0 build v9.0.0rc2 (linux64)
Optimize a model with 271280 rows, 352872 columns and 960195 nonzeros
Model fingerprint: 0xfc208694
Variable types: 291024 continuous, 61848 integer (0 binary)
Coefficient statistics:
  Matrix range     [1e-01, 1e+03]
  Objective range  [8e+00, 1e+05]
  Bounds range     [5e-02, 5e+02]
  RHS range        [5e-02, 1e+03]

MIP start from previous solve produced solution with objective 5.01417e+07 (0.47s)
Loaded MIP start from previous solve with objective 5.01417e+07

Presolve removed 124418 rows and 242249 columns
Presolve time: 3.02s
Presolved: 146862 rows, 110623 columns, 557660 nonzeros
Variable types: 63468 continuous, 47155 integer (47155 binary)

Deterministic concurrent LP optimizer: primal and dual simplex
Showing first log only...


Root simplex log...

Iteration    Objective       Primal Inf.    Dual Inf.      Time
   68081    6.5878213e+08   0.000000e+00   1.936094e+09      5s
Concurrent spin time: 0.04s

Solved with dual simplex

Root relaxation: objective 3.019900e+07, 30236 iterations, 4.48 seconds

    Nodes    |    Current Node    |     Objective Bounds      |     Work
 Expl Unexpl |  Obj  Depth IntInf | Incumbent    BestBd   Gap | It/Node Time

     0     0 3.0199e+07    0   91 5.0142e+07 3.0199e+07  39.8%     -    8s
H    0     0                    3.020378e+07 3.0199e+07  0.02%     -    9s

Explored 1 nodes (31248 simplex iterations) in 9.08 seconds
Thread count was 4 (of 32 available processors)

Solution count 2: 3.02038e+07 5.01417e+07 

Optimal solution found (tolerance 1.00e-02)
Best objective 3.020377754584e+07, best bound 3.019899675441e+07, gap 0.0158%
[      83.021] Verifying transmission limits...
[      86.857] Verified transmission limits in 3.84 seconds
[      86.857]      107.159 MW overflow in l2435 time   1 (pre-contingency)
[      86.859]      169.560 MW overflow in l2431 time   1 (pre-contingency)
[      86.860]      180.360 MW overflow in l2430 time   1 (pre-contingency)
[      86.861]      404.970 MW overflow in l2434 time   1 (pre-contingency)
[      86.861]      896.000 MW overflow in l2315 time   1 (pre-contingency)
[      86.862]      169.560 MW overflow in l2431 time   2 (pre-contingency)
[      86.863]      180.360 MW overflow in l2430 time   2 (pre-contingency)
[      86.864]      404.970 MW overflow in l2434 time   2 (pre-contingency)
[      86.865]      896.000 MW overflow in l2315 time   2 (pre-contingency)
[      86.865]      135.865 MW overflow in l2430 time   3 (pre-contingency)
[      86.866]      169.560 MW overflow in l2431 time   3 (pre-contingency)
[      86.867]      404.970 MW overflow in l2434 time   3 (pre-contingency)
[      86.867]      896.000 MW overflow in l2315 time   3 (pre-contingency)
[      86.868]       20.583 MW overflow in l2430 time   4 (pre-contingency)
[      86.869]      169.560 MW overflow in l2431 time   4 (pre-contingency)
[      86.870]      404.970 MW overflow in l2434 time   4 (pre-contingency)
[      86.870]      896.000 MW overflow in l2315 time   4 (pre-contingency)
[      86.871]      169.560 MW overflow in l2431 time   5 (pre-contingency)
[      86.872]      180.360 MW overflow in l2430 time   5 (pre-contingency)
[      86.873]      404.970 MW overflow in l2434 time   5 (pre-contingency)
[      86.874]      896.000 MW overflow in l2315 time   5 (pre-contingency)
[      86.874]      156.480 MW overflow in l2435 time   6 (pre-contingency)
[      86.875]      169.560 MW overflow in l2431 time   6 (pre-contingency)
[      86.876]      180.360 MW overflow in l2430 time   6 (pre-contingency)
[      86.877]      404.970 MW overflow in l2434 time   6 (pre-contingency)
[      86.877]      896.000 MW overflow in l2315 time   6 (pre-contingency)
[      86.878]      169.560 MW overflow in l2431 time   7 (pre-contingency)
[      86.879]      180.360 MW overflow in l2430 time   7 (pre-contingency)
[      86.880]      404.220 MW overflow in l2435 time   7 (pre-contingency)
[      86.880]      404.970 MW overflow in l2434 time   7 (pre-contingency)
[      86.881]      780.000 MW overflow in l2314 time   7 (pre-contingency)
[      86.882]      169.560 MW overflow in l2431 time   8 (pre-contingency)
[      86.883]      180.360 MW overflow in l2430 time   8 (pre-contingency)
[      86.883]      404.220 MW overflow in l2435 time   8 (pre-contingency)
[      86.884]      404.970 MW overflow in l2434 time   8 (pre-contingency)
[      86.885]      780.000 MW overflow in l2314 time   8 (pre-contingency)
[      86.885]      169.560 MW overflow in l2431 time   9 (pre-contingency)
[      86.886]      180.360 MW overflow in l2430 time   9 (pre-contingency)
[      86.887]      404.220 MW overflow in l2435 time   9 (pre-contingency)
[      86.888]      404.970 MW overflow in l2434 time   9 (pre-contingency)
[      86.888]      780.000 MW overflow in l2314 time   9 (pre-contingency)
[      86.889]      169.560 MW overflow in l2431 time  10 (pre-contingency)
[      86.890]      180.360 MW overflow in l2430 time  10 (pre-contingency)
[      86.891]      404.220 MW overflow in l2435 time  10 (pre-contingency)
[      86.891]      404.970 MW overflow in l2434 time  10 (pre-contingency)
[      86.892]      780.000 MW overflow in l2314 time  10 (pre-contingency)
[      86.893]      169.560 MW overflow in l2431 time  11 (pre-contingency)
[      86.894]      180.360 MW overflow in l2430 time  11 (pre-contingency)
[      86.895]      404.220 MW overflow in l2435 time  11 (pre-contingency)
[      86.895]      404.970 MW overflow in l2434 time  11 (pre-contingency)
[      86.896]      780.000 MW overflow in l2314 time  11 (pre-contingency)
[      86.897]      169.560 MW overflow in l2431 time  12 (pre-contingency)
[      86.898]      180.360 MW overflow in l2430 time  12 (pre-contingency)
[      86.898]      404.220 MW overflow in l2435 time  12 (pre-contingency)
[      86.899]      404.970 MW overflow in l2434 time  12 (pre-contingency)
[      86.900]      780.000 MW overflow in l2314 time  12 (pre-contingency)
[      86.901]      169.560 MW overflow in l2431 time  13 (pre-contingency)
[      86.902]      180.360 MW overflow in l2430 time  13 (pre-contingency)
[      86.902]      404.220 MW overflow in l2435 time  13 (pre-contingency)
[      86.903]      404.970 MW overflow in l2434 time  13 (pre-contingency)
[      86.904]      780.000 MW overflow in l2314 time  13 (pre-contingency)
[      86.905]      169.560 MW overflow in l2431 time  14 (pre-contingency)
[      86.906]      180.360 MW overflow in l2430 time  14 (pre-contingency)
[      86.906]      404.220 MW overflow in l2435 time  14 (pre-contingency)
[      86.907]      404.970 MW overflow in l2434 time  14 (pre-contingency)
[      86.908]      780.000 MW overflow in l2314 time  14 (pre-contingency)
[      86.908]      169.560 MW overflow in l2431 time  15 (pre-contingency)
[      86.909]      180.360 MW overflow in l2430 time  15 (pre-contingency)
[      86.910]      404.220 MW overflow in l2435 time  15 (pre-contingency)
[      86.911]      404.970 MW overflow in l2434 time  15 (pre-contingency)
[      86.912]      780.000 MW overflow in l2314 time  15 (pre-contingency)
[      86.912]      169.560 MW overflow in l2431 time  16 (pre-contingency)
[      86.913]      180.360 MW overflow in l2430 time  16 (pre-contingency)
[      86.914]      404.220 MW overflow in l2435 time  16 (pre-contingency)
[      86.915]      404.970 MW overflow in l2434 time  16 (pre-contingency)
[      86.916]      780.000 MW overflow in l2314 time  16 (pre-contingency)
[      86.916]      169.560 MW overflow in l2431 time  17 (pre-contingency)
[      86.917]      180.360 MW overflow in l2430 time  17 (pre-contingency)
[      86.918]      404.220 MW overflow in l2435 time  17 (pre-contingency)
[      86.919]      404.970 MW overflow in l2434 time  17 (pre-contingency)
[      86.920]      780.000 MW overflow in l2314 time  17 (pre-contingency)
[      86.920]      169.560 MW overflow in l2431 time  18 (pre-contingency)
[      86.921]      180.360 MW overflow in l2430 time  18 (pre-contingency)
[      86.922]      404.220 MW overflow in l2435 time  18 (pre-contingency)
[      86.923]      404.970 MW overflow in l2434 time  18 (pre-contingency)
[      86.924]      780.000 MW overflow in l2314 time  18 (pre-contingency)
[      86.925]      169.560 MW overflow in l2431 time  19 (pre-contingency)
[      86.926]      180.360 MW overflow in l2430 time  19 (pre-contingency)
[      86.926]      404.220 MW overflow in l2435 time  19 (pre-contingency)
[      86.927]      404.970 MW overflow in l2434 time  19 (pre-contingency)
[      86.928]      780.000 MW overflow in l2314 time  19 (pre-contingency)
[      86.929]      169.560 MW overflow in l2431 time  20 (pre-contingency)
[      86.930]      180.360 MW overflow in l2430 time  20 (pre-contingency)
[      86.930]      404.220 MW overflow in l2435 time  20 (pre-contingency)
[      86.931]      404.970 MW overflow in l2434 time  20 (pre-contingency)
[      86.932]      780.000 MW overflow in l2314 time  20 (pre-contingency)
[      86.933]      169.560 MW overflow in l2431 time  21 (pre-contingency)
[      86.934]      180.360 MW overflow in l2430 time  21 (pre-contingency)
[      86.935]      404.220 MW overflow in l2435 time  21 (pre-contingency)
[      86.935]      404.970 MW overflow in l2434 time  21 (pre-contingency)
[      86.936]      780.000 MW overflow in l2314 time  21 (pre-contingency)
[      86.937]      169.560 MW overflow in l2431 time  22 (pre-contingency)
[      86.938]      180.360 MW overflow in l2430 time  22 (pre-contingency)
[      86.939]      404.220 MW overflow in l2435 time  22 (pre-contingency)
[      86.939]      404.970 MW overflow in l2434 time  22 (pre-contingency)
[      86.940]      780.000 MW overflow in l2314 time  22 (pre-contingency)
[      86.941]      169.560 MW overflow in l2431 time  23 (pre-contingency)
[      86.942]      180.360 MW overflow in l2430 time  23 (pre-contingency)
[      86.943]      404.220 MW overflow in l2435 time  23 (pre-contingency)
[      86.943]      404.970 MW overflow in l2434 time  23 (pre-contingency)
[      86.944]      780.000 MW overflow in l2314 time  23 (pre-contingency)
[      86.945]      169.560 MW overflow in l2431 time  24 (pre-contingency)
[      86.946]      180.360 MW overflow in l2430 time  24 (pre-contingency)
[      86.947]      404.220 MW overflow in l2435 time  24 (pre-contingency)
[      86.947]      404.970 MW overflow in l2434 time  24 (pre-contingency)
[      86.948]      780.000 MW overflow in l2314 time  24 (pre-contingency)
[      86.949]      169.560 MW overflow in l2431 time  25 (pre-contingency)
[      86.950]      180.360 MW overflow in l2430 time  25 (pre-contingency)
[      86.951]      404.220 MW overflow in l2435 time  25 (pre-contingency)
[      86.951]      404.970 MW overflow in l2434 time  25 (pre-contingency)
[      86.952]      780.000 MW overflow in l2314 time  25 (pre-contingency)
[      86.953]      169.560 MW overflow in l2431 time  26 (pre-contingency)
[      86.954]      180.360 MW overflow in l2430 time  26 (pre-contingency)
[      86.955]      404.220 MW overflow in l2435 time  26 (pre-contingency)
[      86.956]      404.970 MW overflow in l2434 time  26 (pre-contingency)
[      86.956]      780.000 MW overflow in l2314 time  26 (pre-contingency)
[      86.957]      169.560 MW overflow in l2431 time  27 (pre-contingency)
[      86.958]      180.360 MW overflow in l2430 time  27 (pre-contingency)
[      86.959]      404.220 MW overflow in l2435 time  27 (pre-contingency)
[      86.960]      404.970 MW overflow in l2434 time  27 (pre-contingency)
[      86.960]      780.000 MW overflow in l2314 time  27 (pre-contingency)
[      86.961]      169.560 MW overflow in l2431 time  28 (pre-contingency)
[      86.962]      180.360 MW overflow in l2430 time  28 (pre-contingency)
[      86.963]      404.220 MW overflow in l2435 time  28 (pre-contingency)
[      86.964]      404.970 MW overflow in l2434 time  28 (pre-contingency)
[      86.964]      780.000 MW overflow in l2314 time  28 (pre-contingency)
[      86.965]      169.560 MW overflow in l2431 time  29 (pre-contingency)
[      86.966]      180.360 MW overflow in l2430 time  29 (pre-contingency)
[      86.967]      404.220 MW overflow in l2435 time  29 (pre-contingency)
[      86.968]      404.970 MW overflow in l2434 time  29 (pre-contingency)
[      86.969]      780.000 MW overflow in l2314 time  29 (pre-contingency)
[      86.969]      169.560 MW overflow in l2431 time  30 (pre-contingency)
[      86.971]      180.360 MW overflow in l2430 time  30 (pre-contingency)
[      86.971]      404.220 MW overflow in l2435 time  30 (pre-contingency)
[      86.972]      404.970 MW overflow in l2434 time  30 (pre-contingency)
[      86.973]      780.000 MW overflow in l2314 time  30 (pre-contingency)
[      86.974]      169.560 MW overflow in l2431 time  31 (pre-contingency)
[      86.975]      180.360 MW overflow in l2430 time  31 (pre-contingency)
[      86.976]      404.220 MW overflow in l2435 time  31 (pre-contingency)
[      86.976]      404.970 MW overflow in l2434 time  31 (pre-contingency)
[      86.977]      780.000 MW overflow in l2314 time  31 (pre-contingency)
[      86.978]      169.560 MW overflow in l2431 time  32 (pre-contingency)
[      86.979]      180.360 MW overflow in l2430 time  32 (pre-contingency)
[      86.980]      404.220 MW overflow in l2435 time  32 (pre-contingency)
[      86.980]      404.970 MW overflow in l2434 time  32 (pre-contingency)
[      86.981]      780.000 MW overflow in l2314 time  32 (pre-contingency)
[      86.982]      169.560 MW overflow in l2431 time  33 (pre-contingency)
[      86.983]      180.360 MW overflow in l2430 time  33 (pre-contingency)
[      86.984]      404.220 MW overflow in l2435 time  33 (pre-contingency)
[      86.985]      404.970 MW overflow in l2434 time  33 (pre-contingency)
[      86.985]      780.000 MW overflow in l2314 time  33 (pre-contingency)
[      86.986]      169.560 MW overflow in l2431 time  34 (pre-contingency)
[      86.987]      180.360 MW overflow in l2430 time  34 (pre-contingency)
[      86.988]      404.220 MW overflow in l2435 time  34 (pre-contingency)
[      86.989]      404.970 MW overflow in l2434 time  34 (pre-contingency)
[      86.989]      780.000 MW overflow in l2314 time  34 (pre-contingency)
[      86.990]      169.560 MW overflow in l2431 time  35 (pre-contingency)
[      86.991]      180.360 MW overflow in l2430 time  35 (pre-contingency)
[      86.992]      404.220 MW overflow in l2435 time  35 (pre-contingency)
[      86.993]      404.970 MW overflow in l2434 time  35 (pre-contingency)
[      86.994]      780.000 MW overflow in l2314 time  35 (pre-contingency)
[      86.994]      169.560 MW overflow in l2431 time  36 (pre-contingency)
[      86.996]      180.360 MW overflow in l2430 time  36 (pre-contingency)
[      86.996]      404.220 MW overflow in l2435 time  36 (pre-contingency)
[      86.997]      404.970 MW overflow in l2434 time  36 (pre-contingency)
[      86.998]      780.000 MW overflow in l2314 time  36 (pre-contingency)
[      86.999] Setting MILP time limit to 1162.31 seconds
[      86.999] Solving MILP...
Gurobi Optimizer version 9.0.0 build v9.0.0rc2 (linux64)
Optimize a model with 271808 rows, 353048 columns and 961251 nonzeros
Model fingerprint: 0x0d9bb33a
Variable types: 291200 continuous, 61848 integer (0 binary)
Coefficient statistics:
  Matrix range     [1e-01, 1e+03]
  Objective range  [8e+00, 1e+05]
  Bounds range     [5e-02, 5e+02]
  RHS range        [5e-02, 1e+03]

MIP start from previous solve produced solution with objective 3.20384e+07 (0.48s)
Loaded MIP start from previous solve with objective 3.20384e+07

Presolve removed 124482 rows and 241961 columns
Presolve time: 3.09s
Presolved: 147326 rows, 111087 columns, 559240 nonzeros
Variable types: 63932 continuous, 47155 integer (47155 binary)

Deterministic concurrent LP optimizer: primal and dual simplex
Showing first log only...


Root simplex log...

Iteration    Objective       Primal Inf.    Dual Inf.      Time
   60708    1.9412282e+09   0.000000e+00   8.651757e+08      5s
Concurrent spin time: 0.03s

Solved with dual simplex

Root relaxation: objective 3.050405e+07, 27389 iterations, 3.62 seconds

    Nodes    |    Current Node    |     Objective Bounds      |     Work
 Expl Unexpl |  Obj  Depth IntInf | Incumbent    BestBd   Gap | It/Node Time

     0     0 3.0504e+07    0   63 3.2038e+07 3.0504e+07  4.79%     -    8s
H    0     0                    3.073536e+07 3.0504e+07  0.75%     -    8s

Explored 1 nodes (28415 simplex iterations) in 8.24 seconds
Thread count was 4 (of 32 available processors)

Solution count 2: 3.07354e+07 3.20384e+07 

Optimal solution found (tolerance 1.00e-02)
Best objective 3.073536143069e+07, best bound 3.050404821285e+07, gap 0.7526%
[      95.418] Verifying transmission limits...
[      99.285] Verified transmission limits in 3.87 seconds
[      99.285]       11.059 MW overflow in l2429 time   1 (pre-contingency)
[      99.286]       32.359 MW overflow in l2371 time   1 (pre-contingency)
[      99.287]       32.731 MW overflow in l2371 time   2 (pre-contingency)
[      99.288]       58.712 MW overflow in l2435 time   2 (pre-contingency)
[      99.289]       33.134 MW overflow in l2371 time   3 (pre-contingency)
[      99.290]       33.205 MW overflow in l2371 time   4 (pre-contingency)
[      99.291]       33.023 MW overflow in l2371 time   5 (pre-contingency)
[      99.292]       32.193 MW overflow in l2371 time   6 (pre-contingency)
[      99.293]       37.815 MW overflow in l2429 time   6 (pre-contingency)
[      99.293]        8.760 MW overflow in l2306 time   7 (pre-contingency)
[      99.294]       30.882 MW overflow in l2371 time   7 (pre-contingency)
[      99.295]       54.270 MW overflow in l2429 time   7 (pre-contingency)
[      99.296]       75.180 MW overflow in l2386 time   7 (pre-contingency)
[      99.297]       30.145 MW overflow in l2371 time   8 (pre-contingency)
[      99.298]       43.960 MW overflow in l2307 time   8 (pre-contingency)
[      99.298]       54.270 MW overflow in l2429 time   8 (pre-contingency)
[      99.299]       75.180 MW overflow in l2386 time   8 (pre-contingency)
[      99.300]      263.685 MW overflow in l2372 time   8 (pre-contingency)
[      99.300]       29.657 MW overflow in l2371 time   9 (pre-contingency)
[      99.301]       43.960 MW overflow in l2307 time   9 (pre-contingency)
[      99.302]       54.270 MW overflow in l2429 time   9 (pre-contingency)
[      99.303]      134.600 MW overflow in l2386 time   9 (pre-contingency)
[      99.304]      263.197 MW overflow in l2372 time   9 (pre-contingency)
[      99.304]       28.890 MW overflow in l2371 time  10 (pre-contingency)
[      99.305]       43.960 MW overflow in l2307 time  10 (pre-contingency)
[      99.306]       54.270 MW overflow in l2429 time  10 (pre-contingency)
[      99.307]      134.600 MW overflow in l2386 time  10 (pre-contingency)
[      99.308]      416.930 MW overflow in l2372 time  10 (pre-contingency)
[      99.308]       28.776 MW overflow in l2371 time  11 (pre-contingency)
[      99.309]       43.960 MW overflow in l2307 time  11 (pre-contingency)
[      99.310]       54.270 MW overflow in l2429 time  11 (pre-contingency)
[      99.311]      134.600 MW overflow in l2386 time  11 (pre-contingency)
[      99.311]      416.816 MW overflow in l2372 time  11 (pre-contingency)
[      99.312]       28.983 MW overflow in l2371 time  12 (pre-contingency)
[      99.313]       43.960 MW overflow in l2307 time  12 (pre-contingency)
[      99.314]       54.270 MW overflow in l2429 time  12 (pre-contingency)
[      99.315]      134.600 MW overflow in l2386 time  12 (pre-contingency)
[      99.315]      417.023 MW overflow in l2372 time  12 (pre-contingency)
[      99.316]       29.680 MW overflow in l2371 time  13 (pre-contingency)
[      99.317]       43.960 MW overflow in l2307 time  13 (pre-contingency)
[      99.318]       54.270 MW overflow in l2429 time  13 (pre-contingency)
[      99.319]      134.600 MW overflow in l2386 time  13 (pre-contingency)
[      99.319]      263.220 MW overflow in l2372 time  13 (pre-contingency)
[      99.320]       29.734 MW overflow in l2371 time  14 (pre-contingency)
[      99.321]       43.960 MW overflow in l2307 time  14 (pre-contingency)
[      99.322]       54.270 MW overflow in l2429 time  14 (pre-contingency)
[      99.323]      134.600 MW overflow in l2386 time  14 (pre-contingency)
[      99.323]      263.274 MW overflow in l2372 time  14 (pre-contingency)
[      99.324]       29.979 MW overflow in l2371 time  15 (pre-contingency)
[      99.325]       43.960 MW overflow in l2307 time  15 (pre-contingency)
[      99.326]       54.270 MW overflow in l2429 time  15 (pre-contingency)
[      99.327]       75.180 MW overflow in l2386 time  15 (pre-contingency)
[      99.327]      263.519 MW overflow in l2372 time  15 (pre-contingency)
[      99.328]       29.928 MW overflow in l2371 time  16 (pre-contingency)
[      99.329]       43.960 MW overflow in l2307 time  16 (pre-contingency)
[      99.330]       54.270 MW overflow in l2429 time  16 (pre-contingency)
[      99.331]       75.180 MW overflow in l2386 time  16 (pre-contingency)
[      99.331]      263.468 MW overflow in l2372 time  16 (pre-contingency)
[      99.332]       28.952 MW overflow in l2371 time  17 (pre-contingency)
[      99.333]       43.960 MW overflow in l2307 time  17 (pre-contingency)
[      99.334]       54.270 MW overflow in l2429 time  17 (pre-contingency)
[      99.335]      134.600 MW overflow in l2386 time  17 (pre-contingency)
[      99.335]      416.992 MW overflow in l2372 time  17 (pre-contingency)
[      99.336]       54.270 MW overflow in l2429 time  18 (pre-contingency)
[      99.337]      117.816 MW overflow in l2374 time  18 (pre-contingency)
[      99.338]      134.600 MW overflow in l2386 time  18 (pre-contingency)
[      99.339]      164.406 MW overflow in l2371 time  18 (pre-contingency)
[      99.340]      569.566 MW overflow in l2372 time  18 (pre-contingency)
[      99.340]       43.960 MW overflow in l2307 time  19 (pre-contingency)
[      99.341]       54.270 MW overflow in l2429 time  19 (pre-contingency)
[      99.342]      117.963 MW overflow in l2374 time  19 (pre-contingency)
[      99.343]      134.600 MW overflow in l2386 time  19 (pre-contingency)
[      99.344]      569.713 MW overflow in l2372 time  19 (pre-contingency)
[      99.344]       43.960 MW overflow in l2307 time  20 (pre-contingency)
[      99.346]       54.270 MW overflow in l2429 time  20 (pre-contingency)
[      99.346]      118.144 MW overflow in l2374 time  20 (pre-contingency)
[      99.347]      134.600 MW overflow in l2386 time  20 (pre-contingency)
[      99.348]      569.894 MW overflow in l2372 time  20 (pre-contingency)
[      99.349]       27.705 MW overflow in l2371 time  21 (pre-contingency)
[      99.350]       43.960 MW overflow in l2307 time  21 (pre-contingency)
[      99.351]       54.270 MW overflow in l2429 time  21 (pre-contingency)
[      99.351]      134.600 MW overflow in l2386 time  21 (pre-contingency)
[      99.352]      570.255 MW overflow in l2372 time  21 (pre-contingency)
[      99.353]       28.088 MW overflow in l2371 time  22 (pre-contingency)
[      99.354]       43.960 MW overflow in l2307 time  22 (pre-contingency)
[      99.355]       54.270 MW overflow in l2429 time  22 (pre-contingency)
[      99.355]      134.600 MW overflow in l2386 time  22 (pre-contingency)
[      99.356]      570.638 MW overflow in l2372 time  22 (pre-contingency)
[      99.357]       29.390 MW overflow in l2371 time  23 (pre-contingency)
[      99.358]       43.960 MW overflow in l2307 time  23 (pre-contingency)
[      99.359]       54.270 MW overflow in l2429 time  23 (pre-contingency)
[      99.360]      134.600 MW overflow in l2386 time  23 (pre-contingency)
[      99.360]      290.940 MW overflow in l2372 time  23 (pre-contingency)
[      99.361]        8.760 MW overflow in l2306 time  24 (pre-contingency)
[      99.362]       43.960 MW overflow in l2307 time  24 (pre-contingency)
[      99.363]       54.270 MW overflow in l2429 time  24 (pre-contingency)
[      99.364]      134.600 MW overflow in l2386 time  24 (pre-contingency)
[      99.364]        8.760 MW overflow in l2306 time  25 (pre-contingency)
[      99.366]       43.960 MW overflow in l2307 time  25 (pre-contingency)
[      99.366]       54.270 MW overflow in l2429 time  25 (pre-contingency)
[      99.367]       75.180 MW overflow in l2386 time  25 (pre-contingency)
[      99.368]        8.760 MW overflow in l2306 time  26 (pre-contingency)
[      99.369]       43.960 MW overflow in l2307 time  26 (pre-contingency)
[      99.370]       54.270 MW overflow in l2429 time  26 (pre-contingency)
[      99.371]       75.180 MW overflow in l2386 time  26 (pre-contingency)
[      99.371]        8.760 MW overflow in l2306 time  27 (pre-contingency)
[      99.372]       54.270 MW overflow in l2429 time  27 (pre-contingency)
[      99.373]       75.180 MW overflow in l2386 time  27 (pre-contingency)
[      99.374]        8.760 MW overflow in l2306 time  28 (pre-contingency)
[      99.375]       54.270 MW overflow in l2429 time  28 (pre-contingency)
[      99.376]       75.180 MW overflow in l2386 time  28 (pre-contingency)
[      99.377]        8.760 MW overflow in l2306 time  29 (pre-contingency)
[      99.378]       54.270 MW overflow in l2429 time  29 (pre-contingency)
[      99.379]       75.180 MW overflow in l2386 time  29 (pre-contingency)
[      99.379]        8.760 MW overflow in l2306 time  30 (pre-contingency)
[      99.381]       43.960 MW overflow in l2307 time  30 (pre-contingency)
[      99.381]       54.270 MW overflow in l2429 time  30 (pre-contingency)
[      99.382]      134.600 MW overflow in l2386 time  30 (pre-contingency)
[      99.383]        8.760 MW overflow in l2306 time  31 (pre-contingency)
[      99.384]       43.960 MW overflow in l2307 time  31 (pre-contingency)
[      99.385]       54.270 MW overflow in l2429 time  31 (pre-contingency)
[      99.386]      134.600 MW overflow in l2386 time  31 (pre-contingency)
[      99.386]        8.760 MW overflow in l2306 time  32 (pre-contingency)
[      99.387]       16.577 MW overflow in l810  time  32 (outage: line l298)
[      99.782]       43.960 MW overflow in l2307 time  32 (pre-contingency)
[      99.784]       54.270 MW overflow in l2429 time  32 (pre-contingency)
[      99.785]      134.600 MW overflow in l2386 time  32 (pre-contingency)
[      99.786]        8.760 MW overflow in l2306 time  33 (pre-contingency)
[      99.787]       40.236 MW overflow in l810  time  33 (outage: line l298)
[      99.789]       43.960 MW overflow in l2307 time  33 (pre-contingency)
[      99.790]       54.270 MW overflow in l2429 time  33 (pre-contingency)
[      99.791]      134.600 MW overflow in l2386 time  33 (pre-contingency)
[      99.792]        8.760 MW overflow in l2306 time  34 (pre-contingency)
[      99.793]       38.958 MW overflow in l810  time  34 (outage: line l298)
[      99.795]       43.960 MW overflow in l2307 time  34 (pre-contingency)
[      99.796]       54.270 MW overflow in l2429 time  34 (pre-contingency)
[      99.797]      134.600 MW overflow in l2386 time  34 (pre-contingency)
[      99.798]       28.748 MW overflow in l2371 time  35 (pre-contingency)
[      99.799]       36.122 MW overflow in l810  time  35 (outage: line l298)
[      99.801]       43.960 MW overflow in l2307 time  35 (pre-contingency)
[      99.802]       54.270 MW overflow in l2429 time  35 (pre-contingency)
[      99.803]      134.600 MW overflow in l2386 time  35 (pre-contingency)
[      99.804]        8.760 MW overflow in l2306 time  36 (pre-contingency)
[      99.805]       13.745 MW overflow in l810  time  36 (outage: line l298)
[      99.807]       43.960 MW overflow in l2307 time  36 (pre-contingency)
[      99.808]       54.270 MW overflow in l2429 time  36 (pre-contingency)
[      99.809]      134.600 MW overflow in l2386 time  36 (pre-contingency)
[      99.810] Setting MILP time limit to 1149.50 seconds
[      99.810] Solving MILP...
Gurobi Optimizer version 9.0.0 build v9.0.0rc2 (linux64)
Optimize a model with 272249 rows, 353195 columns and 965858 nonzeros
Model fingerprint: 0xf447870d
Variable types: 291347 continuous, 61848 integer (0 binary)
Coefficient statistics:
  Matrix range     [1e-03, 1e+03]
  Objective range  [8e+00, 1e+05]
  Bounds range     [5e-02, 5e+02]
  RHS range        [5e-02, 1e+03]

MIP start from previous solve produced solution with objective 3.41053e+07 (0.48s)
Loaded MIP start from previous solve with objective 3.41053e+07

Presolve removed 124736 rows and 240855 columns
Presolve time: 3.10s
Presolved: 147513 rows, 112340 columns, 563138 nonzeros
Variable types: 65185 continuous, 47155 integer (47155 binary)

Deterministic concurrent LP optimizer: primal and dual simplex
Showing first log only...


Root simplex log...

Iteration    Objective       Primal Inf.    Dual Inf.      Time
   50254    2.4501796e+09   0.000000e+00   1.398240e+09      5s
Concurrent spin time: 0.00s

Solved with dual simplex

Root relaxation: objective 3.052771e+07, 33396 iterations, 4.40 seconds

    Nodes    |    Current Node    |     Objective Bounds      |     Work
 Expl Unexpl |  Obj  Depth IntInf | Incumbent    BestBd   Gap | It/Node Time

     0     0 3.0528e+07    0  133 3.4105e+07 3.0528e+07  10.5%     -    9s
H    0     0                    3.082221e+07 3.0528e+07  0.96%     -    9s

Explored 1 nodes (34416 simplex iterations) in 9.60 seconds
Thread count was 4 (of 32 available processors)

Solution count 2: 3.08222e+07 3.41053e+07 

Optimal solution found (tolerance 1.00e-02)
Best objective 3.082221095080e+07, best bound 3.052771314589e+07, gap 0.9555%
[     109.653] Verifying transmission limits...
[     113.561] Verified transmission limits in 3.91 seconds
[     113.561]       43.960 MW overflow in l2307 time   7 (pre-contingency)
[     113.563]        8.760 MW overflow in l2306 time   8 (pre-contingency)
[     113.564]        8.760 MW overflow in l2306 time   9 (pre-contingency)
[     113.565]       68.941 MW overflow in l2375 time   9 (pre-contingency)
[     113.566]        7.318 MW overflow in l810  time  10 (outage: line l298)
[     113.568]        8.760 MW overflow in l2306 time  10 (pre-contingency)
[     113.569]      134.600 MW overflow in l2375 time  10 (pre-contingency)
[     113.569]        8.760 MW overflow in l2306 time  11 (pre-contingency)
[     113.570]       12.381 MW overflow in l810  time  11 (outage: line l298)
[     113.572]      134.486 MW overflow in l2375 time  11 (pre-contingency)
[     113.573]        8.760 MW overflow in l2306 time  12 (pre-contingency)
[     113.574]      134.693 MW overflow in l2375 time  12 (pre-contingency)
[     113.575]        8.760 MW overflow in l2306 time  13 (pre-contingency)
[     113.576]       31.279 MW overflow in l2375 time  13 (pre-contingency)
[     113.577]        8.760 MW overflow in l2306 time  14 (pre-contingency)
[     113.578]        8.760 MW overflow in l2306 time  15 (pre-contingency)
[     113.579]        8.760 MW overflow in l2306 time  16 (pre-contingency)
[     113.580]        8.760 MW overflow in l2306 time  17 (pre-contingency)
[     113.581]      134.662 MW overflow in l2375 time  17 (pre-contingency)
[     113.582]        8.760 MW overflow in l2306 time  18 (pre-contingency)
[     113.583]       43.960 MW overflow in l2307 time  18 (pre-contingency)
[     113.584]      282.356 MW overflow in l2375 time  18 (pre-contingency)
[     113.584]        8.760 MW overflow in l2306 time  19 (pre-contingency)
[     113.585]       27.163 MW overflow in l2371 time  19 (pre-contingency)
[     113.586]      132.873 MW overflow in l2375 time  19 (pre-contingency)
[     113.587]        8.760 MW overflow in l2306 time  20 (pre-contingency)
[     113.588]       27.344 MW overflow in l2371 time  20 (pre-contingency)
[     113.589]      133.054 MW overflow in l2375 time  20 (pre-contingency)
[     113.590]        8.760 MW overflow in l2306 time  21 (pre-contingency)
[     113.591]      133.415 MW overflow in l2375 time  21 (pre-contingency)
[     113.591]        8.760 MW overflow in l2306 time  22 (pre-contingency)
[     113.592]       23.793 MW overflow in l810  time  22 (outage: line l298)
[     113.594]      133.798 MW overflow in l2375 time  22 (pre-contingency)
[     113.595]        8.760 MW overflow in l2306 time  23 (pre-contingency)
[     113.596]        3.074 MW overflow in l2307 time  27 (pre-contingency)
[     113.597]        8.760 MW overflow in l2306 time  35 (pre-contingency)
[     113.599] Setting MILP time limit to 1135.71 seconds
[     113.599] Solving MILP...
Gurobi Optimizer version 9.0.0 build v9.0.0rc2 (linux64)
Optimize a model with 272357 rows, 353231 columns and 968309 nonzeros
Model fingerprint: 0x0e04c3f0
Variable types: 291383 continuous, 61848 integer (0 binary)
Coefficient statistics:
  Matrix range     [1e-03, 1e+03]
  Objective range  [8e+00, 1e+05]
  Bounds range     [5e-02, 5e+02]
  RHS range        [5e-02, 1e+03]

MIP start from previous solve produced solution with objective 3.10994e+07 (0.51s)
Loaded MIP start from previous solve with objective 3.10994e+07

Presolve removed 124784 rows and 240203 columns
Presolve time: 3.02s
Presolved: 147573 rows, 113028 columns, 565034 nonzeros
Variable types: 65873 continuous, 47155 integer (47155 binary)

Deterministic concurrent LP optimizer: primal and dual simplex
Showing first log only...


Root simplex log...

Iteration    Objective       Primal Inf.    Dual Inf.      Time
   62706    1.0317994e+09   0.000000e+00   7.699285e+08      5s
Concurrent spin time: 0.02s

Solved with dual simplex

Root relaxation: objective 3.052978e+07, 33458 iterations, 4.23 seconds

    Nodes    |    Current Node    |     Objective Bounds      |     Work
 Expl Unexpl |  Obj  Depth IntInf | Incumbent    BestBd   Gap | It/Node Time

     0     0 3.0530e+07    0  160 3.1099e+07 3.0530e+07  1.83%     -    9s
H    0     0                    3.053627e+07 3.0530e+07  0.02%     -    9s

Explored 1 nodes (34460 simplex iterations) in 9.95 seconds
Thread count was 4 (of 32 available processors)

Solution count 2: 3.05363e+07 3.10994e+07 

Optimal solution found (tolerance 1.00e-02)
Best objective 3.053627413977e+07, best bound 3.052977936869e+07, gap 0.0213%
[     123.718] Verifying transmission limits...
[     128.129] Verified transmission limits in 4.41 seconds
[     128.129]       17.593 MW overflow in l810  time  12 (outage: line l298)
[     128.132]       21.256 MW overflow in l810  time  17 (outage: line l298)
[     128.134]       41.084 MW overflow in l810  time  23 (outage: line l298)
[     128.137] Setting MILP time limit to 1121.17 seconds
[     128.137] Solving MILP...
Gurobi Optimizer version 9.0.0 build v9.0.0rc2 (linux64)
Optimize a model with 272366 rows, 353234 columns and 970562 nonzeros
Model fingerprint: 0x0e1436d3
Variable types: 291386 continuous, 61848 integer (0 binary)
Coefficient statistics:
  Matrix range     [1e-03, 1e+03]
  Objective range  [8e+00, 1e+05]
  Bounds range     [5e-02, 5e+02]
  RHS range        [5e-02, 1e+03]

MIP start from previous solve produced solution with objective 3.05375e+07 (0.53s)
Loaded MIP start from previous solve with objective 3.05375e+07

Presolve removed 124766 rows and 239564 columns
Presolve time: 3.23s
Presolved: 147600 rows, 113670 columns, 566968 nonzeros
Variable types: 66515 continuous, 47155 integer (47155 binary)

Deterministic concurrent LP optimizer: primal and dual simplex
Showing first log only...


Root simplex log...

Iteration    Objective       Primal Inf.    Dual Inf.      Time
   52647    2.4412317e+09   0.000000e+00   1.075947e+09      5s
Concurrent spin time: 0.01s

Solved with dual simplex

Root relaxation: objective 3.052993e+07, 33401 iterations, 4.58 seconds

    Nodes    |    Current Node    |     Objective Bounds      |     Work
 Expl Unexpl |  Obj  Depth IntInf | Incumbent    BestBd   Gap | It/Node Time

     0     0 3.0531e+07    0  160 3.0538e+07 3.0531e+07  0.02%     -    9s

Explored 0 nodes (36318 simplex iterations) in 9.70 seconds
Thread count was 4 (of 32 available processors)

Solution count 1: 3.05375e+07 

Optimal solution found (tolerance 1.00e-02)
Best objective 3.053752118592e+07, best bound 3.053099311567e+07, gap 0.0214%
[     137.960] Verifying transmission limits...
[     142.374] Verified transmission limits in 4.41 seconds
[     142.374] No violations found
[     142.374] MIP gap tolerance set to 0.001000
[     142.374] Setting MILP time limit to 1106.93 seconds
[     142.374] Solving MILP...
Gurobi Optimizer version 9.0.0 build v9.0.0rc2 (linux64)
Optimize a model with 272366 rows, 353234 columns and 970562 nonzeros
Model fingerprint: 0x0e1436d3
Variable types: 291386 continuous, 61848 integer (0 binary)
Coefficient statistics:
  Matrix range     [1e-03, 1e+03]
  Objective range  [8e+00, 1e+05]
  Bounds range     [5e-02, 5e+02]
  RHS range        [5e-02, 1e+03]
Presolved: 147600 rows, 113670 columns, 566968 nonzeros

Continuing optimization...


Explored 0 nodes (36318 simplex iterations) in 0.02 seconds
Thread count was 4 (of 32 available processors)

Solution count 1: 3.05375e+07 

Optimal solution found (tolerance 1.00e-03)
Best objective 3.053752118592e+07, best bound 3.053099311567e+07, gap 0.0214%
[     142.403] Verifying transmission limits...
[     146.694] Verified transmission limits in 4.29 seconds
[     146.694] No violations found
[     146.694] Total time was 117.57 seconds
[     146.694] Writing: /local_workspace/kazaalek/uc/results_default/matpower/case1888rte/2017-01-07.1.sol.json
[     149.131] Verifying solution...
[     149.428] Exporting final model to /local_workspace/kazaalek/uc/results_default/matpower/case1888rte/2017-01-07.1.final.mps.gz
