[       0.038] Reading: matpower/case1888rte/2017-01-22
[       3.002] Read problem in 2.96 seconds
[       3.821] Computing injection shift factors...
[       4.869] Computed ISF in 1.05 seconds
[       4.870] Computing line outage factors...
[       6.032] Computed LODF in 1.16 seconds
[       6.032] Applying PTDF and LODF cutoffs (0.00500, 0.00100)
[       6.290] Building model...
[      19.045] Built model in 12.76 seconds
[      19.045] Setting names...
[      19.045] Setting variable and constraint names...
[      20.726] Set names in 1.68 seconds
[      20.727] Exporting initial model without transmission constraints to /local_workspace/kazaalek/uc/results_default/matpower/case1888rte/2017-01-22.1.init.mps.gz
[      47.108] Optimizing...
[      47.257] MIP gap tolerance set to 0.010000
[      47.257] Setting MILP time limit to 1199.85 seconds
[      47.302] Solving MILP...
Gurobi Optimizer version 9.0.0 build v9.0.0rc2 (linux64)
Optimize a model with 270740 rows, 352692 columns and 959115 nonzeros
Model fingerprint: 0x6a4daac0
Variable types: 290844 continuous, 61848 integer (0 binary)
Coefficient statistics:
  Matrix range     [1e-01, 1e+03]
  Objective range  [8e+00, 1e+05]
  Bounds range     [4e-02, 5e+02]
  RHS range        [4e-02, 1e+03]
Presolve removed 123805 rows and 241961 columns
Presolve time: 3.37s
Presolved: 146935 rows, 110731 columns, 558163 nonzeros
Variable types: 63576 continuous, 47155 integer (47155 binary)

Deterministic concurrent LP optimizer: primal and dual simplex
Showing first log only...


Root simplex log...

Iteration    Objective       Primal Inf.    Dual Inf.      Time
   52673    1.0131505e+09   4.355642e-03   1.393891e+08      5s
   56370    5.1330319e+08   0.000000e+00   1.957907e+09      5s
  114235    3.4135071e+07   0.000000e+00   1.231980e+09     10s
Concurrent spin time: 0.02s

Solved with dual simplex

Root relaxation: objective 2.381745e+07, 45439 iterations, 9.79 seconds

    Nodes    |    Current Node    |     Objective Bounds      |     Work
 Expl Unexpl |  Obj  Depth IntInf | Incumbent    BestBd   Gap | It/Node Time

     0     0 2.3817e+07    0  407          - 2.3817e+07      -     -   15s
H    0     0                    2.418210e+07 2.3817e+07  1.51%     -   16s
H    0     0                    2.415683e+07 2.3817e+07  1.40%     -   16s
H    0     0                    2.406031e+07 2.3817e+07  1.01%     -   16s
     0     0 2.3831e+07    0  513 2.4060e+07 2.3831e+07  0.95%     -   20s

Cutting planes:
  Gomory: 10
  Implied bound: 1
  MIR: 72
  Flow cover: 45
  Zero half: 19
  Relax-and-lift: 18

Explored 1 nodes (49838 simplex iterations) in 20.75 seconds
Thread count was 4 (of 32 available processors)

Solution count 3: 2.40603e+07 2.41568e+07 2.41821e+07 

Optimal solution found (tolerance 1.00e-02)
Best objective 2.406030533437e+07, best bound 2.383099614713e+07, gap 0.9531%
[      75.714] Verifying transmission limits...
[      81.543] Verified transmission limits in 5.83 seconds
[      81.543]      230.000 MW overflow in l2314 time   1 (pre-contingency)
[      81.723]      346.000 MW overflow in l2315 time   1 (pre-contingency)
[      81.724]      864.820 MW overflow in l2432 time   1 (pre-contingency)
[      81.725]      902.040 MW overflow in l2284 time   1 (pre-contingency)
[      81.726]      905.870 MW overflow in l2285 time   1 (pre-contingency)
[      81.727]      230.000 MW overflow in l2314 time   2 (pre-contingency)
[      81.728]      346.000 MW overflow in l2315 time   2 (pre-contingency)
[      81.729]      864.820 MW overflow in l2432 time   2 (pre-contingency)
[      81.729]      902.040 MW overflow in l2284 time   2 (pre-contingency)
[      81.730]      905.870 MW overflow in l2285 time   2 (pre-contingency)
[      81.731]      346.000 MW overflow in l2315 time   3 (pre-contingency)
[      81.732]      864.820 MW overflow in l2432 time   3 (pre-contingency)
[      81.733]      902.040 MW overflow in l2284 time   3 (pre-contingency)
[      81.733]      905.870 MW overflow in l2285 time   3 (pre-contingency)
[      81.734]      346.000 MW overflow in l2315 time   4 (pre-contingency)
[      81.735]      864.820 MW overflow in l2432 time   4 (pre-contingency)
[      81.736]      902.040 MW overflow in l2284 time   4 (pre-contingency)
[      81.736]      905.870 MW overflow in l2285 time   4 (pre-contingency)
[      81.737]      346.000 MW overflow in l2315 time   5 (pre-contingency)
[      81.738]      864.820 MW overflow in l2432 time   5 (pre-contingency)
[      81.739]      902.040 MW overflow in l2284 time   5 (pre-contingency)
[      81.739]      905.870 MW overflow in l2285 time   5 (pre-contingency)
[      81.740]      230.000 MW overflow in l2314 time   6 (pre-contingency)
[      81.741]      346.000 MW overflow in l2315 time   6 (pre-contingency)
[      81.742]      864.820 MW overflow in l2432 time   6 (pre-contingency)
[      81.742]      902.040 MW overflow in l2284 time   6 (pre-contingency)
[      81.743]      905.870 MW overflow in l2285 time   6 (pre-contingency)
[      81.743]      230.000 MW overflow in l2314 time   7 (pre-contingency)
[      81.744]      621.000 MW overflow in l2315 time   7 (pre-contingency)
[      81.745]      864.820 MW overflow in l2432 time   7 (pre-contingency)
[      81.746]      902.040 MW overflow in l2284 time   7 (pre-contingency)
[      81.746]      905.870 MW overflow in l2285 time   7 (pre-contingency)
[      81.747]      505.000 MW overflow in l2314 time   8 (pre-contingency)
[      81.748]      621.000 MW overflow in l2315 time   8 (pre-contingency)
[      81.748]      864.820 MW overflow in l2432 time   8 (pre-contingency)
[      81.749]      902.040 MW overflow in l2284 time   8 (pre-contingency)
[      81.750]      905.870 MW overflow in l2285 time   8 (pre-contingency)
[      81.750]      505.000 MW overflow in l2314 time   9 (pre-contingency)
[      81.751]      621.000 MW overflow in l2315 time   9 (pre-contingency)
[      81.752]      864.820 MW overflow in l2432 time   9 (pre-contingency)
[      81.753]      902.040 MW overflow in l2284 time   9 (pre-contingency)
[      81.753]      905.870 MW overflow in l2285 time   9 (pre-contingency)
[      81.754]      505.000 MW overflow in l2314 time  10 (pre-contingency)
[      81.755]      864.820 MW overflow in l2432 time  10 (pre-contingency)
[      81.756]      896.000 MW overflow in l2315 time  10 (pre-contingency)
[      81.756]      902.040 MW overflow in l2284 time  10 (pre-contingency)
[      81.757]      905.870 MW overflow in l2285 time  10 (pre-contingency)
[      81.758]      505.000 MW overflow in l2314 time  11 (pre-contingency)
[      81.759]      864.820 MW overflow in l2432 time  11 (pre-contingency)
[      81.760]      896.000 MW overflow in l2315 time  11 (pre-contingency)
[      81.760]      902.040 MW overflow in l2284 time  11 (pre-contingency)
[      81.761]      905.870 MW overflow in l2285 time  11 (pre-contingency)
[      81.761]      780.000 MW overflow in l2314 time  12 (pre-contingency)
[      81.763]      864.820 MW overflow in l2432 time  12 (pre-contingency)
[      81.763]      896.000 MW overflow in l2315 time  12 (pre-contingency)
[      81.764]      902.040 MW overflow in l2284 time  12 (pre-contingency)
[      81.765]      905.870 MW overflow in l2285 time  12 (pre-contingency)
[      81.765]      780.000 MW overflow in l2314 time  13 (pre-contingency)
[      81.766]      864.820 MW overflow in l2432 time  13 (pre-contingency)
[      81.767]      896.000 MW overflow in l2315 time  13 (pre-contingency)
[      81.768]      902.040 MW overflow in l2284 time  13 (pre-contingency)
[      81.769]      905.870 MW overflow in l2285 time  13 (pre-contingency)
[      81.769]      505.000 MW overflow in l2314 time  14 (pre-contingency)
[      81.770]      864.820 MW overflow in l2432 time  14 (pre-contingency)
[      81.771]      896.000 MW overflow in l2315 time  14 (pre-contingency)
[      81.772]      902.040 MW overflow in l2284 time  14 (pre-contingency)
[      81.773]      905.870 MW overflow in l2285 time  14 (pre-contingency)
[      81.773]      505.000 MW overflow in l2314 time  15 (pre-contingency)
[      81.774]      864.820 MW overflow in l2432 time  15 (pre-contingency)
[      81.775]      896.000 MW overflow in l2315 time  15 (pre-contingency)
[      81.776]      902.040 MW overflow in l2284 time  15 (pre-contingency)
[      81.776]      905.870 MW overflow in l2285 time  15 (pre-contingency)
[      81.777]      567.592 MW overflow in l2314 time  16 (pre-contingency)
[      81.778]      864.820 MW overflow in l2432 time  16 (pre-contingency)
[      81.779]      896.000 MW overflow in l2315 time  16 (pre-contingency)
[      81.780]      902.040 MW overflow in l2284 time  16 (pre-contingency)
[      81.780]      905.870 MW overflow in l2285 time  16 (pre-contingency)
[      81.781]      780.000 MW overflow in l2314 time  17 (pre-contingency)
[      81.782]      864.820 MW overflow in l2432 time  17 (pre-contingency)
[      81.783]      896.000 MW overflow in l2315 time  17 (pre-contingency)
[      81.784]      902.040 MW overflow in l2284 time  17 (pre-contingency)
[      81.784]      905.870 MW overflow in l2285 time  17 (pre-contingency)
[      81.785]      780.000 MW overflow in l2314 time  18 (pre-contingency)
[      81.786]      864.820 MW overflow in l2432 time  18 (pre-contingency)
[      81.787]      896.000 MW overflow in l2315 time  18 (pre-contingency)
[      81.787]      902.040 MW overflow in l2284 time  18 (pre-contingency)
[      81.788]      905.870 MW overflow in l2285 time  18 (pre-contingency)
[      81.789]      780.000 MW overflow in l2314 time  19 (pre-contingency)
[      81.790]      864.820 MW overflow in l2432 time  19 (pre-contingency)
[      81.791]      896.000 MW overflow in l2315 time  19 (pre-contingency)
[      81.791]      902.040 MW overflow in l2284 time  19 (pre-contingency)
[      81.792]      905.870 MW overflow in l2285 time  19 (pre-contingency)
[      81.793]      780.000 MW overflow in l2314 time  20 (pre-contingency)
[      81.794]      864.820 MW overflow in l2432 time  20 (pre-contingency)
[      81.794]      896.000 MW overflow in l2315 time  20 (pre-contingency)
[      81.795]      902.040 MW overflow in l2284 time  20 (pre-contingency)
[      81.796]      905.870 MW overflow in l2285 time  20 (pre-contingency)
[      81.796]      780.000 MW overflow in l2314 time  21 (pre-contingency)
[      81.798]      864.820 MW overflow in l2432 time  21 (pre-contingency)
[      81.798]      896.000 MW overflow in l2315 time  21 (pre-contingency)
[      81.799]      902.040 MW overflow in l2284 time  21 (pre-contingency)
[      81.800]      905.870 MW overflow in l2285 time  21 (pre-contingency)
[      81.801]      780.000 MW overflow in l2314 time  22 (pre-contingency)
[      81.802]      864.820 MW overflow in l2432 time  22 (pre-contingency)
[      81.802]      896.000 MW overflow in l2315 time  22 (pre-contingency)
[      81.803]      902.040 MW overflow in l2284 time  22 (pre-contingency)
[      81.804]      905.870 MW overflow in l2285 time  22 (pre-contingency)
[      81.804]      505.000 MW overflow in l2314 time  23 (pre-contingency)
[      81.806]      621.000 MW overflow in l2315 time  23 (pre-contingency)
[      81.806]      864.820 MW overflow in l2432 time  23 (pre-contingency)
[      81.807]      902.040 MW overflow in l2284 time  23 (pre-contingency)
[      81.808]      905.870 MW overflow in l2285 time  23 (pre-contingency)
[      81.808]      505.000 MW overflow in l2314 time  24 (pre-contingency)
[      81.810]      621.000 MW overflow in l2315 time  24 (pre-contingency)
[      81.810]      864.820 MW overflow in l2432 time  24 (pre-contingency)
[      81.811]      902.040 MW overflow in l2284 time  24 (pre-contingency)
[      81.812]      905.870 MW overflow in l2285 time  24 (pre-contingency)
[      81.812]      230.000 MW overflow in l2314 time  25 (pre-contingency)
[      81.813]      621.000 MW overflow in l2315 time  25 (pre-contingency)
[      81.814]      864.820 MW overflow in l2432 time  25 (pre-contingency)
[      81.815]      902.040 MW overflow in l2284 time  25 (pre-contingency)
[      81.816]      905.870 MW overflow in l2285 time  25 (pre-contingency)
[      81.816]      230.000 MW overflow in l2314 time  26 (pre-contingency)
[      81.817]      621.000 MW overflow in l2315 time  26 (pre-contingency)
[      81.818]      864.820 MW overflow in l2432 time  26 (pre-contingency)
[      81.819]      902.040 MW overflow in l2284 time  26 (pre-contingency)
[      81.820]      905.870 MW overflow in l2285 time  26 (pre-contingency)
[      81.821]      230.000 MW overflow in l2314 time  27 (pre-contingency)
[      81.822]      346.000 MW overflow in l2315 time  27 (pre-contingency)
[      81.822]      864.820 MW overflow in l2432 time  27 (pre-contingency)
[      81.823]      902.040 MW overflow in l2284 time  27 (pre-contingency)
[      81.824]      905.870 MW overflow in l2285 time  27 (pre-contingency)
[      81.824]      230.000 MW overflow in l2314 time  28 (pre-contingency)
[      81.826]      621.000 MW overflow in l2315 time  28 (pre-contingency)
[      81.826]      864.820 MW overflow in l2432 time  28 (pre-contingency)
[      81.827]      902.040 MW overflow in l2284 time  28 (pre-contingency)
[      81.828]      905.870 MW overflow in l2285 time  28 (pre-contingency)
[      81.828]      256.996 MW overflow in l2314 time  29 (pre-contingency)
[      81.829]      621.000 MW overflow in l2315 time  29 (pre-contingency)
[      81.830]      864.820 MW overflow in l2432 time  29 (pre-contingency)
[      81.831]      902.040 MW overflow in l2284 time  29 (pre-contingency)
[      81.832]      905.870 MW overflow in l2285 time  29 (pre-contingency)
[      81.833]      505.000 MW overflow in l2314 time  30 (pre-contingency)
[      81.834]      621.000 MW overflow in l2315 time  30 (pre-contingency)
[      81.835]      864.820 MW overflow in l2432 time  30 (pre-contingency)
[      81.835]      902.040 MW overflow in l2284 time  30 (pre-contingency)
[      81.836]      905.870 MW overflow in l2285 time  30 (pre-contingency)
[      81.837]      780.000 MW overflow in l2314 time  31 (pre-contingency)
[      81.838]      864.820 MW overflow in l2432 time  31 (pre-contingency)
[      81.839]      896.000 MW overflow in l2315 time  31 (pre-contingency)
[      81.840]      902.040 MW overflow in l2284 time  31 (pre-contingency)
[      81.840]      905.870 MW overflow in l2285 time  31 (pre-contingency)
[      81.841]      820.905 MW overflow in l2425 time  32 (pre-contingency)
[      81.842]      864.820 MW overflow in l2432 time  32 (pre-contingency)
[      81.843]      896.000 MW overflow in l2315 time  32 (pre-contingency)
[      81.844]      902.040 MW overflow in l2284 time  32 (pre-contingency)
[      81.845]      905.870 MW overflow in l2285 time  32 (pre-contingency)
[      81.845]      864.820 MW overflow in l2432 time  33 (pre-contingency)
[      81.847]      896.000 MW overflow in l2315 time  33 (pre-contingency)
[      81.847]      902.040 MW overflow in l2284 time  33 (pre-contingency)
[      81.848]      905.870 MW overflow in l2285 time  33 (pre-contingency)
[      81.849]      984.910 MW overflow in l2425 time  33 (pre-contingency)
[      81.850]      864.820 MW overflow in l2432 time  34 (pre-contingency)
[      81.851]      896.000 MW overflow in l2315 time  34 (pre-contingency)
[      81.852]      902.040 MW overflow in l2284 time  34 (pre-contingency)
[      81.852]      905.870 MW overflow in l2285 time  34 (pre-contingency)
[      81.853]      984.910 MW overflow in l2425 time  34 (pre-contingency)
[      81.854]      864.820 MW overflow in l2432 time  35 (pre-contingency)
[      81.855]      896.000 MW overflow in l2315 time  35 (pre-contingency)
[      81.856]      902.040 MW overflow in l2284 time  35 (pre-contingency)
[      81.857]      905.870 MW overflow in l2285 time  35 (pre-contingency)
[      81.858]      984.910 MW overflow in l2425 time  35 (pre-contingency)
[      81.858]      864.820 MW overflow in l2432 time  36 (pre-contingency)
[      81.860]      896.000 MW overflow in l2315 time  36 (pre-contingency)
[      81.861]      902.040 MW overflow in l2284 time  36 (pre-contingency)
[      81.861]      905.870 MW overflow in l2285 time  36 (pre-contingency)
[      81.862]      984.910 MW overflow in l2425 time  36 (pre-contingency)
[      81.863] Setting MILP time limit to 1165.25 seconds
[      81.863] Solving MILP...
Gurobi Optimizer version 9.0.0 build v9.0.0rc2 (linux64)
Optimize a model with 271271 rows, 352869 columns and 960177 nonzeros
Model fingerprint: 0xa2e38130
Variable types: 291021 continuous, 61848 integer (0 binary)
Coefficient statistics:
  Matrix range     [1e-01, 1e+03]
  Objective range  [8e+00, 1e+05]
  Bounds range     [4e-02, 5e+02]
  RHS range        [4e-02, 1e+03]

MIP start from previous solve produced solution with objective 3.99216e+07 (0.54s)
Loaded MIP start from previous solve with objective 3.99216e+07

Presolve removed 124159 rows and 241961 columns
Presolve time: 3.15s
Presolved: 147112 rows, 110908 columns, 558714 nonzeros
Variable types: 63753 continuous, 47155 integer (47155 binary)

Deterministic concurrent LP optimizer: primal and dual simplex
Showing first log only...


Root simplex log...

Iteration    Objective       Primal Inf.    Dual Inf.      Time
   66231    1.0050282e+09   1.145063e+00   3.298551e+07      5s
   66246    1.1477016e+09   0.000000e+00   1.285723e+09      5s
  128964    3.7357314e+07   0.000000e+00   4.121847e+07     10s
Concurrent spin time: 0.04s

Solved with dual simplex

Root relaxation: objective 2.461165e+07, 41395 iterations, 10.77 seconds
Total elapsed time = 15.13s

    Nodes    |    Current Node    |     Objective Bounds      |     Work
 Expl Unexpl |  Obj  Depth IntInf | Incumbent    BestBd   Gap | It/Node Time

     0     0 2.4612e+07    0  431 3.9922e+07 2.4612e+07  38.4%     -   16s
H    0     0                    2.521091e+07 2.4612e+07  2.38%     -   17s
     0     0 2.4623e+07    0  463 2.5211e+07 2.4623e+07  2.33%     -   20s
     0     0 2.4624e+07    0  453 2.5211e+07 2.4624e+07  2.33%     -   21s
     0     0 2.4625e+07    0  462 2.5211e+07 2.4625e+07  2.32%     -   22s
     0     0 2.4625e+07    0  449 2.5211e+07 2.4625e+07  2.32%     -   22s
     0     0 2.4626e+07    0  450 2.5211e+07 2.4626e+07  2.32%     -   22s
     0     0 2.4626e+07    0  460 2.5211e+07 2.4626e+07  2.32%     -   22s
     0     0 2.4632e+07    0  507 2.5211e+07 2.4632e+07  2.29%     -   25s
H    0     0                    2.519642e+07 2.4632e+07  2.24%     -   25s
     0     0 2.4633e+07    0  483 2.5196e+07 2.4633e+07  2.24%     -   27s
     0     0 2.4633e+07    0  488 2.5196e+07 2.4633e+07  2.24%     -   27s
     0     0 2.4638e+07    0  543 2.5196e+07 2.4638e+07  2.22%     -   31s
     0     0 2.4639e+07    0  584 2.5196e+07 2.4639e+07  2.21%     -   32s
     0     0 2.4639e+07    0  602 2.5196e+07 2.4639e+07  2.21%     -   33s
     0     0 2.4639e+07    0  619 2.5196e+07 2.4639e+07  2.21%     -   33s
     0     0 2.4639e+07    0  622 2.5196e+07 2.4639e+07  2.21%     -   33s
     0     0 2.4639e+07    0  621 2.5196e+07 2.4639e+07  2.21%     -   34s
     0     0 2.4639e+07    0  621 2.5196e+07 2.4639e+07  2.21%     -   34s
     0     0 2.4639e+07    0  620 2.5196e+07 2.4639e+07  2.21%     -   34s
     0     0 2.4642e+07    0  505 2.5196e+07 2.4642e+07  2.20%     -   38s
H    0     0                    2.474422e+07 2.4642e+07  0.41%     -   39s

Cutting planes:
  Gomory: 15
  MIR: 65
  Flow cover: 79
  GUB cover: 3
  Zero half: 52
  Relax-and-lift: 29

Explored 1 nodes (49368 simplex iterations) in 39.98 seconds
Thread count was 4 (of 32 available processors)

Solution count 4: 2.47442e+07 2.51964e+07 2.52109e+07 3.99216e+07 

Optimal solution found (tolerance 1.00e-02)
Best objective 2.474422041157e+07, best bound 2.464159964513e+07, gap 0.4147%
[     122.002] Verifying transmission limits...
[     126.546] Verified transmission limits in 4.54 seconds
[     126.546]       15.750 MW overflow in l2386 time   1 (pre-contingency)
[     126.548]      183.657 MW overflow in l2434 time   1 (pre-contingency)
[     126.549]       15.750 MW overflow in l2386 time   2 (pre-contingency)
[     126.550]      149.930 MW overflow in l2434 time   2 (pre-contingency)
[     126.551]       15.750 MW overflow in l2386 time   3 (pre-contingency)
[     126.552]      149.930 MW overflow in l2434 time   3 (pre-contingency)
[     126.553]      481.608 MW overflow in l2314 time   3 (pre-contingency)
[     126.553]       15.750 MW overflow in l2386 time   4 (pre-contingency)
[     126.554]      149.930 MW overflow in l2434 time   4 (pre-contingency)
[     126.555]      395.416 MW overflow in l2314 time   4 (pre-contingency)
[     126.556]       15.750 MW overflow in l2386 time   5 (pre-contingency)
[     126.557]      149.930 MW overflow in l2434 time   5 (pre-contingency)
[     126.558]      505.000 MW overflow in l2314 time   5 (pre-contingency)
[     126.558]       15.750 MW overflow in l2386 time   6 (pre-contingency)
[     126.559]      149.930 MW overflow in l2434 time   6 (pre-contingency)
[     126.560]       15.750 MW overflow in l2386 time   7 (pre-contingency)
[     126.561]      169.560 MW overflow in l2431 time   7 (pre-contingency)
[     126.562]      209.850 MW overflow in l2425 time   7 (pre-contingency)
[     126.563]      404.970 MW overflow in l2434 time   7 (pre-contingency)
[     126.563]       75.180 MW overflow in l2386 time   8 (pre-contingency)
[     126.565]      169.560 MW overflow in l2431 time   8 (pre-contingency)
[     126.565]      404.970 MW overflow in l2434 time   8 (pre-contingency)
[     126.566]      468.210 MW overflow in l2425 time   8 (pre-contingency)
[     126.567]       75.180 MW overflow in l2386 time   9 (pre-contingency)
[     126.568]      169.560 MW overflow in l2431 time   9 (pre-contingency)
[     126.569]      404.970 MW overflow in l2434 time   9 (pre-contingency)
[     126.569]      468.210 MW overflow in l2425 time   9 (pre-contingency)
[     126.570]      134.600 MW overflow in l2386 time  10 (pre-contingency)
[     126.571]      156.480 MW overflow in l2435 time  10 (pre-contingency)
[     126.572]      169.560 MW overflow in l2431 time  10 (pre-contingency)
[     126.573]      404.970 MW overflow in l2434 time  10 (pre-contingency)
[     126.573]      726.560 MW overflow in l2425 time  10 (pre-contingency)
[     126.574]      134.600 MW overflow in l2386 time  11 (pre-contingency)
[     126.575]      156.480 MW overflow in l2435 time  11 (pre-contingency)
[     126.576]      169.560 MW overflow in l2431 time  11 (pre-contingency)
[     126.577]      404.970 MW overflow in l2434 time  11 (pre-contingency)
[     126.577]      726.560 MW overflow in l2425 time  11 (pre-contingency)
[     126.578]      134.600 MW overflow in l2386 time  12 (pre-contingency)
[     126.579]      169.560 MW overflow in l2431 time  12 (pre-contingency)
[     126.580]      222.239 MW overflow in l2435 time  12 (pre-contingency)
[     126.581]      404.970 MW overflow in l2434 time  12 (pre-contingency)
[     126.581]      726.560 MW overflow in l2425 time  12 (pre-contingency)
[     126.582]      134.600 MW overflow in l2386 time  13 (pre-contingency)
[     126.583]      156.480 MW overflow in l2435 time  13 (pre-contingency)
[     126.584]      169.560 MW overflow in l2431 time  13 (pre-contingency)
[     126.585]      404.970 MW overflow in l2434 time  13 (pre-contingency)
[     126.586]      726.560 MW overflow in l2425 time  13 (pre-contingency)
[     126.586]      134.600 MW overflow in l2386 time  14 (pre-contingency)
[     126.587]      156.480 MW overflow in l2435 time  14 (pre-contingency)
[     126.588]      169.560 MW overflow in l2431 time  14 (pre-contingency)
[     126.589]      404.970 MW overflow in l2434 time  14 (pre-contingency)
[     126.590]      726.560 MW overflow in l2425 time  14 (pre-contingency)
[     126.590]      134.600 MW overflow in l2386 time  15 (pre-contingency)
[     126.591]      156.480 MW overflow in l2435 time  15 (pre-contingency)
[     126.592]      169.560 MW overflow in l2431 time  15 (pre-contingency)
[     126.593]      404.970 MW overflow in l2434 time  15 (pre-contingency)
[     126.594]      726.560 MW overflow in l2425 time  15 (pre-contingency)
[     126.594]      134.600 MW overflow in l2386 time  16 (pre-contingency)
[     126.595]      156.480 MW overflow in l2435 time  16 (pre-contingency)
[     126.596]      169.560 MW overflow in l2431 time  16 (pre-contingency)
[     126.597]      404.970 MW overflow in l2434 time  16 (pre-contingency)
[     126.597]      726.560 MW overflow in l2425 time  16 (pre-contingency)
[     126.598]      134.600 MW overflow in l2386 time  17 (pre-contingency)
[     126.599]      156.480 MW overflow in l2435 time  17 (pre-contingency)
[     126.600]      169.560 MW overflow in l2431 time  17 (pre-contingency)
[     126.601]      404.970 MW overflow in l2434 time  17 (pre-contingency)
[     126.601]      726.560 MW overflow in l2425 time  17 (pre-contingency)
[     126.602]      169.560 MW overflow in l2431 time  18 (pre-contingency)
[     126.603]      180.360 MW overflow in l2430 time  18 (pre-contingency)
[     126.604]      404.220 MW overflow in l2435 time  18 (pre-contingency)
[     126.605]      404.970 MW overflow in l2434 time  18 (pre-contingency)
[     126.606]      984.910 MW overflow in l2425 time  18 (pre-contingency)
[     126.606]      169.560 MW overflow in l2431 time  19 (pre-contingency)
[     126.607]      180.360 MW overflow in l2430 time  19 (pre-contingency)
[     126.608]      404.220 MW overflow in l2435 time  19 (pre-contingency)
[     126.609]      404.970 MW overflow in l2434 time  19 (pre-contingency)
[     126.610]      984.910 MW overflow in l2425 time  19 (pre-contingency)
[     126.610]      169.560 MW overflow in l2431 time  20 (pre-contingency)
[     126.611]      180.360 MW overflow in l2430 time  20 (pre-contingency)
[     126.612]      404.220 MW overflow in l2435 time  20 (pre-contingency)
[     126.613]      404.970 MW overflow in l2434 time  20 (pre-contingency)
[     126.614]      984.910 MW overflow in l2425 time  20 (pre-contingency)
[     126.614]      169.560 MW overflow in l2431 time  21 (pre-contingency)
[     126.616]      180.360 MW overflow in l2430 time  21 (pre-contingency)
[     126.616]      404.220 MW overflow in l2435 time  21 (pre-contingency)
[     126.617]      404.970 MW overflow in l2434 time  21 (pre-contingency)
[     126.618]      984.910 MW overflow in l2425 time  21 (pre-contingency)
[     126.618]      134.600 MW overflow in l2386 time  22 (pre-contingency)
[     126.620]      156.480 MW overflow in l2435 time  22 (pre-contingency)
[     126.621]      169.560 MW overflow in l2431 time  22 (pre-contingency)
[     126.621]      404.970 MW overflow in l2434 time  22 (pre-contingency)
[     126.622]      726.560 MW overflow in l2425 time  22 (pre-contingency)
[     126.623]       54.270 MW overflow in l2429 time  23 (pre-contingency)
[     126.624]       75.180 MW overflow in l2386 time  23 (pre-contingency)
[     126.625]      169.560 MW overflow in l2431 time  23 (pre-contingency)
[     126.625]      404.970 MW overflow in l2434 time  23 (pre-contingency)
[     126.626]      726.560 MW overflow in l2425 time  23 (pre-contingency)
[     126.627]       75.180 MW overflow in l2386 time  24 (pre-contingency)
[     126.628]      169.560 MW overflow in l2431 time  24 (pre-contingency)
[     126.629]      209.850 MW overflow in l2425 time  24 (pre-contingency)
[     126.630]      404.970 MW overflow in l2434 time  24 (pre-contingency)
[     126.630]       15.750 MW overflow in l2386 time  25 (pre-contingency)
[     126.631]      169.560 MW overflow in l2431 time  25 (pre-contingency)
[     126.632]      209.850 MW overflow in l2425 time  25 (pre-contingency)
[     126.633]      404.970 MW overflow in l2434 time  25 (pre-contingency)
[     126.634]       15.750 MW overflow in l2386 time  26 (pre-contingency)
[     126.635]      169.560 MW overflow in l2431 time  26 (pre-contingency)
[     126.636]      209.850 MW overflow in l2425 time  26 (pre-contingency)
[     126.637]      404.970 MW overflow in l2434 time  26 (pre-contingency)
[     126.638]       15.750 MW overflow in l2386 time  27 (pre-contingency)
[     126.639]      381.900 MW overflow in l2434 time  27 (pre-contingency)
[     126.640]       15.750 MW overflow in l2386 time  28 (pre-contingency)
[     126.641]      169.560 MW overflow in l2431 time  28 (pre-contingency)
[     126.642]      209.850 MW overflow in l2425 time  28 (pre-contingency)
[     126.643]      404.970 MW overflow in l2434 time  28 (pre-contingency)
[     126.643]       15.750 MW overflow in l2386 time  29 (pre-contingency)
[     126.644]      169.560 MW overflow in l2431 time  29 (pre-contingency)
[     126.645]      209.850 MW overflow in l2425 time  29 (pre-contingency)
[     126.646]      404.970 MW overflow in l2434 time  29 (pre-contingency)
[     126.647]       75.180 MW overflow in l2386 time  30 (pre-contingency)
[     126.648]      169.560 MW overflow in l2431 time  30 (pre-contingency)
[     126.649]      404.970 MW overflow in l2434 time  30 (pre-contingency)
[     126.650]      468.210 MW overflow in l2425 time  30 (pre-contingency)
[     126.651]      169.560 MW overflow in l2431 time  31 (pre-contingency)
[     126.652]      180.360 MW overflow in l2430 time  31 (pre-contingency)
[     126.653]      404.220 MW overflow in l2435 time  31 (pre-contingency)
[     126.653]      404.970 MW overflow in l2434 time  31 (pre-contingency)
[     126.654]      949.140 MW overflow in l2425 time  31 (pre-contingency)
[     126.655]      169.560 MW overflow in l2431 time  32 (pre-contingency)
[     126.656]      180.360 MW overflow in l2430 time  32 (pre-contingency)
[     126.657]      404.220 MW overflow in l2435 time  32 (pre-contingency)
[     126.658]      404.970 MW overflow in l2434 time  32 (pre-contingency)
[     126.658]      780.000 MW overflow in l2314 time  32 (pre-contingency)
[     126.659]      169.560 MW overflow in l2431 time  33 (pre-contingency)
[     126.660]      180.360 MW overflow in l2430 time  33 (pre-contingency)
[     126.661]      404.220 MW overflow in l2435 time  33 (pre-contingency)
[     126.662]      404.970 MW overflow in l2434 time  33 (pre-contingency)
[     126.663]      780.000 MW overflow in l2314 time  33 (pre-contingency)
[     126.664]      180.360 MW overflow in l2430 time  34 (pre-contingency)
[     126.665]      404.220 MW overflow in l2435 time  34 (pre-contingency)
[     126.666]      404.970 MW overflow in l2434 time  34 (pre-contingency)
[     126.666]      434.490 MW overflow in l2375 time  34 (pre-contingency)
[     126.667]      780.000 MW overflow in l2314 time  34 (pre-contingency)
[     126.668]      180.360 MW overflow in l2430 time  35 (pre-contingency)
[     126.669]      404.220 MW overflow in l2435 time  35 (pre-contingency)
[     126.670]      404.970 MW overflow in l2434 time  35 (pre-contingency)
[     126.671]      434.503 MW overflow in l2375 time  35 (pre-contingency)
[     126.672]      780.000 MW overflow in l2314 time  35 (pre-contingency)
[     126.673]      180.360 MW overflow in l2430 time  36 (pre-contingency)
[     126.674]      284.974 MW overflow in l2375 time  36 (pre-contingency)
[     126.675]      404.220 MW overflow in l2435 time  36 (pre-contingency)
[     126.676]      404.970 MW overflow in l2434 time  36 (pre-contingency)
[     126.677]      780.000 MW overflow in l2314 time  36 (pre-contingency)
[     126.677] Setting MILP time limit to 1120.43 seconds
[     126.677] Solving MILP...
Gurobi Optimizer version 9.0.0 build v9.0.0rc2 (linux64)
Optimize a model with 271730 rows, 353022 columns and 961095 nonzeros
Model fingerprint: 0x13ad564c
Variable types: 291174 continuous, 61848 integer (0 binary)
Coefficient statistics:
  Matrix range     [1e-01, 1e+03]
  Objective range  [8e+00, 1e+05]
  Bounds range     [4e-02, 5e+02]
  RHS range        [4e-02, 1e+03]

MIP start from previous solve produced solution with objective 3.50441e+07 (0.54s)
Loaded MIP start from previous solve with objective 3.50441e+07

Presolve removed 124465 rows and 241958 columns
Presolve time: 3.26s
Presolved: 147265 rows, 111064 columns, 559342 nonzeros
Variable types: 63909 continuous, 47155 integer (47155 binary)

Deterministic concurrent LP optimizer: primal and dual simplex
Showing first log only...


Root simplex log...

Iteration    Objective       Primal Inf.    Dual Inf.      Time
   57622    1.0095858e+09   2.000390e+00   7.159252e+07      5s
   60577    1.5556518e+09   0.000000e+00   1.147480e+09      5s
  129136    3.3192139e+07   0.000000e+00   6.980913e+07     10s
Concurrent spin time: 0.04s

Solved with dual simplex

Root relaxation: objective 2.486745e+07, 43007 iterations, 8.55 seconds

    Nodes    |    Current Node    |     Objective Bounds      |     Work
 Expl Unexpl |  Obj  Depth IntInf | Incumbent    BestBd   Gap | It/Node Time

     0     0 2.4867e+07    0  480 3.5044e+07 2.4867e+07  29.0%     -   14s
H    0     0                    2.558142e+07 2.4867e+07  2.79%     -   15s
H    0     0                    2.527112e+07 2.4867e+07  1.60%     -   15s
     0     0 2.4876e+07    0  434 2.5271e+07 2.4876e+07  1.56%     -   18s
     0     0 2.4876e+07    0  415 2.5271e+07 2.4876e+07  1.56%     -   19s
     0     0 2.4883e+07    0  420 2.5271e+07 2.4883e+07  1.54%     -   21s
     0     0 2.4883e+07    0  422 2.5271e+07 2.4883e+07  1.53%     -   22s
     0     0 2.4883e+07    0  422 2.5271e+07 2.4883e+07  1.53%     -   23s
     0     0 2.4887e+07    0  335 2.5271e+07 2.4887e+07  1.52%     -   25s
H    0     0                    2.501201e+07 2.4887e+07  0.50%     -   26s

Cutting planes:
  Gomory: 12
  Implied bound: 10
  MIR: 52
  Flow cover: 73
  GUB cover: 1
  Zero half: 31
  RLT: 1
  Relax-and-lift: 36

Explored 1 nodes (46808 simplex iterations) in 26.64 seconds
Thread count was 4 (of 32 available processors)

Solution count 4: 2.5012e+07 2.52711e+07 2.55814e+07 3.50441e+07 

Optimal solution found (tolerance 1.00e-02)
Best objective 2.501201489453e+07, best bound 2.488656505538e+07, gap 0.5016%
[     153.471] Verifying transmission limits...
[     157.956] Verified transmission limits in 4.48 seconds
[     157.956]       54.270 MW overflow in l2429 time   9 (pre-contingency)
[     157.957]        8.760 MW overflow in l2306 time  10 (pre-contingency)
[     157.958]       54.270 MW overflow in l2429 time  10 (pre-contingency)
[     157.959]        8.760 MW overflow in l2306 time  11 (pre-contingency)
[     157.960]       54.270 MW overflow in l2429 time  11 (pre-contingency)
[     157.961]        8.760 MW overflow in l2306 time  12 (pre-contingency)
[     157.962]       54.270 MW overflow in l2429 time  12 (pre-contingency)
[     157.963]       60.779 MW overflow in l2430 time  12 (pre-contingency)
[     157.963]        8.760 MW overflow in l2306 time  13 (pre-contingency)
[     157.964]       54.270 MW overflow in l2429 time  13 (pre-contingency)
[     157.965]        8.760 MW overflow in l2306 time  14 (pre-contingency)
[     157.966]       54.270 MW overflow in l2429 time  14 (pre-contingency)
[     157.967]        8.760 MW overflow in l2306 time  15 (pre-contingency)
[     157.968]       54.270 MW overflow in l2429 time  15 (pre-contingency)
[     157.969]        8.760 MW overflow in l2306 time  16 (pre-contingency)
[     157.970]       54.270 MW overflow in l2429 time  16 (pre-contingency)
[     157.970]        8.760 MW overflow in l2306 time  17 (pre-contingency)
[     157.971]       54.270 MW overflow in l2429 time  17 (pre-contingency)
[     157.972]        8.760 MW overflow in l2306 time  18 (pre-contingency)
[     157.973]       43.960 MW overflow in l2307 time  18 (pre-contingency)
[     157.974]       54.270 MW overflow in l2429 time  18 (pre-contingency)
[     157.975]      134.600 MW overflow in l2386 time  18 (pre-contingency)
[     157.976]        8.760 MW overflow in l2306 time  19 (pre-contingency)
[     157.977]       43.960 MW overflow in l2307 time  19 (pre-contingency)
[     157.977]       54.270 MW overflow in l2429 time  19 (pre-contingency)
[     157.978]      134.600 MW overflow in l2386 time  19 (pre-contingency)
[     157.979]        8.760 MW overflow in l2306 time  20 (pre-contingency)
[     157.980]       43.960 MW overflow in l2307 time  20 (pre-contingency)
[     157.981]       54.270 MW overflow in l2429 time  20 (pre-contingency)
[     157.981]      134.600 MW overflow in l2386 time  20 (pre-contingency)
[     157.982]        8.760 MW overflow in l2306 time  21 (pre-contingency)
[     157.983]       43.960 MW overflow in l2307 time  21 (pre-contingency)
[     157.984]       54.270 MW overflow in l2429 time  21 (pre-contingency)
[     157.985]      134.600 MW overflow in l2386 time  21 (pre-contingency)
[     157.986]        8.760 MW overflow in l2306 time  22 (pre-contingency)
[     157.987]       54.270 MW overflow in l2429 time  22 (pre-contingency)
[     157.988]      156.480 MW overflow in l2435 time  23 (pre-contingency)
[     157.989]      164.591 MW overflow in l2372 time  30 (pre-contingency)
[     157.990]        8.760 MW overflow in l2306 time  31 (pre-contingency)
[     157.991]       37.260 MW overflow in l2307 time  31 (pre-contingency)
[     157.992]       54.270 MW overflow in l2429 time  31 (pre-contingency)
[     157.992]      134.600 MW overflow in l2386 time  31 (pre-contingency)
[     157.993]      436.421 MW overflow in l2372 time  31 (pre-contingency)
[     157.994]        8.760 MW overflow in l2306 time  32 (pre-contingency)
[     157.995]       43.960 MW overflow in l2307 time  32 (pre-contingency)
[     157.996]       54.270 MW overflow in l2429 time  32 (pre-contingency)
[     157.997]      134.600 MW overflow in l2386 time  32 (pre-contingency)
[     157.998]      435.290 MW overflow in l2372 time  32 (pre-contingency)
[     157.998]        8.760 MW overflow in l2306 time  33 (pre-contingency)
[     157.999]       43.960 MW overflow in l2307 time  33 (pre-contingency)
[     158.000]       54.270 MW overflow in l2429 time  33 (pre-contingency)
[     158.001]      134.600 MW overflow in l2386 time  33 (pre-contingency)
[     158.002]      572.558 MW overflow in l2372 time  33 (pre-contingency)
[     158.003]       43.960 MW overflow in l2307 time  34 (pre-contingency)
[     158.004]       54.270 MW overflow in l2429 time  34 (pre-contingency)
[     158.005]      134.600 MW overflow in l2386 time  34 (pre-contingency)
[     158.006]      169.560 MW overflow in l2431 time  34 (pre-contingency)
[     158.006]      572.060 MW overflow in l2372 time  34 (pre-contingency)
[     158.007]       43.960 MW overflow in l2307 time  35 (pre-contingency)
[     158.009]       54.270 MW overflow in l2429 time  35 (pre-contingency)
[     158.009]      134.600 MW overflow in l2386 time  35 (pre-contingency)
[     158.010]      169.560 MW overflow in l2431 time  35 (pre-contingency)
[     158.011]      572.073 MW overflow in l2372 time  35 (pre-contingency)
[     158.012]       43.960 MW overflow in l2307 time  36 (pre-contingency)
[     158.013]       54.270 MW overflow in l2429 time  36 (pre-contingency)
[     158.014]      134.600 MW overflow in l2386 time  36 (pre-contingency)
[     158.015]      169.560 MW overflow in l2431 time  36 (pre-contingency)
[     158.016]      572.184 MW overflow in l2372 time  36 (pre-contingency)
[     158.016] Setting MILP time limit to 1089.09 seconds
[     158.016] Solving MILP...
Gurobi Optimizer version 9.0.0 build v9.0.0rc2 (linux64)
Optimize a model with 271934 rows, 353090 columns and 961503 nonzeros
Model fingerprint: 0x11f14924
Variable types: 291242 continuous, 61848 integer (0 binary)
Coefficient statistics:
  Matrix range     [1e-01, 1e+03]
  Objective range  [8e+00, 1e+05]
  Bounds range     [4e-02, 5e+02]
  RHS range        [4e-02, 1e+03]

MIP start from previous solve produced solution with objective 2.69872e+07 (0.52s)
Loaded MIP start from previous solve with objective 2.69872e+07

Presolve removed 124961 rows and 242311 columns
Presolve time: 3.14s
Presolved: 146973 rows, 110779 columns, 558532 nonzeros
Variable types: 63624 continuous, 47155 integer (47155 binary)

Deterministic concurrent LP optimizer: primal and dual simplex
Showing first log only...


Root simplex log...

Iteration    Objective       Primal Inf.    Dual Inf.      Time
   60653    6.4864365e+08   0.000000e+00   8.474830e+08      5s
  125927    3.5253309e+07   0.000000e+00   2.851705e+08     10s
Concurrent spin time: 0.00s

Solved with dual simplex

Root relaxation: objective 2.490368e+07, 41970 iterations, 9.14 seconds

    Nodes    |    Current Node    |     Objective Bounds      |     Work
 Expl Unexpl |  Obj  Depth IntInf | Incumbent    BestBd   Gap | It/Node Time

     0     0 2.4904e+07    0  473 2.6987e+07 2.4904e+07  7.72%     -   15s
H    0     0                    2.543133e+07 2.4904e+07  2.07%     -   15s
     0     0 2.4914e+07    0  452 2.5431e+07 2.4914e+07  2.04%     -   18s
H    0     0                    2.504307e+07 2.4914e+07  0.52%     -   19s

Cutting planes:
  Gomory: 7
  Implied bound: 7
  MIR: 31
  Flow cover: 44
  Zero half: 12
  RLT: 1
  Relax-and-lift: 23

Explored 1 nodes (44612 simplex iterations) in 19.66 seconds
Thread count was 4 (of 32 available processors)

Solution count 3: 2.50431e+07 2.54313e+07 2.69872e+07 

Optimal solution found (tolerance 1.00e-02)
Best objective 2.504306720008e+07, best bound 2.491354580983e+07, gap 0.5172%
[     177.808] Verifying transmission limits...
[     182.192] Verified transmission limits in 4.38 seconds
[     182.192]        8.760 MW overflow in l2306 time  34 (pre-contingency)
[     182.194]        8.760 MW overflow in l2306 time  35 (pre-contingency)
[     182.196]        8.760 MW overflow in l2306 time  36 (pre-contingency)
[     182.197] Setting MILP time limit to 1064.91 seconds
[     182.197] Solving MILP...
Gurobi Optimizer version 9.0.0 build v9.0.0rc2 (linux64)
Optimize a model with 271943 rows, 353093 columns and 961521 nonzeros
Model fingerprint: 0x0c969427
Variable types: 291245 continuous, 61848 integer (0 binary)
Coefficient statistics:
  Matrix range     [1e-01, 1e+03]
  Objective range  [8e+00, 1e+05]
  Bounds range     [4e-02, 5e+02]
  RHS range        [4e-02, 1e+03]

MIP start from previous solve produced solution with objective 2.50458e+07 (0.57s)
Loaded MIP start from previous solve with objective 2.50458e+07

Presolve removed 124607 rows and 241951 columns
Presolve time: 3.15s
Presolved: 147336 rows, 111142 columns, 559652 nonzeros
Variable types: 63987 continuous, 47155 integer (47155 binary)

Deterministic concurrent LP optimizer: primal and dual simplex
Showing first log only...


Root simplex log...

Iteration    Objective       Primal Inf.    Dual Inf.      Time
   61016    1.5499463e+09   0.000000e+00   9.333674e+08      5s
  132706    3.3624184e+07   0.000000e+00   3.258337e+07     10s
Concurrent spin time: 0.00s

Solved with dual simplex

Root relaxation: objective 2.490410e+07, 41776 iterations, 9.21 seconds

    Nodes    |    Current Node    |     Objective Bounds      |     Work
 Expl Unexpl |  Obj  Depth IntInf | Incumbent    BestBd   Gap | It/Node Time

     0     0 2.4904e+07    0  473 2.5046e+07 2.4904e+07  0.57%     -   15s

Explored 0 nodes (42714 simplex iterations) in 15.38 seconds
Thread count was 4 (of 32 available processors)

Solution count 1: 2.50458e+07 

Optimal solution found (tolerance 1.00e-02)
Best objective 2.504584547326e+07, best bound 2.490409719723e+07, gap 0.5660%
[     197.759] Verifying transmission limits...
[     202.288] Verified transmission limits in 4.53 seconds
[     202.288] No violations found
[     202.289] MIP gap tolerance set to 0.001000
[     202.289] Setting MILP time limit to 1044.82 seconds
[     202.289] Solving MILP...
Gurobi Optimizer version 9.0.0 build v9.0.0rc2 (linux64)
Optimize a model with 271943 rows, 353093 columns and 961521 nonzeros
Model fingerprint: 0x0c969427
Variable types: 291245 continuous, 61848 integer (0 binary)
Coefficient statistics:
  Matrix range     [1e-01, 1e+03]
  Objective range  [8e+00, 1e+05]
  Bounds range     [4e-02, 5e+02]
  RHS range        [4e-02, 1e+03]
Presolved: 147336 rows, 111142 columns, 559652 nonzeros

Continuing optimization...

     0     2 2.4904e+07    0  473 2.5046e+07 2.4904e+07  0.57%     -   54s
     1     4 2.4906e+07    1  476 2.5046e+07 2.4906e+07  0.56%  1076   57s
     7    12 2.4908e+07    3  476 2.5046e+07 2.4908e+07  0.55%   408   60s
    15    20 2.4911e+07    5  469 2.5046e+07 2.4911e+07  0.54%   251   69s
    19    23 2.4912e+07    6  515 2.5046e+07 2.4912e+07  0.54%   260   73s
    23    31 2.4912e+07    7  473 2.5046e+07 2.4912e+07  0.53%   241   82s
H   24    31                    2.500935e+07 2.4912e+07  0.39%   231   82s
H   26    31                    2.500077e+07 2.4912e+07  0.35%   227   82s
    31    36 2.4916e+07    9  502 2.5001e+07 2.4912e+07  0.35%   228   88s
    43    53 2.4922e+07   11  436 2.5001e+07 2.4912e+07  0.35%   221   90s
    53    62 2.4924e+07   13  505 2.5001e+07 2.4912e+07  0.35%   215   98s
    62    67 2.4925e+07   14  505 2.5001e+07 2.4912e+07  0.35%   207  103s
    75    84 2.4932e+07   20  546 2.5001e+07 2.4912e+07  0.35%   223  105s
   109   120 2.4940e+07   28  502 2.5001e+07 2.4912e+07  0.35%   203  110s
   131   138 2.4949e+07   36  463 2.5001e+07 2.4912e+07  0.35%   197  115s
   140   148 2.4953e+07   39  484 2.5001e+07 2.4912e+07  0.35%   198  121s
H  148   148                    2.499161e+07 2.4912e+07  0.32%   196  121s
   151   152 2.4955e+07   41  504 2.4992e+07 2.4912e+07  0.32%   202  126s
   159   162 2.4956e+07   42  508 2.4992e+07 2.4912e+07  0.32%   201  131s
H  184   180                    2.499145e+07 2.4912e+07  0.32%   194  134s
   193   194 2.4957e+07   48  529 2.4991e+07 2.4912e+07  0.32%   189  136s
H  216   208                    2.498756e+07 2.4912e+07  0.30%   180  138s
H  220   208                    2.498730e+07 2.4912e+07  0.30%   179  138s
   229   223 2.4964e+07   58  509 2.4987e+07 2.4912e+07  0.30%   180  143s
   253   236 2.4967e+07   64  512 2.4987e+07 2.4912e+07  0.30%   175  149s
H  254   236                    2.498722e+07 2.4912e+07  0.30%   174  149s
   272   251 2.4968e+07   66  507 2.4987e+07 2.4912e+07  0.30%   171  155s
   292   264 2.4970e+07   73  505 2.4987e+07 2.4912e+07  0.30%   171  160s
H  298   260                    2.498383e+07 2.4912e+07  0.29%   170  160s
H  342   304                    2.498374e+07 2.4912e+07  0.29%   163  167s
H  357   297                    2.498066e+07 2.4912e+07  0.27%   159  167s
H  412   345                    2.498061e+07 2.4915e+07  0.26%   155  176s
H  419   345                    2.497977e+07 2.4915e+07  0.26%   156  176s
   435   389 2.4930e+07   14  462 2.4980e+07 2.4915e+07  0.26%   155  182s
H  481   429                    2.497961e+07 2.4915e+07  0.26%   155  185s
H  579   526                    2.497959e+07 2.4915e+07  0.26%   149  191s
H  583   502                    2.497684e+07 2.4915e+07  0.25%   151  191s
H  674   535                    2.497678e+07 2.4915e+07  0.25%   146  196s
H  700   534                    2.497676e+07 2.4915e+07  0.25%   144  196s
H  737   578                    2.497671e+07 2.4915e+07  0.25%   143  199s
   787   623     cutoff   65      2.4977e+07 2.4920e+07  0.23%   140  203s
   859   673 2.4929e+07   10  467 2.4977e+07 2.4920e+07  0.23%   137  206s
H  923   689                    2.497671e+07 2.4920e+07  0.23%   138  209s
   940   738 2.4958e+07   34  542 2.4977e+07 2.4920e+07  0.23%   137  212s
  1007   791 2.4970e+07   48  515 2.4977e+07 2.4922e+07  0.22%   138  215s
  1078   792 2.4960e+07   30  473 2.4977e+07 2.4922e+07  0.22%   138  226s
  1080   793 2.4971e+07  100  427 2.4977e+07 2.4922e+07  0.22%   138  249s
  1081   794 2.4974e+07   55  427 2.4977e+07 2.4922e+07  0.22%   138  250s
  1083   798 2.4922e+07   10  430 2.4977e+07 2.4922e+07  0.22%   170  285s
  1105   815 2.4922e+07   14  397 2.4977e+07 2.4922e+07  0.22%   171  291s
  1125   825 2.4922e+07   16  401 2.4977e+07 2.4922e+07  0.22%   171  297s
  1152   826 2.4922e+07   18  414 2.4977e+07 2.4922e+07  0.22%   170  300s
  1168   834 2.4922e+07   19  406 2.4977e+07 2.4922e+07  0.22%   171  307s
H 1169   794                    2.497670e+07 2.4922e+07  0.22%   171  307s
H 1173   754                    2.497664e+07 2.4922e+07  0.22%   171  307s
  1176   760 2.4922e+07   20  418 2.4977e+07 2.4922e+07  0.22%   171  312s
  1183   764 2.4929e+07   20  326 2.4977e+07 2.4922e+07  0.22%   172  317s
  1190   771 2.4922e+07   22  414 2.4977e+07 2.4922e+07  0.22%   174  322s
  1199   781 2.4950e+07   23  432 2.4977e+07 2.4922e+07  0.22%   175  327s
  1223   789 2.4963e+07   25  362 2.4977e+07 2.4922e+07  0.22%   175  330s
  1292   824 2.4947e+07   31  360 2.4977e+07 2.4922e+07  0.22%   175  336s
  1334   824 2.4966e+07   35  372 2.4977e+07 2.4922e+07  0.22%   174  341s
  1381   845 2.4961e+07   42  401 2.4977e+07 2.4922e+07  0.22%   172  347s
  1434   845     cutoff   50      2.4977e+07 2.4922e+07  0.22%   171  352s
  1464   850     cutoff   55      2.4977e+07 2.4922e+07  0.22%   170  357s
  1492   857     cutoff   61      2.4977e+07 2.4922e+07  0.22%   170  363s
H 1500   817                    2.497662e+07 2.4922e+07  0.22%   169  363s
H 1516   778                    2.497658e+07 2.4922e+07  0.22%   168  364s
  1519   800     cutoff   67      2.4977e+07 2.4922e+07  0.22%   168  365s
  1603   806 2.4922e+07   20  442 2.4977e+07 2.4922e+07  0.22%   165  371s
  1668   844 2.4931e+07   32  434 2.4977e+07 2.4922e+07  0.22%   163  378s
  1708   856 2.4937e+07   40  453 2.4977e+07 2.4922e+07  0.22%   162  380s
  1849   898 2.4956e+07   70  412 2.4977e+07 2.4922e+07  0.22%   159  386s
  1934   936 2.4961e+07   94  400 2.4977e+07 2.4922e+07  0.22%   157  392s
  1984   957 2.4967e+07  104  412 2.4977e+07 2.4922e+07  0.22%   156  396s
  2089  1012 2.4970e+07  121  381 2.4977e+07 2.4922e+07  0.22%   153  402s
  2150  1039 2.4925e+07   26  390 2.4977e+07 2.4922e+07  0.22%   152  405s
  2261  1117 2.4949e+07   54  414 2.4977e+07 2.4922e+07  0.22%   151  413s
  2322  1145 2.4954e+07   65  459 2.4977e+07 2.4922e+07  0.22%   150  416s
  2478  1165 2.4955e+07   33  374 2.4977e+07 2.4924e+07  0.21%   148  424s
H 2490  1128                    2.497645e+07 2.4924e+07  0.21%   147  424s
  2517  1170 2.4962e+07   41  329 2.4976e+07 2.4924e+07  0.21%   147  427s
  2601  1196 2.4974e+07   59  379 2.4976e+07 2.4924e+07  0.21%   146  431s
  2673  1237 2.4955e+07   31  392 2.4976e+07 2.4926e+07  0.20%   145  435s
  2770  1293 2.4948e+07   37  480 2.4976e+07 2.4926e+07  0.20%   144  440s
  2986  1404 2.4974e+07   88  373 2.4976e+07 2.4926e+07  0.20%   143  449s
  3077  1501 2.4974e+07   20  284 2.4976e+07 2.4927e+07  0.20%   143  454s
  3205  1612 2.4957e+07   44  327 2.4976e+07 2.4927e+07  0.20%   143  459s
H 3264  1612                    2.497645e+07 2.4927e+07  0.20%   143  459s
  3331  1634 2.4972e+07   71  283 2.4976e+07 2.4927e+07  0.20%   142  469s
H 3345  1634                    2.497645e+07 2.4927e+07  0.20%   142  469s
H 3374  1631                    2.497590e+07 2.4927e+07  0.20%   142  470s
  3383  1750 2.4941e+07   24  381 2.4976e+07 2.4927e+07  0.20%   142  475s
  3532  1875 2.4971e+07   56  489 2.4976e+07 2.4927e+07  0.20%   142  481s
  3679  2001 2.4964e+07   59  439 2.4976e+07 2.4927e+07  0.19%   141  489s
  3852  2134 2.4941e+07   32  460 2.4976e+07 2.4928e+07  0.19%   139  495s
  3995  2252 2.4967e+07   69  409 2.4976e+07 2.4928e+07  0.19%   139  501s
  4175  2390     cutoff   26      2.4976e+07 2.4928e+07  0.19%   138  508s
  4362  2537 2.4966e+07   56  449 2.4976e+07 2.4929e+07  0.19%   137  515s
  4541  2614 2.4962e+07   42  419 2.4976e+07 2.4929e+07  0.19%   136  525s
H 4565  2608                    2.497576e+07 2.4929e+07  0.19%   136  525s
  4673  2749 2.4972e+07   63  385 2.4976e+07 2.4929e+07  0.19%   135  533s
  4875  2886 2.4946e+07   23  368 2.4976e+07 2.4929e+07  0.19%   135  560s
  5075  2915 2.4971e+07   68  444 2.4976e+07 2.4929e+07  0.19%   135  576s
  5124  3101 2.4972e+07   69  365 2.4976e+07 2.4930e+07  0.18%   135  585s
  5403  3305 2.4970e+07   58  466 2.4976e+07 2.4931e+07  0.18%   133  596s
  5667  3375     cutoff   26      2.4976e+07 2.4931e+07  0.18%   133  613s
  5862  3537 2.4967e+07   61  419 2.4976e+07 2.4931e+07  0.18%   132  625s
  6071  3779 2.4966e+07   47  497 2.4976e+07 2.4932e+07  0.18%   132  637s
  6378  3972 2.4952e+07   34  391 2.4976e+07 2.4932e+07  0.18%   131  652s
  6709  4067 2.4948e+07   25  430 2.4976e+07 2.4932e+07  0.17%   131  666s
  6959  4320 2.4972e+07   17  298 2.4976e+07 2.4933e+07  0.17%   131  680s
  7352  4600 2.4967e+07   45  464 2.4976e+07 2.4933e+07  0.17%   130  694s
  7759  4799 2.4964e+07   31  335 2.4976e+07 2.4934e+07  0.17%   129  712s
  8125  4956 2.4953e+07   28  397 2.4976e+07 2.4934e+07  0.17%   129  732s
  8402  5200 2.4965e+07   32  386 2.4976e+07 2.4934e+07  0.17%   129  750s
  8876  5460 2.4965e+07   35  423 2.4976e+07 2.4935e+07  0.16%   128  767s
  9324  5792 2.4961e+07   44  401 2.4976e+07 2.4936e+07  0.16%   128  786s
  9793  6114 2.4974e+07   72  405 2.4976e+07 2.4936e+07  0.16%   127  806s
 10285  6466 2.4956e+07   34  360 2.4976e+07 2.4936e+07  0.16%   127  829s
 10781  6564 2.4953e+07   29  408 2.4976e+07 2.4937e+07  0.16%   126  853s
 10950  6877 2.4948e+07   46  382 2.4976e+07 2.4937e+07  0.16%   126  873s
 11446  7061 2.4970e+07   32  346 2.4976e+07 2.4937e+07  0.15%   126  890s
 11942  7307 2.4959e+07   36  431 2.4976e+07 2.4938e+07  0.15%   125  916s
 12431  7600     cutoff   27      2.4976e+07 2.4938e+07  0.15%   125  940s
 12884  7887 2.4964e+07   42  444 2.4976e+07 2.4938e+07  0.15%   125  962s
 13379  8140     cutoff   28      2.4976e+07 2.4939e+07  0.15%   125  982s
 13851  8421 2.4974e+07   43  358 2.4976e+07 2.4939e+07  0.15%   124 1001s
 14343  8718 2.4967e+07   28  334 2.4976e+07 2.4940e+07  0.14%   124 1022s
 14826  8931     cutoff   43      2.4976e+07 2.4940e+07  0.14%   124 1048s
 15252  9087 2.4970e+07   65  460 2.4976e+07 2.4940e+07  0.14%   124 1060s

Explored 15505 nodes (1959926 simplex iterations) in 1044.89 seconds
Thread count was 4 (of 32 available processors)

Solution count 10: 2.49758e+07 2.49759e+07 2.49764e+07 ... 2.49767e+07

Time limit reached
Best objective 2.497575938747e+07, best bound 2.494028800967e+07, gap 0.1420%
[    1247.185] Verifying transmission limits...
[    1251.820] Verified transmission limits in 4.64 seconds
[    1251.820] No violations found
[    1251.820] Total time was 1223.76 seconds
[    1251.820] Writing: /local_workspace/kazaalek/uc/results_default/matpower/case1888rte/2017-01-22.1.sol.json
[    1254.582] Verifying solution...
[    1254.889] Exporting final model to /local_workspace/kazaalek/uc/results_default/matpower/case1888rte/2017-01-22.1.final.mps.gz
