[       0.035] Reading: matpower/case1888rte/2017-01-26
[       2.823] Read problem in 2.78 seconds
[       3.611] Computing injection shift factors...
[       4.605] Computed ISF in 0.99 seconds
[       4.605] Computing line outage factors...
[       5.713] Computed LODF in 1.11 seconds
[       5.713] Applying PTDF and LODF cutoffs (0.00500, 0.00100)
[       5.944] Building model...
[      17.498] Built model in 11.55 seconds
[      17.498] Setting names...
[      17.498] Setting variable and constraint names...
[      19.110] Set names in 1.61 seconds
[      19.110] Exporting initial model without transmission constraints to /local_workspace/kazaalek/uc/results_default/matpower/case1888rte/2017-01-26.1.init.mps.gz
[      49.858] Optimizing...
[      50.037] MIP gap tolerance set to 0.010000
[      50.037] Setting MILP time limit to 1199.82 seconds
[      50.096] Solving MILP...
Gurobi Optimizer version 9.0.0 build v9.0.0rc2 (linux64)
Optimize a model with 270740 rows, 352692 columns and 959115 nonzeros
Model fingerprint: 0x654a14cc
Variable types: 290844 continuous, 61848 integer (0 binary)
Coefficient statistics:
  Matrix range     [1e-01, 1e+03]
  Objective range  [8e+00, 1e+05]
  Bounds range     [4e-02, 4e+02]
  RHS range        [4e-02, 1e+03]
Presolve removed 123568 rows and 242003 columns
Presolve time: 4.12s
Presolved: 147172 rows, 110689 columns, 556589 nonzeros
Variable types: 63360 continuous, 47329 integer (47329 binary)

Deterministic concurrent LP optimizer: primal and dual simplex
Showing first log only...


Root simplex log...

Iteration    Objective       Primal Inf.    Dual Inf.      Time
       0    1.0782361e+09   4.057000e+02   7.257862e+09      5s
  121506    3.4167648e+07   0.000000e+00   5.902177e+07     10s
Concurrent spin time: 0.03s

Solved with dual simplex

Root relaxation: objective 2.360127e+07, 41204 iterations, 7.86 seconds

    Nodes    |    Current Node    |     Objective Bounds      |     Work
 Expl Unexpl |  Obj  Depth IntInf | Incumbent    BestBd   Gap | It/Node Time

     0     0 2.3601e+07    0   51          - 2.3601e+07      -     -   13s
H    0     0                    2.361984e+07 2.3601e+07  0.08%     -   13s

Explored 1 nodes (42244 simplex iterations) in 13.78 seconds
Thread count was 4 (of 32 available processors)

Solution count 1: 2.36198e+07 

Optimal solution found (tolerance 1.00e-02)
Best objective 2.361983809176e+07, best bound 2.360127049437e+07, gap 0.0786%
[      73.243] Verifying transmission limits...
[      79.493] Verified transmission limits in 6.25 seconds
[      79.493]      230.000 MW overflow in l2314 time   1 (pre-contingency)
[      79.705]      633.310 MW overflow in l2432 time   1 (pre-contingency)
[      79.707]      726.560 MW overflow in l2425 time   1 (pre-contingency)
[      79.708]      902.040 MW overflow in l2284 time   1 (pre-contingency)
[      79.709]      905.870 MW overflow in l2285 time   1 (pre-contingency)
[      79.710]      230.000 MW overflow in l2314 time   2 (pre-contingency)
[      79.711]      468.210 MW overflow in l2425 time   2 (pre-contingency)
[      79.712]      633.310 MW overflow in l2432 time   2 (pre-contingency)
[      79.713]      902.040 MW overflow in l2284 time   2 (pre-contingency)
[      79.714]      905.870 MW overflow in l2285 time   2 (pre-contingency)
[      79.715]      230.000 MW overflow in l2314 time   3 (pre-contingency)
[      79.716]      468.210 MW overflow in l2425 time   3 (pre-contingency)
[      79.717]      581.914 MW overflow in l2432 time   3 (pre-contingency)
[      79.718]      902.040 MW overflow in l2284 time   3 (pre-contingency)
[      79.719]      905.870 MW overflow in l2285 time   3 (pre-contingency)
[      79.720]      230.000 MW overflow in l2314 time   4 (pre-contingency)
[      79.721]      468.210 MW overflow in l2425 time   4 (pre-contingency)
[      79.722]      633.310 MW overflow in l2432 time   4 (pre-contingency)
[      79.723]      902.040 MW overflow in l2284 time   4 (pre-contingency)
[      79.724]      905.870 MW overflow in l2285 time   4 (pre-contingency)
[      79.724]      230.000 MW overflow in l2314 time   5 (pre-contingency)
[      79.726]      468.210 MW overflow in l2425 time   5 (pre-contingency)
[      79.727]      633.310 MW overflow in l2432 time   5 (pre-contingency)
[      79.728]      902.040 MW overflow in l2284 time   5 (pre-contingency)
[      79.729]      905.870 MW overflow in l2285 time   5 (pre-contingency)
[      79.729]      505.000 MW overflow in l2314 time   6 (pre-contingency)
[      79.731]      726.560 MW overflow in l2425 time   6 (pre-contingency)
[      79.732]      864.820 MW overflow in l2432 time   6 (pre-contingency)
[      79.733]      902.040 MW overflow in l2284 time   6 (pre-contingency)
[      79.733]      905.870 MW overflow in l2285 time   6 (pre-contingency)
[      79.734]      864.820 MW overflow in l2432 time   7 (pre-contingency)
[      79.735]      896.000 MW overflow in l2315 time   7 (pre-contingency)
[      79.737]      902.040 MW overflow in l2284 time   7 (pre-contingency)
[      79.737]      905.870 MW overflow in l2285 time   7 (pre-contingency)
[      79.738]      984.910 MW overflow in l2425 time   7 (pre-contingency)
[      79.739]      864.820 MW overflow in l2432 time   8 (pre-contingency)
[      79.740]      896.000 MW overflow in l2315 time   8 (pre-contingency)
[      79.741]      902.040 MW overflow in l2284 time   8 (pre-contingency)
[      79.742]      905.870 MW overflow in l2285 time   8 (pre-contingency)
[      79.743]      984.910 MW overflow in l2425 time   8 (pre-contingency)
[      79.744]      780.000 MW overflow in l2314 time   9 (pre-contingency)
[      79.745]      864.820 MW overflow in l2432 time   9 (pre-contingency)
[      79.746]      902.040 MW overflow in l2284 time   9 (pre-contingency)
[      79.747]      905.870 MW overflow in l2285 time   9 (pre-contingency)
[      79.748]      984.910 MW overflow in l2425 time   9 (pre-contingency)
[      79.748]      780.000 MW overflow in l2314 time  10 (pre-contingency)
[      79.750]      864.820 MW overflow in l2432 time  10 (pre-contingency)
[      79.751]      902.040 MW overflow in l2284 time  10 (pre-contingency)
[      79.752]      905.870 MW overflow in l2285 time  10 (pre-contingency)
[      79.752]      984.910 MW overflow in l2425 time  10 (pre-contingency)
[      79.753]      780.000 MW overflow in l2314 time  11 (pre-contingency)
[      79.755]      864.820 MW overflow in l2432 time  11 (pre-contingency)
[      79.756]      902.040 MW overflow in l2284 time  11 (pre-contingency)
[      79.757]      905.870 MW overflow in l2285 time  11 (pre-contingency)
[      79.757]      984.910 MW overflow in l2425 time  11 (pre-contingency)
[      79.758]      780.000 MW overflow in l2314 time  12 (pre-contingency)
[      79.760]      864.820 MW overflow in l2432 time  12 (pre-contingency)
[      79.761]      902.040 MW overflow in l2284 time  12 (pre-contingency)
[      79.762]      905.870 MW overflow in l2285 time  12 (pre-contingency)
[      79.762]      984.910 MW overflow in l2425 time  12 (pre-contingency)
[      79.763]      621.000 MW overflow in l2315 time  13 (pre-contingency)
[      79.765]      864.820 MW overflow in l2432 time  13 (pre-contingency)
[      79.766]      902.040 MW overflow in l2284 time  13 (pre-contingency)
[      79.767]      905.870 MW overflow in l2285 time  13 (pre-contingency)
[      79.767]      984.910 MW overflow in l2425 time  13 (pre-contingency)
[      79.768]      621.000 MW overflow in l2315 time  14 (pre-contingency)
[      79.770]      864.820 MW overflow in l2432 time  14 (pre-contingency)
[      79.771]      902.040 MW overflow in l2284 time  14 (pre-contingency)
[      79.772]      905.870 MW overflow in l2285 time  14 (pre-contingency)
[      79.773]      984.910 MW overflow in l2425 time  14 (pre-contingency)
[      79.774]      621.000 MW overflow in l2315 time  15 (pre-contingency)
[      79.775]      864.820 MW overflow in l2432 time  15 (pre-contingency)
[      79.776]      902.040 MW overflow in l2284 time  15 (pre-contingency)
[      79.777]      905.870 MW overflow in l2285 time  15 (pre-contingency)
[      79.778]      984.910 MW overflow in l2425 time  15 (pre-contingency)
[      79.779]      621.000 MW overflow in l2315 time  16 (pre-contingency)
[      79.781]      864.820 MW overflow in l2432 time  16 (pre-contingency)
[      79.782]      902.040 MW overflow in l2284 time  16 (pre-contingency)
[      79.783]      905.870 MW overflow in l2285 time  16 (pre-contingency)
[      79.783]      984.910 MW overflow in l2425 time  16 (pre-contingency)
[      79.784]      780.000 MW overflow in l2314 time  17 (pre-contingency)
[      79.786]      864.820 MW overflow in l2432 time  17 (pre-contingency)
[      79.787]      902.040 MW overflow in l2284 time  17 (pre-contingency)
[      79.788]      905.870 MW overflow in l2285 time  17 (pre-contingency)
[      79.789]      984.910 MW overflow in l2425 time  17 (pre-contingency)
[      79.790]      864.820 MW overflow in l2432 time  18 (pre-contingency)
[      79.791]      896.000 MW overflow in l2315 time  18 (pre-contingency)
[      79.792]      902.040 MW overflow in l2284 time  18 (pre-contingency)
[      79.793]      905.870 MW overflow in l2285 time  18 (pre-contingency)
[      79.794]      984.910 MW overflow in l2425 time  18 (pre-contingency)
[      79.795]      864.820 MW overflow in l2432 time  19 (pre-contingency)
[      79.797]      896.000 MW overflow in l2315 time  19 (pre-contingency)
[      79.798]      902.040 MW overflow in l2284 time  19 (pre-contingency)
[      79.799]      905.870 MW overflow in l2285 time  19 (pre-contingency)
[      79.799]      984.910 MW overflow in l2425 time  19 (pre-contingency)
[      79.800]      864.820 MW overflow in l2432 time  20 (pre-contingency)
[      79.802]      896.000 MW overflow in l2315 time  20 (pre-contingency)
[      79.803]      902.040 MW overflow in l2284 time  20 (pre-contingency)
[      79.804]      905.870 MW overflow in l2285 time  20 (pre-contingency)
[      79.805]      984.910 MW overflow in l2425 time  20 (pre-contingency)
[      79.806]      864.820 MW overflow in l2432 time  21 (pre-contingency)
[      79.808]      896.000 MW overflow in l2315 time  21 (pre-contingency)
[      79.809]      902.040 MW overflow in l2284 time  21 (pre-contingency)
[      79.810]      905.870 MW overflow in l2285 time  21 (pre-contingency)
[      79.810]      984.910 MW overflow in l2425 time  21 (pre-contingency)
[      79.811]      780.000 MW overflow in l2314 time  22 (pre-contingency)
[      79.813]      864.820 MW overflow in l2432 time  22 (pre-contingency)
[      79.814]      902.040 MW overflow in l2284 time  22 (pre-contingency)
[      79.815]      905.870 MW overflow in l2285 time  22 (pre-contingency)
[      79.816]      984.910 MW overflow in l2425 time  22 (pre-contingency)
[      79.817]      505.000 MW overflow in l2314 time  23 (pre-contingency)
[      79.819]      726.560 MW overflow in l2425 time  23 (pre-contingency)
[      79.820]      864.820 MW overflow in l2432 time  23 (pre-contingency)
[      79.821]      902.040 MW overflow in l2284 time  23 (pre-contingency)
[      79.822]      905.870 MW overflow in l2285 time  23 (pre-contingency)
[      79.822]      505.000 MW overflow in l2314 time  24 (pre-contingency)
[      79.824]      726.560 MW overflow in l2425 time  24 (pre-contingency)
[      79.825]      864.820 MW overflow in l2432 time  24 (pre-contingency)
[      79.826]      902.040 MW overflow in l2284 time  24 (pre-contingency)
[      79.827]      905.870 MW overflow in l2285 time  24 (pre-contingency)
[      79.828]      505.000 MW overflow in l2314 time  25 (pre-contingency)
[      79.830]      726.560 MW overflow in l2425 time  25 (pre-contingency)
[      79.831]      864.820 MW overflow in l2432 time  25 (pre-contingency)
[      79.832]      902.040 MW overflow in l2284 time  25 (pre-contingency)
[      79.833]      905.870 MW overflow in l2285 time  25 (pre-contingency)
[      79.833]      346.000 MW overflow in l2315 time  26 (pre-contingency)
[      79.835]      726.560 MW overflow in l2425 time  26 (pre-contingency)
[      79.836]      790.282 MW overflow in l2432 time  26 (pre-contingency)
[      79.837]      902.040 MW overflow in l2284 time  26 (pre-contingency)
[      79.838]      905.870 MW overflow in l2285 time  26 (pre-contingency)
[      79.839]      346.000 MW overflow in l2315 time  27 (pre-contingency)
[      79.841]      633.310 MW overflow in l2432 time  27 (pre-contingency)
[      79.842]      726.560 MW overflow in l2425 time  27 (pre-contingency)
[      79.843]      902.040 MW overflow in l2284 time  27 (pre-contingency)
[      79.844]      905.870 MW overflow in l2285 time  27 (pre-contingency)
[      79.845]      346.000 MW overflow in l2315 time  28 (pre-contingency)
[      79.846]      633.310 MW overflow in l2432 time  28 (pre-contingency)
[      79.847]      726.560 MW overflow in l2425 time  28 (pre-contingency)
[      79.848]      902.040 MW overflow in l2284 time  28 (pre-contingency)
[      79.849]      905.870 MW overflow in l2285 time  28 (pre-contingency)
[      79.850]      346.000 MW overflow in l2315 time  29 (pre-contingency)
[      79.852]      726.560 MW overflow in l2425 time  29 (pre-contingency)
[      79.853]      864.820 MW overflow in l2432 time  29 (pre-contingency)
[      79.854]      902.040 MW overflow in l2284 time  29 (pre-contingency)
[      79.855]      905.870 MW overflow in l2285 time  29 (pre-contingency)
[      79.855]      621.000 MW overflow in l2315 time  30 (pre-contingency)
[      79.857]      781.862 MW overflow in l2425 time  30 (pre-contingency)
[      79.858]      864.820 MW overflow in l2432 time  30 (pre-contingency)
[      79.859]      902.040 MW overflow in l2284 time  30 (pre-contingency)
[      79.860]      905.870 MW overflow in l2285 time  30 (pre-contingency)
[      79.861]      864.820 MW overflow in l2432 time  31 (pre-contingency)
[      79.863]      896.000 MW overflow in l2315 time  31 (pre-contingency)
[      79.864]      902.040 MW overflow in l2284 time  31 (pre-contingency)
[      79.865]      905.870 MW overflow in l2285 time  31 (pre-contingency)
[      79.866]      984.910 MW overflow in l2425 time  31 (pre-contingency)
[      79.866]      864.820 MW overflow in l2432 time  32 (pre-contingency)
[      79.868]      896.000 MW overflow in l2315 time  32 (pre-contingency)
[      79.869]      902.040 MW overflow in l2284 time  32 (pre-contingency)
[      79.870]      905.870 MW overflow in l2285 time  32 (pre-contingency)
[      79.871]      984.910 MW overflow in l2425 time  32 (pre-contingency)
[      79.872]      864.820 MW overflow in l2432 time  33 (pre-contingency)
[      79.873]      896.000 MW overflow in l2315 time  33 (pre-contingency)
[      79.875]      902.040 MW overflow in l2284 time  33 (pre-contingency)
[      79.876]      905.870 MW overflow in l2285 time  33 (pre-contingency)
[      79.876]      984.910 MW overflow in l2425 time  33 (pre-contingency)
[      79.877]      864.820 MW overflow in l2432 time  34 (pre-contingency)
[      79.879]      896.000 MW overflow in l2315 time  34 (pre-contingency)
[      79.880]      902.040 MW overflow in l2284 time  34 (pre-contingency)
[      79.881]      905.870 MW overflow in l2285 time  34 (pre-contingency)
[      79.882]      984.910 MW overflow in l2425 time  34 (pre-contingency)
[      79.883]      864.820 MW overflow in l2432 time  35 (pre-contingency)
[      79.884]      896.000 MW overflow in l2315 time  35 (pre-contingency)
[      79.886]      902.040 MW overflow in l2284 time  35 (pre-contingency)
[      79.887]      905.870 MW overflow in l2285 time  35 (pre-contingency)
[      79.887]      984.910 MW overflow in l2425 time  35 (pre-contingency)
[      79.888]      864.820 MW overflow in l2432 time  36 (pre-contingency)
[      79.890]      896.000 MW overflow in l2315 time  36 (pre-contingency)
[      79.891]      902.040 MW overflow in l2284 time  36 (pre-contingency)
[      79.892]      905.870 MW overflow in l2285 time  36 (pre-contingency)
[      79.893]      984.910 MW overflow in l2425 time  36 (pre-contingency)
[      79.894] Setting MILP time limit to 1169.96 seconds
[      79.894] Solving MILP...
Gurobi Optimizer version 9.0.0 build v9.0.0rc2 (linux64)
Optimize a model with 271280 rows, 352872 columns and 960195 nonzeros
Model fingerprint: 0x08fc3481
Variable types: 291024 continuous, 61848 integer (0 binary)
Coefficient statistics:
  Matrix range     [1e-01, 1e+03]
  Objective range  [8e+00, 1e+05]
  Bounds range     [4e-02, 4e+02]
  RHS range        [4e-02, 1e+03]

MIP start from previous solve produced solution with objective 5.13773e+07 (0.61s)
Loaded MIP start from previous solve with objective 5.13773e+07

Presolve removed 123676 rows and 241751 columns
Presolve time: 3.25s
Presolved: 147604 rows, 111121 columns, 557866 nonzeros
Variable types: 63792 continuous, 47329 integer (47329 binary)

Deterministic concurrent LP optimizer: primal and dual simplex
Showing first log only...


Root simplex log...

Iteration    Objective       Primal Inf.    Dual Inf.      Time
   54262    1.0587501e+09   2.779927e+00   3.827776e+08      5s
   57921    1.5083833e+09   0.000000e+00   9.662158e+08      5s
  125287    3.2816308e+07   0.000000e+00   2.952470e+08     10s
Concurrent spin time: 0.01s

Solved with dual simplex

Root relaxation: objective 2.400869e+07, 44657 iterations, 8.28 seconds

    Nodes    |    Current Node    |     Objective Bounds      |     Work
 Expl Unexpl |  Obj  Depth IntInf | Incumbent    BestBd   Gap | It/Node Time

     0     0 2.4009e+07    0   75 5.1377e+07 2.4009e+07  53.3%     -   13s
H    0     0                    2.408356e+07 2.4009e+07  0.31%     -   13s

Explored 1 nodes (45662 simplex iterations) in 13.36 seconds
Thread count was 4 (of 32 available processors)

Solution count 2: 2.40836e+07 5.13773e+07 

Optimal solution found (tolerance 1.00e-02)
Best objective 2.408355818737e+07, best bound 2.400868833837e+07, gap 0.3109%
[      93.477] Verifying transmission limits...
[      98.108] Verified transmission limits in 4.63 seconds
[      98.108]      142.769 MW overflow in l2375 time   1 (pre-contingency)
[      98.109]      149.930 MW overflow in l2434 time   1 (pre-contingency)
[      98.110]      143.232 MW overflow in l2375 time   2 (pre-contingency)
[      98.111]      149.930 MW overflow in l2434 time   2 (pre-contingency)
[      98.112]      137.904 MW overflow in l2434 time   3 (pre-contingency)
[      98.113]      143.828 MW overflow in l2375 time   3 (pre-contingency)
[      98.114]      143.677 MW overflow in l2375 time   4 (pre-contingency)
[      98.115]      149.930 MW overflow in l2434 time   4 (pre-contingency)
[      98.116]      143.437 MW overflow in l2375 time   5 (pre-contingency)
[      98.117]      149.930 MW overflow in l2434 time   5 (pre-contingency)
[      98.117]      141.452 MW overflow in l2375 time   6 (pre-contingency)
[      98.118]      169.560 MW overflow in l2431 time   6 (pre-contingency)
[      98.119]      180.360 MW overflow in l2430 time   6 (pre-contingency)
[      98.120]      404.970 MW overflow in l2434 time   6 (pre-contingency)
[      98.121]      180.360 MW overflow in l2430 time   7 (pre-contingency)
[      98.122]      287.649 MW overflow in l2375 time   7 (pre-contingency)
[      98.122]      404.220 MW overflow in l2435 time   7 (pre-contingency)
[      98.123]      404.970 MW overflow in l2434 time   7 (pre-contingency)
[      98.124]      780.000 MW overflow in l2314 time   7 (pre-contingency)
[      98.124]      169.560 MW overflow in l2431 time   8 (pre-contingency)
[      98.125]      180.360 MW overflow in l2430 time   8 (pre-contingency)
[      98.126]      287.908 MW overflow in l2375 time   8 (pre-contingency)
[      98.127]      404.970 MW overflow in l2434 time   8 (pre-contingency)
[      98.127]      780.000 MW overflow in l2314 time   8 (pre-contingency)
[      98.128]      156.480 MW overflow in l2435 time   9 (pre-contingency)
[      98.129]      169.560 MW overflow in l2431 time   9 (pre-contingency)
[      98.130]      180.360 MW overflow in l2430 time   9 (pre-contingency)
[      98.130]      288.317 MW overflow in l2375 time   9 (pre-contingency)
[      98.131]      404.970 MW overflow in l2434 time   9 (pre-contingency)
[      98.132]      156.480 MW overflow in l2435 time  10 (pre-contingency)
[      98.133]      169.560 MW overflow in l2431 time  10 (pre-contingency)
[      98.134]      180.360 MW overflow in l2430 time  10 (pre-contingency)
[      98.134]      288.463 MW overflow in l2375 time  10 (pre-contingency)
[      98.135]      404.970 MW overflow in l2434 time  10 (pre-contingency)
[      98.135]      156.480 MW overflow in l2435 time  11 (pre-contingency)
[      98.136]      169.560 MW overflow in l2431 time  11 (pre-contingency)
[      98.137]      180.360 MW overflow in l2430 time  11 (pre-contingency)
[      98.138]      288.631 MW overflow in l2375 time  11 (pre-contingency)
[      98.138]      404.970 MW overflow in l2434 time  11 (pre-contingency)
[      98.139]      156.480 MW overflow in l2435 time  12 (pre-contingency)
[      98.140]      169.560 MW overflow in l2431 time  12 (pre-contingency)
[      98.141]      180.360 MW overflow in l2430 time  12 (pre-contingency)
[      98.142]      288.845 MW overflow in l2375 time  12 (pre-contingency)
[      98.142]      404.970 MW overflow in l2434 time  12 (pre-contingency)
[      98.143]      156.480 MW overflow in l2435 time  13 (pre-contingency)
[      98.144]      169.560 MW overflow in l2431 time  13 (pre-contingency)
[      98.145]      180.360 MW overflow in l2430 time  13 (pre-contingency)
[      98.145]      404.970 MW overflow in l2434 time  13 (pre-contingency)
[      98.146]      780.000 MW overflow in l2314 time  13 (pre-contingency)
[      98.147]      139.702 MW overflow in l2375 time  14 (pre-contingency)
[      98.148]      169.560 MW overflow in l2431 time  14 (pre-contingency)
[      98.148]      180.360 MW overflow in l2430 time  14 (pre-contingency)
[      98.149]      404.970 MW overflow in l2434 time  14 (pre-contingency)
[      98.150]      780.000 MW overflow in l2314 time  14 (pre-contingency)
[      98.150]      139.578 MW overflow in l2375 time  15 (pre-contingency)
[      98.151]      169.560 MW overflow in l2431 time  15 (pre-contingency)
[      98.152]      180.360 MW overflow in l2430 time  15 (pre-contingency)
[      98.153]      404.970 MW overflow in l2434 time  15 (pre-contingency)
[      98.154]      780.000 MW overflow in l2314 time  15 (pre-contingency)
[      98.154]      139.562 MW overflow in l2375 time  16 (pre-contingency)
[      98.155]      169.560 MW overflow in l2431 time  16 (pre-contingency)
[      98.156]      180.360 MW overflow in l2430 time  16 (pre-contingency)
[      98.157]      404.970 MW overflow in l2434 time  16 (pre-contingency)
[      98.157]      780.000 MW overflow in l2314 time  16 (pre-contingency)
[      98.158]      156.480 MW overflow in l2435 time  17 (pre-contingency)
[      98.159]      169.560 MW overflow in l2431 time  17 (pre-contingency)
[      98.160]      180.360 MW overflow in l2430 time  17 (pre-contingency)
[      98.161]      288.239 MW overflow in l2375 time  17 (pre-contingency)
[      98.161]      404.970 MW overflow in l2434 time  17 (pre-contingency)
[      98.162]      180.360 MW overflow in l2430 time  18 (pre-contingency)
[      98.163]      325.948 MW overflow in l2375 time  18 (pre-contingency)
[      98.164]      404.220 MW overflow in l2435 time  18 (pre-contingency)
[      98.165]      404.970 MW overflow in l2434 time  18 (pre-contingency)
[      98.165]      780.000 MW overflow in l2314 time  18 (pre-contingency)
[      98.166]      180.360 MW overflow in l2430 time  19 (pre-contingency)
[      98.167]      286.167 MW overflow in l2375 time  19 (pre-contingency)
[      98.168]      404.220 MW overflow in l2435 time  19 (pre-contingency)
[      98.169]      404.970 MW overflow in l2434 time  19 (pre-contingency)
[      98.170]      780.000 MW overflow in l2314 time  19 (pre-contingency)
[      98.170]      180.360 MW overflow in l2430 time  20 (pre-contingency)
[      98.171]      286.942 MW overflow in l2375 time  20 (pre-contingency)
[      98.172]      404.220 MW overflow in l2435 time  20 (pre-contingency)
[      98.173]      404.970 MW overflow in l2434 time  20 (pre-contingency)
[      98.173]      780.000 MW overflow in l2314 time  20 (pre-contingency)
[      98.174]      180.360 MW overflow in l2430 time  21 (pre-contingency)
[      98.175]      287.140 MW overflow in l2375 time  21 (pre-contingency)
[      98.176]      404.220 MW overflow in l2435 time  21 (pre-contingency)
[      98.177]      404.970 MW overflow in l2434 time  21 (pre-contingency)
[      98.177]      780.000 MW overflow in l2314 time  21 (pre-contingency)
[      98.178]      156.480 MW overflow in l2435 time  22 (pre-contingency)
[      98.179]      169.560 MW overflow in l2431 time  22 (pre-contingency)
[      98.180]      180.360 MW overflow in l2430 time  22 (pre-contingency)
[      98.181]      288.289 MW overflow in l2375 time  22 (pre-contingency)
[      98.182]      404.970 MW overflow in l2434 time  22 (pre-contingency)
[      98.182]      140.194 MW overflow in l2375 time  23 (pre-contingency)
[      98.183]      169.560 MW overflow in l2431 time  23 (pre-contingency)
[      98.184]      180.360 MW overflow in l2430 time  23 (pre-contingency)
[      98.185]      404.970 MW overflow in l2434 time  23 (pre-contingency)
[      98.185]      140.635 MW overflow in l2375 time  24 (pre-contingency)
[      98.186]      169.560 MW overflow in l2431 time  24 (pre-contingency)
[      98.187]      180.360 MW overflow in l2430 time  24 (pre-contingency)
[      98.188]      404.970 MW overflow in l2434 time  24 (pre-contingency)
[      98.189]      141.305 MW overflow in l2375 time  25 (pre-contingency)
[      98.190]      169.560 MW overflow in l2431 time  25 (pre-contingency)
[      98.191]      180.360 MW overflow in l2430 time  25 (pre-contingency)
[      98.191]      404.970 MW overflow in l2434 time  25 (pre-contingency)
[      98.192]      141.777 MW overflow in l2375 time  26 (pre-contingency)
[      98.193]      149.930 MW overflow in l2434 time  26 (pre-contingency)
[      98.194]      505.000 MW overflow in l2314 time  26 (pre-contingency)
[      98.195]      142.113 MW overflow in l2375 time  27 (pre-contingency)
[      98.196]      149.930 MW overflow in l2434 time  27 (pre-contingency)
[      98.197]      505.000 MW overflow in l2314 time  27 (pre-contingency)
[      98.198]      142.081 MW overflow in l2375 time  28 (pre-contingency)
[      98.199]      149.930 MW overflow in l2434 time  28 (pre-contingency)
[      98.200]      505.000 MW overflow in l2314 time  28 (pre-contingency)
[      98.201]      141.590 MW overflow in l2375 time  29 (pre-contingency)
[      98.202]      149.930 MW overflow in l2434 time  29 (pre-contingency)
[      98.203]      505.000 MW overflow in l2314 time  29 (pre-contingency)
[      98.204]      139.847 MW overflow in l2375 time  30 (pre-contingency)
[      98.205]      169.560 MW overflow in l2431 time  30 (pre-contingency)
[      98.206]      180.360 MW overflow in l2430 time  30 (pre-contingency)
[      98.206]      404.970 MW overflow in l2434 time  30 (pre-contingency)
[      98.207]      780.000 MW overflow in l2314 time  30 (pre-contingency)
[      98.208]      180.360 MW overflow in l2430 time  31 (pre-contingency)
[      98.209]      286.426 MW overflow in l2375 time  31 (pre-contingency)
[      98.210]      404.220 MW overflow in l2435 time  31 (pre-contingency)
[      98.211]      404.970 MW overflow in l2434 time  31 (pre-contingency)
[      98.211]      780.000 MW overflow in l2314 time  31 (pre-contingency)
[      98.212]      180.360 MW overflow in l2430 time  32 (pre-contingency)
[      98.213]      286.168 MW overflow in l2375 time  32 (pre-contingency)
[      98.214]      404.220 MW overflow in l2435 time  32 (pre-contingency)
[      98.215]      404.970 MW overflow in l2434 time  32 (pre-contingency)
[      98.216]      780.000 MW overflow in l2314 time  32 (pre-contingency)
[      98.216]      180.360 MW overflow in l2430 time  33 (pre-contingency)
[      98.218]      286.923 MW overflow in l2375 time  33 (pre-contingency)
[      98.218]      404.220 MW overflow in l2435 time  33 (pre-contingency)
[      98.219]      404.970 MW overflow in l2434 time  33 (pre-contingency)
[      98.220]      780.000 MW overflow in l2314 time  33 (pre-contingency)
[      98.221]      180.360 MW overflow in l2430 time  34 (pre-contingency)
[      98.222]      287.089 MW overflow in l2375 time  34 (pre-contingency)
[      98.223]      404.220 MW overflow in l2435 time  34 (pre-contingency)
[      98.224]      404.970 MW overflow in l2434 time  34 (pre-contingency)
[      98.225]      780.000 MW overflow in l2314 time  34 (pre-contingency)
[      98.225]      180.360 MW overflow in l2430 time  35 (pre-contingency)
[      98.227]      287.074 MW overflow in l2375 time  35 (pre-contingency)
[      98.227]      404.220 MW overflow in l2435 time  35 (pre-contingency)
[      98.228]      404.970 MW overflow in l2434 time  35 (pre-contingency)
[      98.229]      780.000 MW overflow in l2314 time  35 (pre-contingency)
[      98.230]      180.360 MW overflow in l2430 time  36 (pre-contingency)
[      98.231]      287.543 MW overflow in l2375 time  36 (pre-contingency)
[      98.232]      404.220 MW overflow in l2435 time  36 (pre-contingency)
[      98.233]      404.970 MW overflow in l2434 time  36 (pre-contingency)
[      98.233]      780.000 MW overflow in l2314 time  36 (pre-contingency)
[      98.234] Setting MILP time limit to 1151.62 seconds
[      98.234] Solving MILP...
Gurobi Optimizer version 9.0.0 build v9.0.0rc2 (linux64)
Optimize a model with 271739 rows, 353025 columns and 961113 nonzeros
Model fingerprint: 0x1ed3fca8
Variable types: 291177 continuous, 61848 integer (0 binary)
Coefficient statistics:
  Matrix range     [1e-01, 1e+03]
  Objective range  [8e+00, 1e+05]
  Bounds range     [4e-02, 4e+02]
  RHS range        [4e-02, 1e+03]

MIP start from previous solve produced solution with objective 2.83377e+07 (0.50s)
Loaded MIP start from previous solve with objective 2.83377e+07

Presolve removed 124234 rows and 241968 columns
Presolve time: 3.00s
Presolved: 147505 rows, 111057 columns, 559272 nonzeros
Variable types: 63728 continuous, 47329 integer (47329 binary)

Deterministic concurrent LP optimizer: primal and dual simplex
Showing first log only...


Root simplex log...

Iteration    Objective       Primal Inf.    Dual Inf.      Time
   68699    5.5738266e+08   0.000000e+00   2.426739e+09      5s
  135128    3.2233535e+07   0.000000e+00   2.963716e+08     10s
Concurrent spin time: 0.02s

Solved with dual simplex

Root relaxation: objective 2.415495e+07, 44209 iterations, 7.12 seconds

    Nodes    |    Current Node    |     Objective Bounds      |     Work
 Expl Unexpl |  Obj  Depth IntInf | Incumbent    BestBd   Gap | It/Node Time

     0     0 2.4155e+07    0  131 2.8338e+07 2.4155e+07  14.8%     -   11s
H    0     0                    2.427176e+07 2.4155e+07  0.48%     -   11s

Explored 1 nodes (45208 simplex iterations) in 12.03 seconds
Thread count was 4 (of 32 available processors)

Solution count 2: 2.42718e+07 2.83377e+07 

Optimal solution found (tolerance 1.00e-02)
Best objective 2.427176102572e+07, best bound 2.415494948301e+07, gap 0.4813%
[     110.409] Verifying transmission limits...
[     114.678] Verified transmission limits in 4.27 seconds
[     114.679]       54.270 MW overflow in l2429 time   7 (pre-contingency)
[     114.680]      169.560 MW overflow in l2431 time   7 (pre-contingency)
[     114.681]       54.270 MW overflow in l2429 time   8 (pre-contingency)
[     114.682]      156.480 MW overflow in l2435 time   8 (pre-contingency)
[     114.683]       54.270 MW overflow in l2429 time   9 (pre-contingency)
[     114.684]       54.270 MW overflow in l2429 time  10 (pre-contingency)
[     114.685]       54.270 MW overflow in l2429 time  11 (pre-contingency)
[     114.686]      156.480 MW overflow in l2435 time  14 (pre-contingency)
[     114.687]      156.480 MW overflow in l2435 time  15 (pre-contingency)
[     114.688]      156.480 MW overflow in l2435 time  16 (pre-contingency)
[     114.689]       54.270 MW overflow in l2429 time  17 (pre-contingency)
[     114.690]        8.760 MW overflow in l2306 time  18 (pre-contingency)
[     114.692]       43.960 MW overflow in l2307 time  18 (pre-contingency)
[     114.692]       54.270 MW overflow in l2429 time  18 (pre-contingency)
[     114.693]      169.560 MW overflow in l2431 time  18 (pre-contingency)
[     114.694]        8.760 MW overflow in l2306 time  19 (pre-contingency)
[     114.695]       43.960 MW overflow in l2307 time  19 (pre-contingency)
[     114.696]       54.270 MW overflow in l2429 time  19 (pre-contingency)
[     114.697]      169.560 MW overflow in l2431 time  19 (pre-contingency)
[     114.697]        8.760 MW overflow in l2306 time  20 (pre-contingency)
[     114.698]       43.960 MW overflow in l2307 time  20 (pre-contingency)
[     114.699]       54.270 MW overflow in l2429 time  20 (pre-contingency)
[     114.700]      169.560 MW overflow in l2431 time  20 (pre-contingency)
[     114.701]        8.760 MW overflow in l2306 time  21 (pre-contingency)
[     114.702]       43.960 MW overflow in l2307 time  21 (pre-contingency)
[     114.703]       54.270 MW overflow in l2429 time  21 (pre-contingency)
[     114.703]      169.560 MW overflow in l2431 time  21 (pre-contingency)
[     114.704]       54.270 MW overflow in l2429 time  22 (pre-contingency)
[     114.705]       51.439 MW overflow in l2435 time  30 (pre-contingency)
[     114.706]        8.760 MW overflow in l2306 time  31 (pre-contingency)
[     114.707]       43.960 MW overflow in l2307 time  31 (pre-contingency)
[     114.708]       54.270 MW overflow in l2429 time  31 (pre-contingency)
[     114.709]      169.560 MW overflow in l2431 time  31 (pre-contingency)
[     114.710]        8.760 MW overflow in l2306 time  32 (pre-contingency)
[     114.711]       43.960 MW overflow in l2307 time  32 (pre-contingency)
[     114.712]       54.270 MW overflow in l2429 time  32 (pre-contingency)
[     114.712]      169.560 MW overflow in l2431 time  32 (pre-contingency)
[     114.713]        8.760 MW overflow in l2306 time  33 (pre-contingency)
[     114.714]       54.270 MW overflow in l2429 time  33 (pre-contingency)
[     114.715]      169.560 MW overflow in l2431 time  33 (pre-contingency)
[     114.716]        8.760 MW overflow in l2306 time  34 (pre-contingency)
[     114.717]       43.960 MW overflow in l2307 time  34 (pre-contingency)
[     114.718]       54.270 MW overflow in l2429 time  34 (pre-contingency)
[     114.718]      169.560 MW overflow in l2431 time  34 (pre-contingency)
[     114.719]        8.760 MW overflow in l2306 time  35 (pre-contingency)
[     114.720]       43.960 MW overflow in l2307 time  35 (pre-contingency)
[     114.721]       54.270 MW overflow in l2429 time  35 (pre-contingency)
[     114.722]      169.560 MW overflow in l2431 time  35 (pre-contingency)
[     114.722]       54.270 MW overflow in l2429 time  36 (pre-contingency)
[     114.724]      169.560 MW overflow in l2431 time  36 (pre-contingency)
[     114.725] Setting MILP time limit to 1135.13 seconds
[     114.725] Solving MILP...
Gurobi Optimizer version 9.0.0 build v9.0.0rc2 (linux64)
Optimize a model with 271889 rows, 353075 columns and 961413 nonzeros
Model fingerprint: 0xd3498b95
Variable types: 291227 continuous, 61848 integer (0 binary)
Coefficient statistics:
  Matrix range     [1e-01, 1e+03]
  Objective range  [8e+00, 1e+05]
  Bounds range     [4e-02, 4e+02]
  RHS range        [4e-02, 1e+03]

MIP start from previous solve produced solution with objective 2.42788e+07 (0.49s)
Loaded MIP start from previous solve with objective 2.42788e+07

Presolve removed 124334 rows and 241968 columns
Presolve time: 2.96s
Presolved: 147555 rows, 111107 columns, 559483 nonzeros
Variable types: 63778 continuous, 47329 integer (47329 binary)

Deterministic concurrent LP optimizer: primal and dual simplex
Showing first log only...


Root simplex log...

Iteration    Objective       Primal Inf.    Dual Inf.      Time
   72295    1.0221062e+09   1.784179e+00   1.582645e+08      5s
   75490    1.3591523e+09   0.000000e+00   2.651702e+09      5s
Concurrent spin time: 0.00s

Solved with dual simplex

Root relaxation: objective 2.417421e+07, 42126 iterations, 6.44 seconds

    Nodes    |    Current Node    |     Objective Bounds      |     Work
 Expl Unexpl |  Obj  Depth IntInf | Incumbent    BestBd   Gap | It/Node Time

     0     0 2.4174e+07    0  131 2.4279e+07 2.4174e+07  0.43%     -   11s

Explored 0 nodes (43105 simplex iterations) in 11.04 seconds
Thread count was 4 (of 32 available processors)

Solution count 1: 2.42788e+07 

Optimal solution found (tolerance 1.00e-02)
Best objective 2.427875112267e+07, best bound 2.417420651267e+07, gap 0.4306%
[     125.904] Verifying transmission limits...
[     129.903] Verified transmission limits in 4.00 seconds
[     129.903]        8.760 MW overflow in l2306 time   7 (pre-contingency)
[     129.905]       43.960 MW overflow in l2307 time  33 (pre-contingency)
[     129.906] Setting MILP time limit to 1119.95 seconds
[     129.906] Solving MILP...
Gurobi Optimizer version 9.0.0 build v9.0.0rc2 (linux64)
Optimize a model with 271895 rows, 353077 columns and 961425 nonzeros
Model fingerprint: 0x27c83c97
Variable types: 291229 continuous, 61848 integer (0 binary)
Coefficient statistics:
  Matrix range     [1e-01, 1e+03]
  Objective range  [8e+00, 1e+05]
  Bounds range     [4e-02, 4e+02]
  RHS range        [4e-02, 1e+03]

MIP start from previous solve produced solution with objective 2.42788e+07 (0.43s)
Loaded MIP start from previous solve with objective 2.42788e+07

Presolve removed 124338 rows and 241968 columns
Presolve time: 3.27s
Presolved: 147557 rows, 111109 columns, 559491 nonzeros
Variable types: 63780 continuous, 47329 integer (47329 binary)

Deterministic concurrent LP optimizer: primal and dual simplex
Showing first log only...


Root simplex log...

Iteration    Objective       Primal Inf.    Dual Inf.      Time
   67594    1.0349312e+09   2.752055e-03   2.105992e+08      5s
   73111    1.4863908e+09   0.000000e+00   7.456219e+08      5s
  133355    3.4086512e+07   0.000000e+00   1.623441e+08     10s
Concurrent spin time: 0.03s

Solved with dual simplex

Root relaxation: objective 2.417427e+07, 40536 iterations, 7.93 seconds

    Nodes    |    Current Node    |     Objective Bounds      |     Work
 Expl Unexpl |  Obj  Depth IntInf | Incumbent    BestBd   Gap | It/Node Time

     0     0 2.4174e+07    0  131 2.4279e+07 2.4174e+07  0.43%     -   13s

Explored 0 nodes (42082 simplex iterations) in 13.16 seconds
Thread count was 4 (of 32 available processors)

Solution count 1: 2.42788e+07 

Optimal solution found (tolerance 1.00e-02)
Best objective 2.427878243073e+07, best bound 2.417427449627e+07, gap 0.4304%
[     143.216] Verifying transmission limits...
[     148.004] Verified transmission limits in 4.79 seconds
[     148.004] No violations found
[     148.005] MIP gap tolerance set to 0.001000
[     148.005] Setting MILP time limit to 1101.85 seconds
[     148.005] Solving MILP...
Gurobi Optimizer version 9.0.0 build v9.0.0rc2 (linux64)
Optimize a model with 271895 rows, 353077 columns and 961425 nonzeros
Model fingerprint: 0x27c83c97
Variable types: 291229 continuous, 61848 integer (0 binary)
Coefficient statistics:
  Matrix range     [1e-01, 1e+03]
  Objective range  [8e+00, 1e+05]
  Bounds range     [4e-02, 4e+02]
  RHS range        [4e-02, 1e+03]
Presolved: 147557 rows, 111109 columns, 559491 nonzeros

Continuing optimization...

H    0     2                    2.419561e+07 2.4174e+07  0.09%     -   22s
     0     2 2.4174e+07    0  131 2.4196e+07 2.4174e+07  0.09%     -   22s

Explored 1 nodes (43092 simplex iterations) in 9.45 seconds
Thread count was 4 (of 32 available processors)

Solution count 2: 2.41956e+07 2.42788e+07 

Optimal solution found (tolerance 1.00e-03)
Best objective 2.419561415098e+07, best bound 2.417458273888e+07, gap 0.0869%
[     157.459] Verifying transmission limits...
[     162.345] Verified transmission limits in 4.89 seconds
[     162.345]      153.267 MW overflow in l2431 time  29 (pre-contingency)
[     162.356]       26.455 MW overflow in l810  time  34 (outage: line l298)
[     163.369]       26.242 MW overflow in l810  time  35 (outage: line l298)
[     163.372]        8.760 MW overflow in l2306 time  36 (pre-contingency)
[     163.376]       43.960 MW overflow in l2307 time  36 (pre-contingency)
[     163.377] Setting MILP time limit to 1086.48 seconds
[     163.377] Solving MILP...
Gurobi Optimizer version 9.0.0 build v9.0.0rc2 (linux64)
Optimize a model with 271910 rows, 353082 columns and 962945 nonzeros
Model fingerprint: 0x03e99bab
Variable types: 291234 continuous, 61848 integer (0 binary)
Coefficient statistics:
  Matrix range     [1e-03, 1e+03]
  Objective range  [8e+00, 1e+05]
  Bounds range     [4e-02, 4e+02]
  RHS range        [4e-02, 1e+03]

MIP start from previous solve produced solution with objective 2.42e+07 (0.79s)
Loaded MIP start from previous solve with objective 2.42e+07

Presolve removed 124080 rows and 241290 columns
Presolve time: 3.41s
Presolved: 147830 rows, 111792 columns, 561538 nonzeros
Variable types: 64463 continuous, 47329 integer (47329 binary)

Deterministic concurrent LP optimizer: primal and dual simplex
Showing first log only...


Root simplex log...

Iteration    Objective       Primal Inf.    Dual Inf.      Time
       0    1.0782182e+09   5.375053e+02   7.606576e+09      5s
   68439    1.6525315e+09   0.000000e+00   1.061164e+09      6s
  125792    6.0567432e+07   0.000000e+00   9.721402e+07     10s
Concurrent spin time: 0.00s

Solved with dual simplex

Root relaxation: objective 2.417441e+07, 45529 iterations, 9.51 seconds

    Nodes    |    Current Node    |     Objective Bounds      |     Work
 Expl Unexpl |  Obj  Depth IntInf | Incumbent    BestBd   Gap | It/Node Time

     0     0 2.4174e+07    0  135 2.4200e+07 2.4174e+07  0.11%     -   15s
     0     0 2.4175e+07    0   58 2.4200e+07 2.4175e+07  0.10%     -   18s
     0     0 2.4175e+07    0   97 2.4200e+07 2.4175e+07  0.10%     -   27s
     0     0 2.4175e+07    0   71 2.4200e+07 2.4175e+07  0.10%     -   28s
H    0     0                    2.419689e+07 2.4175e+07  0.09%     -   29s

Cutting planes:
  Gomory: 16
  Cover: 1
  MIR: 48
  Flow cover: 13
  RLT: 2
  Relax-and-lift: 10

Explored 1 nodes (82845 simplex iterations) in 29.55 seconds
Thread count was 4 (of 32 available processors)

Solution count 3: 2.41969e+07 2.42e+07 2.42e+07 

Optimal solution found (tolerance 1.00e-03)
Best objective 2.419689300233e+07, best bound 2.417486818652e+07, gap 0.0910%
[     193.074] Verifying transmission limits...
[     197.350] Verified transmission limits in 4.28 seconds
[     197.350] No violations found
[     197.350] Total time was 164.99 seconds
[     197.350] Writing: /local_workspace/kazaalek/uc/results_default/matpower/case1888rte/2017-01-26.1.sol.json
[     199.932] Verifying solution...
[     200.240] Exporting final model to /local_workspace/kazaalek/uc/results_default/matpower/case1888rte/2017-01-26.1.final.mps.gz
